
****** Vitis HLS - High-Level Synthesis from C, C++ and OpenCL v2020.2 (64-bit)
  **** SW Build 3064766 on Wed Nov 18 09:12:47 MST 2020
  **** IP Build 3064653 on Wed Nov 18 14:17:31 MST 2020
    ** Copyright 1986-2020 Xilinx, Inc. All Rights Reserved.

source /data/Xilinx/Vitis_HLS/2020.2/scripts/vitis_hls/hls.tcl -notrace
INFO: [HLS 200-10] Running '/data/Xilinx/Vitis_HLS/2020.2/bin/unwrapped/lnx64.o/vitis_hls'
INFO: [HLS 200-10] For user 'ubuntu' on host 'pc17' (Linux_x86_64 version 5.4.0-104-generic) on Sun Mar 20 20:51:28 +08 2022
INFO: [HLS 200-10] On os Ubuntu 20.04.4 LTS
INFO: [HLS 200-10] In directory '/home/ubuntu/cs5222/workspace/zynq/hls/mmult_custom'
Sourcing Tcl script 'hls.tcl'
INFO: [HLS 200-1510] Running: open_project accel 
INFO: [HLS 200-10] Opening project '/home/ubuntu/cs5222/workspace/zynq/hls/mmult_custom/accel'.
INFO: [HLS 200-1510] Running: set_top mmult_hw 
INFO: [HLS 200-1510] Running: add_files ./mmult_custom.cpp 
INFO: [HLS 200-10] Adding design file './mmult_custom.cpp' to the project
INFO: [HLS 200-1510] Running: add_files -tb ./mmult_test.cpp 
INFO: [HLS 200-10] Adding test bench file './mmult_test.cpp' to the project
INFO: [HLS 200-1510] Running: open_solution solution0 -flow_target vivado 
INFO: [HLS 200-10] Opening solution '/home/ubuntu/cs5222/workspace/zynq/hls/mmult_custom/accel/solution0'.
INFO: [SYN 201-201] Setting up clock 'default' with a period of 10ns.
INFO: [SYN 201-201] Setting up clock 'default' with an uncertainty of 1.25ns.
INFO: [HLS 200-10] Setting target device to 'xc7z020-clg484-1'
INFO: [HLS 200-1505] Using flow_target 'vivado'
Resolution: For help on HLS 200-1505 see www.xilinx.com/cgi-bin/docs/rdoc?v=2020.2;t=hls+guidance;d=200-1505.html
INFO: [HLS 200-1510] Running: set_part xc7z020clg484-1 
INFO: [HLS 200-1510] Running: create_clock -period 10 -name default 
INFO: [HLS 200-1510] Running: set_clock_uncertainty 12.5% 
INFO: [HLS 200-1510] Running: csim_design -clean 
INFO: [SIM 211-2] *************** CSIM start ***************
INFO: [SIM 211-4] CSIM will launch GCC as the compiler.
   Compiling ../../../../mmult_test.cpp in debug mode
   Compiling ../../../../mmult_custom.cpp in debug mode
   Generating csim.exe
DEBUGGING AXI4 STREAMING DATA TYPES!
FPGA PUSHING 8191 (last=1)
Matrices identical ... Test successful!
The maximum depth reached by any of the 2 hls::stream() instances in the design is 0
INFO: [SIM 211-1] CSim done with 0 errors.
INFO: [SIM 211-3] *************** CSIM finish ***************
INFO: [HLS 200-111] Finished Command csim_design CPU user time: 8.95 seconds. CPU system time: 0.67 seconds. Elapsed time: 8.08 seconds; current allocated memory: 69.983 MB.
INFO: [HLS 200-1510] Running: csynth_design 
INFO: [HLS 200-111] Finished File checks and directory preparation: CPU user time: 0.01 seconds. CPU system time: 0 seconds. Elapsed time: 0.01 seconds; current allocated memory: 70.120 MB.
INFO: [HLS 200-10] Analyzing design file './mmult_custom.cpp' ... 
INFO: [HLS 200-111] Finished Source Code Analysis and Preprocessing: CPU user time: 3.93 seconds. CPU system time: 0.4 seconds. Elapsed time: 4.57 seconds; current allocated memory: 71.593 MB.
INFO: [HLS 200-777] Using interface defaults for 'Vivado' flow target.
INFO: [HLS 214-131] Inlining function 'hls::axis<ap_uint<256>, 4ul, 5ul, 5ul>::get_user_ptr()' into 'hls::stream<hls::axis<ap_uint<256>, 4ul, 5ul, 5ul>, 0>::read(hls::axis<ap_uint<256>, 4ul, 5ul, 5ul>&)' (/data/Xilinx/Vitis_HLS/2020.2/common/technology/autopilot/ap_axi_sdata.h:283:50)
INFO: [HLS 214-131] Inlining function 'hls::axis<ap_uint<256>, 4ul, 5ul, 5ul>::get_dest_ptr()' into 'hls::stream<hls::axis<ap_uint<256>, 4ul, 5ul, 5ul>, 0>::read(hls::axis<ap_uint<256>, 4ul, 5ul, 5ul>&)' (/data/Xilinx/Vitis_HLS/2020.2/common/technology/autopilot/ap_axi_sdata.h:286:25)
INFO: [HLS 214-131] Inlining function 'hls::axis<ap_uint<256>, 4ul, 5ul, 5ul>::get_id_ptr()' into 'hls::stream<hls::axis<ap_uint<256>, 4ul, 5ul, 5ul>, 0>::read(hls::axis<ap_uint<256>, 4ul, 5ul, 5ul>&)' (/data/Xilinx/Vitis_HLS/2020.2/common/technology/autopilot/ap_axi_sdata.h:285:67)
INFO: [HLS 214-131] Inlining function 'hls::axis<ap_uint<256>, 4ul, 5ul, 5ul>::get_user_ptr()' into 'hls::stream<hls::axis<ap_uint<256>, 4ul, 5ul, 5ul>, 0>::read(hls::axis<ap_uint<256>, 4ul, 5ul, 5ul>&)' (/data/Xilinx/Vitis_HLS/2020.2/common/technology/autopilot/ap_axi_sdata.h:285:36)
INFO: [HLS 214-131] Inlining function 'hls::axis<ap_uint<256>, 4ul, 5ul, 5ul>::get_dest_ptr()' into 'hls::stream<hls::axis<ap_uint<256>, 4ul, 5ul, 5ul>, 0>::read(hls::axis<ap_uint<256>, 4ul, 5ul, 5ul>&)' (/data/Xilinx/Vitis_HLS/2020.2/common/technology/autopilot/ap_axi_sdata.h:284:39)
INFO: [HLS 214-131] Inlining function 'hls::axis<ap_uint<256>, 4ul, 5ul, 5ul>::get_id_ptr()' into 'hls::stream<hls::axis<ap_uint<256>, 4ul, 5ul, 5ul>, 0>::read(hls::axis<ap_uint<256>, 4ul, 5ul, 5ul>&)' (/data/Xilinx/Vitis_HLS/2020.2/common/technology/autopilot/ap_axi_sdata.h:284:23)
INFO: [HLS 214-131] Inlining function 'hls::stream<hls::axis<ap_uint<256>, 4ul, 5ul, 5ul>, 0>::read(hls::axis<ap_uint<256>, 4ul, 5ul, 5ul>&)' into 'pop_stream(hls::stream<hls::axis<ap_uint<256>, 4ul, 5ul, 5ul>, 0>&)' (./mmult_custom.cpp:196:8)
INFO: [HLS 214-131] Inlining function 'hls::axis<ap_uint<256>, 4ul, 5ul, 5ul>::get_user_ptr()' into 'hls::stream<hls::axis<ap_uint<256>, 4ul, 5ul, 5ul>, 0>::write(hls::axis<ap_uint<256>, 4ul, 5ul, 5ul> const&)' (/data/Xilinx/Vitis_HLS/2020.2/common/technology/autopilot/ap_axi_sdata.h:304:51)
INFO: [HLS 214-131] Inlining function 'hls::axis<ap_uint<256>, 4ul, 5ul, 5ul>::get_dest_ptr()' into 'hls::stream<hls::axis<ap_uint<256>, 4ul, 5ul, 5ul>, 0>::write(hls::axis<ap_uint<256>, 4ul, 5ul, 5ul> const&)' (/data/Xilinx/Vitis_HLS/2020.2/common/technology/autopilot/ap_axi_sdata.h:307:26)
INFO: [HLS 214-131] Inlining function 'hls::axis<ap_uint<256>, 4ul, 5ul, 5ul>::get_id_ptr()' into 'hls::stream<hls::axis<ap_uint<256>, 4ul, 5ul, 5ul>, 0>::write(hls::axis<ap_uint<256>, 4ul, 5ul, 5ul> const&)' (/data/Xilinx/Vitis_HLS/2020.2/common/technology/autopilot/ap_axi_sdata.h:306:68)
INFO: [HLS 214-131] Inlining function 'hls::axis<ap_uint<256>, 4ul, 5ul, 5ul>::get_user_ptr()' into 'hls::stream<hls::axis<ap_uint<256>, 4ul, 5ul, 5ul>, 0>::write(hls::axis<ap_uint<256>, 4ul, 5ul, 5ul> const&)' (/data/Xilinx/Vitis_HLS/2020.2/common/technology/autopilot/ap_axi_sdata.h:306:37)
INFO: [HLS 214-131] Inlining function 'hls::axis<ap_uint<256>, 4ul, 5ul, 5ul>::get_dest_ptr()' into 'hls::stream<hls::axis<ap_uint<256>, 4ul, 5ul, 5ul>, 0>::write(hls::axis<ap_uint<256>, 4ul, 5ul, 5ul> const&)' (/data/Xilinx/Vitis_HLS/2020.2/common/technology/autopilot/ap_axi_sdata.h:305:40)
INFO: [HLS 214-131] Inlining function 'hls::axis<ap_uint<256>, 4ul, 5ul, 5ul>::get_id_ptr()' into 'hls::stream<hls::axis<ap_uint<256>, 4ul, 5ul, 5ul>, 0>::write(hls::axis<ap_uint<256>, 4ul, 5ul, 5ul> const&)' (/data/Xilinx/Vitis_HLS/2020.2/common/technology/autopilot/ap_axi_sdata.h:305:24)
INFO: [HLS 214-131] Inlining function 'hls::stream<hls::axis<ap_uint<256>, 4ul, 5ul, 5ul>, 0>::write(hls::axis<ap_uint<256>, 4ul, 5ul, 5ul> const&)' into 'push_stream(hls::stream<hls::axis<ap_uint<256>, 4ul, 5ul, 5ul>, 0>&, axi_T const&, bool)' (./mmult_custom.cpp:233:8)
INFO: [HLS 214-131] Inlining function 'pop_stream(hls::stream<hls::axis<ap_uint<256>, 4ul, 5ul, 5ul>, 0>&)' into 'mmult_hw(hls::stream<hls::axis<ap_uint<256>, 4ul, 5ul, 5ul>, 0>&, hls::stream<hls::axis<ap_uint<256>, 4ul, 5ul, 5ul>, 0>&)' (./mmult_custom.cpp:46:20)
INFO: [HLS 214-131] Inlining function 'push_stream(hls::stream<hls::axis<ap_uint<256>, 4ul, 5ul, 5ul>, 0>&, axi_T const&, bool)' into 'mmult_hw(hls::stream<hls::axis<ap_uint<256>, 4ul, 5ul, 5ul>, 0>&, hls::stream<hls::axis<ap_uint<256>, 4ul, 5ul, 5ul>, 0>&)' (./mmult_custom.cpp:167:13)
INFO: [HLS 214-131] Inlining function 'pop_stream(hls::stream<hls::axis<ap_uint<256>, 4ul, 5ul, 5ul>, 0>&)' into 'mmult_hw(hls::stream<hls::axis<ap_uint<256>, 4ul, 5ul, 5ul>, 0>&, hls::stream<hls::axis<ap_uint<256>, 4ul, 5ul, 5ul>, 0>&)' (./mmult_custom.cpp:115:32)
INFO: [HLS 214-131] Inlining function 'pop_stream(hls::stream<hls::axis<ap_uint<256>, 4ul, 5ul, 5ul>, 0>&)' into 'mmult_hw(hls::stream<hls::axis<ap_uint<256>, 4ul, 5ul, 5ul>, 0>&, hls::stream<hls::axis<ap_uint<256>, 4ul, 5ul, 5ul>, 0>&)' (./mmult_custom.cpp:77:17)
INFO: [HLS 214-131] Inlining function 'pop_stream(hls::stream<hls::axis<ap_uint<256>, 4ul, 5ul, 5ul>, 0>&)' into 'mmult_hw(hls::stream<hls::axis<ap_uint<256>, 4ul, 5ul, 5ul>, 0>&, hls::stream<hls::axis<ap_uint<256>, 4ul, 5ul, 5ul>, 0>&)' (./mmult_custom.cpp:66:28)
INFO: [HLS 200-111] Finished Compiling Optimization and Transform: CPU user time: 4.87 seconds. CPU system time: 0.36 seconds. Elapsed time: 5.25 seconds; current allocated memory: 73.890 MB.
INFO: [HLS 200-111] Finished Checking Pragmas: CPU user time: 0 seconds. CPU system time: 0 seconds. Elapsed time: 0 seconds; current allocated memory: 73.891 MB.
INFO: [HLS 200-10] Starting code transformations ...
INFO: [HLS 200-111] Finished Standard Transforms: CPU user time: 0.2 seconds. CPU system time: 0.01 seconds. Elapsed time: 0.2 seconds; current allocated memory: 83.828 MB.
INFO: [HLS 200-10] Checking synthesizability ...
INFO: [HLS 200-111] Finished Checking Synthesizability: CPU user time: 0.39 seconds. CPU system time: 0 seconds. Elapsed time: 0.39 seconds; current allocated memory: 94.553 MB.
INFO: [XFORM 203-502] Unrolling all sub-loops inside loop 'LOAD_WEIGHT1' (./mmult_custom.cpp:205) in function 'mmult_hw' for pipelining.
INFO: [XFORM 203-502] Unrolling all sub-loops inside loop 'LOAD_WEIGHT2' (./mmult_custom.cpp:205) in function 'mmult_hw' for pipelining.
INFO: [XFORM 203-502] Unrolling all sub-loops inside loop 'LOAD_INPUT' (./mmult_custom.cpp:205) in function 'mmult_hw' for pipelining.
INFO: [XFORM 203-502] Unrolling all sub-loops inside loop 'H_INNER1' (./mmult_custom.cpp:129) in function 'mmult_hw' for pipelining.
INFO: [XFORM 203-502] Unrolling all sub-loops inside loop 'COMPUTE_OUTPUT' (./mmult_custom.cpp:139) in function 'mmult_hw' for pipelining.
INFO: [XFORM 203-502] Unrolling all sub-loops inside loop 'STORE_OUTPUT' (./mmult_custom.cpp:158) in function 'mmult_hw' for pipelining.
INFO: [HLS 200-489] Unrolling loop 'VITIS_LOOP_65_2' (./mmult_custom.cpp:205) in function 'mmult_hw' completely with a factor of 2.
INFO: [HLS 200-489] Unrolling loop 'VITIS_LOOP_67_3' (./mmult_custom.cpp:67) in function 'mmult_hw' completely with a factor of 32.
INFO: [HLS 200-489] Unrolling loop 'VITIS_LOOP_78_4' (./mmult_custom.cpp:78) in function 'mmult_hw' completely with a factor of 16.
INFO: [HLS 200-489] Unrolling loop 'VITIS_LOOP_82_5' (./mmult_custom.cpp:82) in function 'mmult_hw' completely with a factor of 16.
INFO: [HLS 200-489] Unrolling loop 'VITIS_LOOP_116_6' (./mmult_custom.cpp:116) in function 'mmult_hw' completely with a factor of 32.
INFO: [HLS 200-489] Unrolling loop 'H_INNER2' (./mmult_custom.cpp:129) in function 'mmult_hw' completely with a factor of 64.
INFO: [HLS 200-489] Unrolling loop 'O_INNER1' (./mmult_custom.cpp:142) in function 'mmult_hw' completely with a factor of 10.
INFO: [HLS 200-489] Unrolling loop 'O_INNER2' (./mmult_custom.cpp:146) in function 'mmult_hw' completely with a factor of 16.
INFO: [HLS 200-489] Unrolling loop 'VITIS_LOOP_159_7' (./mmult_custom.cpp:158) in function 'mmult_hw' completely with a factor of 10.
INFO: [XFORM 203-102] Partitioning array 'out_buf.V' (./mmult_custom.cpp:29) in dimension 2 automatically.
INFO: [XFORM 203-101] Partitioning array 'input.V' (./mmult_custom.cpp:23) in dimension 2 with a block factor 32.
INFO: [XFORM 203-101] Partitioning array 'weight1.V' (./mmult_custom.cpp:24) in dimension 2 with a block factor 32.
INFO: [XFORM 203-101] Partitioning array 'weight2.V' (./mmult_custom.cpp:25) in dimension 2 with a block factor 2.
INFO: [XFORM 203-11] Balancing expressions in function 'mmult_hw' (./mmult_custom.cpp:23:35)...329 expression(s) balanced.
INFO: [HLS 200-111] Finished Loop, function and other optimizations: CPU user time: 3.69 seconds. CPU system time: 0.05 seconds. Elapsed time: 3.75 seconds; current allocated memory: 134.041 MB.
INFO: [XFORM 203-541] Flattening a loop nest 'COMPUTE_HIDDEN' (./mmult_custom.cpp:124:18) in function 'mmult_hw'.
WARNING: [HLS 200-960] Cannot flatten loop 'LT' (./mmult_custom.cpp:205:11) in function 'mmult_hw' more than one sub loop.
Resolution: For help on HLS 200-960 see www.xilinx.com/cgi-bin/docs/rdoc?v=2020.2;t=hls+guidance;d=200-960.html
INFO: [HLS 200-472] Inferring partial write operation for 'offset.V' (./mmult_custom.cpp:49:12)
INFO: [HLS 200-472] Inferring partial write operation for 'weight1.V[0]' (./mmult_custom.cpp:68:35)
INFO: [HLS 200-472] Inferring partial write operation for 'weight2.V[0]' (./mmult_custom.cpp:79:27)
INFO: [HLS 200-472] Inferring partial write operation for 'weight2.V[0]' (./mmult_custom.cpp:83:31)
INFO: [HLS 200-472] Inferring partial write operation for 'input.V[0]' (./mmult_custom.cpp:117:41)
INFO: [HLS 200-472] Inferring partial write operation for 'input.V[0]' (./mmult_custom.cpp:118:45)
INFO: [HLS 200-472] Inferring partial write operation for 'hidden.V' (./mmult_custom.cpp:134:30)
INFO: [HLS 200-472] Inferring partial write operation for 'out_buf.V[0]' 
INFO: [HLS 200-111] Finished Architecture Synthesis: CPU user time: 3.9 seconds. CPU system time: 0.01 seconds. Elapsed time: 3.91 seconds; current allocated memory: 146.242 MB.
INFO: [HLS 200-10] Starting hardware synthesis ...
INFO: [HLS 200-10] Synthesizing 'mmult_hw' ...
INFO: [HLS 200-10] ----------------------------------------------------------------
INFO: [HLS 200-42] -- Implementing module 'mmult_hw' 
INFO: [HLS 200-10] ----------------------------------------------------------------
INFO: [SCHED 204-11] Starting scheduling ...
INFO: [HLS 200-486] Changing DSP48 latency (root=mul_ln1345_63) to 3 in order to utilize available DSP registers.
INFO: [HLS 200-486] Changing DSP48 latency (root=mul_ln1345_30) to 3 in order to utilize available DSP registers.
INFO: [HLS 200-486] Changing DSP48 latency (root=mul_ln1345_28) to 3 in order to utilize available DSP registers.
INFO: [HLS 200-486] Changing DSP48 latency (root=mul_ln1345_26) to 3 in order to utilize available DSP registers.
INFO: [HLS 200-486] Changing DSP48 latency (root=mul_ln1345_24) to 3 in order to utilize available DSP registers.
INFO: [HLS 200-486] Changing DSP48 latency (root=mul_ln1345_22) to 3 in order to utilize available DSP registers.
INFO: [HLS 200-486] Changing DSP48 latency (root=mul_ln1345_20) to 3 in order to utilize available DSP registers.
INFO: [HLS 200-486] Changing DSP48 latency (root=mul_ln1345_18) to 3 in order to utilize available DSP registers.
INFO: [HLS 200-486] Changing DSP48 latency (root=mul_ln1345_16) to 3 in order to utilize available DSP registers.
INFO: [HLS 200-486] Changing DSP48 latency (root=mul_ln1345_14) to 3 in order to utilize available DSP registers.
INFO: [HLS 200-486] Changing DSP48 latency (root=mul_ln1345_12) to 3 in order to utilize available DSP registers.
INFO: [HLS 200-486] Changing DSP48 latency (root=mul_ln1345_10) to 3 in order to utilize available DSP registers.
INFO: [HLS 200-486] Changing DSP48 latency (root=mul_ln1345_8) to 3 in order to utilize available DSP registers.
INFO: [HLS 200-486] Changing DSP48 latency (root=mul_ln1345_6) to 3 in order to utilize available DSP registers.
INFO: [HLS 200-486] Changing DSP48 latency (root=mul_ln1345_4) to 3 in order to utilize available DSP registers.
INFO: [HLS 200-486] Changing DSP48 latency (root=mul_ln1345_2) to 3 in order to utilize available DSP registers.
INFO: [HLS 200-486] Changing DSP48 latency (root=mul_ln1345_45) to 3 in order to utilize available DSP registers.
INFO: [HLS 200-486] Changing DSP48 latency (root=mul_ln1345_43) to 3 in order to utilize available DSP registers.
INFO: [HLS 200-486] Changing DSP48 latency (root=mul_ln1345_41) to 3 in order to utilize available DSP registers.
INFO: [HLS 200-486] Changing DSP48 latency (root=mul_ln1345_39) to 3 in order to utilize available DSP registers.
INFO: [HLS 200-486] Changing DSP48 latency (root=mul_ln1345_37) to 3 in order to utilize available DSP registers.
INFO: [HLS 200-486] Changing DSP48 latency (root=mul_ln1345_35) to 3 in order to utilize available DSP registers.
INFO: [HLS 200-486] Changing DSP48 latency (root=mul_ln1345_33) to 3 in order to utilize available DSP registers.
INFO: [HLS 200-486] Changing DSP48 latency (root=mul_ln1345_31) to 3 in order to utilize available DSP registers.
INFO: [HLS 200-486] Changing DSP48 latency (root=mul_ln1345_53) to 3 in order to utilize available DSP registers.
INFO: [HLS 200-486] Changing DSP48 latency (root=mul_ln1345_51) to 3 in order to utilize available DSP registers.
INFO: [HLS 200-486] Changing DSP48 latency (root=mul_ln1345_49) to 3 in order to utilize available DSP registers.
INFO: [HLS 200-486] Changing DSP48 latency (root=mul_ln1345_47) to 3 in order to utilize available DSP registers.
INFO: [HLS 200-486] Changing DSP48 latency (root=mul_ln1345_57) to 3 in order to utilize available DSP registers.
INFO: [HLS 200-486] Changing DSP48 latency (root=mul_ln1345_55) to 3 in order to utilize available DSP registers.
INFO: [HLS 200-486] Changing DSP48 latency (root=mul_ln1345_59) to 3 in order to utilize available DSP registers.
INFO: [HLS 200-486] Changing DSP48 latency (root=mul_ln1345_62) to 3 in order to utilize available DSP registers.
INFO: [HLS 200-486] Changing DSP48 latency (root=mul_ln691_157) to 3 in order to utilize available DSP registers.
INFO: [HLS 200-486] Changing DSP48 latency (root=mul_ln691_159) to 3 in order to utilize available DSP registers.
INFO: [HLS 200-486] Changing DSP48 latency (root=mul_ln691_156) to 3 in order to utilize available DSP registers.
INFO: [HLS 200-486] Changing DSP48 latency (root=mul_ln691_154) to 3 in order to utilize available DSP registers.
INFO: [HLS 200-486] Changing DSP48 latency (root=mul_ln691_152) to 3 in order to utilize available DSP registers.
INFO: [HLS 200-486] Changing DSP48 latency (root=mul_ln691_150) to 3 in order to utilize available DSP registers.
INFO: [HLS 200-486] Changing DSP48 latency (root=mul_ln691_148) to 3 in order to utilize available DSP registers.
INFO: [HLS 200-486] Changing DSP48 latency (root=mul_ln691_146) to 3 in order to utilize available DSP registers.
INFO: [HLS 200-486] Changing DSP48 latency (root=mul_ln691_144) to 3 in order to utilize available DSP registers.
INFO: [HLS 200-486] Changing DSP48 latency (root=mul_ln691_158) to 3 in order to utilize available DSP registers.
INFO: [HLS 200-486] Changing DSP48 latency (root=mul_ln691_155) to 3 in order to utilize available DSP registers.
INFO: [HLS 200-486] Changing DSP48 latency (root=mul_ln691_153) to 3 in order to utilize available DSP registers.
INFO: [HLS 200-486] Changing DSP48 latency (root=mul_ln691_151) to 3 in order to utilize available DSP registers.
INFO: [HLS 200-486] Changing DSP48 latency (root=mul_ln691_149) to 3 in order to utilize available DSP registers.
INFO: [HLS 200-486] Changing DSP48 latency (root=mul_ln691_147) to 3 in order to utilize available DSP registers.
INFO: [HLS 200-486] Changing DSP48 latency (root=mul_ln691_145) to 3 in order to utilize available DSP registers.
INFO: [HLS 200-486] Changing DSP48 latency (root=mul_ln691_141) to 3 in order to utilize available DSP registers.
INFO: [HLS 200-486] Changing DSP48 latency (root=mul_ln691_143) to 3 in order to utilize available DSP registers.
INFO: [HLS 200-486] Changing DSP48 latency (root=mul_ln691_140) to 3 in order to utilize available DSP registers.
INFO: [HLS 200-486] Changing DSP48 latency (root=mul_ln691_138) to 3 in order to utilize available DSP registers.
INFO: [HLS 200-486] Changing DSP48 latency (root=mul_ln691_136) to 3 in order to utilize available DSP registers.
INFO: [HLS 200-486] Changing DSP48 latency (root=mul_ln691_134) to 3 in order to utilize available DSP registers.
INFO: [HLS 200-486] Changing DSP48 latency (root=mul_ln691_132) to 3 in order to utilize available DSP registers.
INFO: [HLS 200-486] Changing DSP48 latency (root=mul_ln691_130) to 3 in order to utilize available DSP registers.
INFO: [HLS 200-486] Changing DSP48 latency (root=mul_ln691_128) to 3 in order to utilize available DSP registers.
INFO: [HLS 200-486] Changing DSP48 latency (root=mul_ln691_142) to 3 in order to utilize available DSP registers.
INFO: [HLS 200-486] Changing DSP48 latency (root=mul_ln691_139) to 3 in order to utilize available DSP registers.
INFO: [HLS 200-486] Changing DSP48 latency (root=mul_ln691_137) to 3 in order to utilize available DSP registers.
INFO: [HLS 200-486] Changing DSP48 latency (root=mul_ln691_135) to 3 in order to utilize available DSP registers.
INFO: [HLS 200-486] Changing DSP48 latency (root=mul_ln691_133) to 3 in order to utilize available DSP registers.
INFO: [HLS 200-486] Changing DSP48 latency (root=mul_ln691_131) to 3 in order to utilize available DSP registers.
INFO: [HLS 200-486] Changing DSP48 latency (root=mul_ln691_129) to 3 in order to utilize available DSP registers.
INFO: [HLS 200-486] Changing DSP48 latency (root=mul_ln691_125) to 3 in order to utilize available DSP registers.
INFO: [HLS 200-486] Changing DSP48 latency (root=mul_ln691_127) to 3 in order to utilize available DSP registers.
INFO: [HLS 200-486] Changing DSP48 latency (root=mul_ln691_124) to 3 in order to utilize available DSP registers.
INFO: [HLS 200-486] Changing DSP48 latency (root=mul_ln691_122) to 3 in order to utilize available DSP registers.
INFO: [HLS 200-486] Changing DSP48 latency (root=mul_ln691_120) to 3 in order to utilize available DSP registers.
INFO: [HLS 200-486] Changing DSP48 latency (root=mul_ln691_118) to 3 in order to utilize available DSP registers.
INFO: [HLS 200-486] Changing DSP48 latency (root=mul_ln691_116) to 3 in order to utilize available DSP registers.
INFO: [HLS 200-486] Changing DSP48 latency (root=mul_ln691_114) to 3 in order to utilize available DSP registers.
INFO: [HLS 200-486] Changing DSP48 latency (root=mul_ln691_112) to 3 in order to utilize available DSP registers.
INFO: [HLS 200-486] Changing DSP48 latency (root=mul_ln691_126) to 3 in order to utilize available DSP registers.
INFO: [HLS 200-486] Changing DSP48 latency (root=mul_ln691_123) to 3 in order to utilize available DSP registers.
INFO: [HLS 200-486] Changing DSP48 latency (root=mul_ln691_121) to 3 in order to utilize available DSP registers.
INFO: [HLS 200-486] Changing DSP48 latency (root=mul_ln691_119) to 3 in order to utilize available DSP registers.
INFO: [HLS 200-486] Changing DSP48 latency (root=mul_ln691_117) to 3 in order to utilize available DSP registers.
INFO: [HLS 200-486] Changing DSP48 latency (root=mul_ln691_115) to 3 in order to utilize available DSP registers.
INFO: [HLS 200-486] Changing DSP48 latency (root=mul_ln691_113) to 3 in order to utilize available DSP registers.
INFO: [HLS 200-486] Changing DSP48 latency (root=mul_ln691_109) to 3 in order to utilize available DSP registers.
INFO: [HLS 200-486] Changing DSP48 latency (root=mul_ln691_111) to 3 in order to utilize available DSP registers.
INFO: [HLS 200-486] Changing DSP48 latency (root=mul_ln691_108) to 3 in order to utilize available DSP registers.
INFO: [HLS 200-486] Changing DSP48 latency (root=mul_ln691_106) to 3 in order to utilize available DSP registers.
INFO: [HLS 200-486] Changing DSP48 latency (root=mul_ln691_104) to 3 in order to utilize available DSP registers.
INFO: [HLS 200-486] Changing DSP48 latency (root=mul_ln691_102) to 3 in order to utilize available DSP registers.
INFO: [HLS 200-486] Changing DSP48 latency (root=mul_ln691_100) to 3 in order to utilize available DSP registers.
INFO: [HLS 200-486] Changing DSP48 latency (root=mul_ln691_98) to 3 in order to utilize available DSP registers.
INFO: [HLS 200-486] Changing DSP48 latency (root=mul_ln691_96) to 3 in order to utilize available DSP registers.
INFO: [HLS 200-486] Changing DSP48 latency (root=mul_ln691_110) to 3 in order to utilize available DSP registers.
INFO: [HLS 200-486] Changing DSP48 latency (root=mul_ln691_107) to 3 in order to utilize available DSP registers.
INFO: [HLS 200-486] Changing DSP48 latency (root=mul_ln691_105) to 3 in order to utilize available DSP registers.
INFO: [HLS 200-486] Changing DSP48 latency (root=mul_ln691_103) to 3 in order to utilize available DSP registers.
INFO: [HLS 200-486] Changing DSP48 latency (root=mul_ln691_101) to 3 in order to utilize available DSP registers.
INFO: [HLS 200-486] Changing DSP48 latency (root=mul_ln691_99) to 3 in order to utilize available DSP registers.
INFO: [HLS 200-486] Changing DSP48 latency (root=mul_ln691_97) to 3 in order to utilize available DSP registers.
INFO: [HLS 200-486] Changing DSP48 latency (root=mul_ln691_93) to 3 in order to utilize available DSP registers.
INFO: [HLS 200-486] Changing DSP48 latency (root=mul_ln691_95) to 3 in order to utilize available DSP registers.
INFO: [HLS 200-486] Changing DSP48 latency (root=mul_ln691_92) to 3 in order to utilize available DSP registers.
INFO: [HLS 200-486] Changing DSP48 latency (root=mul_ln691_90) to 3 in order to utilize available DSP registers.
INFO: [HLS 200-486] Changing DSP48 latency (root=mul_ln691_88) to 3 in order to utilize available DSP registers.
INFO: [HLS 200-486] Changing DSP48 latency (root=mul_ln691_86) to 3 in order to utilize available DSP registers.
INFO: [HLS 200-486] Changing DSP48 latency (root=mul_ln691_84) to 3 in order to utilize available DSP registers.
INFO: [HLS 200-486] Changing DSP48 latency (root=mul_ln691_82) to 3 in order to utilize available DSP registers.
INFO: [HLS 200-486] Changing DSP48 latency (root=mul_ln691_80) to 3 in order to utilize available DSP registers.
INFO: [HLS 200-486] Changing DSP48 latency (root=mul_ln691_94) to 3 in order to utilize available DSP registers.
INFO: [HLS 200-486] Changing DSP48 latency (root=mul_ln691_91) to 3 in order to utilize available DSP registers.
INFO: [HLS 200-486] Changing DSP48 latency (root=mul_ln691_89) to 3 in order to utilize available DSP registers.
INFO: [HLS 200-486] Changing DSP48 latency (root=mul_ln691_87) to 3 in order to utilize available DSP registers.
INFO: [HLS 200-486] Changing DSP48 latency (root=mul_ln691_85) to 3 in order to utilize available DSP registers.
INFO: [HLS 200-486] Changing DSP48 latency (root=mul_ln691_83) to 3 in order to utilize available DSP registers.
INFO: [HLS 200-486] Changing DSP48 latency (root=mul_ln691_81) to 3 in order to utilize available DSP registers.
INFO: [HLS 200-486] Changing DSP48 latency (root=mul_ln691_77) to 3 in order to utilize available DSP registers.
INFO: [HLS 200-486] Changing DSP48 latency (root=mul_ln691_79) to 3 in order to utilize available DSP registers.
INFO: [HLS 200-486] Changing DSP48 latency (root=mul_ln691_76) to 3 in order to utilize available DSP registers.
INFO: [HLS 200-486] Changing DSP48 latency (root=mul_ln691_74) to 3 in order to utilize available DSP registers.
INFO: [HLS 200-486] Changing DSP48 latency (root=mul_ln691_72) to 3 in order to utilize available DSP registers.
INFO: [HLS 200-486] Changing DSP48 latency (root=mul_ln691_70) to 3 in order to utilize available DSP registers.
INFO: [HLS 200-486] Changing DSP48 latency (root=mul_ln691_68) to 3 in order to utilize available DSP registers.
INFO: [HLS 200-486] Changing DSP48 latency (root=mul_ln691_66) to 3 in order to utilize available DSP registers.
INFO: [HLS 200-486] Changing DSP48 latency (root=mul_ln691_64) to 3 in order to utilize available DSP registers.
INFO: [HLS 200-486] Changing DSP48 latency (root=mul_ln691_78) to 3 in order to utilize available DSP registers.
INFO: [HLS 200-486] Changing DSP48 latency (root=mul_ln691_75) to 3 in order to utilize available DSP registers.
INFO: [HLS 200-486] Changing DSP48 latency (root=mul_ln691_73) to 3 in order to utilize available DSP registers.
INFO: [HLS 200-486] Changing DSP48 latency (root=mul_ln691_71) to 3 in order to utilize available DSP registers.
INFO: [HLS 200-486] Changing DSP48 latency (root=mul_ln691_69) to 3 in order to utilize available DSP registers.
INFO: [HLS 200-486] Changing DSP48 latency (root=mul_ln691_67) to 3 in order to utilize available DSP registers.
INFO: [HLS 200-486] Changing DSP48 latency (root=mul_ln691_65) to 3 in order to utilize available DSP registers.
INFO: [HLS 200-486] Changing DSP48 latency (root=mul_ln691_61) to 3 in order to utilize available DSP registers.
INFO: [HLS 200-486] Changing DSP48 latency (root=mul_ln691_63) to 3 in order to utilize available DSP registers.
INFO: [HLS 200-486] Changing DSP48 latency (root=mul_ln691_60) to 3 in order to utilize available DSP registers.
INFO: [HLS 200-486] Changing DSP48 latency (root=mul_ln691_58) to 3 in order to utilize available DSP registers.
INFO: [HLS 200-486] Changing DSP48 latency (root=mul_ln691_56) to 3 in order to utilize available DSP registers.
INFO: [HLS 200-486] Changing DSP48 latency (root=mul_ln691_54) to 3 in order to utilize available DSP registers.
INFO: [HLS 200-486] Changing DSP48 latency (root=mul_ln691_52) to 3 in order to utilize available DSP registers.
INFO: [HLS 200-486] Changing DSP48 latency (root=mul_ln691_50) to 3 in order to utilize available DSP registers.
INFO: [HLS 200-486] Changing DSP48 latency (root=mul_ln691_48) to 3 in order to utilize available DSP registers.
INFO: [HLS 200-486] Changing DSP48 latency (root=mul_ln691_62) to 3 in order to utilize available DSP registers.
INFO: [HLS 200-486] Changing DSP48 latency (root=mul_ln691_59) to 3 in order to utilize available DSP registers.
INFO: [HLS 200-486] Changing DSP48 latency (root=mul_ln691_57) to 3 in order to utilize available DSP registers.
INFO: [HLS 200-486] Changing DSP48 latency (root=mul_ln691_55) to 3 in order to utilize available DSP registers.
INFO: [HLS 200-486] Changing DSP48 latency (root=mul_ln691_53) to 3 in order to utilize available DSP registers.
INFO: [HLS 200-486] Changing DSP48 latency (root=mul_ln691_51) to 3 in order to utilize available DSP registers.
INFO: [HLS 200-486] Changing DSP48 latency (root=mul_ln691_49) to 3 in order to utilize available DSP registers.
INFO: [HLS 200-486] Changing DSP48 latency (root=mul_ln691_45) to 3 in order to utilize available DSP registers.
INFO: [HLS 200-486] Changing DSP48 latency (root=mul_ln691_47) to 3 in order to utilize available DSP registers.
INFO: [HLS 200-486] Changing DSP48 latency (root=mul_ln691_44) to 3 in order to utilize available DSP registers.
INFO: [HLS 200-486] Changing DSP48 latency (root=mul_ln691_42) to 3 in order to utilize available DSP registers.
INFO: [HLS 200-486] Changing DSP48 latency (root=mul_ln691_40) to 3 in order to utilize available DSP registers.
INFO: [HLS 200-486] Changing DSP48 latency (root=mul_ln691_38) to 3 in order to utilize available DSP registers.
INFO: [HLS 200-486] Changing DSP48 latency (root=mul_ln691_36) to 3 in order to utilize available DSP registers.
INFO: [HLS 200-486] Changing DSP48 latency (root=mul_ln691_34) to 3 in order to utilize available DSP registers.
INFO: [HLS 200-486] Changing DSP48 latency (root=mul_ln691_32) to 3 in order to utilize available DSP registers.
INFO: [HLS 200-486] Changing DSP48 latency (root=mul_ln691_46) to 3 in order to utilize available DSP registers.
INFO: [HLS 200-486] Changing DSP48 latency (root=mul_ln691_43) to 3 in order to utilize available DSP registers.
INFO: [HLS 200-486] Changing DSP48 latency (root=mul_ln691_41) to 3 in order to utilize available DSP registers.
INFO: [HLS 200-486] Changing DSP48 latency (root=mul_ln691_39) to 3 in order to utilize available DSP registers.
INFO: [HLS 200-486] Changing DSP48 latency (root=mul_ln691_37) to 3 in order to utilize available DSP registers.
INFO: [HLS 200-486] Changing DSP48 latency (root=mul_ln691_35) to 3 in order to utilize available DSP registers.
INFO: [HLS 200-486] Changing DSP48 latency (root=mul_ln691_33) to 3 in order to utilize available DSP registers.
INFO: [HLS 200-486] Changing DSP48 latency (root=mul_ln691_29) to 3 in order to utilize available DSP registers.
INFO: [HLS 200-486] Changing DSP48 latency (root=mul_ln691_31) to 3 in order to utilize available DSP registers.
INFO: [HLS 200-486] Changing DSP48 latency (root=mul_ln691_28) to 3 in order to utilize available DSP registers.
INFO: [HLS 200-486] Changing DSP48 latency (root=mul_ln691_26) to 3 in order to utilize available DSP registers.
INFO: [HLS 200-486] Changing DSP48 latency (root=mul_ln691_24) to 3 in order to utilize available DSP registers.
INFO: [HLS 200-486] Changing DSP48 latency (root=mul_ln691_22) to 3 in order to utilize available DSP registers.
INFO: [HLS 200-486] Changing DSP48 latency (root=mul_ln691_20) to 3 in order to utilize available DSP registers.
INFO: [HLS 200-486] Changing DSP48 latency (root=mul_ln691_18) to 3 in order to utilize available DSP registers.
INFO: [HLS 200-486] Changing DSP48 latency (root=mul_ln691_16) to 3 in order to utilize available DSP registers.
INFO: [HLS 200-486] Changing DSP48 latency (root=mul_ln691_30) to 3 in order to utilize available DSP registers.
INFO: [HLS 200-486] Changing DSP48 latency (root=mul_ln691_27) to 3 in order to utilize available DSP registers.
INFO: [HLS 200-486] Changing DSP48 latency (root=mul_ln691_25) to 3 in order to utilize available DSP registers.
INFO: [HLS 200-486] Changing DSP48 latency (root=mul_ln691_23) to 3 in order to utilize available DSP registers.
INFO: [HLS 200-486] Changing DSP48 latency (root=mul_ln691_21) to 3 in order to utilize available DSP registers.
INFO: [HLS 200-486] Changing DSP48 latency (root=mul_ln691_19) to 3 in order to utilize available DSP registers.
INFO: [HLS 200-486] Changing DSP48 latency (root=mul_ln691_17) to 3 in order to utilize available DSP registers.
INFO: [HLS 200-486] Changing DSP48 latency (root=mul_ln691_13) to 3 in order to utilize available DSP registers.
INFO: [HLS 200-486] Changing DSP48 latency (root=mul_ln691_15) to 3 in order to utilize available DSP registers.
INFO: [HLS 200-486] Changing DSP48 latency (root=mul_ln691_12) to 3 in order to utilize available DSP registers.
INFO: [HLS 200-486] Changing DSP48 latency (root=mul_ln691_10) to 3 in order to utilize available DSP registers.
INFO: [HLS 200-486] Changing DSP48 latency (root=mul_ln691_8) to 3 in order to utilize available DSP registers.
INFO: [HLS 200-486] Changing DSP48 latency (root=mul_ln691_6) to 3 in order to utilize available DSP registers.
INFO: [HLS 200-486] Changing DSP48 latency (root=mul_ln691_4) to 3 in order to utilize available DSP registers.
INFO: [HLS 200-486] Changing DSP48 latency (root=mul_ln691_2) to 3 in order to utilize available DSP registers.
INFO: [HLS 200-486] Changing DSP48 latency (root=mul_ln691) to 3 in order to utilize available DSP registers.
INFO: [HLS 200-486] Changing DSP48 latency (root=mul_ln691_14) to 3 in order to utilize available DSP registers.
INFO: [HLS 200-486] Changing DSP48 latency (root=mul_ln691_11) to 3 in order to utilize available DSP registers.
INFO: [HLS 200-486] Changing DSP48 latency (root=mul_ln691_9) to 3 in order to utilize available DSP registers.
INFO: [HLS 200-486] Changing DSP48 latency (root=mul_ln691_7) to 3 in order to utilize available DSP registers.
INFO: [HLS 200-486] Changing DSP48 latency (root=mul_ln691_5) to 3 in order to utilize available DSP registers.
INFO: [HLS 200-486] Changing DSP48 latency (root=mul_ln691_3) to 3 in order to utilize available DSP registers.
INFO: [HLS 200-486] Changing DSP48 latency (root=mul_ln691_1) to 3 in order to utilize available DSP registers.
INFO: [HLS 200-1457] Automatically inferring 1WnR RAM type for array 'hidden_V'. Use bind_storage pragma to overwrite if needed.
INFO: [SCHED 204-61] Pipelining loop 'VITIS_LOOP_47_1'.
INFO: [HLS 200-1470] Pipelining result : Target II = 1, Final II = 1, Depth = 1, loop 'VITIS_LOOP_47_1'
INFO: [SCHED 204-61] Pipelining loop 'LOAD_WEIGHT1'.
WARNING: [HLS 200-880] The II Violation in module 'mmult_hw' (loop 'LOAD_WEIGHT1'): Unable to enforce a carried dependence constraint (II = 1, distance = 1, offset = 1) between axis read on port 'in_stream_V_data_V' and axis read on port 'in_stream_V_data_V'.
Resolution: For help on HLS 200-880 see www.xilinx.com/cgi-bin/docs/rdoc?v=2020.2;t=hls+guidance;d=200-880.html
INFO: [HLS 200-1470] Pipelining result : Target II = 1, Final II = 2, Depth = 2, loop 'LOAD_WEIGHT1'
INFO: [SCHED 204-61] Pipelining loop 'LOAD_WEIGHT2'.
WARNING: [HLS 200-885] Unable to schedule 'store' operation ('weight2_V_0_addr_2_write_ln79', ./mmult_custom.cpp:79) of variable 'trunc_ln79_1', ./mmult_custom.cpp:79 on array 'weight2.V[0]', ./mmult_custom.cpp:25 due to limited memory ports. Please consider using a memory core with more ports or partitioning the array 'weight2_V_0'.
Resolution: For help on HLS 200-885 see www.xilinx.com/cgi-bin/docs/rdoc?v=2020.2;t=hls+guidance;d=200-885.html
INFO: [HLS 200-1470] Pipelining result : Target II = 1, Final II = 8, Depth = 9, loop 'LOAD_WEIGHT2'
INFO: [SCHED 204-61] Pipelining loop 'LOAD_INPUT'.
INFO: [HLS 200-1470] Pipelining result : Target II = 1, Final II = 1, Depth = 1, loop 'LOAD_INPUT'
INFO: [SCHED 204-61] Pipelining loop 'COMPUTE_HIDDEN_H_INNER1'.
INFO: [HLS 200-1470] Pipelining result : Target II = 1, Final II = 1, Depth = 7, loop 'COMPUTE_HIDDEN_H_INNER1'
INFO: [SCHED 204-61] Pipelining loop 'COMPUTE_OUTPUT'.
INFO: [HLS 200-1470] Pipelining result : Target II = 1, Final II = 1, Depth = 8, loop 'COMPUTE_OUTPUT'
INFO: [SCHED 204-61] Pipelining loop 'STORE_OUTPUT'.
INFO: [HLS 200-1470] Pipelining result : Target II = 1, Final II = 1, Depth = 3, loop 'STORE_OUTPUT'
INFO: [SCHED 204-11] Finished scheduling.
INFO: [HLS 200-111] Finished Scheduling: CPU user time: 2.41 seconds. CPU system time: 0.21 seconds. Elapsed time: 2.61 seconds; current allocated memory: 154.575 MB.
INFO: [BIND 205-100] Starting micro-architecture generation ...
INFO: [BIND 205-101] Performing variable lifetime analysis.
INFO: [BIND 205-101] Exploring resource sharing.
WARNING: [BIND 205-102] The specified resource core for memory 'weight1_V_0' will be ignored if a simpler one can be used.
WARNING: [BIND 205-102] The specified resource core for memory 'weight1_V_1' will be ignored if a simpler one can be used.
WARNING: [BIND 205-102] The specified resource core for memory 'weight1_V_2' will be ignored if a simpler one can be used.
WARNING: [BIND 205-102] The specified resource core for memory 'weight1_V_3' will be ignored if a simpler one can be used.
WARNING: [BIND 205-102] The specified resource core for memory 'weight1_V_4' will be ignored if a simpler one can be used.
WARNING: [BIND 205-102] The specified resource core for memory 'weight1_V_5' will be ignored if a simpler one can be used.
WARNING: [BIND 205-102] The specified resource core for memory 'weight1_V_6' will be ignored if a simpler one can be used.
WARNING: [BIND 205-102] The specified resource core for memory 'weight1_V_7' will be ignored if a simpler one can be used.
WARNING: [BIND 205-102] The specified resource core for memory 'weight1_V_8' will be ignored if a simpler one can be used.
WARNING: [BIND 205-102] The specified resource core for memory 'weight1_V_9' will be ignored if a simpler one can be used.
WARNING: [BIND 205-102] The specified resource core for memory 'weight1_V_10' will be ignored if a simpler one can be used.
WARNING: [BIND 205-102] The specified resource core for memory 'weight1_V_11' will be ignored if a simpler one can be used.
WARNING: [BIND 205-102] The specified resource core for memory 'weight1_V_12' will be ignored if a simpler one can be used.
WARNING: [BIND 205-102] The specified resource core for memory 'weight1_V_13' will be ignored if a simpler one can be used.
WARNING: [BIND 205-102] The specified resource core for memory 'weight1_V_14' will be ignored if a simpler one can be used.
WARNING: [BIND 205-102] The specified resource core for memory 'weight1_V_15' will be ignored if a simpler one can be used.
WARNING: [BIND 205-102] The specified resource core for memory 'weight1_V_16' will be ignored if a simpler one can be used.
WARNING: [BIND 205-102] The specified resource core for memory 'weight1_V_17' will be ignored if a simpler one can be used.
WARNING: [BIND 205-102] The specified resource core for memory 'weight1_V_18' will be ignored if a simpler one can be used.
WARNING: [BIND 205-102] The specified resource core for memory 'weight1_V_19' will be ignored if a simpler one can be used.
WARNING: [BIND 205-102] The specified resource core for memory 'weight1_V_20' will be ignored if a simpler one can be used.
WARNING: [BIND 205-102] The specified resource core for memory 'weight1_V_21' will be ignored if a simpler one can be used.
WARNING: [BIND 205-102] The specified resource core for memory 'weight1_V_22' will be ignored if a simpler one can be used.
WARNING: [BIND 205-102] The specified resource core for memory 'weight1_V_23' will be ignored if a simpler one can be used.
WARNING: [BIND 205-102] The specified resource core for memory 'weight1_V_24' will be ignored if a simpler one can be used.
WARNING: [BIND 205-102] The specified resource core for memory 'weight1_V_25' will be ignored if a simpler one can be used.
WARNING: [BIND 205-102] The specified resource core for memory 'weight1_V_26' will be ignored if a simpler one can be used.
WARNING: [BIND 205-102] The specified resource core for memory 'weight1_V_27' will be ignored if a simpler one can be used.
WARNING: [BIND 205-102] The specified resource core for memory 'weight1_V_28' will be ignored if a simpler one can be used.
WARNING: [BIND 205-102] The specified resource core for memory 'weight1_V_29' will be ignored if a simpler one can be used.
WARNING: [BIND 205-102] The specified resource core for memory 'weight1_V_30' will be ignored if a simpler one can be used.
WARNING: [BIND 205-102] The specified resource core for memory 'weight1_V_31' will be ignored if a simpler one can be used.
WARNING: [BIND 205-102] The specified resource core for memory 'weight2_V_0' will be ignored if a simpler one can be used.
WARNING: [BIND 205-102] The specified resource core for memory 'weight2_V_1' will be ignored if a simpler one can be used.
WARNING: [BIND 205-102] The specified resource core for memory 'input_V_0' will be ignored if a simpler one can be used.
WARNING: [BIND 205-102] The specified resource core for memory 'input_V_1' will be ignored if a simpler one can be used.
WARNING: [BIND 205-102] The specified resource core for memory 'input_V_2' will be ignored if a simpler one can be used.
WARNING: [BIND 205-102] The specified resource core for memory 'input_V_3' will be ignored if a simpler one can be used.
WARNING: [BIND 205-102] The specified resource core for memory 'input_V_4' will be ignored if a simpler one can be used.
WARNING: [BIND 205-102] The specified resource core for memory 'input_V_5' will be ignored if a simpler one can be used.
WARNING: [BIND 205-102] The specified resource core for memory 'input_V_6' will be ignored if a simpler one can be used.
WARNING: [BIND 205-102] The specified resource core for memory 'input_V_7' will be ignored if a simpler one can be used.
WARNING: [BIND 205-102] The specified resource core for memory 'input_V_8' will be ignored if a simpler one can be used.
WARNING: [BIND 205-102] The specified resource core for memory 'input_V_9' will be ignored if a simpler one can be used.
WARNING: [BIND 205-102] The specified resource core for memory 'input_V_10' will be ignored if a simpler one can be used.
WARNING: [BIND 205-102] The specified resource core for memory 'input_V_11' will be ignored if a simpler one can be used.
WARNING: [BIND 205-102] The specified resource core for memory 'input_V_12' will be ignored if a simpler one can be used.
WARNING: [BIND 205-102] The specified resource core for memory 'input_V_13' will be ignored if a simpler one can be used.
WARNING: [BIND 205-102] The specified resource core for memory 'input_V_14' will be ignored if a simpler one can be used.
WARNING: [BIND 205-102] The specified resource core for memory 'input_V_15' will be ignored if a simpler one can be used.
WARNING: [BIND 205-102] The specified resource core for memory 'input_V_16' will be ignored if a simpler one can be used.
WARNING: [BIND 205-102] The specified resource core for memory 'input_V_17' will be ignored if a simpler one can be used.
WARNING: [BIND 205-102] The specified resource core for memory 'input_V_18' will be ignored if a simpler one can be used.
WARNING: [BIND 205-102] The specified resource core for memory 'input_V_19' will be ignored if a simpler one can be used.
WARNING: [BIND 205-102] The specified resource core for memory 'input_V_20' will be ignored if a simpler one can be used.
WARNING: [BIND 205-102] The specified resource core for memory 'input_V_21' will be ignored if a simpler one can be used.
WARNING: [BIND 205-102] The specified resource core for memory 'input_V_22' will be ignored if a simpler one can be used.
WARNING: [BIND 205-102] The specified resource core for memory 'input_V_23' will be ignored if a simpler one can be used.
WARNING: [BIND 205-102] The specified resource core for memory 'input_V_24' will be ignored if a simpler one can be used.
WARNING: [BIND 205-102] The specified resource core for memory 'input_V_25' will be ignored if a simpler one can be used.
WARNING: [BIND 205-102] The specified resource core for memory 'input_V_26' will be ignored if a simpler one can be used.
WARNING: [BIND 205-102] The specified resource core for memory 'input_V_27' will be ignored if a simpler one can be used.
WARNING: [BIND 205-102] The specified resource core for memory 'input_V_28' will be ignored if a simpler one can be used.
WARNING: [BIND 205-102] The specified resource core for memory 'input_V_29' will be ignored if a simpler one can be used.
WARNING: [BIND 205-102] The specified resource core for memory 'input_V_30' will be ignored if a simpler one can be used.
WARNING: [BIND 205-102] The specified resource core for memory 'input_V_31' will be ignored if a simpler one can be used.
INFO: [BIND 205-101] Binding ...
INFO: [BIND 205-100] Finished micro-architecture generation.
INFO: [HLS 200-111] Finished Binding: CPU user time: 2.07 seconds. CPU system time: 0.25 seconds. Elapsed time: 2.33 seconds; current allocated memory: 164.936 MB.
INFO: [HLS 200-10] ----------------------------------------------------------------
INFO: [HLS 200-10] -- Generating RTL for module 'mmult_hw' 
INFO: [HLS 200-10] ----------------------------------------------------------------
WARNING: [RTGEN 206-101] Design contains AXI ports. Reset is fixed to synchronous and active low.
INFO: [RTGEN 206-500] Setting interface mode on port 'mmult_hw/in_stream_V_data_V' to 'axis' (register, both mode).
INFO: [RTGEN 206-500] Setting interface mode on port 'mmult_hw/in_stream_V_keep_V' to 'axis' (register, both mode).
INFO: [RTGEN 206-500] Setting interface mode on port 'mmult_hw/in_stream_V_strb_V' to 'axis' (register, both mode).
INFO: [RTGEN 206-500] Setting interface mode on port 'mmult_hw/in_stream_V_user_V' to 'axis' (register, both mode).
INFO: [RTGEN 206-500] Setting interface mode on port 'mmult_hw/in_stream_V_last_V' to 'axis' (register, both mode).
INFO: [RTGEN 206-500] Setting interface mode on port 'mmult_hw/in_stream_V_id_V' to 'axis' (register, both mode).
INFO: [RTGEN 206-500] Setting interface mode on port 'mmult_hw/in_stream_V_dest_V' to 'axis' (register, both mode).
INFO: [RTGEN 206-500] Setting interface mode on port 'mmult_hw/out_stream_V_data_V' to 'axis' (register, both mode).
INFO: [RTGEN 206-500] Setting interface mode on port 'mmult_hw/out_stream_V_keep_V' to 'axis' (register, both mode).
INFO: [RTGEN 206-500] Setting interface mode on port 'mmult_hw/out_stream_V_strb_V' to 'axis' (register, both mode).
INFO: [RTGEN 206-500] Setting interface mode on port 'mmult_hw/out_stream_V_user_V' to 'axis' (register, both mode).
INFO: [RTGEN 206-500] Setting interface mode on port 'mmult_hw/out_stream_V_last_V' to 'axis' (register, both mode).
INFO: [RTGEN 206-500] Setting interface mode on port 'mmult_hw/out_stream_V_id_V' to 'axis' (register, both mode).
INFO: [RTGEN 206-500] Setting interface mode on port 'mmult_hw/out_stream_V_dest_V' to 'axis' (register, both mode).
INFO: [RTGEN 206-500] Setting interface mode on function 'mmult_hw' to 's_axilite & ap_ctrl_hs'.
INFO: [RTGEN 206-100] Bundling port 'return' to AXI-Lite port CONTROL_BUS.
INFO: [RTGEN 206-100] Generating core module 'mac_muladd_16s_8s_16ns_16_4_1': 10 instance(s).
INFO: [RTGEN 206-100] Generating core module 'mac_muladd_16s_8s_16s_16_4_1': 80 instance(s).
INFO: [RTGEN 206-100] Generating core module 'mac_muladd_8s_4ns_12s_13_4_1': 32 instance(s).
INFO: [RTGEN 206-100] Generating core module 'mul_8s_4ns_12_1_1': 32 instance(s).
INFO: [RTGEN 206-100] Generating core module 'mul_mul_16s_8s_16_4_1': 70 instance(s).
INFO: [RTGEN 206-100] Finished creating RTL model for 'mmult_hw'.
INFO: [HLS 200-111] Finished Creating RTL model: CPU user time: 2.64 seconds. CPU system time: 0.25 seconds. Elapsed time: 2.9 seconds; current allocated memory: 180.116 MB.
INFO: [RTMG 210-282] Generating pipelined core: 'mmult_hw_mul_8s_4ns_12_1_1_Multiplier_0'
INFO: [RTMG 210-278] Implementing memory 'mmult_hw_input_V_0_ram (RAM_T2P_BRAM)' using block RAMs.
INFO: [RTMG 210-278] Implementing memory 'mmult_hw_weight1_V_0_ram (RAM_T2P_BRAM)' using block RAMs.
INFO: [RTMG 210-278] Implementing memory 'mmult_hw_weight2_V_0_ram (RAM_T2P_BRAM)' using block RAMs.
INFO: [RTMG 210-278] Implementing memory 'mmult_hw_hidden_V_ram (RAM_1WnR)' using auto RAMs.
INFO: [RTMG 210-278] Implementing memory 'mmult_hw_offset_V_ram (RAM)' using auto RAMs.
INFO: [RTMG 210-278] Implementing memory 'mmult_hw_out_buf_V_0_ram (RAM)' using auto RAMs.
INFO: [HLS 200-111] Finished Generating all RTL models: CPU user time: 5.26 seconds. CPU system time: 0.47 seconds. Elapsed time: 5.76 seconds; current allocated memory: 222.326 MB.
INFO: [VHDL 208-304] Generating VHDL RTL for mmult_hw.
INFO: [VLOG 209-307] Generating Verilog RTL for mmult_hw.
INFO: [HLS 200-790] **** Loop Constraint Status: All loop constraints were NOT satisfied.
INFO: [HLS 200-789] **** Estimated Fmax: 123.76 MHz
INFO: [HLS 200-111] Finished Command csynth_design CPU user time: 29.48 seconds. CPU system time: 2.02 seconds. Elapsed time: 31.82 seconds; current allocated memory: 222.627 MB.
INFO: [HLS 200-112] Total CPU user time: 39.84 seconds. Total CPU system time: 3.09 seconds. Total elapsed time: 41.22 seconds; peak allocated memory: 222.326 MB.
INFO: [Common 17-206] Exiting vitis_hls at Sun Mar 20 20:52:09 2022...
