
****** Vitis HLS - High-Level Synthesis from C, C++ and OpenCL v2020.2 (64-bit)
  **** SW Build 3064766 on Wed Nov 18 09:12:47 MST 2020
  **** IP Build 3064653 on Wed Nov 18 14:17:31 MST 2020
    ** Copyright 1986-2020 Xilinx, Inc. All Rights Reserved.

source /data/Xilinx/Vitis_HLS/2020.2/scripts/vitis_hls/hls.tcl -notrace
INFO: [HLS 200-10] Running '/data/Xilinx/Vitis_HLS/2020.2/bin/unwrapped/lnx64.o/vitis_hls'
INFO: [HLS 200-10] For user 'ubuntu' on host 'pc17' (Linux_x86_64 version 5.4.0-104-generic) on Sun Mar 13 01:01:35 +08 2022
INFO: [HLS 200-10] On os Ubuntu 20.04.4 LTS
INFO: [HLS 200-10] In directory '/home/ubuntu/cs5222/workspace/zynq/hls/mmult_fixed'
Sourcing Tcl script 'hls.tcl'
INFO: [HLS 200-1510] Running: open_project accel 
INFO: [HLS 200-10] Opening project '/home/ubuntu/cs5222/workspace/zynq/hls/mmult_fixed/accel'.
INFO: [HLS 200-1510] Running: set_top mmult_hw 
INFO: [HLS 200-1510] Running: add_files ./mmult_fixed.cpp 
INFO: [HLS 200-10] Adding design file './mmult_fixed.cpp' to the project
INFO: [HLS 200-1510] Running: add_files -tb ./mmult_test.cpp 
INFO: [HLS 200-10] Adding test bench file './mmult_test.cpp' to the project
INFO: [HLS 200-1510] Running: open_solution solution0 -flow_target vivado 
INFO: [HLS 200-10] Opening solution '/home/ubuntu/cs5222/workspace/zynq/hls/mmult_fixed/accel/solution0'.
INFO: [SYN 201-201] Setting up clock 'default' with a period of 10ns.
INFO: [SYN 201-201] Setting up clock 'default' with an uncertainty of 1.25ns.
INFO: [HLS 200-10] Setting target device to 'xc7z020-clg484-1'
INFO: [HLS 200-1505] Using flow_target 'vivado'
Resolution: For help on HLS 200-1505 see www.xilinx.com/cgi-bin/docs/rdoc?v=2020.2;t=hls+guidance;d=200-1505.html
INFO: [HLS 200-1510] Running: set_part xc7z020clg484-1 
INFO: [HLS 200-1510] Running: create_clock -period 10 -name default 
INFO: [HLS 200-1510] Running: set_clock_uncertainty 12.5% 
INFO: [HLS 200-1510] Running: csim_design -clean 
INFO: [SIM 211-2] *************** CSIM start ***************
INFO: [SIM 211-4] CSIM will launch GCC as the compiler.
   Compiling ../../../../mmult_test.cpp in debug mode
   Compiling ../../../../mmult_fixed.cpp in debug mode
   Generating csim.exe
DEBUGGING AXI4 STREAMING DATA TYPES!
Matrices identical ... Test successful!
The maximum depth reached by any of the 2 hls::stream() instances in the design is 262469
INFO: [SIM 211-1] CSim done with 0 errors.
INFO: [SIM 211-3] *************** CSIM finish ***************
INFO: [HLS 200-111] Finished Command csim_design CPU user time: 14.18 seconds. CPU system time: 0.59 seconds. Elapsed time: 13.29 seconds; current allocated memory: 69.969 MB.
INFO: [HLS 200-1510] Running: csynth_design 
INFO: [HLS 200-111] Finished File checks and directory preparation: CPU user time: 0.01 seconds. CPU system time: 0.01 seconds. Elapsed time: 0.01 seconds; current allocated memory: 70.122 MB.
INFO: [HLS 200-10] Analyzing design file './mmult_fixed.cpp' ... 
INFO: [HLS 200-111] Finished Source Code Analysis and Preprocessing: CPU user time: 3.83 seconds. CPU system time: 0.32 seconds. Elapsed time: 4.16 seconds; current allocated memory: 71.611 MB.
INFO: [HLS 200-777] Using interface defaults for 'Vivado' flow target.
INFO: [HLS 214-131] Inlining function 'hls::axis<ap_uint<64>, 4ul, 5ul, 5ul>::get_user_ptr()' into 'hls::stream<hls::axis<ap_uint<64>, 4ul, 5ul, 5ul>, 0>::read(hls::axis<ap_uint<64>, 4ul, 5ul, 5ul>&)' (/data/Xilinx/Vitis_HLS/2020.2/common/technology/autopilot/ap_axi_sdata.h:283:50)
INFO: [HLS 214-131] Inlining function 'hls::axis<ap_uint<64>, 4ul, 5ul, 5ul>::get_dest_ptr()' into 'hls::stream<hls::axis<ap_uint<64>, 4ul, 5ul, 5ul>, 0>::read(hls::axis<ap_uint<64>, 4ul, 5ul, 5ul>&)' (/data/Xilinx/Vitis_HLS/2020.2/common/technology/autopilot/ap_axi_sdata.h:286:25)
INFO: [HLS 214-131] Inlining function 'hls::axis<ap_uint<64>, 4ul, 5ul, 5ul>::get_id_ptr()' into 'hls::stream<hls::axis<ap_uint<64>, 4ul, 5ul, 5ul>, 0>::read(hls::axis<ap_uint<64>, 4ul, 5ul, 5ul>&)' (/data/Xilinx/Vitis_HLS/2020.2/common/technology/autopilot/ap_axi_sdata.h:285:67)
INFO: [HLS 214-131] Inlining function 'hls::axis<ap_uint<64>, 4ul, 5ul, 5ul>::get_user_ptr()' into 'hls::stream<hls::axis<ap_uint<64>, 4ul, 5ul, 5ul>, 0>::read(hls::axis<ap_uint<64>, 4ul, 5ul, 5ul>&)' (/data/Xilinx/Vitis_HLS/2020.2/common/technology/autopilot/ap_axi_sdata.h:285:36)
INFO: [HLS 214-131] Inlining function 'hls::axis<ap_uint<64>, 4ul, 5ul, 5ul>::get_dest_ptr()' into 'hls::stream<hls::axis<ap_uint<64>, 4ul, 5ul, 5ul>, 0>::read(hls::axis<ap_uint<64>, 4ul, 5ul, 5ul>&)' (/data/Xilinx/Vitis_HLS/2020.2/common/technology/autopilot/ap_axi_sdata.h:284:39)
INFO: [HLS 214-131] Inlining function 'hls::axis<ap_uint<64>, 4ul, 5ul, 5ul>::get_id_ptr()' into 'hls::stream<hls::axis<ap_uint<64>, 4ul, 5ul, 5ul>, 0>::read(hls::axis<ap_uint<64>, 4ul, 5ul, 5ul>&)' (/data/Xilinx/Vitis_HLS/2020.2/common/technology/autopilot/ap_axi_sdata.h:284:23)
INFO: [HLS 214-131] Inlining function 'hls::axis<ap_uint<64>, 4ul, 5ul, 5ul>::get_user_ptr()' into 'hls::stream<hls::axis<ap_uint<64>, 4ul, 5ul, 5ul>, 0>::write(hls::axis<ap_uint<64>, 4ul, 5ul, 5ul> const&)' (/data/Xilinx/Vitis_HLS/2020.2/common/technology/autopilot/ap_axi_sdata.h:304:51)
INFO: [HLS 214-131] Inlining function 'hls::axis<ap_uint<64>, 4ul, 5ul, 5ul>::get_dest_ptr()' into 'hls::stream<hls::axis<ap_uint<64>, 4ul, 5ul, 5ul>, 0>::write(hls::axis<ap_uint<64>, 4ul, 5ul, 5ul> const&)' (/data/Xilinx/Vitis_HLS/2020.2/common/technology/autopilot/ap_axi_sdata.h:307:26)
INFO: [HLS 214-131] Inlining function 'hls::axis<ap_uint<64>, 4ul, 5ul, 5ul>::get_id_ptr()' into 'hls::stream<hls::axis<ap_uint<64>, 4ul, 5ul, 5ul>, 0>::write(hls::axis<ap_uint<64>, 4ul, 5ul, 5ul> const&)' (/data/Xilinx/Vitis_HLS/2020.2/common/technology/autopilot/ap_axi_sdata.h:306:68)
INFO: [HLS 214-131] Inlining function 'hls::axis<ap_uint<64>, 4ul, 5ul, 5ul>::get_user_ptr()' into 'hls::stream<hls::axis<ap_uint<64>, 4ul, 5ul, 5ul>, 0>::write(hls::axis<ap_uint<64>, 4ul, 5ul, 5ul> const&)' (/data/Xilinx/Vitis_HLS/2020.2/common/technology/autopilot/ap_axi_sdata.h:306:37)
INFO: [HLS 214-131] Inlining function 'hls::axis<ap_uint<64>, 4ul, 5ul, 5ul>::get_dest_ptr()' into 'hls::stream<hls::axis<ap_uint<64>, 4ul, 5ul, 5ul>, 0>::write(hls::axis<ap_uint<64>, 4ul, 5ul, 5ul> const&)' (/data/Xilinx/Vitis_HLS/2020.2/common/technology/autopilot/ap_axi_sdata.h:305:40)
INFO: [HLS 214-131] Inlining function 'hls::axis<ap_uint<64>, 4ul, 5ul, 5ul>::get_id_ptr()' into 'hls::stream<hls::axis<ap_uint<64>, 4ul, 5ul, 5ul>, 0>::write(hls::axis<ap_uint<64>, 4ul, 5ul, 5ul> const&)' (/data/Xilinx/Vitis_HLS/2020.2/common/technology/autopilot/ap_axi_sdata.h:305:24)
INFO: [HLS 214-131] Inlining function 'hls::stream<hls::axis<ap_uint<64>, 4ul, 5ul, 5ul>, 0>::read(hls::axis<ap_uint<64>, 4ul, 5ul, 5ul>&)' into 'mmult_hw(hls::stream<hls::axis<ap_uint<64>, 4ul, 5ul, 5ul>, 0>&, hls::stream<hls::axis<ap_uint<64>, 4ul, 5ul, 5ul>, 0>&)' (./mmult_fixed.cpp:39:19)
INFO: [HLS 214-131] Inlining function 'hls::stream<hls::axis<ap_uint<64>, 4ul, 5ul, 5ul>, 0>::write(hls::axis<ap_uint<64>, 4ul, 5ul, 5ul> const&)' into 'mmult_hw(hls::stream<hls::axis<ap_uint<64>, 4ul, 5ul, 5ul>, 0>&, hls::stream<hls::axis<ap_uint<64>, 4ul, 5ul, 5ul>, 0>&)' (./mmult_fixed.cpp:109:28)
INFO: [HLS 214-131] Inlining function 'push_stream(unsigned long long const&, bool)' into 'mmult_hw(hls::stream<hls::axis<ap_uint<64>, 4ul, 5ul, 5ul>, 0>&, hls::stream<hls::axis<ap_uint<64>, 4ul, 5ul, 5ul>, 0>&)' (./mmult_fixed.cpp:109:34)
INFO: [HLS 214-131] Inlining function 'pop_stream(hls::axis<ap_uint<64>, 4ul, 5ul, 5ul> const&)' into 'mmult_hw(hls::stream<hls::axis<ap_uint<64>, 4ul, 5ul, 5ul>, 0>&, hls::stream<hls::axis<ap_uint<64>, 4ul, 5ul, 5ul>, 0>&)' (./mmult_fixed.cpp:73:32)
INFO: [HLS 214-131] Inlining function 'hls::stream<hls::axis<ap_uint<64>, 4ul, 5ul, 5ul>, 0>::read(hls::axis<ap_uint<64>, 4ul, 5ul, 5ul>&)' into 'mmult_hw(hls::stream<hls::axis<ap_uint<64>, 4ul, 5ul, 5ul>, 0>&, hls::stream<hls::axis<ap_uint<64>, 4ul, 5ul, 5ul>, 0>&)' (./mmult_fixed.cpp:72:27)
INFO: [HLS 214-131] Inlining function 'pop_stream(hls::axis<ap_uint<64>, 4ul, 5ul, 5ul> const&)' into 'mmult_hw(hls::stream<hls::axis<ap_uint<64>, 4ul, 5ul, 5ul>, 0>&, hls::stream<hls::axis<ap_uint<64>, 4ul, 5ul, 5ul>, 0>&)' (./mmult_fixed.cpp:54:28)
INFO: [HLS 214-131] Inlining function 'hls::stream<hls::axis<ap_uint<64>, 4ul, 5ul, 5ul>, 0>::read(hls::axis<ap_uint<64>, 4ul, 5ul, 5ul>&)' into 'mmult_hw(hls::stream<hls::axis<ap_uint<64>, 4ul, 5ul, 5ul>, 0>&, hls::stream<hls::axis<ap_uint<64>, 4ul, 5ul, 5ul>, 0>&)' (./mmult_fixed.cpp:53:23)
INFO: [HLS 214-131] Inlining function 'pop_stream(hls::axis<ap_uint<64>, 4ul, 5ul, 5ul> const&)' into 'mmult_hw(hls::stream<hls::axis<ap_uint<64>, 4ul, 5ul, 5ul>, 0>&, hls::stream<hls::axis<ap_uint<64>, 4ul, 5ul, 5ul>, 0>&)' (./mmult_fixed.cpp:40:24)
INFO: [HLS 200-111] Finished Compiling Optimization and Transform: CPU user time: 4.15 seconds. CPU system time: 0.35 seconds. Elapsed time: 4.5 seconds; current allocated memory: 73.277 MB.
INFO: [HLS 200-111] Finished Checking Pragmas: CPU user time: 0 seconds. CPU system time: 0 seconds. Elapsed time: 0 seconds; current allocated memory: 73.278 MB.
INFO: [HLS 200-10] Starting code transformations ...
INFO: [HLS 200-111] Finished Standard Transforms: CPU user time: 0.07 seconds. CPU system time: 0 seconds. Elapsed time: 0.08 seconds; current allocated memory: 82.339 MB.
INFO: [HLS 200-10] Checking synthesizability ...
INFO: [HLS 200-111] Finished Checking Synthesizability: CPU user time: 0.14 seconds. CPU system time: 0.01 seconds. Elapsed time: 0.15 seconds; current allocated memory: 94.124 MB.
INFO: [XFORM 203-510] Pipelining loop 'LOAD_OFFSET' in function 'mmult_hw' automatically.
INFO: [XFORM 203-510] Pipelining loop 'VITIS_LOOP_51_2' in function 'mmult_hw' automatically.
INFO: [XFORM 203-510] Pipelining loop 'VITIS_LOOP_70_4' in function 'mmult_hw' automatically.
INFO: [XFORM 203-510] Pipelining loop 'L3' (./mmult_fixed.cpp:88) in function 'mmult_hw' automatically.
INFO: [XFORM 203-510] Pipelining loop 'VITIS_LOOP_102_6' (./mmult_fixed.cpp:103) in function 'mmult_hw' automatically.
INFO: [XFORM 203-502] Unrolling all sub-loops inside loop 'LOAD_OFFSET' in function 'mmult_hw' for pipelining.
INFO: [XFORM 203-502] Unrolling all sub-loops inside loop 'VITIS_LOOP_51_2' in function 'mmult_hw' for pipelining.
INFO: [XFORM 203-502] Unrolling all sub-loops inside loop 'VITIS_LOOP_70_4' in function 'mmult_hw' for pipelining.
INFO: [XFORM 203-502] Unrolling all sub-loops inside loop 'VITIS_LOOP_102_6' (./mmult_fixed.cpp:103) in function 'mmult_hw' for pipelining.
INFO: [HLS 200-489] Unrolling loop 'VITIS_LOOP_42_1' (./mmult_fixed.cpp:42) in function 'mmult_hw' completely with a factor of 2.
INFO: [HLS 200-489] Unrolling loop 'VITIS_LOOP_56_3' (./mmult_fixed.cpp:56) in function 'mmult_hw' completely with a factor of 8.
INFO: [HLS 200-489] Unrolling loop 'VITIS_LOOP_75_5' (./mmult_fixed.cpp:75) in function 'mmult_hw' completely with a factor of 8.
INFO: [HLS 200-489] Unrolling loop 'VITIS_LOOP_104_7' (./mmult_fixed.cpp:103) in function 'mmult_hw' completely with a factor of 2.
INFO: [HLS 200-111] Finished Loop, function and other optimizations: CPU user time: 0.37 seconds. CPU system time: 0.01 seconds. Elapsed time: 0.38 seconds; current allocated memory: 128.389 MB.
INFO: [XFORM 203-541] Flattening a loop nest 'LOAD_WEIGHT' (./mmult_fixed.cpp:50:14) in function 'mmult_hw'.
INFO: [XFORM 203-541] Flattening a loop nest 'LOAD_INPUT' (./mmult_fixed.cpp:69:18) in function 'mmult_hw'.
WARNING: [HLS 200-960] Cannot flatten loop 'L2' (./mmult_fixed.cpp:86:22) in function 'mmult_hw' the outer loop is not a perfect loop.
Resolution: For help on HLS 200-960 see www.xilinx.com/cgi-bin/docs/rdoc?v=2020.2;t=hls+guidance;d=200-960.html
INFO: [XFORM 203-541] Flattening a loop nest 'L1' (./mmult_fixed.cpp:83:18) in function 'mmult_hw'.
INFO: [XFORM 203-541] Flattening a loop nest 'STORE_OUTPUT' (./mmult_fixed.cpp:32:9) in function 'mmult_hw'.
WARNING: [HLS 200-960] Cannot flatten loop 'LT' (./mmult_fixed.cpp:64:14) in function 'mmult_hw' more than one sub loop.
Resolution: For help on HLS 200-960 see www.xilinx.com/cgi-bin/docs/rdoc?v=2020.2;t=hls+guidance;d=200-960.html
INFO: [HLS 200-472] Inferring partial write operation for 'offset_buf.V' (./mmult_fixed.cpp:43:31)
INFO: [HLS 200-472] Inferring partial write operation for 'weight_buf.V' (./mmult_fixed.cpp:57:38)
INFO: [HLS 200-472] Inferring partial write operation for 'in_buf.V' (./mmult_fixed.cpp:76:38)
INFO: [HLS 200-472] Inferring partial write operation for 'out_buf.V' (./mmult_fixed.cpp:94:31)
INFO: [HLS 200-111] Finished Architecture Synthesis: CPU user time: 0.3 seconds. CPU system time: 0.01 seconds. Elapsed time: 0.3 seconds; current allocated memory: 128.474 MB.
INFO: [HLS 200-10] Starting hardware synthesis ...
INFO: [HLS 200-10] Synthesizing 'mmult_hw' ...
INFO: [HLS 200-10] ----------------------------------------------------------------
INFO: [HLS 200-42] -- Implementing module 'mmult_hw' 
INFO: [HLS 200-10] ----------------------------------------------------------------
INFO: [SCHED 204-11] Starting scheduling ...
INFO: [HLS 200-486] Changing DSP48 latency (root=ret) to 3 in order to utilize available DSP registers.
INFO: [HLS 200-1457] Automatically inferring 1WnR RAM type for array 'out_buf_V'. Use bind_storage pragma to overwrite if needed.
INFO: [SCHED 204-61] Pipelining loop 'LOAD_OFFSET'.
INFO: [HLS 200-1470] Pipelining result : Target II = 1, Final II = 1, Depth = 1, loop 'LOAD_OFFSET'
INFO: [SCHED 204-61] Pipelining loop 'LOAD_WEIGHT_VITIS_LOOP_51_2'.
WARNING: [HLS 200-885] Unable to schedule 'store' operation ('weight_buf_V_addr_2_write_ln57', ./mmult_fixed.cpp:57) of variable 'trunc_ln167_4' on array 'weight_buf.V', ./mmult_fixed.cpp:26 due to limited memory ports. Please consider using a memory core with more ports or partitioning the array 'weight_buf_V'.
Resolution: For help on HLS 200-885 see www.xilinx.com/cgi-bin/docs/rdoc?v=2020.2;t=hls+guidance;d=200-885.html
INFO: [HLS 200-1470] Pipelining result : Target II = 1, Final II = 4, Depth = 5, loop 'LOAD_WEIGHT_VITIS_LOOP_51_2'
INFO: [SCHED 204-61] Pipelining loop 'LOAD_INPUT_VITIS_LOOP_70_4'.
WARNING: [HLS 200-885] Unable to schedule 'store' operation ('in_buf_V_addr_2_write_ln76', ./mmult_fixed.cpp:76) of variable 'trunc_ln306_2' on array 'in_buf.V', ./mmult_fixed.cpp:27 due to limited memory ports. Please consider using a memory core with more ports or partitioning the array 'in_buf_V'.
Resolution: For help on HLS 200-885 see www.xilinx.com/cgi-bin/docs/rdoc?v=2020.2;t=hls+guidance;d=200-885.html
INFO: [HLS 200-1470] Pipelining result : Target II = 1, Final II = 4, Depth = 5, loop 'LOAD_INPUT_VITIS_LOOP_70_4'
INFO: [SCHED 204-61] Pipelining loop 'L3'.
INFO: [HLS 200-1470] Pipelining result : Target II = 1, Final II = 1, Depth = 5, loop 'L3'
INFO: [SCHED 204-61] Pipelining loop 'STORE_OUTPUT_VITIS_LOOP_102_6'.
INFO: [HLS 200-1470] Pipelining result : Target II = 1, Final II = 1, Depth = 4, loop 'STORE_OUTPUT_VITIS_LOOP_102_6'
INFO: [SCHED 204-11] Finished scheduling.
INFO: [HLS 200-111] Finished Scheduling: CPU user time: 0.23 seconds. CPU system time: 0.01 seconds. Elapsed time: 0.25 seconds; current allocated memory: 129.493 MB.
INFO: [BIND 205-100] Starting micro-architecture generation ...
INFO: [BIND 205-101] Performing variable lifetime analysis.
INFO: [BIND 205-101] Exploring resource sharing.
INFO: [BIND 205-101] Binding ...
INFO: [BIND 205-100] Finished micro-architecture generation.
INFO: [HLS 200-111] Finished Binding: CPU user time: 0.24 seconds. CPU system time: 0 seconds. Elapsed time: 0.24 seconds; current allocated memory: 130.686 MB.
INFO: [HLS 200-10] ----------------------------------------------------------------
INFO: [HLS 200-10] -- Generating RTL for module 'mmult_hw' 
INFO: [HLS 200-10] ----------------------------------------------------------------
WARNING: [RTGEN 206-101] Design contains AXI ports. Reset is fixed to synchronous and active low.
INFO: [RTGEN 206-500] Setting interface mode on port 'mmult_hw/in_stream_V_data_V' to 'axis' (register, both mode).
INFO: [RTGEN 206-500] Setting interface mode on port 'mmult_hw/in_stream_V_keep_V' to 'axis' (register, both mode).
INFO: [RTGEN 206-500] Setting interface mode on port 'mmult_hw/in_stream_V_strb_V' to 'axis' (register, both mode).
INFO: [RTGEN 206-500] Setting interface mode on port 'mmult_hw/in_stream_V_user_V' to 'axis' (register, both mode).
INFO: [RTGEN 206-500] Setting interface mode on port 'mmult_hw/in_stream_V_last_V' to 'axis' (register, both mode).
INFO: [RTGEN 206-500] Setting interface mode on port 'mmult_hw/in_stream_V_id_V' to 'axis' (register, both mode).
INFO: [RTGEN 206-500] Setting interface mode on port 'mmult_hw/in_stream_V_dest_V' to 'axis' (register, both mode).
INFO: [RTGEN 206-500] Setting interface mode on port 'mmult_hw/out_stream_V_data_V' to 'axis' (register, both mode).
INFO: [RTGEN 206-500] Setting interface mode on port 'mmult_hw/out_stream_V_keep_V' to 'axis' (register, both mode).
INFO: [RTGEN 206-500] Setting interface mode on port 'mmult_hw/out_stream_V_strb_V' to 'axis' (register, both mode).
INFO: [RTGEN 206-500] Setting interface mode on port 'mmult_hw/out_stream_V_user_V' to 'axis' (register, both mode).
INFO: [RTGEN 206-500] Setting interface mode on port 'mmult_hw/out_stream_V_last_V' to 'axis' (register, both mode).
INFO: [RTGEN 206-500] Setting interface mode on port 'mmult_hw/out_stream_V_id_V' to 'axis' (register, both mode).
INFO: [RTGEN 206-500] Setting interface mode on port 'mmult_hw/out_stream_V_dest_V' to 'axis' (register, both mode).
INFO: [RTGEN 206-500] Setting interface mode on function 'mmult_hw' to 's_axilite & ap_ctrl_hs'.
INFO: [RTGEN 206-100] Bundling port 'return' to AXI-Lite port CONTROL_BUS.
INFO: [RTGEN 206-100] Generating core module 'mac_muladd_8s_8ns_32ns_32_4_1': 1 instance(s).
INFO: [RTGEN 206-100] Finished creating RTL model for 'mmult_hw'.
INFO: [HLS 200-111] Finished Creating RTL model: CPU user time: 0.31 seconds. CPU system time: 0.01 seconds. Elapsed time: 0.32 seconds; current allocated memory: 132.940 MB.
INFO: [RTMG 210-278] Implementing memory 'mmult_hw_offset_buf_V_ram (RAM)' using auto RAMs.
INFO: [RTMG 210-278] Implementing memory 'mmult_hw_weight_buf_V_ram (RAM)' using auto RAMs.
INFO: [RTMG 210-278] Implementing memory 'mmult_hw_in_buf_V_ram (RAM)' using auto RAMs.
INFO: [RTMG 210-278] Implementing memory 'mmult_hw_out_buf_V_ram (RAM_1WnR)' using auto RAMs.
INFO: [HLS 200-111] Finished Generating all RTL models: CPU user time: 1.59 seconds. CPU system time: 0.07 seconds. Elapsed time: 1.66 seconds; current allocated memory: 144.670 MB.
INFO: [VHDL 208-304] Generating VHDL RTL for mmult_hw.
INFO: [VLOG 209-307] Generating Verilog RTL for mmult_hw.
INFO: [HLS 200-790] **** Loop Constraint Status: All loop constraints were NOT satisfied.
INFO: [HLS 200-789] **** Estimated Fmax: 119.60 MHz
INFO: [HLS 200-111] Finished Command csynth_design CPU user time: 11.35 seconds. CPU system time: 0.8 seconds. Elapsed time: 12.16 seconds; current allocated memory: 144.968 MB.
INFO: [HLS 200-112] Total CPU user time: 26.86 seconds. Total CPU system time: 1.88 seconds. Total elapsed time: 26.75 seconds; peak allocated memory: 144.670 MB.
INFO: [Common 17-206] Exiting vitis_hls at Sun Mar 13 01:02:02 2022...
