
****** Vitis HLS - High-Level Synthesis from C, C++ and OpenCL v2020.2 (64-bit)
  **** SW Build 3064766 on Wed Nov 18 09:12:47 MST 2020
  **** IP Build 3064653 on Wed Nov 18 14:17:31 MST 2020
    ** Copyright 1986-2020 Xilinx, Inc. All Rights Reserved.

source /data/Xilinx/Vitis_HLS/2020.2/scripts/vitis_hls/hls.tcl -notrace
INFO: [HLS 200-10] Running '/data/Xilinx/Vitis_HLS/2020.2/bin/unwrapped/lnx64.o/vitis_hls'
INFO: [HLS 200-10] For user 'ubuntu' on host 'pc17' (Linux_x86_64 version 5.4.0-104-generic) on Sun Mar 13 02:20:47 +08 2022
INFO: [HLS 200-10] On os Ubuntu 20.04.4 LTS
INFO: [HLS 200-10] In directory '/home/ubuntu/cs5222/workspace/zynq/hls/mmult_fixed'
Sourcing Tcl script 'hls.tcl'
INFO: [HLS 200-1510] Running: open_project accel 
INFO: [HLS 200-10] Opening project '/home/ubuntu/cs5222/workspace/zynq/hls/mmult_fixed/accel'.
INFO: [HLS 200-1510] Running: set_top mmult_hw 
INFO: [HLS 200-1510] Running: add_files ./mmult_fixed.cpp 
INFO: [HLS 200-10] Adding design file './mmult_fixed.cpp' to the project
INFO: [HLS 200-1510] Running: add_files -tb ./mmult_test.cpp 
INFO: [HLS 200-10] Adding test bench file './mmult_test.cpp' to the project
INFO: [HLS 200-1510] Running: open_solution solution0 -flow_target vivado 
INFO: [HLS 200-10] Opening solution '/home/ubuntu/cs5222/workspace/zynq/hls/mmult_fixed/accel/solution0'.
INFO: [SYN 201-201] Setting up clock 'default' with a period of 10ns.
INFO: [SYN 201-201] Setting up clock 'default' with an uncertainty of 1.25ns.
INFO: [HLS 200-10] Setting target device to 'xc7z020-clg484-1'
INFO: [HLS 200-1505] Using flow_target 'vivado'
Resolution: For help on HLS 200-1505 see www.xilinx.com/cgi-bin/docs/rdoc?v=2020.2;t=hls+guidance;d=200-1505.html
INFO: [HLS 200-1510] Running: set_part xc7z020clg484-1 
INFO: [HLS 200-1510] Running: create_clock -period 10 -name default 
INFO: [HLS 200-1510] Running: set_clock_uncertainty 12.5% 
INFO: [HLS 200-1510] Running: csim_design -clean 
INFO: [SIM 211-2] *************** CSIM start ***************
INFO: [SIM 211-4] CSIM will launch GCC as the compiler.
   Compiling ../../../../mmult_test.cpp in debug mode
   Compiling ../../../../mmult_fixed.cpp in debug mode
   Generating csim.exe
DEBUGGING AXI4 STREAMING DATA TYPES!
Matrices identical ... Test successful!
The maximum depth reached by any of the 2 hls::stream() instances in the design is 262469
INFO: [SIM 211-1] CSim done with 0 errors.
INFO: [SIM 211-3] *************** CSIM finish ***************
INFO: [HLS 200-111] Finished Command csim_design CPU user time: 14.13 seconds. CPU system time: 0.64 seconds. Elapsed time: 13.28 seconds; current allocated memory: 69.969 MB.
INFO: [HLS 200-1510] Running: csynth_design 
INFO: [HLS 200-111] Finished File checks and directory preparation: CPU user time: 0.01 seconds. CPU system time: 0 seconds. Elapsed time: 0.01 seconds; current allocated memory: 70.122 MB.
INFO: [HLS 200-10] Analyzing design file './mmult_fixed.cpp' ... 
INFO: [HLS 200-111] Finished Source Code Analysis and Preprocessing: CPU user time: 4.19 seconds. CPU system time: 0.32 seconds. Elapsed time: 4.51 seconds; current allocated memory: 71.611 MB.
INFO: [HLS 200-777] Using interface defaults for 'Vivado' flow target.
INFO: [HLS 214-131] Inlining function 'hls::axis<ap_uint<64>, 4ul, 5ul, 5ul>::get_user_ptr()' into 'hls::stream<hls::axis<ap_uint<64>, 4ul, 5ul, 5ul>, 0>::read(hls::axis<ap_uint<64>, 4ul, 5ul, 5ul>&)' (/data/Xilinx/Vitis_HLS/2020.2/common/technology/autopilot/ap_axi_sdata.h:283:50)
INFO: [HLS 214-131] Inlining function 'hls::axis<ap_uint<64>, 4ul, 5ul, 5ul>::get_dest_ptr()' into 'hls::stream<hls::axis<ap_uint<64>, 4ul, 5ul, 5ul>, 0>::read(hls::axis<ap_uint<64>, 4ul, 5ul, 5ul>&)' (/data/Xilinx/Vitis_HLS/2020.2/common/technology/autopilot/ap_axi_sdata.h:286:25)
INFO: [HLS 214-131] Inlining function 'hls::axis<ap_uint<64>, 4ul, 5ul, 5ul>::get_id_ptr()' into 'hls::stream<hls::axis<ap_uint<64>, 4ul, 5ul, 5ul>, 0>::read(hls::axis<ap_uint<64>, 4ul, 5ul, 5ul>&)' (/data/Xilinx/Vitis_HLS/2020.2/common/technology/autopilot/ap_axi_sdata.h:285:67)
INFO: [HLS 214-131] Inlining function 'hls::axis<ap_uint<64>, 4ul, 5ul, 5ul>::get_user_ptr()' into 'hls::stream<hls::axis<ap_uint<64>, 4ul, 5ul, 5ul>, 0>::read(hls::axis<ap_uint<64>, 4ul, 5ul, 5ul>&)' (/data/Xilinx/Vitis_HLS/2020.2/common/technology/autopilot/ap_axi_sdata.h:285:36)
INFO: [HLS 214-131] Inlining function 'hls::axis<ap_uint<64>, 4ul, 5ul, 5ul>::get_dest_ptr()' into 'hls::stream<hls::axis<ap_uint<64>, 4ul, 5ul, 5ul>, 0>::read(hls::axis<ap_uint<64>, 4ul, 5ul, 5ul>&)' (/data/Xilinx/Vitis_HLS/2020.2/common/technology/autopilot/ap_axi_sdata.h:284:39)
INFO: [HLS 214-131] Inlining function 'hls::axis<ap_uint<64>, 4ul, 5ul, 5ul>::get_id_ptr()' into 'hls::stream<hls::axis<ap_uint<64>, 4ul, 5ul, 5ul>, 0>::read(hls::axis<ap_uint<64>, 4ul, 5ul, 5ul>&)' (/data/Xilinx/Vitis_HLS/2020.2/common/technology/autopilot/ap_axi_sdata.h:284:23)
INFO: [HLS 214-131] Inlining function 'hls::axis<ap_uint<64>, 4ul, 5ul, 5ul>::get_user_ptr()' into 'hls::stream<hls::axis<ap_uint<64>, 4ul, 5ul, 5ul>, 0>::write(hls::axis<ap_uint<64>, 4ul, 5ul, 5ul> const&)' (/data/Xilinx/Vitis_HLS/2020.2/common/technology/autopilot/ap_axi_sdata.h:304:51)
INFO: [HLS 214-131] Inlining function 'hls::axis<ap_uint<64>, 4ul, 5ul, 5ul>::get_dest_ptr()' into 'hls::stream<hls::axis<ap_uint<64>, 4ul, 5ul, 5ul>, 0>::write(hls::axis<ap_uint<64>, 4ul, 5ul, 5ul> const&)' (/data/Xilinx/Vitis_HLS/2020.2/common/technology/autopilot/ap_axi_sdata.h:307:26)
INFO: [HLS 214-131] Inlining function 'hls::axis<ap_uint<64>, 4ul, 5ul, 5ul>::get_id_ptr()' into 'hls::stream<hls::axis<ap_uint<64>, 4ul, 5ul, 5ul>, 0>::write(hls::axis<ap_uint<64>, 4ul, 5ul, 5ul> const&)' (/data/Xilinx/Vitis_HLS/2020.2/common/technology/autopilot/ap_axi_sdata.h:306:68)
INFO: [HLS 214-131] Inlining function 'hls::axis<ap_uint<64>, 4ul, 5ul, 5ul>::get_user_ptr()' into 'hls::stream<hls::axis<ap_uint<64>, 4ul, 5ul, 5ul>, 0>::write(hls::axis<ap_uint<64>, 4ul, 5ul, 5ul> const&)' (/data/Xilinx/Vitis_HLS/2020.2/common/technology/autopilot/ap_axi_sdata.h:306:37)
INFO: [HLS 214-131] Inlining function 'hls::axis<ap_uint<64>, 4ul, 5ul, 5ul>::get_dest_ptr()' into 'hls::stream<hls::axis<ap_uint<64>, 4ul, 5ul, 5ul>, 0>::write(hls::axis<ap_uint<64>, 4ul, 5ul, 5ul> const&)' (/data/Xilinx/Vitis_HLS/2020.2/common/technology/autopilot/ap_axi_sdata.h:305:40)
INFO: [HLS 214-131] Inlining function 'hls::axis<ap_uint<64>, 4ul, 5ul, 5ul>::get_id_ptr()' into 'hls::stream<hls::axis<ap_uint<64>, 4ul, 5ul, 5ul>, 0>::write(hls::axis<ap_uint<64>, 4ul, 5ul, 5ul> const&)' (/data/Xilinx/Vitis_HLS/2020.2/common/technology/autopilot/ap_axi_sdata.h:305:24)
INFO: [HLS 214-131] Inlining function 'hls::stream<hls::axis<ap_uint<64>, 4ul, 5ul, 5ul>, 0>::read(hls::axis<ap_uint<64>, 4ul, 5ul, 5ul>&)' into 'mmult_hw(hls::stream<hls::axis<ap_uint<64>, 4ul, 5ul, 5ul>, 0>&, hls::stream<hls::axis<ap_uint<64>, 4ul, 5ul, 5ul>, 0>&)' (./mmult_fixed.cpp:44:19)
INFO: [HLS 214-131] Inlining function 'hls::stream<hls::axis<ap_uint<64>, 4ul, 5ul, 5ul>, 0>::write(hls::axis<ap_uint<64>, 4ul, 5ul, 5ul> const&)' into 'mmult_hw(hls::stream<hls::axis<ap_uint<64>, 4ul, 5ul, 5ul>, 0>&, hls::stream<hls::axis<ap_uint<64>, 4ul, 5ul, 5ul>, 0>&)' (./mmult_fixed.cpp:107:28)
INFO: [HLS 214-131] Inlining function 'push_stream(unsigned long long const&, bool)' into 'mmult_hw(hls::stream<hls::axis<ap_uint<64>, 4ul, 5ul, 5ul>, 0>&, hls::stream<hls::axis<ap_uint<64>, 4ul, 5ul, 5ul>, 0>&)' (./mmult_fixed.cpp:107:34)
INFO: [HLS 214-131] Inlining function 'pop_stream(hls::axis<ap_uint<64>, 4ul, 5ul, 5ul> const&)' into 'mmult_hw(hls::stream<hls::axis<ap_uint<64>, 4ul, 5ul, 5ul>, 0>&, hls::stream<hls::axis<ap_uint<64>, 4ul, 5ul, 5ul>, 0>&)' (./mmult_fixed.cpp:78:32)
INFO: [HLS 214-131] Inlining function 'hls::stream<hls::axis<ap_uint<64>, 4ul, 5ul, 5ul>, 0>::read(hls::axis<ap_uint<64>, 4ul, 5ul, 5ul>&)' into 'mmult_hw(hls::stream<hls::axis<ap_uint<64>, 4ul, 5ul, 5ul>, 0>&, hls::stream<hls::axis<ap_uint<64>, 4ul, 5ul, 5ul>, 0>&)' (./mmult_fixed.cpp:77:27)
INFO: [HLS 214-131] Inlining function 'pop_stream(hls::axis<ap_uint<64>, 4ul, 5ul, 5ul> const&)' into 'mmult_hw(hls::stream<hls::axis<ap_uint<64>, 4ul, 5ul, 5ul>, 0>&, hls::stream<hls::axis<ap_uint<64>, 4ul, 5ul, 5ul>, 0>&)' (./mmult_fixed.cpp:59:28)
INFO: [HLS 214-131] Inlining function 'hls::stream<hls::axis<ap_uint<64>, 4ul, 5ul, 5ul>, 0>::read(hls::axis<ap_uint<64>, 4ul, 5ul, 5ul>&)' into 'mmult_hw(hls::stream<hls::axis<ap_uint<64>, 4ul, 5ul, 5ul>, 0>&, hls::stream<hls::axis<ap_uint<64>, 4ul, 5ul, 5ul>, 0>&)' (./mmult_fixed.cpp:58:23)
INFO: [HLS 214-131] Inlining function 'pop_stream(hls::axis<ap_uint<64>, 4ul, 5ul, 5ul> const&)' into 'mmult_hw(hls::stream<hls::axis<ap_uint<64>, 4ul, 5ul, 5ul>, 0>&, hls::stream<hls::axis<ap_uint<64>, 4ul, 5ul, 5ul>, 0>&)' (./mmult_fixed.cpp:45:24)
INFO: [HLS 200-111] Finished Compiling Optimization and Transform: CPU user time: 4.15 seconds. CPU system time: 0.32 seconds. Elapsed time: 4.49 seconds; current allocated memory: 73.276 MB.
INFO: [HLS 200-111] Finished Checking Pragmas: CPU user time: 0 seconds. CPU system time: 0.01 seconds. Elapsed time: 0.01 seconds; current allocated memory: 73.278 MB.
INFO: [HLS 200-10] Starting code transformations ...
INFO: [HLS 200-111] Finished Standard Transforms: CPU user time: 0.07 seconds. CPU system time: 0 seconds. Elapsed time: 0.07 seconds; current allocated memory: 82.368 MB.
INFO: [HLS 200-10] Checking synthesizability ...
INFO: [HLS 200-111] Finished Checking Synthesizability: CPU user time: 0.14 seconds. CPU system time: 0 seconds. Elapsed time: 0.14 seconds; current allocated memory: 94.118 MB.
INFO: [XFORM 203-510] Pipelining loop 'LOAD_OFFSET' in function 'mmult_hw' automatically.
INFO: [XFORM 203-510] Pipelining loop 'VITIS_LOOP_56_2' in function 'mmult_hw' automatically.
INFO: [XFORM 203-502] Unrolling all sub-loops inside loop 'LOAD_OFFSET' in function 'mmult_hw' for pipelining.
INFO: [XFORM 203-502] Unrolling all sub-loops inside loop 'VITIS_LOOP_56_2' in function 'mmult_hw' for pipelining.
INFO: [XFORM 203-502] Unrolling all sub-loops inside loop 'LOAD_INPUT' in function 'mmult_hw' for pipelining.
INFO: [XFORM 203-502] Unrolling all sub-loops inside loop 'L2' (./mmult_fixed.cpp:87) in function 'mmult_hw' for pipelining.
INFO: [XFORM 203-502] Unrolling all sub-loops inside loop 'VITIS_LOOP_99_6' (./mmult_fixed.cpp:101) in function 'mmult_hw' for pipelining.
INFO: [HLS 200-489] Unrolling loop 'VITIS_LOOP_47_1' (./mmult_fixed.cpp:47) in function 'mmult_hw' completely with a factor of 2.
INFO: [HLS 200-489] Unrolling loop 'VITIS_LOOP_61_3' (./mmult_fixed.cpp:61) in function 'mmult_hw' completely with a factor of 8.
INFO: [HLS 200-489] Unrolling loop 'VITIS_LOOP_80_5' (./mmult_fixed.cpp:80) in function 'mmult_hw' completely with a factor of 8.
INFO: [HLS 200-489] Unrolling loop 'L3' (./mmult_fixed.cpp:90) in function 'mmult_hw' completely with a factor of 256.
INFO: [HLS 200-489] Unrolling loop 'VITIS_LOOP_102_7' (./mmult_fixed.cpp:101) in function 'mmult_hw' completely with a factor of 2.
INFO: [XFORM 203-101] Partitioning array 'weight_buf.V' (./mmult_fixed.cpp:26) in dimension 2 with a block factor 64.
INFO: [XFORM 203-101] Partitioning array 'in_buf.V' (./mmult_fixed.cpp:27) in dimension 2 with a block factor 64.
INFO: [XFORM 203-102] Partitioning array 'weight_buf.V.0' (./mmult_fixed.cpp:26) in dimension 2 automatically.
INFO: [XFORM 203-102] Partitioning array 'weight_buf.V.1' (./mmult_fixed.cpp:26) in dimension 2 automatically.
INFO: [XFORM 203-102] Partitioning array 'weight_buf.V.2' (./mmult_fixed.cpp:26) in dimension 2 automatically.
INFO: [XFORM 203-102] Partitioning array 'weight_buf.V.3' (./mmult_fixed.cpp:26) in dimension 2 automatically.
INFO: [XFORM 203-102] Partitioning array 'weight_buf.V.4' (./mmult_fixed.cpp:26) in dimension 2 automatically.
INFO: [XFORM 203-102] Partitioning array 'weight_buf.V.5' (./mmult_fixed.cpp:26) in dimension 2 automatically.
INFO: [XFORM 203-102] Partitioning array 'weight_buf.V.6' (./mmult_fixed.cpp:26) in dimension 2 automatically.
INFO: [XFORM 203-102] Partitioning array 'weight_buf.V.7' (./mmult_fixed.cpp:26) in dimension 2 automatically.
INFO: [XFORM 203-102] Partitioning array 'weight_buf.V.8' (./mmult_fixed.cpp:26) in dimension 2 automatically.
INFO: [XFORM 203-102] Partitioning array 'weight_buf.V.9' (./mmult_fixed.cpp:26) in dimension 2 automatically.
INFO: [XFORM 203-102] Partitioning array 'weight_buf.V.10' (./mmult_fixed.cpp:26) in dimension 2 automatically.
INFO: [XFORM 203-102] Partitioning array 'weight_buf.V.11' (./mmult_fixed.cpp:26) in dimension 2 automatically.
INFO: [XFORM 203-102] Partitioning array 'weight_buf.V.12' (./mmult_fixed.cpp:26) in dimension 2 automatically.
INFO: [XFORM 203-102] Partitioning array 'weight_buf.V.13' (./mmult_fixed.cpp:26) in dimension 2 automatically.
INFO: [XFORM 203-102] Partitioning array 'weight_buf.V.14' (./mmult_fixed.cpp:26) in dimension 2 automatically.
INFO: [XFORM 203-102] Partitioning array 'weight_buf.V.15' (./mmult_fixed.cpp:26) in dimension 2 automatically.
INFO: [XFORM 203-102] Partitioning array 'weight_buf.V.16' (./mmult_fixed.cpp:26) in dimension 2 automatically.
INFO: [XFORM 203-102] Partitioning array 'weight_buf.V.17' (./mmult_fixed.cpp:26) in dimension 2 automatically.
INFO: [XFORM 203-102] Partitioning array 'weight_buf.V.18' (./mmult_fixed.cpp:26) in dimension 2 automatically.
INFO: [XFORM 203-102] Partitioning array 'weight_buf.V.19' (./mmult_fixed.cpp:26) in dimension 2 automatically.
INFO: [XFORM 203-102] Partitioning array 'weight_buf.V.20' (./mmult_fixed.cpp:26) in dimension 2 automatically.
INFO: [XFORM 203-102] Partitioning array 'weight_buf.V.21' (./mmult_fixed.cpp:26) in dimension 2 automatically.
INFO: [XFORM 203-102] Partitioning array 'weight_buf.V.22' (./mmult_fixed.cpp:26) in dimension 2 automatically.
INFO: [XFORM 203-102] Partitioning array 'weight_buf.V.23' (./mmult_fixed.cpp:26) in dimension 2 automatically.
INFO: [XFORM 203-102] Partitioning array 'weight_buf.V.24' (./mmult_fixed.cpp:26) in dimension 2 automatically.
INFO: [XFORM 203-102] Partitioning array 'weight_buf.V.25' (./mmult_fixed.cpp:26) in dimension 2 automatically.
INFO: [XFORM 203-102] Partitioning array 'weight_buf.V.26' (./mmult_fixed.cpp:26) in dimension 2 automatically.
INFO: [XFORM 203-102] Partitioning array 'weight_buf.V.27' (./mmult_fixed.cpp:26) in dimension 2 automatically.
INFO: [XFORM 203-102] Partitioning array 'weight_buf.V.28' (./mmult_fixed.cpp:26) in dimension 2 automatically.
INFO: [XFORM 203-102] Partitioning array 'weight_buf.V.29' (./mmult_fixed.cpp:26) in dimension 2 automatically.
INFO: [XFORM 203-102] Partitioning array 'weight_buf.V.30' (./mmult_fixed.cpp:26) in dimension 2 automatically.
INFO: [XFORM 203-102] Partitioning array 'weight_buf.V.31' (./mmult_fixed.cpp:26) in dimension 2 automatically.
INFO: [XFORM 203-102] Partitioning array 'weight_buf.V.32' (./mmult_fixed.cpp:26) in dimension 2 automatically.
INFO: [XFORM 203-102] Partitioning array 'weight_buf.V.33' (./mmult_fixed.cpp:26) in dimension 2 automatically.
INFO: [XFORM 203-102] Partitioning array 'weight_buf.V.34' (./mmult_fixed.cpp:26) in dimension 2 automatically.
INFO: [XFORM 203-102] Partitioning array 'weight_buf.V.35' (./mmult_fixed.cpp:26) in dimension 2 automatically.
INFO: [XFORM 203-102] Partitioning array 'weight_buf.V.36' (./mmult_fixed.cpp:26) in dimension 2 automatically.
INFO: [XFORM 203-102] Partitioning array 'weight_buf.V.37' (./mmult_fixed.cpp:26) in dimension 2 automatically.
INFO: [XFORM 203-102] Partitioning array 'weight_buf.V.38' (./mmult_fixed.cpp:26) in dimension 2 automatically.
INFO: [XFORM 203-102] Partitioning array 'weight_buf.V.39' (./mmult_fixed.cpp:26) in dimension 2 automatically.
INFO: [XFORM 203-102] Partitioning array 'weight_buf.V.40' (./mmult_fixed.cpp:26) in dimension 2 automatically.
INFO: [XFORM 203-102] Partitioning array 'weight_buf.V.41' (./mmult_fixed.cpp:26) in dimension 2 automatically.
INFO: [XFORM 203-102] Partitioning array 'weight_buf.V.42' (./mmult_fixed.cpp:26) in dimension 2 automatically.
INFO: [XFORM 203-102] Partitioning array 'weight_buf.V.43' (./mmult_fixed.cpp:26) in dimension 2 automatically.
INFO: [XFORM 203-102] Partitioning array 'weight_buf.V.44' (./mmult_fixed.cpp:26) in dimension 2 automatically.
INFO: [XFORM 203-102] Partitioning array 'weight_buf.V.45' (./mmult_fixed.cpp:26) in dimension 2 automatically.
INFO: [XFORM 203-102] Partitioning array 'weight_buf.V.46' (./mmult_fixed.cpp:26) in dimension 2 automatically.
INFO: [XFORM 203-102] Partitioning array 'weight_buf.V.47' (./mmult_fixed.cpp:26) in dimension 2 automatically.
INFO: [XFORM 203-102] Partitioning array 'weight_buf.V.48' (./mmult_fixed.cpp:26) in dimension 2 automatically.
INFO: [XFORM 203-102] Partitioning array 'weight_buf.V.49' (./mmult_fixed.cpp:26) in dimension 2 automatically.
INFO: [XFORM 203-102] Partitioning array 'weight_buf.V.50' (./mmult_fixed.cpp:26) in dimension 2 automatically.
INFO: [XFORM 203-102] Partitioning array 'weight_buf.V.51' (./mmult_fixed.cpp:26) in dimension 2 automatically.
INFO: [XFORM 203-102] Partitioning array 'weight_buf.V.52' (./mmult_fixed.cpp:26) in dimension 2 automatically.
INFO: [XFORM 203-102] Partitioning array 'weight_buf.V.53' (./mmult_fixed.cpp:26) in dimension 2 automatically.
INFO: [XFORM 203-102] Partitioning array 'weight_buf.V.54' (./mmult_fixed.cpp:26) in dimension 2 automatically.
INFO: [XFORM 203-102] Partitioning array 'weight_buf.V.55' (./mmult_fixed.cpp:26) in dimension 2 automatically.
INFO: [XFORM 203-102] Partitioning array 'weight_buf.V.56' (./mmult_fixed.cpp:26) in dimension 2 automatically.
INFO: [XFORM 203-102] Partitioning array 'weight_buf.V.57' (./mmult_fixed.cpp:26) in dimension 2 automatically.
INFO: [XFORM 203-102] Partitioning array 'weight_buf.V.58' (./mmult_fixed.cpp:26) in dimension 2 automatically.
INFO: [XFORM 203-102] Partitioning array 'weight_buf.V.59' (./mmult_fixed.cpp:26) in dimension 2 automatically.
INFO: [XFORM 203-102] Partitioning array 'weight_buf.V.60' (./mmult_fixed.cpp:26) in dimension 2 automatically.
INFO: [XFORM 203-102] Partitioning array 'weight_buf.V.61' (./mmult_fixed.cpp:26) in dimension 2 automatically.
INFO: [XFORM 203-102] Partitioning array 'weight_buf.V.62' (./mmult_fixed.cpp:26) in dimension 2 automatically.
INFO: [XFORM 203-102] Partitioning array 'weight_buf.V.63' (./mmult_fixed.cpp:26) in dimension 2 automatically.
INFO: [XFORM 203-11] Balancing expressions in function 'mmult_hw' (./mmult_fixed.cpp:25:38)...378 expression(s) balanced.
INFO: [HLS 200-111] Finished Loop, function and other optimizations: CPU user time: 29.27 seconds. CPU system time: 0.27 seconds. Elapsed time: 29.55 seconds; current allocated memory: 155.756 MB.
INFO: [XFORM 203-541] Flattening a loop nest 'LOAD_WEIGHT' (./mmult_fixed.cpp:55:14) in function 'mmult_hw'.
WARNING: [HLS 200-960] Cannot flatten loop 'VITIS_LOOP_71_4' (./mmult_fixed.cpp:71:35) in function 'mmult_hw' more than one sub loop.
Resolution: For help on HLS 200-960 see www.xilinx.com/cgi-bin/docs/rdoc?v=2020.2;t=hls+guidance;d=200-960.html
INFO: [XFORM 203-541] Flattening a loop nest 'LT' (./mmult_fixed.cpp:69:14) in function 'mmult_hw'.
INFO: [HLS 200-472] Inferring partial write operation for 'offset_buf.V' (./mmult_fixed.cpp:48:31)
INFO: [HLS 200-472] Inferring partial write operation for 'out_buf.V' (./mmult_fixed.cpp:96:31)
INFO: [HLS 200-472] Inferring partial write operation for 'weight_buf.V[0][0]' (./mmult_fixed.cpp:62:38)
INFO: [HLS 200-472] Inferring partial write operation for 'in_buf.V[1]' (./mmult_fixed.cpp:81:38)
INFO: [HLS 200-111] Finished Architecture Synthesis: CPU user time: 21.33 seconds. CPU system time: 0.04 seconds. Elapsed time: 21.38 seconds; current allocated memory: 221.777 MB.
INFO: [HLS 200-10] Starting hardware synthesis ...
INFO: [HLS 200-10] Synthesizing 'mmult_hw' ...
INFO: [HLS 200-10] ----------------------------------------------------------------
INFO: [HLS 200-42] -- Implementing module 'mmult_hw' 
INFO: [HLS 200-10] ----------------------------------------------------------------
INFO: [SCHED 204-11] Starting scheduling ...
INFO: [HLS 200-486] Changing DSP48 latency (root=mul_ln1345_253) to 3 in order to utilize available DSP registers.
INFO: [HLS 200-486] Changing DSP48 latency (root=mul_ln1345_255) to 3 in order to utilize available DSP registers.
INFO: [HLS 200-486] Changing DSP48 latency (root=mul_ln1345_252) to 3 in order to utilize available DSP registers.
INFO: [HLS 200-486] Changing DSP48 latency (root=mul_ln1345_250) to 3 in order to utilize available DSP registers.
INFO: [HLS 200-486] Changing DSP48 latency (root=mul_ln1345_248) to 3 in order to utilize available DSP registers.
INFO: [HLS 200-486] Changing DSP48 latency (root=mul_ln1345_246) to 3 in order to utilize available DSP registers.
INFO: [HLS 200-486] Changing DSP48 latency (root=mul_ln1345_244) to 3 in order to utilize available DSP registers.
INFO: [HLS 200-486] Changing DSP48 latency (root=mul_ln1345_242) to 3 in order to utilize available DSP registers.
INFO: [HLS 200-486] Changing DSP48 latency (root=mul_ln1345_240) to 3 in order to utilize available DSP registers.
INFO: [HLS 200-486] Changing DSP48 latency (root=mul_ln1345_238) to 3 in order to utilize available DSP registers.
INFO: [HLS 200-486] Changing DSP48 latency (root=mul_ln1345_236) to 3 in order to utilize available DSP registers.
INFO: [HLS 200-486] Changing DSP48 latency (root=mul_ln1345_234) to 3 in order to utilize available DSP registers.
INFO: [HLS 200-486] Changing DSP48 latency (root=mul_ln1345_232) to 3 in order to utilize available DSP registers.
INFO: [HLS 200-486] Changing DSP48 latency (root=mul_ln1345_230) to 3 in order to utilize available DSP registers.
INFO: [HLS 200-486] Changing DSP48 latency (root=mul_ln1345_228) to 3 in order to utilize available DSP registers.
INFO: [HLS 200-486] Changing DSP48 latency (root=mul_ln1345_226) to 3 in order to utilize available DSP registers.
INFO: [HLS 200-486] Changing DSP48 latency (root=mul_ln1345_224) to 3 in order to utilize available DSP registers.
INFO: [HLS 200-486] Changing DSP48 latency (root=mul_ln1345_222) to 3 in order to utilize available DSP registers.
INFO: [HLS 200-486] Changing DSP48 latency (root=mul_ln1345_220) to 3 in order to utilize available DSP registers.
INFO: [HLS 200-486] Changing DSP48 latency (root=mul_ln1345_218) to 3 in order to utilize available DSP registers.
INFO: [HLS 200-486] Changing DSP48 latency (root=mul_ln1345_216) to 3 in order to utilize available DSP registers.
INFO: [HLS 200-486] Changing DSP48 latency (root=mul_ln1345_214) to 3 in order to utilize available DSP registers.
INFO: [HLS 200-486] Changing DSP48 latency (root=mul_ln1345_212) to 3 in order to utilize available DSP registers.
INFO: [HLS 200-486] Changing DSP48 latency (root=mul_ln1345_210) to 3 in order to utilize available DSP registers.
INFO: [HLS 200-486] Changing DSP48 latency (root=mul_ln1345_208) to 3 in order to utilize available DSP registers.
INFO: [HLS 200-486] Changing DSP48 latency (root=mul_ln1345_206) to 3 in order to utilize available DSP registers.
INFO: [HLS 200-486] Changing DSP48 latency (root=mul_ln1345_204) to 3 in order to utilize available DSP registers.
INFO: [HLS 200-486] Changing DSP48 latency (root=mul_ln1345_202) to 3 in order to utilize available DSP registers.
INFO: [HLS 200-486] Changing DSP48 latency (root=mul_ln1345_200) to 3 in order to utilize available DSP registers.
INFO: [HLS 200-486] Changing DSP48 latency (root=mul_ln1345_198) to 3 in order to utilize available DSP registers.
INFO: [HLS 200-486] Changing DSP48 latency (root=mul_ln1345_196) to 3 in order to utilize available DSP registers.
INFO: [HLS 200-486] Changing DSP48 latency (root=mul_ln1345_194) to 3 in order to utilize available DSP registers.
INFO: [HLS 200-486] Changing DSP48 latency (root=mul_ln1345_192) to 3 in order to utilize available DSP registers.
INFO: [HLS 200-486] Changing DSP48 latency (root=mul_ln1345_190) to 3 in order to utilize available DSP registers.
INFO: [HLS 200-486] Changing DSP48 latency (root=mul_ln1345_188) to 3 in order to utilize available DSP registers.
INFO: [HLS 200-486] Changing DSP48 latency (root=mul_ln1345_186) to 3 in order to utilize available DSP registers.
INFO: [HLS 200-486] Changing DSP48 latency (root=mul_ln1345_184) to 3 in order to utilize available DSP registers.
INFO: [HLS 200-486] Changing DSP48 latency (root=mul_ln1345_182) to 3 in order to utilize available DSP registers.
INFO: [HLS 200-486] Changing DSP48 latency (root=mul_ln1345_180) to 3 in order to utilize available DSP registers.
INFO: [HLS 200-486] Changing DSP48 latency (root=mul_ln1345_178) to 3 in order to utilize available DSP registers.
INFO: [HLS 200-486] Changing DSP48 latency (root=mul_ln1345_176) to 3 in order to utilize available DSP registers.
INFO: [HLS 200-486] Changing DSP48 latency (root=mul_ln1345_174) to 3 in order to utilize available DSP registers.
INFO: [HLS 200-486] Changing DSP48 latency (root=mul_ln1345_172) to 3 in order to utilize available DSP registers.
INFO: [HLS 200-486] Changing DSP48 latency (root=mul_ln1345_170) to 3 in order to utilize available DSP registers.
INFO: [HLS 200-486] Changing DSP48 latency (root=mul_ln1345_168) to 3 in order to utilize available DSP registers.
INFO: [HLS 200-486] Changing DSP48 latency (root=mul_ln1345_166) to 3 in order to utilize available DSP registers.
INFO: [HLS 200-486] Changing DSP48 latency (root=mul_ln1345_164) to 3 in order to utilize available DSP registers.
INFO: [HLS 200-486] Changing DSP48 latency (root=mul_ln1345_162) to 3 in order to utilize available DSP registers.
INFO: [HLS 200-486] Changing DSP48 latency (root=mul_ln1345_160) to 3 in order to utilize available DSP registers.
INFO: [HLS 200-486] Changing DSP48 latency (root=mul_ln1345_158) to 3 in order to utilize available DSP registers.
INFO: [HLS 200-486] Changing DSP48 latency (root=mul_ln1345_156) to 3 in order to utilize available DSP registers.
INFO: [HLS 200-486] Changing DSP48 latency (root=mul_ln1345_154) to 3 in order to utilize available DSP registers.
INFO: [HLS 200-486] Changing DSP48 latency (root=mul_ln1345_152) to 3 in order to utilize available DSP registers.
INFO: [HLS 200-486] Changing DSP48 latency (root=mul_ln1345_150) to 3 in order to utilize available DSP registers.
INFO: [HLS 200-486] Changing DSP48 latency (root=mul_ln1345_148) to 3 in order to utilize available DSP registers.
INFO: [HLS 200-486] Changing DSP48 latency (root=mul_ln1345_146) to 3 in order to utilize available DSP registers.
INFO: [HLS 200-486] Changing DSP48 latency (root=mul_ln1345_144) to 3 in order to utilize available DSP registers.
INFO: [HLS 200-486] Changing DSP48 latency (root=mul_ln1345_142) to 3 in order to utilize available DSP registers.
INFO: [HLS 200-486] Changing DSP48 latency (root=mul_ln1345_140) to 3 in order to utilize available DSP registers.
INFO: [HLS 200-486] Changing DSP48 latency (root=mul_ln1345_138) to 3 in order to utilize available DSP registers.
INFO: [HLS 200-486] Changing DSP48 latency (root=mul_ln1345_136) to 3 in order to utilize available DSP registers.
INFO: [HLS 200-486] Changing DSP48 latency (root=mul_ln1345_134) to 3 in order to utilize available DSP registers.
INFO: [HLS 200-486] Changing DSP48 latency (root=mul_ln1345_132) to 3 in order to utilize available DSP registers.
INFO: [HLS 200-486] Changing DSP48 latency (root=mul_ln1345_130) to 3 in order to utilize available DSP registers.
INFO: [HLS 200-486] Changing DSP48 latency (root=mul_ln1345_128) to 3 in order to utilize available DSP registers.
INFO: [HLS 200-486] Changing DSP48 latency (root=mul_ln1345_126) to 3 in order to utilize available DSP registers.
INFO: [HLS 200-486] Changing DSP48 latency (root=mul_ln1345_124) to 3 in order to utilize available DSP registers.
INFO: [HLS 200-486] Changing DSP48 latency (root=mul_ln1345_122) to 3 in order to utilize available DSP registers.
INFO: [HLS 200-486] Changing DSP48 latency (root=mul_ln1345_120) to 3 in order to utilize available DSP registers.
INFO: [HLS 200-486] Changing DSP48 latency (root=mul_ln1345_118) to 3 in order to utilize available DSP registers.
INFO: [HLS 200-486] Changing DSP48 latency (root=mul_ln1345_116) to 3 in order to utilize available DSP registers.
INFO: [HLS 200-486] Changing DSP48 latency (root=mul_ln1345_114) to 3 in order to utilize available DSP registers.
INFO: [HLS 200-486] Changing DSP48 latency (root=mul_ln1345_112) to 3 in order to utilize available DSP registers.
INFO: [HLS 200-486] Changing DSP48 latency (root=mul_ln1345_110) to 3 in order to utilize available DSP registers.
INFO: [HLS 200-486] Changing DSP48 latency (root=mul_ln1345_108) to 3 in order to utilize available DSP registers.
INFO: [HLS 200-486] Changing DSP48 latency (root=mul_ln1345_106) to 3 in order to utilize available DSP registers.
INFO: [HLS 200-486] Changing DSP48 latency (root=mul_ln1345_104) to 3 in order to utilize available DSP registers.
INFO: [HLS 200-486] Changing DSP48 latency (root=mul_ln1345_102) to 3 in order to utilize available DSP registers.
INFO: [HLS 200-486] Changing DSP48 latency (root=mul_ln1345_100) to 3 in order to utilize available DSP registers.
INFO: [HLS 200-486] Changing DSP48 latency (root=mul_ln1345_98) to 3 in order to utilize available DSP registers.
INFO: [HLS 200-486] Changing DSP48 latency (root=mul_ln1345_96) to 3 in order to utilize available DSP registers.
INFO: [HLS 200-486] Changing DSP48 latency (root=mul_ln1345_94) to 3 in order to utilize available DSP registers.
INFO: [HLS 200-486] Changing DSP48 latency (root=mul_ln1345_92) to 3 in order to utilize available DSP registers.
INFO: [HLS 200-486] Changing DSP48 latency (root=mul_ln1345_90) to 3 in order to utilize available DSP registers.
INFO: [HLS 200-486] Changing DSP48 latency (root=mul_ln1345_88) to 3 in order to utilize available DSP registers.
INFO: [HLS 200-486] Changing DSP48 latency (root=mul_ln1345_86) to 3 in order to utilize available DSP registers.
INFO: [HLS 200-486] Changing DSP48 latency (root=mul_ln1345_84) to 3 in order to utilize available DSP registers.
INFO: [HLS 200-486] Changing DSP48 latency (root=mul_ln1345_82) to 3 in order to utilize available DSP registers.
INFO: [HLS 200-486] Changing DSP48 latency (root=mul_ln1345_80) to 3 in order to utilize available DSP registers.
INFO: [HLS 200-486] Changing DSP48 latency (root=mul_ln1345_78) to 3 in order to utilize available DSP registers.
INFO: [HLS 200-486] Changing DSP48 latency (root=mul_ln1345_76) to 3 in order to utilize available DSP registers.
INFO: [HLS 200-486] Changing DSP48 latency (root=mul_ln1345_74) to 3 in order to utilize available DSP registers.
INFO: [HLS 200-486] Changing DSP48 latency (root=mul_ln1345_72) to 3 in order to utilize available DSP registers.
INFO: [HLS 200-486] Changing DSP48 latency (root=mul_ln1345_70) to 3 in order to utilize available DSP registers.
INFO: [HLS 200-486] Changing DSP48 latency (root=mul_ln1345_68) to 3 in order to utilize available DSP registers.
INFO: [HLS 200-486] Changing DSP48 latency (root=mul_ln1345_66) to 3 in order to utilize available DSP registers.
INFO: [HLS 200-486] Changing DSP48 latency (root=mul_ln1345_64) to 3 in order to utilize available DSP registers.
INFO: [HLS 200-486] Changing DSP48 latency (root=mul_ln1345_62) to 3 in order to utilize available DSP registers.
INFO: [HLS 200-486] Changing DSP48 latency (root=mul_ln1345_60) to 3 in order to utilize available DSP registers.
INFO: [HLS 200-486] Changing DSP48 latency (root=mul_ln1345_58) to 3 in order to utilize available DSP registers.
INFO: [HLS 200-486] Changing DSP48 latency (root=mul_ln1345_56) to 3 in order to utilize available DSP registers.
INFO: [HLS 200-486] Changing DSP48 latency (root=mul_ln1345_54) to 3 in order to utilize available DSP registers.
INFO: [HLS 200-486] Changing DSP48 latency (root=mul_ln1345_52) to 3 in order to utilize available DSP registers.
INFO: [HLS 200-486] Changing DSP48 latency (root=mul_ln1345_50) to 3 in order to utilize available DSP registers.
INFO: [HLS 200-486] Changing DSP48 latency (root=mul_ln1345_48) to 3 in order to utilize available DSP registers.
INFO: [HLS 200-486] Changing DSP48 latency (root=mul_ln1345_46) to 3 in order to utilize available DSP registers.
INFO: [HLS 200-486] Changing DSP48 latency (root=mul_ln1345_44) to 3 in order to utilize available DSP registers.
INFO: [HLS 200-486] Changing DSP48 latency (root=mul_ln1345_42) to 3 in order to utilize available DSP registers.
INFO: [HLS 200-486] Changing DSP48 latency (root=mul_ln1345_40) to 3 in order to utilize available DSP registers.
INFO: [HLS 200-486] Changing DSP48 latency (root=mul_ln1345_38) to 3 in order to utilize available DSP registers.
INFO: [HLS 200-486] Changing DSP48 latency (root=mul_ln1345_36) to 3 in order to utilize available DSP registers.
INFO: [HLS 200-486] Changing DSP48 latency (root=mul_ln1345_34) to 3 in order to utilize available DSP registers.
INFO: [HLS 200-486] Changing DSP48 latency (root=mul_ln1345_32) to 3 in order to utilize available DSP registers.
INFO: [HLS 200-486] Changing DSP48 latency (root=mul_ln1345_30) to 3 in order to utilize available DSP registers.
INFO: [HLS 200-486] Changing DSP48 latency (root=mul_ln1345_28) to 3 in order to utilize available DSP registers.
INFO: [HLS 200-486] Changing DSP48 latency (root=mul_ln1345_26) to 3 in order to utilize available DSP registers.
INFO: [HLS 200-486] Changing DSP48 latency (root=mul_ln1345_24) to 3 in order to utilize available DSP registers.
INFO: [HLS 200-486] Changing DSP48 latency (root=mul_ln1345_22) to 3 in order to utilize available DSP registers.
INFO: [HLS 200-486] Changing DSP48 latency (root=mul_ln1345_20) to 3 in order to utilize available DSP registers.
INFO: [HLS 200-486] Changing DSP48 latency (root=mul_ln1345_18) to 3 in order to utilize available DSP registers.
INFO: [HLS 200-486] Changing DSP48 latency (root=mul_ln1345_16) to 3 in order to utilize available DSP registers.
INFO: [HLS 200-486] Changing DSP48 latency (root=mul_ln1345_14) to 3 in order to utilize available DSP registers.
INFO: [HLS 200-486] Changing DSP48 latency (root=mul_ln1345_12) to 3 in order to utilize available DSP registers.
INFO: [HLS 200-486] Changing DSP48 latency (root=mul_ln1345_10) to 3 in order to utilize available DSP registers.
INFO: [HLS 200-486] Changing DSP48 latency (root=mul_ln1345_8) to 3 in order to utilize available DSP registers.
INFO: [HLS 200-486] Changing DSP48 latency (root=mul_ln1345_6) to 3 in order to utilize available DSP registers.
INFO: [HLS 200-486] Changing DSP48 latency (root=mul_ln1345_4) to 3 in order to utilize available DSP registers.
INFO: [HLS 200-486] Changing DSP48 latency (root=mul_ln1345_2) to 3 in order to utilize available DSP registers.
INFO: [HLS 200-486] Changing DSP48 latency (root=mul_ln1345) to 3 in order to utilize available DSP registers.
INFO: [HLS 200-1457] Automatically inferring 1WnR RAM type for array 'out_buf_V'. Use bind_storage pragma to overwrite if needed.
INFO: [SCHED 204-61] Pipelining loop 'LOAD_OFFSET'.
INFO: [HLS 200-1470] Pipelining result : Target II = 1, Final II = 1, Depth = 1, loop 'LOAD_OFFSET'
INFO: [SCHED 204-61] Pipelining loop 'LOAD_WEIGHT_VITIS_LOOP_56_2'.
WARNING: [HLS 200-880] The II Violation in module 'mmult_hw' (loop 'LOAD_WEIGHT_VITIS_LOOP_56_2'): Unable to enforce a carried dependence constraint (II = 1, distance = 1, offset = 1) between 'store' operation ('weight_buf_V_0_0_addr_2_write_ln62', ./mmult_fixed.cpp:62) of variable 'trunc_ln167_6' on array 'weight_buf.V[0][0]', ./mmult_fixed.cpp:26 and 'store' operation ('weight_buf_V_0_0_addr_write_ln62', ./mmult_fixed.cpp:62) of variable 'trunc_ln167_2' on array 'weight_buf.V[0][0]', ./mmult_fixed.cpp:26.
Resolution: For help on HLS 200-880 see www.xilinx.com/cgi-bin/docs/rdoc?v=2020.2;t=hls+guidance;d=200-880.html
INFO: [HLS 200-1470] Pipelining result : Target II = 1, Final II = 2, Depth = 3, loop 'LOAD_WEIGHT_VITIS_LOOP_56_2'
INFO: [SCHED 204-61] Pipelining loop 'LOAD_INPUT'.
WARNING: [HLS 200-885] Unable to schedule 'store' operation ('in_buf_V_62_addr_2_write_ln81', ./mmult_fixed.cpp:81) of variable 'gep34247_new_3', ./mmult_fixed.cpp:81 on array 'in_buf.V[62]', ./mmult_fixed.cpp:27 due to limited memory ports. Please consider using a memory core with more ports or partitioning the array 'in_buf_V_62'.
Resolution: For help on HLS 200-885 see www.xilinx.com/cgi-bin/docs/rdoc?v=2020.2;t=hls+guidance;d=200-885.html
INFO: [HLS 200-1470] Pipelining result : Target II = 1, Final II = 2, Depth = 4, loop 'LOAD_INPUT'
INFO: [SCHED 204-61] Pipelining loop 'L2'.
INFO: [HLS 200-1470] Pipelining result : Target II = 1, Final II = 1, Depth = 9, loop 'L2'
INFO: [SCHED 204-61] Pipelining loop 'VITIS_LOOP_99_6'.
INFO: [HLS 200-1470] Pipelining result : Target II = 1, Final II = 1, Depth = 3, loop 'VITIS_LOOP_99_6'
WARNING: [HLS 200-871] Estimated clock period (34.454ns) exceeds the target (target clock period: 10ns, clock uncertainty: 1.25ns, effective delay budget: 8.75ns).
Resolution: For help on HLS 200-871 see www.xilinx.com/cgi-bin/docs/rdoc?v=2020.2;t=hls+guidance;d=200-871.html
WARNING: [HLS 200-1016] The critical path in module 'mmult_hw' consists of the following:	'select' operation ('select_ln81_541', ./mmult_fixed.cpp:81) [3034]  (0 ns)
	'select' operation ('select_ln81_542', ./mmult_fixed.cpp:81) [3035]  (1.25 ns)
	'select' operation ('select_ln81_543', ./mmult_fixed.cpp:81) [3036]  (0 ns)
	'select' operation ('select_ln81_544', ./mmult_fixed.cpp:81) [3037]  (1.25 ns)
	'select' operation ('select_ln81_545', ./mmult_fixed.cpp:81) [3038]  (0 ns)
	'select' operation ('select_ln81_546', ./mmult_fixed.cpp:81) [3039]  (1.25 ns)
	'select' operation ('select_ln81_547', ./mmult_fixed.cpp:81) [3040]  (0 ns)
	'select' operation ('select_ln81_548', ./mmult_fixed.cpp:81) [3041]  (1.25 ns)
	'select' operation ('select_ln81_549', ./mmult_fixed.cpp:81) [3042]  (0 ns)
	'select' operation ('select_ln81_550', ./mmult_fixed.cpp:81) [3043]  (1.25 ns)
	'select' operation ('select_ln81_551', ./mmult_fixed.cpp:81) [3044]  (0 ns)
	'select' operation ('select_ln81_552', ./mmult_fixed.cpp:81) [3045]  (1.25 ns)
	'select' operation ('select_ln81_553', ./mmult_fixed.cpp:81) [3046]  (0 ns)
	'select' operation ('select_ln81_554', ./mmult_fixed.cpp:81) [3047]  (1.25 ns)
	'select' operation ('select_ln81_555', ./mmult_fixed.cpp:81) [3048]  (0 ns)
	'select' operation ('select_ln81_556', ./mmult_fixed.cpp:81) [3049]  (1.25 ns)
	'select' operation ('select_ln81_557', ./mmult_fixed.cpp:81) [3050]  (0 ns)
	'select' operation ('gep34316_new_3', ./mmult_fixed.cpp:81) [3051]  (1.25 ns)
	'select' operation ('select_ln81_2109', ./mmult_fixed.cpp:81) [5065]  (1.25 ns)
	'select' operation ('select_ln81_2110', ./mmult_fixed.cpp:81) [5067]  (0 ns)
	'select' operation ('select_ln81_2111', ./mmult_fixed.cpp:81) [5069]  (1.25 ns)
	'select' operation ('select_ln81_2112', ./mmult_fixed.cpp:81) [5071]  (0 ns)
	'select' operation ('select_ln81_2113', ./mmult_fixed.cpp:81) [5073]  (1.25 ns)
	'select' operation ('select_ln81_2114', ./mmult_fixed.cpp:81) [5075]  (0 ns)
	'select' operation ('select_ln81_2115', ./mmult_fixed.cpp:81) [5077]  (1.25 ns)
	'select' operation ('select_ln81_2116', ./mmult_fixed.cpp:81) [5079]  (0 ns)
	'select' operation ('select_ln81_2117', ./mmult_fixed.cpp:81) [5081]  (1.25 ns)
	'select' operation ('select_ln81_2118', ./mmult_fixed.cpp:81) [5083]  (0 ns)
	'select' operation ('select_ln81_2119', ./mmult_fixed.cpp:81) [5085]  (1.25 ns)
	'select' operation ('select_ln81_2120', ./mmult_fixed.cpp:81) [5087]  (0 ns)
	'select' operation ('select_ln81_2121', ./mmult_fixed.cpp:81) [5089]  (1.25 ns)
	'select' operation ('select_ln81_2122', ./mmult_fixed.cpp:81) [5091]  (0 ns)
	'select' operation ('select_ln81_2123', ./mmult_fixed.cpp:81) [5093]  (1.25 ns)
	'select' operation ('select_ln81_2124', ./mmult_fixed.cpp:81) [5095]  (0 ns)
	'select' operation ('select_ln81_2125', ./mmult_fixed.cpp:81) [5097]  (1.25 ns)
	'select' operation ('select_ln81_2126', ./mmult_fixed.cpp:81) [5099]  (0 ns)
	'select' operation ('select_ln81_2127', ./mmult_fixed.cpp:81) [5101]  (1.25 ns)
	'select' operation ('select_ln81_2128', ./mmult_fixed.cpp:81) [5103]  (0 ns)
	'select' operation ('select_ln81_2129', ./mmult_fixed.cpp:81) [5105]  (1.25 ns)
	'select' operation ('select_ln81_2130', ./mmult_fixed.cpp:81) [5107]  (0 ns)
	'select' operation ('select_ln81_2131', ./mmult_fixed.cpp:81) [5109]  (1.25 ns)
	'select' operation ('select_ln81_2132', ./mmult_fixed.cpp:81) [5111]  (0 ns)
	'select' operation ('select_ln81_2133', ./mmult_fixed.cpp:81) [5113]  (1.25 ns)
	'select' operation ('select_ln81_2134', ./mmult_fixed.cpp:81) [5115]  (0 ns)
	'select' operation ('select_ln81_2135', ./mmult_fixed.cpp:81) [5117]  (1.25 ns)
	'select' operation ('select_ln81_2136', ./mmult_fixed.cpp:81) [5119]  (0 ns)
	'select' operation ('select_ln81_2137', ./mmult_fixed.cpp:81) [5121]  (1.25 ns)
	'select' operation ('select_ln81_2138', ./mmult_fixed.cpp:81) [5123]  (1.25 ns)
	'store' operation ('in_buf_V_63_addr_1_write_ln81', ./mmult_fixed.cpp:81) of variable 'select_ln81_2138', ./mmult_fixed.cpp:81 on array 'in_buf.V[63]', ./mmult_fixed.cpp:27 [5685]  (3.25 ns)

Resolution: For help on HLS 200-1016 see www.xilinx.com/cgi-bin/docs/rdoc?v=2020.2;t=hls+guidance;d=200-1016.html
INFO: [SCHED 204-11] Finished scheduling.
INFO: [HLS 200-111] Finished Scheduling: CPU user time: 56.92 seconds. CPU system time: 0.2 seconds. Elapsed time: 57.13 seconds; current allocated memory: 283.944 MB.
INFO: [BIND 205-100] Starting micro-architecture generation ...
INFO: [BIND 205-101] Performing variable lifetime analysis.
INFO: [BIND 205-101] Exploring resource sharing.
WARNING: [BIND 205-102] The specified resource core for memory 'in_buf_V_0' will be ignored if a simpler one can be used.
WARNING: [BIND 205-102] The specified resource core for memory 'in_buf_V_1' will be ignored if a simpler one can be used.
WARNING: [BIND 205-102] The specified resource core for memory 'in_buf_V_2' will be ignored if a simpler one can be used.
WARNING: [BIND 205-102] The specified resource core for memory 'in_buf_V_3' will be ignored if a simpler one can be used.
WARNING: [BIND 205-102] The specified resource core for memory 'in_buf_V_4' will be ignored if a simpler one can be used.
WARNING: [BIND 205-102] The specified resource core for memory 'in_buf_V_5' will be ignored if a simpler one can be used.
WARNING: [BIND 205-102] The specified resource core for memory 'in_buf_V_6' will be ignored if a simpler one can be used.
WARNING: [BIND 205-102] The specified resource core for memory 'in_buf_V_7' will be ignored if a simpler one can be used.
WARNING: [BIND 205-102] The specified resource core for memory 'in_buf_V_8' will be ignored if a simpler one can be used.
WARNING: [BIND 205-102] The specified resource core for memory 'in_buf_V_9' will be ignored if a simpler one can be used.
WARNING: [BIND 205-102] The specified resource core for memory 'in_buf_V_10' will be ignored if a simpler one can be used.
WARNING: [BIND 205-102] The specified resource core for memory 'in_buf_V_11' will be ignored if a simpler one can be used.
WARNING: [BIND 205-102] The specified resource core for memory 'in_buf_V_12' will be ignored if a simpler one can be used.
WARNING: [BIND 205-102] The specified resource core for memory 'in_buf_V_13' will be ignored if a simpler one can be used.
WARNING: [BIND 205-102] The specified resource core for memory 'in_buf_V_14' will be ignored if a simpler one can be used.
WARNING: [BIND 205-102] The specified resource core for memory 'in_buf_V_15' will be ignored if a simpler one can be used.
WARNING: [BIND 205-102] The specified resource core for memory 'in_buf_V_16' will be ignored if a simpler one can be used.
WARNING: [BIND 205-102] The specified resource core for memory 'in_buf_V_17' will be ignored if a simpler one can be used.
WARNING: [BIND 205-102] The specified resource core for memory 'in_buf_V_18' will be ignored if a simpler one can be used.
WARNING: [BIND 205-102] The specified resource core for memory 'in_buf_V_19' will be ignored if a simpler one can be used.
WARNING: [BIND 205-102] The specified resource core for memory 'in_buf_V_20' will be ignored if a simpler one can be used.
WARNING: [BIND 205-102] The specified resource core for memory 'in_buf_V_21' will be ignored if a simpler one can be used.
WARNING: [BIND 205-102] The specified resource core for memory 'in_buf_V_22' will be ignored if a simpler one can be used.
WARNING: [BIND 205-102] The specified resource core for memory 'in_buf_V_23' will be ignored if a simpler one can be used.
WARNING: [BIND 205-102] The specified resource core for memory 'in_buf_V_24' will be ignored if a simpler one can be used.
WARNING: [BIND 205-102] The specified resource core for memory 'in_buf_V_25' will be ignored if a simpler one can be used.
WARNING: [BIND 205-102] The specified resource core for memory 'in_buf_V_26' will be ignored if a simpler one can be used.
WARNING: [BIND 205-102] The specified resource core for memory 'in_buf_V_27' will be ignored if a simpler one can be used.
WARNING: [BIND 205-102] The specified resource core for memory 'in_buf_V_28' will be ignored if a simpler one can be used.
WARNING: [BIND 205-102] The specified resource core for memory 'in_buf_V_29' will be ignored if a simpler one can be used.
WARNING: [BIND 205-102] The specified resource core for memory 'in_buf_V_30' will be ignored if a simpler one can be used.
WARNING: [BIND 205-102] The specified resource core for memory 'in_buf_V_31' will be ignored if a simpler one can be used.
WARNING: [BIND 205-102] The specified resource core for memory 'in_buf_V_32' will be ignored if a simpler one can be used.
WARNING: [BIND 205-102] The specified resource core for memory 'in_buf_V_33' will be ignored if a simpler one can be used.
WARNING: [BIND 205-102] The specified resource core for memory 'in_buf_V_34' will be ignored if a simpler one can be used.
WARNING: [BIND 205-102] The specified resource core for memory 'in_buf_V_35' will be ignored if a simpler one can be used.
WARNING: [BIND 205-102] The specified resource core for memory 'in_buf_V_36' will be ignored if a simpler one can be used.
WARNING: [BIND 205-102] The specified resource core for memory 'in_buf_V_37' will be ignored if a simpler one can be used.
WARNING: [BIND 205-102] The specified resource core for memory 'in_buf_V_38' will be ignored if a simpler one can be used.
WARNING: [BIND 205-102] The specified resource core for memory 'in_buf_V_39' will be ignored if a simpler one can be used.
WARNING: [BIND 205-102] The specified resource core for memory 'in_buf_V_40' will be ignored if a simpler one can be used.
WARNING: [BIND 205-102] The specified resource core for memory 'in_buf_V_41' will be ignored if a simpler one can be used.
WARNING: [BIND 205-102] The specified resource core for memory 'in_buf_V_42' will be ignored if a simpler one can be used.
WARNING: [BIND 205-102] The specified resource core for memory 'in_buf_V_43' will be ignored if a simpler one can be used.
WARNING: [BIND 205-102] The specified resource core for memory 'in_buf_V_44' will be ignored if a simpler one can be used.
WARNING: [BIND 205-102] The specified resource core for memory 'in_buf_V_45' will be ignored if a simpler one can be used.
WARNING: [BIND 205-102] The specified resource core for memory 'in_buf_V_46' will be ignored if a simpler one can be used.
WARNING: [BIND 205-102] The specified resource core for memory 'in_buf_V_47' will be ignored if a simpler one can be used.
WARNING: [BIND 205-102] The specified resource core for memory 'in_buf_V_48' will be ignored if a simpler one can be used.
WARNING: [BIND 205-102] The specified resource core for memory 'in_buf_V_49' will be ignored if a simpler one can be used.
WARNING: [BIND 205-102] The specified resource core for memory 'in_buf_V_50' will be ignored if a simpler one can be used.
WARNING: [BIND 205-102] The specified resource core for memory 'in_buf_V_51' will be ignored if a simpler one can be used.
WARNING: [BIND 205-102] The specified resource core for memory 'in_buf_V_52' will be ignored if a simpler one can be used.
WARNING: [BIND 205-102] The specified resource core for memory 'in_buf_V_53' will be ignored if a simpler one can be used.
WARNING: [BIND 205-102] The specified resource core for memory 'in_buf_V_54' will be ignored if a simpler one can be used.
WARNING: [BIND 205-102] The specified resource core for memory 'in_buf_V_55' will be ignored if a simpler one can be used.
WARNING: [BIND 205-102] The specified resource core for memory 'in_buf_V_56' will be ignored if a simpler one can be used.
WARNING: [BIND 205-102] The specified resource core for memory 'in_buf_V_57' will be ignored if a simpler one can be used.
WARNING: [BIND 205-102] The specified resource core for memory 'in_buf_V_58' will be ignored if a simpler one can be used.
WARNING: [BIND 205-102] The specified resource core for memory 'in_buf_V_59' will be ignored if a simpler one can be used.
WARNING: [BIND 205-102] The specified resource core for memory 'in_buf_V_60' will be ignored if a simpler one can be used.
WARNING: [BIND 205-102] The specified resource core for memory 'in_buf_V_61' will be ignored if a simpler one can be used.
WARNING: [BIND 205-102] The specified resource core for memory 'in_buf_V_62' will be ignored if a simpler one can be used.
WARNING: [BIND 205-102] The specified resource core for memory 'in_buf_V_63' will be ignored if a simpler one can be used.
INFO: [BIND 205-101] Binding ...
INFO: [BIND 205-100] Finished micro-architecture generation.
INFO: [HLS 200-111] Finished Binding: CPU user time: 10.93 seconds. CPU system time: 0.23 seconds. Elapsed time: 11.18 seconds; current allocated memory: 322.241 MB.
INFO: [HLS 200-10] ----------------------------------------------------------------
INFO: [HLS 200-10] -- Generating RTL for module 'mmult_hw' 
INFO: [HLS 200-10] ----------------------------------------------------------------
WARNING: [RTGEN 206-101] Design contains AXI ports. Reset is fixed to synchronous and active low.
INFO: [RTGEN 206-500] Setting interface mode on port 'mmult_hw/in_stream_V_data_V' to 'axis' (register, both mode).
INFO: [RTGEN 206-500] Setting interface mode on port 'mmult_hw/in_stream_V_keep_V' to 'axis' (register, both mode).
INFO: [RTGEN 206-500] Setting interface mode on port 'mmult_hw/in_stream_V_strb_V' to 'axis' (register, both mode).
INFO: [RTGEN 206-500] Setting interface mode on port 'mmult_hw/in_stream_V_user_V' to 'axis' (register, both mode).
INFO: [RTGEN 206-500] Setting interface mode on port 'mmult_hw/in_stream_V_last_V' to 'axis' (register, both mode).
INFO: [RTGEN 206-500] Setting interface mode on port 'mmult_hw/in_stream_V_id_V' to 'axis' (register, both mode).
INFO: [RTGEN 206-500] Setting interface mode on port 'mmult_hw/in_stream_V_dest_V' to 'axis' (register, both mode).
INFO: [RTGEN 206-500] Setting interface mode on port 'mmult_hw/out_stream_V_data_V' to 'axis' (register, both mode).
INFO: [RTGEN 206-500] Setting interface mode on port 'mmult_hw/out_stream_V_keep_V' to 'axis' (register, both mode).
INFO: [RTGEN 206-500] Setting interface mode on port 'mmult_hw/out_stream_V_strb_V' to 'axis' (register, both mode).
INFO: [RTGEN 206-500] Setting interface mode on port 'mmult_hw/out_stream_V_user_V' to 'axis' (register, both mode).
INFO: [RTGEN 206-500] Setting interface mode on port 'mmult_hw/out_stream_V_last_V' to 'axis' (register, both mode).
INFO: [RTGEN 206-500] Setting interface mode on port 'mmult_hw/out_stream_V_id_V' to 'axis' (register, both mode).
INFO: [RTGEN 206-500] Setting interface mode on port 'mmult_hw/out_stream_V_dest_V' to 'axis' (register, both mode).
INFO: [RTGEN 206-500] Setting interface mode on function 'mmult_hw' to 's_axilite & ap_ctrl_hs'.
INFO: [RTGEN 206-100] Bundling port 'return' to AXI-Lite port CONTROL_BUS.
INFO: [RTGEN 206-100] Generating core module 'mac_muladd_8s_8ns_16s_17_4_1': 127 instance(s).
INFO: [RTGEN 206-100] Generating core module 'mac_muladd_8s_8ns_17s_18_4_1': 1 instance(s).
INFO: [RTGEN 206-100] Generating core module 'mac_muladd_8s_8ns_32ns_32_4_1': 1 instance(s).
INFO: [RTGEN 206-100] Generating core module 'mul_8s_8ns_16_1_1': 127 instance(s).
INFO: [RTGEN 206-100] Finished creating RTL model for 'mmult_hw'.
INFO: [HLS 200-111] Finished Creating RTL model: CPU user time: 17.44 seconds. CPU system time: 0.31 seconds. Elapsed time: 17.81 seconds; current allocated memory: 379.292 MB.
INFO: [RTMG 210-282] Generating pipelined core: 'mmult_hw_mul_8s_8ns_16_1_1_Multiplier_0'
INFO: [RTMG 210-278] Implementing memory 'mmult_hw_offset_buf_V_ram (RAM)' using auto RAMs.
INFO: [RTMG 210-278] Implementing memory 'mmult_hw_weight_buf_V_0_0_ram (RAM)' using auto RAMs.
INFO: [RTMG 210-278] Implementing memory 'mmult_hw_in_buf_V_0_ram (RAM_T2P_BRAM)' using block RAMs.
INFO: [RTMG 210-278] Implementing memory 'mmult_hw_out_buf_V_ram (RAM_1WnR)' using auto RAMs.
INFO: [HLS 200-111] Finished Generating all RTL models: CPU user time: 49.42 seconds. CPU system time: 0.67 seconds. Elapsed time: 50.23 seconds; current allocated memory: 544.858 MB.
INFO: [VHDL 208-304] Generating VHDL RTL for mmult_hw.
INFO: [VLOG 209-307] Generating Verilog RTL for mmult_hw.
INFO: [HLS 200-790] **** Loop Constraint Status: All loop constraints were NOT satisfied.
INFO: [HLS 200-789] **** Estimated Fmax: 29.02 MHz
INFO: [HLS 200-111] Finished Command csynth_design CPU user time: 194.01 seconds. CPU system time: 2.37 seconds. Elapsed time: 196.65 seconds; current allocated memory: 545.110 MB.
INFO: [HLS 200-112] Total CPU user time: 209.72 seconds. Total CPU system time: 3.53 seconds. Total elapsed time: 211.52 seconds; peak allocated memory: 544.858 MB.
INFO: [Common 17-206] Exiting vitis_hls at Sun Mar 13 02:24:19 2022...
