==============================================================
Vitis HLS - High-Level Synthesis from C, C++ and OpenCL v2020.2 (64-bit)
Copyright 1986-2020 Xilinx, Inc. All Rights Reserved.
==============================================================
INFO: [SYN 201-201] Setting up clock 'default' with a period of 10ns.
INFO: [HLS 200-10] Setting target device to 'xc7z020-clg484-1'
INFO: [HLS 200-1505] Using flow_target 'vivado'
INFO: [HLS 200-1510] Running: set_part xc7z020clg484-1 
INFO: [HLS 200-1510] Running: create_clock -period 10 -name default 
INFO: [HLS 200-1510] Running: config_compile -pipeline_loops 0 
INFO: [XFORM 203-1171] Pipeline the innermost loop with trip count more than 0 or its parent loop when its trip count is less than or equal 0.
INFO: [HLS 200-1510] Running: csim_design -clean 
INFO: [SIM 211-2] *************** CSIM start ***************
INFO: [SIM 211-4] CSIM will launch GCC as the compiler.
INFO: [SIM 211-1] CSim done with 0 errors.
INFO: [SIM 211-3] *************** CSIM finish ***************
INFO: [HLS 200-111] Finished Command csim_design CPU user time: 3.66 seconds. CPU system time: 0.43 seconds. Elapsed time: 2.63 seconds; current allocated memory: 69.965 MB.
INFO: [HLS 200-1510] Running: csynth_design 
INFO: [HLS 200-111] Finished File checks and directory preparation: CPU user time: 0.01 seconds. CPU system time: 0 seconds. Elapsed time: 0 seconds; current allocated memory: 70.103 MB.
INFO: [HLS 200-10] Analyzing design file './mmult_float.cpp' ... 
WARNING: [HLS 214-140] Array stream parameter 'in_stream' in function 'mmult_hw' may require the 'volatile' qualifier to prevent the compiler from altering array accesses and/or modifying the desired streaming order: /home/ubuntu/cs5222/workspace/zynq/hls/mmult_float/mmult_float.cpp:8
WARNING: [HLS 214-140] Array stream parameter 'out_stream' in function 'mmult_hw' may require the 'volatile' qualifier to prevent the compiler from altering array accesses and/or modifying the desired streaming order: /home/ubuntu/cs5222/workspace/zynq/hls/mmult_float/mmult_float.cpp:8
WARNING: [HLS 207-5284] unsequenced modification and access to 'os_idx': ./mmult_float.cpp:95:30
INFO: [HLS 200-111] Finished Source Code Analysis and Preprocessing: CPU user time: 3.69 seconds. CPU system time: 0.32 seconds. Elapsed time: 4.02 seconds; current allocated memory: 71.646 MB.
INFO: [HLS 200-777] Using interface defaults for 'Vivado' flow target.
INFO: [HLS 214-131] Inlining function 'pop_stream(hls::axis<ap_uint<64>, 4ul, 5ul, 5ul> const&)' into 'mmult_hw(hls::axis<ap_uint<64>, 4ul, 5ul, 5ul>*, hls::axis<ap_uint<64>, 4ul, 5ul, 5ul>*)' (./mmult_float.cpp:42:28)
INFO: [HLS 214-131] Inlining function 'push_stream(unsigned long long const&, bool)' into 'mmult_hw(hls::axis<ap_uint<64>, 4ul, 5ul, 5ul>*, hls::axis<ap_uint<64>, 4ul, 5ul, 5ul>*)' (./mmult_float.cpp:95:36)
INFO: [HLS 214-131] Inlining function 'pop_stream(hls::axis<ap_uint<64>, 4ul, 5ul, 5ul> const&)' into 'mmult_hw(hls::axis<ap_uint<64>, 4ul, 5ul, 5ul>*, hls::axis<ap_uint<64>, 4ul, 5ul, 5ul>*)' (./mmult_float.cpp:65:32)
INFO: [HLS 214-131] Inlining function 'pop_stream(hls::axis<ap_uint<64>, 4ul, 5ul, 5ul> const&)' into 'mmult_hw(hls::axis<ap_uint<64>, 4ul, 5ul, 5ul>*, hls::axis<ap_uint<64>, 4ul, 5ul, 5ul>*)' (./mmult_float.cpp:53:32)
WARNING: [HLS 214-142] Implementing stream: may cause mismatch if read and write accesses are not in sequential order on port 'in_stream' (./mmult_float.cpp:9:0)
WARNING: [HLS 214-142] Implementing stream: may cause mismatch if read and write accesses are not in sequential order on port 'out_stream' (./mmult_float.cpp:9:0)
INFO: [HLS 214-131] Inlining function '_llvm.fpga.pack.none.i128.s_struct.hls::axiss' into 'mmult_hw(hls::axis<ap_uint<64>, 4ul, 5ul, 5ul>*, hls::axis<ap_uint<64>, 4ul, 5ul, 5ul>*)' (./mmult_float.cpp:95:34)
INFO: [HLS 200-111] Finished Compiling Optimization and Transform: CPU user time: 4.04 seconds. CPU system time: 0.36 seconds. Elapsed time: 4.41 seconds; current allocated memory: 73.404 MB.
INFO: [HLS 200-111] Finished Checking Pragmas: CPU user time: 0 seconds. CPU system time: 0 seconds. Elapsed time: 0 seconds; current allocated memory: 73.405 MB.
INFO: [HLS 200-10] Starting code transformations ...
INFO: [HLS 200-111] Finished Standard Transforms: CPU user time: 0.13 seconds. CPU system time: 0.01 seconds. Elapsed time: 0.14 seconds; current allocated memory: 80.356 MB.
INFO: [HLS 200-10] Checking synthesizability ...
INFO: [HLS 200-111] Finished Checking Synthesizability: CPU user time: 0.16 seconds. CPU system time: 0.01 seconds. Elapsed time: 0.17 seconds; current allocated memory: 88.294 MB.
INFO: [HLS 200-111] Finished Loop, function and other optimizations: CPU user time: 0.31 seconds. CPU system time: 0 seconds. Elapsed time: 0.32 seconds; current allocated memory: 117.353 MB.
INFO: [HLS 200-472] Inferring partial write operation for 'offset_buf' (./mmult_float.cpp:43:27)
INFO: [HLS 200-472] Inferring partial write operation for 'offset_buf' (./mmult_float.cpp:44:27)
INFO: [HLS 200-472] Inferring partial write operation for 'weight_buf' (./mmult_float.cpp:54:34)
INFO: [HLS 200-472] Inferring partial write operation for 'weight_buf' (./mmult_float.cpp:55:34)
INFO: [HLS 200-472] Inferring partial write operation for 'in_buf' (./mmult_float.cpp:66:30)
INFO: [HLS 200-472] Inferring partial write operation for 'in_buf' (./mmult_float.cpp:67:30)
INFO: [HLS 200-472] Inferring partial write operation for 'out_buf' (./mmult_float.cpp:83:27)
INFO: [HLS 200-111] Finished Architecture Synthesis: CPU user time: 0.36 seconds. CPU system time: 0.02 seconds. Elapsed time: 0.38 seconds; current allocated memory: 116.676 MB.
INFO: [HLS 200-10] Starting hardware synthesis ...
INFO: [HLS 200-10] Synthesizing 'mmult_hw' ...
INFO: [HLS 200-10] ----------------------------------------------------------------
INFO: [HLS 200-42] -- Implementing module 'mmult_hw' 
INFO: [HLS 200-10] ----------------------------------------------------------------
INFO: [SCHED 204-11] Starting scheduling ...
INFO: [SCHED 204-11] Finished scheduling.
INFO: [HLS 200-111] Finished Scheduling: CPU user time: 0.14 seconds. CPU system time: 0.02 seconds. Elapsed time: 0.15 seconds; current allocated memory: 117.366 MB.
INFO: [BIND 205-100] Starting micro-architecture generation ...
INFO: [BIND 205-101] Performing variable lifetime analysis.
INFO: [BIND 205-101] Exploring resource sharing.
INFO: [BIND 205-101] Binding ...
INFO: [BIND 205-100] Finished micro-architecture generation.
INFO: [HLS 200-111] Finished Binding: CPU user time: 0.21 seconds. CPU system time: 0 seconds. Elapsed time: 0.21 seconds; current allocated memory: 118.166 MB.
INFO: [HLS 200-10] ----------------------------------------------------------------
INFO: [HLS 200-10] -- Generating RTL for module 'mmult_hw' 
INFO: [HLS 200-10] ----------------------------------------------------------------
WARNING: [RTGEN 206-101] Design contains AXI ports. Reset is fixed to synchronous and active low.
INFO: [RTGEN 206-500] Setting interface mode on port 'mmult_hw/in_stream' to 'axis' (register, both mode).
INFO: [RTGEN 206-500] Setting interface mode on port 'mmult_hw/out_stream' to 'axis' (register, both mode).
INFO: [RTGEN 206-500] Setting interface mode on function 'mmult_hw' to 's_axilite & ap_ctrl_hs'.
INFO: [RTGEN 206-100] Bundling port 'return' to AXI-Lite port CONTROL_BUS.
INFO: [RTGEN 206-100] Generating core module 'fadd_32ns_32ns_32_5_full_dsp_1': 1 instance(s).
INFO: [RTGEN 206-100] Generating core module 'fmul_32ns_32ns_32_4_max_dsp_1': 1 instance(s).
INFO: [RTGEN 206-100] Finished creating RTL model for 'mmult_hw'.
INFO: [HLS 200-111] Finished Creating RTL model: CPU user time: 0.23 seconds. CPU system time: 0 seconds. Elapsed time: 0.24 seconds; current allocated memory: 119.445 MB.
INFO: [RTMG 210-278] Implementing memory 'mmult_hw_offset_buf_ram (RAM)' using auto RAMs.
INFO: [RTMG 210-278] Implementing memory 'mmult_hw_weight_buf_ram (RAM)' using auto RAMs.
INFO: [RTMG 210-278] Implementing memory 'mmult_hw_in_buf_ram (RAM)' using auto RAMs.
INFO: [RTMG 210-278] Implementing memory 'mmult_hw_out_buf_ram (RAM)' using auto RAMs.
INFO: [HLS 200-111] Finished Generating all RTL models: CPU user time: 1.28 seconds. CPU system time: 0.06 seconds. Elapsed time: 1.35 seconds; current allocated memory: 129.508 MB.
INFO: [VHDL 208-304] Generating VHDL RTL for mmult_hw.
INFO: [VLOG 209-307]