

================================================================
== Vitis HLS Report for 'mmult_hw'
================================================================
* Date:           Fri Mar 11 16:34:50 2022

* Version:        2020.2 (Build 3064766 on Wed Nov 18 09:12:47 MST 2020)
* Project:        accel
* Solution:       solution0 (Vivado IP Flow Target)
* Product family: zynq
* Target device:  xc7z020-clg484-1


================================================================
== Performance Estimates
================================================================
+ Timing: 
    * Summary: 
    +--------+----------+----------+------------+
    |  Clock |  Target  | Estimated| Uncertainty|
    +--------+----------+----------+------------+
    |ap_clk  |  10.00 ns|  8.352 ns|     1.25 ns|
    +--------+----------+----------+------------+

+ Latency: 
    * Summary: 
    +---------+---------+----------+----------+--------+--------+---------+
    |  Latency (cycles) |  Latency (absolute) |     Interval    | Pipeline|
    |   min   |   max   |    min   |    max   |   min  |   max  |   Type  |
    +---------+---------+----------+----------+--------+--------+---------+
    |   949242|   949242|  9.492 ms|  9.492 ms|  949243|  949243|     none|
    +---------+---------+----------+----------+--------+--------+---------+

    + Detail: 
        * Instance: 
        N/A

        * Loop: 
        +-----------------------------+---------+---------+----------+-----------+-----------+-------+----------+
        |                             |  Latency (cycles) | Iteration|  Initiation Interval  |  Trip |          |
        |          Loop Name          |   min   |   max   |  Latency |  achieved |   target  | Count | Pipelined|
        +-----------------------------+---------+---------+----------+-----------+-----------+-------+----------+
        |- VITIS_LOOP_51_1            |        5|        5|         1|          1|          1|      5|       yes|
        |- VITIS_LOOP_63_2_LOAD_W_2   |     1280|     1280|         1|          1|          1|   1280|       yes|
        |- LT                         |   947952|   947952|     59247|          -|          -|     16|        no|
        | + VITIS_LOOP_83_3_LOAD_I_2  |    16384|    16384|         1|          1|          1|  16384|       yes|
        | + L1_L2                     |    42214|    42214|      1287|         32|          1|   1280|       yes|
        | + STORE_O_1_STORE_O_2       |      642|      642|         4|          1|          1|    640|       yes|
        +-----------------------------+---------+---------+----------+-----------+-----------+-------+----------+



================================================================
== Utilization Estimates
================================================================
* Summary: 
+-----------------+---------+-----+--------+-------+-----+
|       Name      | BRAM_18K| DSP |   FF   |  LUT  | URAM|
+-----------------+---------+-----+--------+-------+-----+
|DSP              |        -|    -|       -|      -|    -|
|Expression       |        -|    -|       0|   2842|    -|
|FIFO             |        -|    -|       -|      -|    -|
|Instance         |        0|   40|    2820|   5728|    -|
|Memory           |       78|    -|       0|      0|    -|
|Multiplexer      |        -|    -|       -|   4810|    -|
|Register         |        -|    -|   28586|   7872|    -|
+-----------------+---------+-----+--------+-------+-----+
|Total            |       78|   40|   31406|  21252|    0|
+-----------------+---------+-----+--------+-------+-----+
|Available        |      280|  220|  106400|  53200|    0|
+-----------------+---------+-----+--------+-------+-----+
|Utilization (%)  |       27|   18|      29|     39|    0|
+-----------------+---------+-----+--------+-------+-----+

+ Detail: 
    * Instance: 
    +-----------------------------------+--------------------------------+---------+----+-----+-----+-----+
    |              Instance             |             Module             | BRAM_18K| DSP|  FF | LUT | URAM|
    +-----------------------------------+--------------------------------+---------+----+-----+-----+-----+
    |CONTROL_BUS_s_axi_U                |CONTROL_BUS_s_axi               |        0|   0|   36|   40|    0|
    |fadd_32ns_32ns_32_5_full_dsp_1_U1  |fadd_32ns_32ns_32_5_full_dsp_1  |        0|   2|  205|  390|    0|
    |fadd_32ns_32ns_32_5_full_dsp_1_U2  |fadd_32ns_32ns_32_5_full_dsp_1  |        0|   2|  205|  390|    0|
    |fadd_32ns_32ns_32_5_full_dsp_1_U3  |fadd_32ns_32ns_32_5_full_dsp_1  |        0|   2|  205|  390|    0|
    |fadd_32ns_32ns_32_5_full_dsp_1_U4  |fadd_32ns_32ns_32_5_full_dsp_1  |        0|   2|  205|  390|    0|
    |fadd_32ns_32ns_32_5_full_dsp_1_U5  |fadd_32ns_32ns_32_5_full_dsp_1  |        0|   2|  205|  390|    0|
    |fadd_32ns_32ns_32_5_full_dsp_1_U6  |fadd_32ns_32ns_32_5_full_dsp_1  |        0|   2|  205|  390|    0|
    |fadd_32ns_32ns_32_5_full_dsp_1_U7  |fadd_32ns_32ns_32_5_full_dsp_1  |        0|   2|  205|  390|    0|
    |fadd_32ns_32ns_32_5_full_dsp_1_U8  |fadd_32ns_32ns_32_5_full_dsp_1  |        0|   2|  205|  390|    0|
    |fmul_32ns_32ns_32_4_max_dsp_1_U9   |fmul_32ns_32ns_32_4_max_dsp_1   |        0|   3|  143|  321|    0|
    |fmul_32ns_32ns_32_4_max_dsp_1_U10  |fmul_32ns_32ns_32_4_max_dsp_1   |        0|   3|  143|  321|    0|
    |fmul_32ns_32ns_32_4_max_dsp_1_U11  |fmul_32ns_32ns_32_4_max_dsp_1   |        0|   3|  143|  321|    0|
    |fmul_32ns_32ns_32_4_max_dsp_1_U12  |fmul_32ns_32ns_32_4_max_dsp_1   |        0|   3|  143|  321|    0|
    |fmul_32ns_32ns_32_4_max_dsp_1_U13  |fmul_32ns_32ns_32_4_max_dsp_1   |        0|   3|  143|  321|    0|
    |fmul_32ns_32ns_32_4_max_dsp_1_U14  |fmul_32ns_32ns_32_4_max_dsp_1   |        0|   3|  143|  321|    0|
    |fmul_32ns_32ns_32_4_max_dsp_1_U15  |fmul_32ns_32ns_32_4_max_dsp_1   |        0|   3|  143|  321|    0|
    |fmul_32ns_32ns_32_4_max_dsp_1_U16  |fmul_32ns_32ns_32_4_max_dsp_1   |        0|   3|  143|  321|    0|
    +-----------------------------------+--------------------------------+---------+----+-----+-----+-----+
    |Total                              |                                |        0|  40| 2820| 5728|    0|
    +-----------------------------------+--------------------------------+---------+----+-----+-----+-----+

    * DSP: 
    N/A

    * Memory: 
    +----------------+--------------+---------+---+----+-----+------+-----+------+-------------+
    |     Memory     |    Module    | BRAM_18K| FF| LUT| URAM| Words| Bits| Banks| W*Bits*Banks|
    +----------------+--------------+---------+---+----+-----+------+-----+------+-------------+
    |in_buf_0_U      |in_buf_0      |       16|  0|   0|    0|  8192|   32|     1|       262144|
    |in_buf_1_U      |in_buf_0      |       16|  0|   0|    0|  8192|   32|     1|       262144|
    |in_buf_2_U      |in_buf_0      |       16|  0|   0|    0|  8192|   32|     1|       262144|
    |in_buf_3_U      |in_buf_0      |       16|  0|   0|    0|  8192|   32|     1|       262144|
    |offset_buf_U    |offset_buf    |        2|  0|   0|    0|    10|   32|     1|          320|
    |out_buf_U       |out_buf       |        4|  0|   0|    0|  1280|   32|     1|        40960|
    |weight_buf_0_U  |weight_buf_0  |        2|  0|   0|    0|   640|   32|     1|        20480|
    |weight_buf_1_U  |weight_buf_0  |        2|  0|   0|    0|   640|   32|     1|        20480|
    |weight_buf_2_U  |weight_buf_0  |        2|  0|   0|    0|   640|   32|     1|        20480|
    |weight_buf_3_U  |weight_buf_0  |        2|  0|   0|    0|   640|   32|     1|        20480|
    +----------------+--------------+---------+---+----+-----+------+-----+------+-------------+
    |Total           |              |       78|  0|   0|    0| 36618|  320|    10|      1171776|
    +----------------+--------------+---------+---+----+-----+------+-----+------+-------------+

    * FIFO: 
    N/A

    * Expression: 
    +----------------------------+----------+----+---+----+------------+------------+
    |        Variable Name       | Operation| DSP| FF| LUT| Bitwidth P0| Bitwidth P1|
    +----------------------------+----------+----+---+----+------------+------------+
    |add_ln100_fu_9462_p2        |         +|   0|  0|  13|           4|           1|
    |add_ln108_1_fu_9494_p2      |         +|   0|  0|  11|          11|          11|
    |add_ln108_fu_9485_p2        |         +|   0|  0|  11|          11|          11|
    |add_ln114_1_fu_9516_p2      |         +|   0|  0|  15|           8|           1|
    |add_ln114_2_fu_9522_p2      |         +|   0|  0|  17|          14|           3|
    |add_ln114_3_fu_9528_p2      |         +|   0|  0|  17|          14|           3|
    |add_ln114_4_fu_9504_p2      |         +|   0|  0|  13|          10|           1|
    |add_ln114_fu_9687_p2        |         +|   0|  0|  17|          14|          10|
    |add_ln116_fu_9644_p2        |         +|   0|  0|  13|           4|           2|
    |add_ln118_1_fu_9610_p2      |         +|   0|  0|  12|          11|          11|
    |add_ln118_fu_9584_p2        |         +|   0|  0|  12|          11|          11|
    |add_ln119_fu_9626_p2        |         +|   0|  0|  12|          11|          11|
    |add_ln120_fu_9632_p2        |         +|   0|  0|  17|          14|           1|
    |add_ln51_fu_5231_p2         |         +|   0|  0|  13|           4|           2|
    |add_ln63_1_fu_5267_p2       |         +|   0|  0|  12|          11|           1|
    |add_ln63_fu_5279_p2         |         +|   0|  0|  13|           4|           1|
    |add_ln65_fu_5381_p2         |         +|   0|  0|  14|           9|           2|
    |add_ln77_fu_9675_p2         |         +|   0|  0|  17|          14|          10|
    |add_ln83_1_fu_5395_p2       |         +|   0|  0|  20|          15|           1|
    |add_ln83_fu_5407_p2         |         +|   0|  0|  15|           8|           1|
    |add_ln85_fu_5509_p2         |         +|   0|  0|  14|           9|           2|
    |add_ln97_1_fu_5515_p2       |         +|   0|  0|  12|          11|           1|
    |add_ln97_fu_5539_p2         |         +|   0|  0|  15|           8|           1|
    |t_1_fu_9681_p2              |         +|   0|  0|  12|          12|           8|
    |ap_block_state1299_io       |       and|   0|  0|   2|           1|           1|
    |ap_block_state1300_io       |       and|   0|  0|   2|           1|           1|
    |ap_block_state2             |       and|   0|  0|   2|           1|           1|
    |ap_block_state4             |       and|   0|  0|   2|           1|           1|
    |ap_block_state7             |       and|   0|  0|   2|           1|           1|
    |e_last_V_fu_9638_p2         |      icmp|   0|  0|  12|          14|          14|
    |icmp_ln100_fu_5545_p2       |      icmp|   0|  0|   9|           4|           4|
    |icmp_ln114_fu_9510_p2       |      icmp|   0|  0|  11|          10|          10|
    |icmp_ln116_fu_9534_p2       |      icmp|   0|  0|  12|          14|          14|
    |icmp_ln51_fu_5225_p2        |      icmp|   0|  0|   9|           4|           4|
    |icmp_ln63_fu_5273_p2        |      icmp|   0|  0|  11|          11|          11|
    |icmp_ln83_fu_5401_p2        |      icmp|   0|  0|  13|          15|          16|
    |icmp_ln97_fu_5533_p2        |      icmp|   0|  0|  11|          11|          11|
    |ap_block_pp4_stage0_01001   |        or|   0|  0|   2|           1|           1|
    |ap_block_pp4_stage0_11001   |        or|   0|  0|   2|           1|           1|
    |or_ln106_10_fu_6481_p2      |        or|   0|  0|  10|          10|           4|
    |or_ln106_11_fu_6578_p2      |        or|   0|  0|  10|          10|           4|
    |or_ln106_12_fu_6595_p2      |        or|   0|  0|  10|          10|           4|
    |or_ln106_13_fu_6692_p2      |        or|   0|  0|  10|          10|           4|
    |or_ln106_14_fu_6709_p2      |        or|   0|  0|  10|          10|           4|
    |or_ln106_15_fu_6806_p2      |        or|   0|  0|  10|          10|           5|
    |or_ln106_16_fu_6823_p2      |        or|   0|  0|  10|          10|           5|
    |or_ln106_17_fu_6920_p2      |        or|   0|  0|  10|          10|           5|
    |or_ln106_18_fu_6937_p2      |        or|   0|  0|  10|          10|           5|
    |or_ln106_19_fu_7034_p2      |        or|   0|  0|  10|          10|           5|
    |or_ln106_1_fu_6008_p2       |        or|   0|  0|  10|          10|           2|
    |or_ln106_20_fu_7051_p2      |        or|   0|  0|  10|          10|           5|
    |or_ln106_21_fu_7148_p2      |        or|   0|  0|  10|          10|           5|
    |or_ln106_22_fu_7165_p2      |        or|   0|  0|  10|          10|           5|
    |or_ln106_23_fu_7262_p2      |        or|   0|  0|  10|          10|           5|
    |or_ln106_24_fu_7279_p2      |        or|   0|  0|  10|          10|           5|
    |or_ln106_25_fu_7376_p2      |        or|   0|  0|  10|          10|           5|
    |or_ln106_26_fu_7393_p2      |        or|   0|  0|  10|          10|           5|
    |or_ln106_27_fu_7490_p2      |        or|   0|  0|  10|          10|           5|
    |or_ln106_28_fu_7507_p2      |        or|   0|  0|  10|          10|           5|
    |or_ln106_29_fu_7604_p2      |        or|   0|  0|  10|          10|           5|
    |or_ln106_2_fu_6025_p2       |        or|   0|  0|  10|          10|           2|
    |or_ln106_30_fu_7621_p2      |        or|   0|  0|  10|          10|           5|
    |or_ln106_31_fu_7718_p2      |        or|   0|  0|  10|          10|           6|
    |or_ln106_32_fu_7735_p2      |        or|   0|  0|  10|          10|           6|
    |or_ln106_33_fu_7832_p2      |        or|   0|  0|  10|          10|           6|
    |or_ln106_34_fu_7849_p2      |        or|   0|  0|  10|          10|           6|
    |or_ln106_35_fu_7946_p2      |        or|   0|  0|  10|          10|           6|
    |or_ln106_36_fu_7963_p2      |        or|   0|  0|  10|          10|           6|
    |or_ln106_37_fu_8060_p2      |        or|   0|  0|  10|          10|           6|
    |or_ln106_38_fu_8077_p2      |        or|   0|  0|  10|          10|           6|
    |or_ln106_39_fu_8174_p2      |        or|   0|  0|  10|          10|           6|
    |or_ln106_3_fu_6122_p2       |        or|   0|  0|  10|          10|           3|
    |or_ln106_40_fu_8191_p2      |        or|   0|  0|  10|          10|           6|
    |or_ln106_41_fu_8288_p2      |        or|   0|  0|  10|          10|           6|
    |or_ln106_42_fu_8305_p2      |        or|   0|  0|  10|          10|           6|
    |or_ln106_43_fu_8402_p2      |        or|   0|  0|  10|          10|           6|
    |or_ln106_44_fu_8419_p2      |        or|   0|  0|  10|          10|           6|
    |or_ln106_45_fu_8516_p2      |        or|   0|  0|  10|          10|           6|
    |or_ln106_46_fu_8533_p2      |        or|   0|  0|  10|          10|           6|
    |or_ln106_47_fu_8630_p2      |        or|   0|  0|  10|          10|           6|
    |or_ln106_48_fu_8647_p2      |        or|   0|  0|  10|          10|           6|
    |or_ln106_49_fu_8744_p2      |        or|   0|  0|  10|          10|           6|
    |or_ln106_4_fu_6139_p2       |        or|   0|  0|  10|          10|           3|
    |or_ln106_50_fu_8761_p2      |        or|   0|  0|  10|          10|           6|
    |or_ln106_51_fu_8858_p2      |        or|   0|  0|  10|          10|           6|
    |or_ln106_52_fu_8875_p2      |        or|   0|  0|  10|          10|           6|
    |or_ln106_53_fu_8972_p2      |        or|   0|  0|  10|          10|           6|
    |or_ln106_54_fu_8989_p2      |        or|   0|  0|  10|          10|           6|
    |or_ln106_55_fu_9086_p2      |        or|   0|  0|  10|          10|           6|
    |or_ln106_56_fu_9103_p2      |        or|   0|  0|  10|          10|           6|
    |or_ln106_57_fu_9200_p2      |        or|   0|  0|  10|          10|           6|
    |or_ln106_58_fu_9217_p2      |        or|   0|  0|  10|          10|           6|
    |or_ln106_59_fu_9314_p2      |        or|   0|  0|  10|          10|           6|
    |or_ln106_5_fu_6236_p2       |        or|   0|  0|  10|          10|           3|
    |or_ln106_60_fu_9331_p2      |        or|   0|  0|  10|          10|           6|
    |or_ln106_61_fu_9428_p2      |        or|   0|  0|  10|          10|           6|
    |or_ln106_62_fu_9445_p2      |        or|   0|  0|  10|          10|           6|
    |or_ln106_6_fu_6253_p2       |        or|   0|  0|  10|          10|           3|
    |or_ln106_7_fu_6350_p2       |        or|   0|  0|  10|          10|           4|
    |or_ln106_8_fu_6367_p2       |        or|   0|  0|  10|          10|           4|
    |or_ln106_9_fu_6464_p2       |        or|   0|  0|  10|          10|           4|
    |or_ln106_fu_5910_p2         |        or|   0|  0|  10|          10|           1|
    |or_ln119_fu_9616_p2         |        or|   0|  0|   4|           4|           1|
    |or_ln55_fu_5256_p2          |        or|   0|  0|   4|           4|           1|
    |or_ln70_fu_5359_p2          |        or|   0|  0|   6|           6|           1|
    |or_ln90_fu_5487_p2          |        or|   0|  0|   6|           6|           1|
    |or_ln97_10_fu_6450_p2       |        or|   0|  0|  13|          13|           4|
    |or_ln97_11_fu_6524_p2       |        or|   0|  0|  13|          13|           4|
    |or_ln97_12_fu_6564_p2       |        or|   0|  0|  13|          13|           4|
    |or_ln97_13_fu_6638_p2       |        or|   0|  0|  13|          13|           4|
    |or_ln97_14_fu_6678_p2       |        or|   0|  0|  13|          13|           4|
    |or_ln97_15_fu_6752_p2       |        or|   0|  0|  13|          13|           5|
    |or_ln97_16_fu_6792_p2       |        or|   0|  0|  13|          13|           5|
    |or_ln97_17_fu_6866_p2       |        or|   0|  0|  13|          13|           5|
    |or_ln97_18_fu_6906_p2       |        or|   0|  0|  13|          13|           5|
    |or_ln97_19_fu_6980_p2       |        or|   0|  0|  13|          13|           5|
    |or_ln97_1_fu_5954_p2        |        or|   0|  0|  13|          13|           2|
    |or_ln97_20_fu_7020_p2       |        or|   0|  0|  13|          13|           5|
    |or_ln97_21_fu_7094_p2       |        or|   0|  0|  13|          13|           5|
    |or_ln97_22_fu_7134_p2       |        or|   0|  0|  13|          13|           5|
    |or_ln97_23_fu_7208_p2       |        or|   0|  0|  13|          13|           5|
    |or_ln97_24_fu_7248_p2       |        or|   0|  0|  13|          13|           5|
    |or_ln97_25_fu_7322_p2       |        or|   0|  0|  13|          13|           5|
    |or_ln97_26_fu_7362_p2       |        or|   0|  0|  13|          13|           5|
    |or_ln97_27_fu_7436_p2       |        or|   0|  0|  13|          13|           5|
    |or_ln97_28_fu_7476_p2       |        or|   0|  0|  13|          13|           5|
    |or_ln97_29_fu_7550_p2       |        or|   0|  0|  13|          13|           5|
    |or_ln97_2_fu_5994_p2        |        or|   0|  0|  13|          13|           2|
    |or_ln97_30_fu_7590_p2       |        or|   0|  0|  13|          13|           5|
    |or_ln97_31_fu_7664_p2       |        or|   0|  0|  13|          13|           6|
    |or_ln97_32_fu_7704_p2       |        or|   0|  0|  13|          13|           6|
    |or_ln97_33_fu_7778_p2       |        or|   0|  0|  13|          13|           6|
    |or_ln97_34_fu_7818_p2       |        or|   0|  0|  13|          13|           6|
    |or_ln97_35_fu_7892_p2       |        or|   0|  0|  13|          13|           6|
    |or_ln97_36_fu_7932_p2       |        or|   0|  0|  13|          13|           6|
    |or_ln97_37_fu_8006_p2       |        or|   0|  0|  13|          13|           6|
    |or_ln97_38_fu_8046_p2       |        or|   0|  0|  13|          13|           6|
    |or_ln97_39_fu_8120_p2       |        or|   0|  0|  13|          13|           6|
    |or_ln97_3_fu_6068_p2        |        or|   0|  0|  13|          13|           3|
    |or_ln97_40_fu_8160_p2       |        or|   0|  0|  13|          13|           6|
    |or_ln97_41_fu_8234_p2       |        or|   0|  0|  13|          13|           6|
    |or_ln97_42_fu_8274_p2       |        or|   0|  0|  13|          13|           6|
    |or_ln97_43_fu_8348_p2       |        or|   0|  0|  13|          13|           6|
    |or_ln97_44_fu_8388_p2       |        or|   0|  0|  13|          13|           6|
    |or_ln97_45_fu_8462_p2       |        or|   0|  0|  13|          13|           6|
    |or_ln97_46_fu_8502_p2       |        or|   0|  0|  13|          13|           6|
    |or_ln97_47_fu_8576_p2       |        or|   0|  0|  13|          13|           6|
    |or_ln97_48_fu_8616_p2       |        or|   0|  0|  13|          13|           6|
    |or_ln97_49_fu_8690_p2       |        or|   0|  0|  13|          13|           6|
    |or_ln97_4_fu_6108_p2        |        or|   0|  0|  13|          13|           3|
    |or_ln97_50_fu_8730_p2       |        or|   0|  0|  13|          13|           6|
    |or_ln97_51_fu_8804_p2       |        or|   0|  0|  13|          13|           6|
    |or_ln97_52_fu_8844_p2       |        or|   0|  0|  13|          13|           6|
    |or_ln97_53_fu_8918_p2       |        or|   0|  0|  13|          13|           6|
    |or_ln97_54_fu_8958_p2       |        or|   0|  0|  13|          13|           6|
    |or_ln97_55_fu_9032_p2       |        or|   0|  0|  13|          13|           6|
    |or_ln97_56_fu_9072_p2       |        or|   0|  0|  13|          13|           6|
    |or_ln97_57_fu_9146_p2       |        or|   0|  0|  13|          13|           6|
    |or_ln97_58_fu_9186_p2       |        or|   0|  0|  13|          13|           6|
    |or_ln97_59_fu_9260_p2       |        or|   0|  0|  13|          13|           6|
    |or_ln97_5_fu_6182_p2        |        or|   0|  0|  13|          13|           3|
    |or_ln97_60_fu_9300_p2       |        or|   0|  0|  13|          13|           6|
    |or_ln97_61_fu_9374_p2       |        or|   0|  0|  13|          13|           6|
    |or_ln97_62_fu_9414_p2       |        or|   0|  0|  13|          13|           6|
    |or_ln97_6_fu_6222_p2        |        or|   0|  0|  13|          13|           3|
    |or_ln97_7_fu_6296_p2        |        or|   0|  0|  13|          13|           4|
    |or_ln97_8_fu_6336_p2        |        or|   0|  0|  13|          13|           4|
    |or_ln97_9_fu_6410_p2        |        or|   0|  0|  13|          13|           4|
    |or_ln97_fu_5627_p2          |        or|   0|  0|  13|          13|           1|
    |select_ln114_1_fu_9548_p3   |    select|   0|  0|   4|           1|           1|
    |select_ln114_2_fu_9556_p3   |    select|   0|  0|   8|           1|           8|
    |select_ln114_3_fu_9590_p3   |    select|   0|  0|  14|           1|          14|
    |select_ln114_4_fu_9598_p3   |    select|   0|  0|  14|           1|          14|
    |select_ln114_fu_9540_p3     |    select|   0|  0|  14|           1|          14|
    |select_ln63_1_fu_5301_p3    |    select|   0|  0|   4|           1|           4|
    |select_ln63_fu_5293_p3      |    select|   0|  0|   9|           1|           1|
    |select_ln83_1_fu_5429_p3    |    select|   0|  0|   8|           1|           8|
    |select_ln83_fu_5421_p3      |    select|   0|  0|   9|           1|           1|
    |select_ln97_100_fu_7771_p3  |    select|   0|  0|  13|           1|          13|
    |select_ln97_101_fu_7811_p3  |    select|   0|  0|  13|           1|          13|
    |select_ln97_102_fu_7885_p3  |    select|   0|  0|  13|           1|          13|
    |select_ln97_103_fu_7925_p3  |    select|   0|  0|  13|           1|          13|
    |select_ln97_104_fu_7999_p3  |    select|   0|  0|  13|           1|          13|
    |select_ln97_105_fu_8039_p3  |    select|   0|  0|  13|           1|          13|
    |select_ln97_106_fu_8113_p3  |    select|   0|  0|  13|           1|          13|
    |select_ln97_107_fu_8153_p3  |    select|   0|  0|  13|           1|          13|
    |select_ln97_108_fu_8227_p3  |    select|   0|  0|  13|           1|          13|
    |select_ln97_109_fu_8267_p3  |    select|   0|  0|  13|           1|          13|
    |select_ln97_110_fu_8341_p3  |    select|   0|  0|  13|           1|          13|
    |select_ln97_111_fu_8381_p3  |    select|   0|  0|  13|           1|          13|
    |select_ln97_112_fu_8455_p3  |    select|   0|  0|  13|           1|          13|
    |select_ln97_113_fu_8495_p3  |    select|   0|  0|  13|           1|          13|
    |select_ln97_114_fu_8569_p3  |    select|   0|  0|  13|           1|          13|
    |select_ln97_115_fu_8609_p3  |    select|   0|  0|  13|           1|          13|
    |select_ln97_116_fu_8683_p3  |    select|   0|  0|  13|           1|          13|
    |select_ln97_117_fu_8723_p3  |    select|   0|  0|  13|           1|          13|
    |select_ln97_118_fu_8797_p3  |    select|   0|  0|  13|           1|          13|
    |select_ln97_119_fu_8837_p3  |    select|   0|  0|  13|           1|          13|
    |select_ln97_120_fu_8911_p3  |    select|   0|  0|  13|           1|          13|
    |select_ln97_121_fu_8951_p3  |    select|   0|  0|  13|           1|          13|
    |select_ln97_122_fu_9025_p3  |    select|   0|  0|  13|           1|          13|
    |select_ln97_123_fu_9065_p3  |    select|   0|  0|  13|           1|          13|
    |select_ln97_124_fu_9139_p3  |    select|   0|  0|  13|           1|          13|
    |select_ln97_125_fu_9179_p3  |    select|   0|  0|  13|           1|          13|
    |select_ln97_126_fu_9253_p3  |    select|   0|  0|  13|           1|          13|
    |select_ln97_127_fu_9293_p3  |    select|   0|  0|  13|           1|          13|
    |select_ln97_128_fu_9367_p3  |    select|   0|  0|  13|           1|          13|
    |select_ln97_129_fu_9407_p3  |    select|   0|  0|  13|           1|          13|
    |select_ln97_1_fu_5571_p3    |    select|   0|  0|   8|           1|           8|
    |select_ln97_66_fu_5579_p3   |    select|   0|  0|  13|           1|          13|
    |select_ln97_67_fu_5619_p3   |    select|   0|  0|  13|           1|          13|
    |select_ln97_68_fu_5947_p3   |    select|   0|  0|  13|           1|          13|
    |select_ln97_69_fu_5987_p3   |    select|   0|  0|  13|           1|          13|
    |select_ln97_70_fu_6061_p3   |    select|   0|  0|  13|           1|          13|
    |select_ln97_71_fu_6101_p3   |    select|   0|  0|  13|           1|          13|
    |select_ln97_72_fu_6175_p3   |    select|   0|  0|  13|           1|          13|
    |select_ln97_73_fu_6215_p3   |    select|   0|  0|  13|           1|          13|
    |select_ln97_74_fu_6289_p3   |    select|   0|  0|  13|           1|          13|
    |select_ln97_75_fu_6329_p3   |    select|   0|  0|  13|           1|          13|
    |select_ln97_76_fu_6403_p3   |    select|   0|  0|  13|           1|          13|
    |select_ln97_77_fu_6443_p3   |    select|   0|  0|  13|           1|          13|
    |select_ln97_78_fu_6517_p3   |    select|   0|  0|  13|           1|          13|
    |select_ln97_79_fu_6557_p3   |    select|   0|  0|  13|           1|          13|
    |select_ln97_80_fu_6631_p3   |    select|   0|  0|  13|           1|          13|
    |select_ln97_81_fu_6671_p3   |    select|   0|  0|  13|           1|          13|
    |select_ln97_82_fu_6745_p3   |    select|   0|  0|  13|           1|          13|
    |select_ln97_83_fu_6785_p3   |    select|   0|  0|  13|           1|          13|
    |select_ln97_84_fu_6859_p3   |    select|   0|  0|  13|           1|          13|
    |select_ln97_85_fu_6899_p3   |    select|   0|  0|  13|           1|          13|
    |select_ln97_86_fu_6973_p3   |    select|   0|  0|  13|           1|          13|
    |select_ln97_87_fu_7013_p3   |    select|   0|  0|  13|           1|          13|
    |select_ln97_88_fu_7087_p3   |    select|   0|  0|  13|           1|          13|
    |select_ln97_89_fu_7127_p3   |    select|   0|  0|  13|           1|          13|
    |select_ln97_90_fu_7201_p3   |    select|   0|  0|  13|           1|          13|
    |select_ln97_91_fu_7241_p3   |    select|   0|  0|  13|           1|          13|
    |select_ln97_92_fu_7315_p3   |    select|   0|  0|  13|           1|          13|
    |select_ln97_93_fu_7355_p3   |    select|   0|  0|  13|           1|          13|
    |select_ln97_94_fu_7429_p3   |    select|   0|  0|  13|           1|          13|
    |select_ln97_95_fu_7469_p3   |    select|   0|  0|  13|           1|          13|
    |select_ln97_96_fu_7543_p3   |    select|   0|  0|  13|           1|          13|
    |select_ln97_97_fu_7583_p3   |    select|   0|  0|  13|           1|          13|
    |select_ln97_98_fu_7657_p3   |    select|   0|  0|  13|           1|          13|
    |select_ln97_99_fu_7697_p3   |    select|   0|  0|  13|           1|          13|
    |select_ln97_fu_5551_p3      |    select|   0|  0|   4|           1|           1|
    |ap_enable_pp3               |       xor|   0|  0|   2|           1|           2|
    |ap_enable_pp4               |       xor|   0|  0|   2|           1|           2|
    |ap_enable_reg_pp4_iter1     |       xor|   0|  0|   2|           2|           1|
    +----------------------------+----------+----+---+----+------------+------------+
    |Total                       |          |   0|  0|2842|        1880|        1755|
    +----------------------------+----------+----+---+----+------------+------------+

    * Multiplexer: 
    +---------------------------------------------+-----+-----------+-----+-----------+
    |                     Name                    | LUT | Input Size| Bits| Total Bits|
    +---------------------------------------------+-----+-----------+-----+-----------+
    |ap_NS_fsm                                    |  193|         44|    1|         44|
    |ap_enable_reg_pp3_iter40                     |    9|          2|    1|          2|
    |ap_enable_reg_pp4_iter1                      |    9|          2|    1|          2|
    |ap_enable_reg_pp4_iter3                      |    9|          2|    1|          2|
    |ap_phi_mux_i_3_phi_fu_4502_p4                |    9|          2|    8|         16|
    |ap_phi_mux_i_4_phi_fu_4556_p4                |    9|          2|    8|         16|
    |ap_phi_mux_indvar_flatten271_phi_fu_4491_p4  |    9|          2|   11|         22|
    |ap_phi_mux_j_2_phi_fu_4514_p4                |    9|          2|    4|          8|
    |ap_phi_mux_os_idx_2_phi_fu_4566_p4           |    9|          2|   14|         28|
    |grp_fu_4584_p0                               |   42|          8|   32|        256|
    |grp_fu_4584_p1                               |  147|         33|   32|       1056|
    |grp_fu_4588_p0                               |   42|          8|   32|        256|
    |grp_fu_4588_p1                               |  147|         33|   32|       1056|
    |grp_fu_4592_p0                               |   42|          8|   32|        256|
    |grp_fu_4592_p1                               |  147|         33|   32|       1056|
    |grp_fu_4596_p0                               |   42|          8|   32|        256|
    |grp_fu_4596_p1                               |  147|         33|   32|       1056|
    |grp_fu_4600_p0                               |   42|          8|   32|        256|
    |grp_fu_4600_p1                               |  147|         33|   32|       1056|
    |grp_fu_4604_p0                               |   42|          8|   32|        256|
    |grp_fu_4604_p1                               |  147|         33|   32|       1056|
    |grp_fu_4608_p0                               |   42|          8|   32|        256|
    |grp_fu_4608_p1                               |  147|         33|   32|       1056|
    |grp_fu_4612_p0                               |   42|          8|   32|        256|
    |grp_fu_4612_p1                               |  147|         33|   32|       1056|
    |grp_fu_4616_p0                               |   25|          5|   32|        160|
    |grp_fu_4616_p1                               |   25|          5|   32|        160|
    |grp_fu_4620_p0                               |   25|          5|   32|        160|
    |grp_fu_4620_p1                               |   25|          5|   32|        160|
    |grp_fu_4624_p0                               |   25|          5|   32|        160|
    |grp_fu_4624_p1                               |   25|          5|   32|        160|
    |grp_fu_4628_p0                               |   25|          5|   32|        160|
    |grp_fu_4628_p1                               |   25|          5|   32|        160|
    |grp_fu_4632_p0                               |   25|          5|   32|        160|
    |grp_fu_4632_p1                               |   25|          5|   32|        160|
    |grp_fu_4636_p0                               |   25|          5|   32|        160|
    |grp_fu_4636_p1                               |   25|          5|   32|        160|
    |grp_fu_4640_p0                               |   25|          5|   32|        160|
    |grp_fu_4640_p1                               |   25|          5|   32|        160|
    |grp_fu_4644_p0                               |   25|          5|   32|        160|
    |grp_fu_4644_p1                               |   25|          5|   32|        160|
    |i_1_reg_4396                                 |    9|          2|    4|          8|
    |i_2_reg_4465                                 |    9|          2|    8|         16|
    |i_3_reg_4498                                 |    9|          2|    8|         16|
    |i_4_reg_4552                                 |    9|          2|    8|         16|
    |i_reg_4374                                   |    9|          2|    4|          8|
    |in_buf_0_address0                            |  151|         34|   13|        442|
    |in_buf_0_address1                            |  151|         34|   13|        442|
    |in_buf_1_address0                            |  151|         34|   13|        442|
    |in_buf_1_address1                            |  151|         34|   13|        442|
    |in_buf_2_address0                            |  151|         34|   13|        442|
    |in_buf_2_address1                            |  151|         34|   13|        442|
    |in_buf_3_address0                            |  151|         34|   13|        442|
    |in_buf_3_address1                            |  151|         34|   13|        442|
    |in_stream_TDATA_blk_n                        |    9|          2|    1|          2|
    |indvar_flatten271_reg_4487                   |    9|          2|   11|         22|
    |indvar_flatten279_reg_4521                   |    9|          2|   10|         20|
    |indvar_flatten7_reg_4454                     |    9|          2|   15|         30|
    |indvar_flatten_reg_4385                      |    9|          2|   11|         22|
    |indvars_iv329_reg_4418                       |    9|          2|   14|         28|
    |indvars_iv331_reg_4542                       |    9|          2|   14|         28|
    |j_1_reg_4476                                 |    9|          2|    9|         18|
    |j_2_reg_4510                                 |    9|          2|    4|          8|
    |j_3_reg_4573                                 |    9|          2|    4|          8|
    |j_reg_4407                                   |    9|          2|    9|         18|
    |offset_buf_address0                          |   14|          3|    4|         12|
    |os_idx_1_reg_4532                            |    9|          2|   14|         28|
    |os_idx_2_reg_4563                            |    9|          2|   14|         28|
    |os_idx_reg_4430                              |    9|          2|   14|         28|
    |out_buf_address0                             |   14|          3|   11|         33|
    |out_stream_TDATA_blk_n                       |    9|          2|    1|          2|
    |t_reg_4442                                   |    9|          2|   12|         24|
    |weight_buf_0_address0                        |  151|         34|   10|        340|
    |weight_buf_0_address1                        |  151|         34|   10|        340|
    |weight_buf_1_address0                        |  151|         34|   10|        340|
    |weight_buf_1_address1                        |  151|         34|   10|        340|
    |weight_buf_2_address0                        |  151|         34|   10|        340|
    |weight_buf_2_address1                        |  151|         34|   10|        340|
    |weight_buf_3_address0                        |  151|         34|   10|        340|
    |weight_buf_3_address1                        |  151|         34|   10|        340|
    +---------------------------------------------+-----+-----------+-----+-----------+
    |Total                                        | 4810|       1060| 1461|      19875|
    +---------------------------------------------+-----+-----------+-----+-----------+

    * Register: 
    +--------------------------------------+-----+----+-----+-----------+
    |                 Name                 |  FF | LUT| Bits| Const Bits|
    +--------------------------------------+-----+----+-----+-----------+
    |add_ln100_reg_13861                   |    4|   0|    4|          0|
    |add_ln108_1_reg_14066                 |   11|   0|   11|          0|
    |add_ln118_1_reg_14100                 |   11|   0|   11|          0|
    |add_ln119_reg_14105                   |   10|   0|   11|          1|
    |add_ln120_reg_14110                   |   14|   0|   14|          0|
    |add_ln97_1_reg_9747                   |   11|   0|   11|          0|
    |ap_CS_fsm                             |   43|   0|   43|          0|
    |ap_enable_reg_pp3_iter0               |    1|   0|    1|          0|
    |ap_enable_reg_pp3_iter1               |    1|   0|    1|          0|
    |ap_enable_reg_pp3_iter10              |    1|   0|    1|          0|
    |ap_enable_reg_pp3_iter11              |    1|   0|    1|          0|
    |ap_enable_reg_pp3_iter12              |    1|   0|    1|          0|
    |ap_enable_reg_pp3_iter13              |    1|   0|    1|          0|
    |ap_enable_reg_pp3_iter14              |    1|   0|    1|          0|
    |ap_enable_reg_pp3_iter15              |    1|   0|    1|          0|
    |ap_enable_reg_pp3_iter16              |    1|   0|    1|          0|
    |ap_enable_reg_pp3_iter17              |    1|   0|    1|          0|
    |ap_enable_reg_pp3_iter18              |    1|   0|    1|          0|
    |ap_enable_reg_pp3_iter19              |    1|   0|    1|          0|
    |ap_enable_reg_pp3_iter2               |    1|   0|    1|          0|
    |ap_enable_reg_pp3_iter20              |    1|   0|    1|          0|
    |ap_enable_reg_pp3_iter21              |    1|   0|    1|          0|
    |ap_enable_reg_pp3_iter22              |    1|   0|    1|          0|
    |ap_enable_reg_pp3_iter23              |    1|   0|    1|          0|
    |ap_enable_reg_pp3_iter24              |    1|   0|    1|          0|
    |ap_enable_reg_pp3_iter25              |    1|   0|    1|          0|
    |ap_enable_reg_pp3_iter26              |    1|   0|    1|          0|
    |ap_enable_reg_pp3_iter27              |    1|   0|    1|          0|
    |ap_enable_reg_pp3_iter28              |    1|   0|    1|          0|
    |ap_enable_reg_pp3_iter29              |    1|   0|    1|          0|
    |ap_enable_reg_pp3_iter3               |    1|   0|    1|          0|
    |ap_enable_reg_pp3_iter30              |    1|   0|    1|          0|
    |ap_enable_reg_pp3_iter31              |    1|   0|    1|          0|
    |ap_enable_reg_pp3_iter32              |    1|   0|    1|          0|
    |ap_enable_reg_pp3_iter33              |    1|   0|    1|          0|
    |ap_enable_reg_pp3_iter34              |    1|   0|    1|          0|
    |ap_enable_reg_pp3_iter35              |    1|   0|    1|          0|
    |ap_enable_reg_pp3_iter36              |    1|   0|    1|          0|
    |ap_enable_reg_pp3_iter37              |    1|   0|    1|          0|
    |ap_enable_reg_pp3_iter38              |    1|   0|    1|          0|
    |ap_enable_reg_pp3_iter39              |    1|   0|    1|          0|
    |ap_enable_reg_pp3_iter4               |    1|   0|    1|          0|
    |ap_enable_reg_pp3_iter40              |    1|   0|    1|          0|
    |ap_enable_reg_pp3_iter5               |    1|   0|    1|          0|
    |ap_enable_reg_pp3_iter6               |    1|   0|    1|          0|
    |ap_enable_reg_pp3_iter7               |    1|   0|    1|          0|
    |ap_enable_reg_pp3_iter8               |    1|   0|    1|          0|
    |ap_enable_reg_pp3_iter9               |    1|   0|    1|          0|
    |ap_enable_reg_pp4_iter0               |    1|   0|    1|          0|
    |ap_enable_reg_pp4_iter1               |    1|   0|    1|          0|
    |ap_enable_reg_pp4_iter2               |    1|   0|    1|          0|
    |ap_enable_reg_pp4_iter3               |    1|   0|    1|          0|
    |e_last_V_reg_14115                    |    1|   0|    1|          0|
    |i_1_reg_4396                          |    4|   0|    4|          0|
    |i_2_reg_4465                          |    8|   0|    8|          0|
    |i_3_reg_4498                          |    8|   0|    8|          0|
    |i_4_reg_4552                          |    8|   0|    8|          0|
    |i_reg_4374                            |    4|   0|    4|          0|
    |icmp_ln100_reg_9756                   |    1|   0|    1|          0|
    |icmp_ln114_reg_14081                  |    1|   0|    1|          0|
    |icmp_ln97_reg_9752                    |    1|   0|    1|          0|
    |indvar_flatten271_reg_4487            |   11|   0|   11|          0|
    |indvar_flatten279_reg_4521            |   10|   0|   10|          0|
    |indvar_flatten7_reg_4454              |   15|   0|   15|          0|
    |indvar_flatten_reg_4385               |   11|   0|   11|          0|
    |indvars_iv329_reg_4418                |   14|   0|   14|          0|
    |indvars_iv331_reg_4542                |   14|   0|   14|          0|
    |j_1_reg_4476                          |    9|   0|    9|          0|
    |j_2_reg_4510                          |    4|   0|    4|          0|
    |j_3_reg_4573                          |    4|   0|    4|          0|
    |j_reg_4407                            |    9|   0|    9|          0|
    |mul_100_reg_12876                     |   32|   0|   32|          0|
    |mul_101_reg_12991                     |   32|   0|   32|          0|
    |mul_102_reg_12996                     |   32|   0|   32|          0|
    |mul_103_reg_13111                     |   32|   0|   32|          0|
    |mul_104_reg_13116                     |   32|   0|   32|          0|
    |mul_105_reg_13231                     |   32|   0|   32|          0|
    |mul_106_reg_13236                     |   32|   0|   32|          0|
    |mul_107_reg_13351                     |   32|   0|   32|          0|
    |mul_108_reg_13356                     |   32|   0|   32|          0|
    |mul_109_reg_13471                     |   32|   0|   32|          0|
    |mul_10_reg_11306                      |   32|   0|   32|          0|
    |mul_10_reg_11306_pp3_iter1_reg        |   32|   0|   32|          0|
    |mul_110_reg_13476                     |   32|   0|   32|          0|
    |mul_111_reg_13591                     |   32|   0|   32|          0|
    |mul_112_reg_13596                     |   32|   0|   32|          0|
    |mul_113_reg_13711                     |   32|   0|   32|          0|
    |mul_114_reg_13716                     |   32|   0|   32|          0|
    |mul_115_reg_13831                     |   32|   0|   32|          0|
    |mul_116_reg_13836                     |   32|   0|   32|          0|
    |mul_117_reg_13876                     |   32|   0|   32|          0|
    |mul_118_reg_13881                     |   32|   0|   32|          0|
    |mul_119_reg_13916                     |   32|   0|   32|          0|
    |mul_11_reg_11421                      |   32|   0|   32|          0|
    |mul_11_reg_11421_pp3_iter1_reg        |   32|   0|   32|          0|
    |mul_120_reg_13921                     |   32|   0|   32|          0|
    |mul_121_reg_13956                     |   32|   0|   32|          0|
    |mul_122_reg_13961                     |   32|   0|   32|          0|
    |mul_123_reg_13996                     |   32|   0|   32|          0|
    |mul_124_reg_14001                     |   32|   0|   32|          0|
    |mul_125_reg_14036                     |   32|   0|   32|          0|
    |mul_126_reg_14041                     |   32|   0|   32|          0|
    |mul_127_reg_10721                     |   32|   0|   32|          0|
    |mul_128_reg_10726                     |   32|   0|   32|          0|
    |mul_129_reg_10841                     |   32|   0|   32|          0|
    |mul_12_reg_11426                      |   32|   0|   32|          0|
    |mul_12_reg_11426_pp3_iter1_reg        |   32|   0|   32|          0|
    |mul_130_reg_10846                     |   32|   0|   32|          0|
    |mul_131_reg_10961                     |   32|   0|   32|          0|
    |mul_132_reg_10966                     |   32|   0|   32|          0|
    |mul_133_reg_11081                     |   32|   0|   32|          0|
    |mul_134_reg_11086                     |   32|   0|   32|          0|
    |mul_135_reg_11201                     |   32|   0|   32|          0|
    |mul_136_reg_11206                     |   32|   0|   32|          0|
    |mul_137_reg_11321                     |   32|   0|   32|          0|
    |mul_138_reg_11326                     |   32|   0|   32|          0|
    |mul_139_reg_11441                     |   32|   0|   32|          0|
    |mul_13_reg_11541                      |   32|   0|   32|          0|
    |mul_140_reg_11446                     |   32|   0|   32|          0|
    |mul_141_reg_11561                     |   32|   0|   32|          0|
    |mul_142_reg_11566                     |   32|   0|   32|          0|
    |mul_143_reg_11681                     |   32|   0|   32|          0|
    |mul_144_reg_11686                     |   32|   0|   32|          0|
    |mul_145_reg_11801                     |   32|   0|   32|          0|
    |mul_146_reg_11806                     |   32|   0|   32|          0|
    |mul_147_reg_11921                     |   32|   0|   32|          0|
    |mul_148_reg_11926                     |   32|   0|   32|          0|
    |mul_149_reg_12041                     |   32|   0|   32|          0|
    |mul_14_reg_11546                      |   32|   0|   32|          0|
    |mul_150_reg_12046                     |   32|   0|   32|          0|
    |mul_151_reg_12161                     |   32|   0|   32|          0|
    |mul_152_reg_12166                     |   32|   0|   32|          0|
    |mul_153_reg_12281                     |   32|   0|   32|          0|
    |mul_154_reg_12286                     |   32|   0|   32|          0|
    |mul_155_reg_12401                     |   32|   0|   32|          0|
    |mul_156_reg_12406                     |   32|   0|   32|          0|
    |mul_157_reg_12521                     |   32|   0|   32|          0|
    |mul_158_reg_12526                     |   32|   0|   32|          0|
    |mul_159_reg_12641                     |   32|   0|   32|          0|
    |mul_15_reg_11661                      |   32|   0|   32|          0|
    |mul_160_reg_12646                     |   32|   0|   32|          0|
    |mul_161_reg_12761                     |   32|   0|   32|          0|
    |mul_162_reg_12766                     |   32|   0|   32|          0|
    |mul_163_reg_12881                     |   32|   0|   32|          0|
    |mul_164_reg_12886                     |   32|   0|   32|          0|
    |mul_165_reg_13001                     |   32|   0|   32|          0|
    |mul_166_reg_13006                     |   32|   0|   32|          0|
    |mul_167_reg_13121                     |   32|   0|   32|          0|
    |mul_168_reg_13126                     |   32|   0|   32|          0|
    |mul_169_reg_13241                     |   32|   0|   32|          0|
    |mul_16_reg_11666                      |   32|   0|   32|          0|
    |mul_170_reg_13246                     |   32|   0|   32|          0|
    |mul_171_reg_13361                     |   32|   0|   32|          0|
    |mul_172_reg_13366                     |   32|   0|   32|          0|
    |mul_173_reg_13481                     |   32|   0|   32|          0|
    |mul_174_reg_13486                     |   32|   0|   32|          0|
    |mul_175_reg_13601                     |   32|   0|   32|          0|
    |mul_176_reg_13606                     |   32|   0|   32|          0|
    |mul_177_reg_13721                     |   32|   0|   32|          0|
    |mul_178_reg_13726                     |   32|   0|   32|          0|
    |mul_179_reg_13841                     |   32|   0|   32|          0|
    |mul_17_reg_11781                      |   32|   0|   32|          0|
    |mul_180_reg_13846                     |   32|   0|   32|          0|
    |mul_181_reg_13886                     |   32|   0|   32|          0|
    |mul_182_reg_13891                     |   32|   0|   32|          0|
    |mul_183_reg_13926                     |   32|   0|   32|          0|
    |mul_184_reg_13931                     |   32|   0|   32|          0|
    |mul_185_reg_13966                     |   32|   0|   32|          0|
    |mul_186_reg_13971                     |   32|   0|   32|          0|
    |mul_187_reg_14006                     |   32|   0|   32|          0|
    |mul_188_reg_14011                     |   32|   0|   32|          0|
    |mul_189_reg_14046                     |   32|   0|   32|          0|
    |mul_18_reg_11786                      |   32|   0|   32|          0|
    |mul_190_reg_14051                     |   32|   0|   32|          0|
    |mul_191_reg_10731                     |   32|   0|   32|          0|
    |mul_192_reg_10736                     |   32|   0|   32|          0|
    |mul_193_reg_10851                     |   32|   0|   32|          0|
    |mul_194_reg_10856                     |   32|   0|   32|          0|
    |mul_195_reg_10971                     |   32|   0|   32|          0|
    |mul_196_reg_10976                     |   32|   0|   32|          0|
    |mul_197_reg_11091                     |   32|   0|   32|          0|
    |mul_198_reg_11096                     |   32|   0|   32|          0|
    |mul_199_reg_11211                     |   32|   0|   32|          0|
    |mul_19_reg_11901                      |   32|   0|   32|          0|
    |mul_1_reg_10706                       |   32|   0|   32|          0|
    |mul_200_reg_11216                     |   32|   0|   32|          0|
    |mul_201_reg_11331                     |   32|   0|   32|          0|
    |mul_202_reg_11336                     |   32|   0|   32|          0|
    |mul_203_reg_11451                     |   32|   0|   32|          0|
    |mul_204_reg_11456                     |   32|   0|   32|          0|
    |mul_205_reg_11571                     |   32|   0|   32|          0|
    |mul_206_reg_11576                     |   32|   0|   32|          0|
    |mul_207_reg_11691                     |   32|   0|   32|          0|
    |mul_208_reg_11696                     |   32|   0|   32|          0|
    |mul_209_reg_11811                     |   32|   0|   32|          0|
    |mul_20_reg_11906                      |   32|   0|   32|          0|
    |mul_210_reg_11816                     |   32|   0|   32|          0|
    |mul_211_reg_11931                     |   32|   0|   32|          0|
    |mul_212_reg_11936                     |   32|   0|   32|          0|
    |mul_213_reg_12051                     |   32|   0|   32|          0|
    |mul_214_reg_12056                     |   32|   0|   32|          0|
    |mul_215_reg_12171                     |   32|   0|   32|          0|
    |mul_216_reg_12176                     |   32|   0|   32|          0|
    |mul_217_reg_12291                     |   32|   0|   32|          0|
    |mul_218_reg_12296                     |   32|   0|   32|          0|
    |mul_219_reg_12411                     |   32|   0|   32|          0|
    |mul_21_reg_12021                      |   32|   0|   32|          0|
    |mul_220_reg_12416                     |   32|   0|   32|          0|
    |mul_221_reg_12531                     |   32|   0|   32|          0|
    |mul_222_reg_12536                     |   32|   0|   32|          0|
    |mul_223_reg_12651                     |   32|   0|   32|          0|
    |mul_224_reg_12656                     |   32|   0|   32|          0|
    |mul_225_reg_12771                     |   32|   0|   32|          0|
    |mul_226_reg_12776                     |   32|   0|   32|          0|
    |mul_227_reg_12891                     |   32|   0|   32|          0|
    |mul_228_reg_12896                     |   32|   0|   32|          0|
    |mul_229_reg_13011                     |   32|   0|   32|          0|
    |mul_22_reg_12026                      |   32|   0|   32|          0|
    |mul_230_reg_13016                     |   32|   0|   32|          0|
    |mul_231_reg_13131                     |   32|   0|   32|          0|
    |mul_232_reg_13136                     |   32|   0|   32|          0|
    |mul_233_reg_13251                     |   32|   0|   32|          0|
    |mul_234_reg_13256                     |   32|   0|   32|          0|
    |mul_235_reg_13371                     |   32|   0|   32|          0|
    |mul_236_reg_13376                     |   32|   0|   32|          0|
    |mul_237_reg_13491                     |   32|   0|   32|          0|
    |mul_238_reg_13496                     |   32|   0|   32|          0|
    |mul_239_reg_13611                     |   32|   0|   32|          0|
    |mul_23_reg_12141                      |   32|   0|   32|          0|
    |mul_240_reg_13616                     |   32|   0|   32|          0|
    |mul_241_reg_13731                     |   32|   0|   32|          0|
    |mul_242_reg_13736                     |   32|   0|   32|          0|
    |mul_243_reg_13851                     |   32|   0|   32|          0|
    |mul_244_reg_13856                     |   32|   0|   32|          0|
    |mul_245_reg_13896                     |   32|   0|   32|          0|
    |mul_246_reg_13901                     |   32|   0|   32|          0|
    |mul_247_reg_13936                     |   32|   0|   32|          0|
    |mul_248_reg_13941                     |   32|   0|   32|          0|
    |mul_249_reg_13976                     |   32|   0|   32|          0|
    |mul_24_reg_12146                      |   32|   0|   32|          0|
    |mul_250_reg_13981                     |   32|   0|   32|          0|
    |mul_251_reg_14016                     |   32|   0|   32|          0|
    |mul_252_reg_14021                     |   32|   0|   32|          0|
    |mul_253_reg_14056                     |   32|   0|   32|          0|
    |mul_254_reg_14061                     |   32|   0|   32|          0|
    |mul_25_reg_12261                      |   32|   0|   32|          0|
    |mul_26_reg_12266                      |   32|   0|   32|          0|
    |mul_27_reg_12381                      |   32|   0|   32|          0|
    |mul_28_reg_12386                      |   32|   0|   32|          0|
    |mul_29_reg_12501                      |   32|   0|   32|          0|
    |mul_2_reg_10821                       |   32|   0|   32|          0|
    |mul_30_reg_12506                      |   32|   0|   32|          0|
    |mul_31_reg_12621                      |   32|   0|   32|          0|
    |mul_32_reg_12626                      |   32|   0|   32|          0|
    |mul_33_reg_12741                      |   32|   0|   32|          0|
    |mul_34_reg_12746                      |   32|   0|   32|          0|
    |mul_35_reg_12861                      |   32|   0|   32|          0|
    |mul_36_reg_12866                      |   32|   0|   32|          0|
    |mul_37_reg_12981                      |   32|   0|   32|          0|
    |mul_38_reg_12986                      |   32|   0|   32|          0|
    |mul_39_reg_13101                      |   32|   0|   32|          0|
    |mul_3_reg_10826                       |   32|   0|   32|          0|
    |mul_40_reg_13106                      |   32|   0|   32|          0|
    |mul_41_reg_13221                      |   32|   0|   32|          0|
    |mul_42_reg_13226                      |   32|   0|   32|          0|
    |mul_43_reg_13341                      |   32|   0|   32|          0|
    |mul_44_reg_13346                      |   32|   0|   32|          0|
    |mul_45_reg_13461                      |   32|   0|   32|          0|
    |mul_46_reg_13466                      |   32|   0|   32|          0|
    |mul_47_reg_13581                      |   32|   0|   32|          0|
    |mul_48_reg_13586                      |   32|   0|   32|          0|
    |mul_49_reg_13701                      |   32|   0|   32|          0|
    |mul_4_reg_10941                       |   32|   0|   32|          0|
    |mul_50_reg_13706                      |   32|   0|   32|          0|
    |mul_51_reg_13821                      |   32|   0|   32|          0|
    |mul_52_reg_13826                      |   32|   0|   32|          0|
    |mul_53_reg_13866                      |   32|   0|   32|          0|
    |mul_54_reg_13871                      |   32|   0|   32|          0|
    |mul_55_reg_13906                      |   32|   0|   32|          0|
    |mul_56_reg_13911                      |   32|   0|   32|          0|
    |mul_57_reg_13946                      |   32|   0|   32|          0|
    |mul_58_reg_13951                      |   32|   0|   32|          0|
    |mul_59_reg_13986                      |   32|   0|   32|          0|
    |mul_5_reg_10946                       |   32|   0|   32|          0|
    |mul_60_reg_13991                      |   32|   0|   32|          0|
    |mul_61_reg_14026                      |   32|   0|   32|          0|
    |mul_62_reg_14031                      |   32|   0|   32|          0|
    |mul_63_reg_10711                      |   32|   0|   32|          0|
    |mul_64_reg_10716                      |   32|   0|   32|          0|
    |mul_65_reg_10831                      |   32|   0|   32|          0|
    |mul_66_reg_10836                      |   32|   0|   32|          0|
    |mul_67_reg_10951                      |   32|   0|   32|          0|
    |mul_68_reg_10956                      |   32|   0|   32|          0|
    |mul_69_reg_11071                      |   32|   0|   32|          0|
    |mul_6_reg_11061                       |   32|   0|   32|          0|
    |mul_70_reg_11076                      |   32|   0|   32|          0|
    |mul_71_reg_11191                      |   32|   0|   32|          0|
    |mul_72_reg_11196                      |   32|   0|   32|          0|
    |mul_73_reg_11311                      |   32|   0|   32|          0|
    |mul_74_reg_11316                      |   32|   0|   32|          0|
    |mul_75_reg_11431                      |   32|   0|   32|          0|
    |mul_76_reg_11436                      |   32|   0|   32|          0|
    |mul_77_reg_11551                      |   32|   0|   32|          0|
    |mul_78_reg_11556                      |   32|   0|   32|          0|
    |mul_79_reg_11671                      |   32|   0|   32|          0|
    |mul_7_reg_11066                       |   32|   0|   32|          0|
    |mul_7_reg_11066_pp3_iter1_reg         |   32|   0|   32|          0|
    |mul_80_reg_11676                      |   32|   0|   32|          0|
    |mul_81_reg_11791                      |   32|   0|   32|          0|
    |mul_82_reg_11796                      |   32|   0|   32|          0|
    |mul_83_reg_11911                      |   32|   0|   32|          0|
    |mul_84_reg_11916                      |   32|   0|   32|          0|
    |mul_85_reg_12031                      |   32|   0|   32|          0|
    |mul_86_reg_12036                      |   32|   0|   32|          0|
    |mul_87_reg_12151                      |   32|   0|   32|          0|
    |mul_88_reg_12156                      |   32|   0|   32|          0|
    |mul_89_reg_12271                      |   32|   0|   32|          0|
    |mul_8_reg_11181                       |   32|   0|   32|          0|
    |mul_8_reg_11181_pp3_iter1_reg         |   32|   0|   32|          0|
    |mul_90_reg_12276                      |   32|   0|   32|          0|
    |mul_91_reg_12391                      |   32|   0|   32|          0|
    |mul_92_reg_12396                      |   32|   0|   32|          0|
    |mul_93_reg_12511                      |   32|   0|   32|          0|
    |mul_94_reg_12516                      |   32|   0|   32|          0|
    |mul_95_reg_12631                      |   32|   0|   32|          0|
    |mul_96_reg_12636                      |   32|   0|   32|          0|
    |mul_97_reg_12751                      |   32|   0|   32|          0|
    |mul_98_reg_12756                      |   32|   0|   32|          0|
    |mul_99_reg_12871                      |   32|   0|   32|          0|
    |mul_9_reg_11186                       |   32|   0|   32|          0|
    |mul_9_reg_11186_pp3_iter1_reg         |   32|   0|   32|          0|
    |mul_reg_10701                         |   32|   0|   32|          0|
    |mul_s_reg_11301                       |   32|   0|   32|          0|
    |mul_s_reg_11301_pp3_iter1_reg         |   32|   0|   32|          0|
    |os_idx_1_reg_4532                     |   14|   0|   14|          0|
    |os_idx_2_reg_4563                     |   14|   0|   14|          0|
    |os_idx_reg_4430                       |   14|   0|   14|          0|
    |reg_4662                              |   32|   0|   32|          0|
    |reg_4667                              |   32|   0|   32|          0|
    |reg_4672                              |   32|   0|   32|          0|
    |reg_4677                              |   32|   0|   32|          0|
    |reg_4682                              |   32|   0|   32|          0|
    |reg_4687                              |   32|   0|   32|          0|
    |reg_4692                              |   32|   0|   32|          0|
    |reg_4697                              |   32|   0|   32|          0|
    |reg_4702                              |   32|   0|   32|          0|
    |reg_4707                              |   32|   0|   32|          0|
    |reg_4712                              |   32|   0|   32|          0|
    |reg_4717                              |   32|   0|   32|          0|
    |reg_4722                              |   32|   0|   32|          0|
    |reg_4727                              |   32|   0|   32|          0|
    |reg_4732                              |   32|   0|   32|          0|
    |reg_4737                              |   32|   0|   32|          0|
    |reg_4742                              |   32|   0|   32|          0|
    |reg_4747                              |   32|   0|   32|          0|
    |reg_4752                              |   32|   0|   32|          0|
    |reg_4757                              |   32|   0|   32|          0|
    |reg_4762                              |   32|   0|   32|          0|
    |reg_4767                              |   32|   0|   32|          0|
    |reg_4772                              |   32|   0|   32|          0|
    |reg_4777                              |   32|   0|   32|          0|
    |reg_4782                              |   32|   0|   32|          0|
    |reg_4787                              |   32|   0|   32|          0|
    |reg_4792                              |   32|   0|   32|          0|
    |reg_4797                              |   32|   0|   32|          0|
    |reg_4802                              |   32|   0|   32|          0|
    |reg_4807                              |   32|   0|   32|          0|
    |reg_4812                              |   32|   0|   32|          0|
    |reg_4817                              |   32|   0|   32|          0|
    |reg_4822                              |   32|   0|   32|          0|
    |reg_4827                              |   32|   0|   32|          0|
    |reg_4832                              |   32|   0|   32|          0|
    |reg_4837                              |   32|   0|   32|          0|
    |reg_4842                              |   32|   0|   32|          0|
    |reg_4847                              |   32|   0|   32|          0|
    |reg_4852                              |   32|   0|   32|          0|
    |reg_4857                              |   32|   0|   32|          0|
    |reg_4862                              |   32|   0|   32|          0|
    |reg_4867                              |   32|   0|   32|          0|
    |reg_4872                              |   32|   0|   32|          0|
    |reg_4877                              |   32|   0|   32|          0|
    |reg_4882                              |   32|   0|   32|          0|
    |reg_4887                              |   32|   0|   32|          0|
    |reg_4892                              |   32|   0|   32|          0|
    |reg_4897                              |   32|   0|   32|          0|
    |reg_4902                              |   32|   0|   32|          0|
    |reg_4907                              |   32|   0|   32|          0|
    |reg_4912                              |   32|   0|   32|          0|
    |reg_4917                              |   32|   0|   32|          0|
    |reg_4922                              |   32|   0|   32|          0|
    |reg_4927                              |   32|   0|   32|          0|
    |reg_4932                              |   32|   0|   32|          0|
    |reg_4937                              |   32|   0|   32|          0|
    |reg_4942                              |   32|   0|   32|          0|
    |reg_4947                              |   32|   0|   32|          0|
    |reg_4952                              |   32|   0|   32|          0|
    |reg_4957                              |   32|   0|   32|          0|
    |reg_4962                              |   32|   0|   32|          0|
    |reg_4967                              |   32|   0|   32|          0|
    |reg_4972                              |   32|   0|   32|          0|
    |reg_4977                              |   32|   0|   32|          0|
    |reg_4982                              |   32|   0|   32|          0|
    |reg_4987                              |   32|   0|   32|          0|
    |reg_4992                              |   32|   0|   32|          0|
    |reg_4997                              |   32|   0|   32|          0|
    |reg_5002                              |   32|   0|   32|          0|
    |reg_5007                              |   32|   0|   32|          0|
    |reg_5013                              |   32|   0|   32|          0|
    |reg_5018                              |   32|   0|   32|          0|
    |reg_5023                              |   32|   0|   32|          0|
    |reg_5028                              |   32|   0|   32|          0|
    |reg_5033                              |   32|   0|   32|          0|
    |reg_5038                              |   32|   0|   32|          0|
    |reg_5044                              |   32|   0|   32|          0|
    |reg_5049                              |   32|   0|   32|          0|
    |reg_5054                              |   32|   0|   32|          0|
    |reg_5059                              |   32|   0|   32|          0|
    |reg_5064                              |   32|   0|   32|          0|
    |reg_5069                              |   32|   0|   32|          0|
    |reg_5075                              |   32|   0|   32|          0|
    |reg_5080                              |   32|   0|   32|          0|
    |reg_5085                              |   32|   0|   32|          0|
    |reg_5090                              |   32|   0|   32|          0|
    |reg_5095                              |   32|   0|   32|          0|
    |reg_5100                              |   32|   0|   32|          0|
    |reg_5106                              |   32|   0|   32|          0|
    |reg_5111                              |   32|   0|   32|          0|
    |reg_5116                              |   32|   0|   32|          0|
    |reg_5121                              |   32|   0|   32|          0|
    |reg_5126                              |   32|   0|   32|          0|
    |reg_5131                              |   32|   0|   32|          0|
    |reg_5137                              |   32|   0|   32|          0|
    |reg_5142                              |   32|   0|   32|          0|
    |reg_5147                              |   32|   0|   32|          0|
    |reg_5152                              |   32|   0|   32|          0|
    |reg_5157                              |   32|   0|   32|          0|
    |reg_5162                              |   32|   0|   32|          0|
    |reg_5168                              |   32|   0|   32|          0|
    |reg_5173                              |   32|   0|   32|          0|
    |reg_5178                              |   32|   0|   32|          0|
    |reg_5183                              |   32|   0|   32|          0|
    |reg_5188                              |   32|   0|   32|          0|
    |reg_5193                              |   32|   0|   32|          0|
    |reg_5199                              |   32|   0|   32|          0|
    |reg_5204                              |   32|   0|   32|          0|
    |reg_5209                              |   32|   0|   32|          0|
    |reg_5215                              |   32|   0|   32|          0|
    |reg_5220                              |   32|   0|   32|          0|
    |select_ln114_2_reg_14085              |    8|   0|    8|          0|
    |select_ln97_1_reg_9828                |    8|   0|    8|          0|
    |select_ln97_1_reg_9828_pp3_iter1_reg  |    8|   0|    8|          0|
    |select_ln97_reg_9822                  |    4|   0|    4|          0|
    |select_ln97_reg_9822_pp3_iter1_reg    |    4|   0|    4|          0|
    |t_reg_4442                            |   12|   0|   12|          0|
    |tmp_2_253_reg_14071                   |   32|   0|   32|          0|
    |tmp_reg_10376                         |   32|   0|   32|          0|
    |tmp_s_reg_10185                       |    4|   0|   10|          6|
    |trunc_ln97_100_reg_10090              |    7|   0|    7|          0|
    |trunc_ln97_102_reg_10095              |    7|   0|    7|          0|
    |trunc_ln97_104_reg_10100              |    7|   0|    7|          0|
    |trunc_ln97_106_reg_10105              |    7|   0|    7|          0|
    |trunc_ln97_108_reg_10110              |    7|   0|    7|          0|
    |trunc_ln97_10_reg_9865                |    7|   0|    7|          0|
    |trunc_ln97_110_reg_10115              |    7|   0|    7|          0|
    |trunc_ln97_112_reg_10120              |    7|   0|    7|          0|
    |trunc_ln97_114_reg_10125              |    7|   0|    7|          0|
    |trunc_ln97_116_reg_10130              |    7|   0|    7|          0|
    |trunc_ln97_118_reg_10135              |    7|   0|    7|          0|
    |trunc_ln97_120_reg_10140              |    7|   0|    7|          0|
    |trunc_ln97_122_reg_10145              |    7|   0|    7|          0|
    |trunc_ln97_124_reg_10150              |    7|   0|    7|          0|
    |trunc_ln97_12_reg_9870                |    7|   0|    7|          0|
    |trunc_ln97_14_reg_9875                |    7|   0|    7|          0|
    |trunc_ln97_16_reg_9880                |    7|   0|    7|          0|
    |trunc_ln97_18_reg_9885                |    7|   0|    7|          0|
    |trunc_ln97_20_reg_9890                |    7|   0|    7|          0|
    |trunc_ln97_22_reg_9895                |    7|   0|    7|          0|
    |trunc_ln97_24_reg_9900                |    7|   0|    7|          0|
    |trunc_ln97_26_reg_9905                |    7|   0|    7|          0|
    |trunc_ln97_28_reg_9910                |    7|   0|    7|          0|
    |trunc_ln97_2_reg_9845                 |    7|   0|    7|          0|
    |trunc_ln97_30_reg_9915                |    7|   0|    7|          0|
    |trunc_ln97_32_reg_9920                |    7|   0|    7|          0|
    |trunc_ln97_34_reg_9925                |    7|   0|    7|          0|
    |trunc_ln97_36_reg_9930                |    7|   0|    7|          0|
    |trunc_ln97_38_reg_9935                |    7|   0|    7|          0|
    |trunc_ln97_40_reg_9940                |    7|   0|    7|          0|
    |trunc_ln97_42_reg_9945                |    7|   0|    7|          0|
    |trunc_ln97_44_reg_9950                |    7|   0|    7|          0|
    |trunc_ln97_46_reg_9955                |    7|   0|    7|          0|
    |trunc_ln97_48_reg_9960                |    7|   0|    7|          0|
    |trunc_ln97_4_reg_9850                 |    7|   0|    7|          0|
    |trunc_ln97_50_reg_9965                |    7|   0|    7|          0|
    |trunc_ln97_52_reg_9970                |    7|   0|    7|          0|
    |trunc_ln97_54_reg_9975                |    7|   0|    7|          0|
    |trunc_ln97_56_reg_9980                |    7|   0|    7|          0|
    |trunc_ln97_58_reg_9985                |    7|   0|    7|          0|
    |trunc_ln97_60_reg_9990                |    7|   0|    7|          0|
    |trunc_ln97_62_reg_9995                |    7|   0|    7|          0|
    |trunc_ln97_64_reg_10000               |    7|   0|    7|          0|
    |trunc_ln97_66_reg_10005               |    7|   0|    7|          0|
    |trunc_ln97_68_reg_10010               |    7|   0|    7|          0|
    |trunc_ln97_6_reg_9855                 |    7|   0|    7|          0|
    |trunc_ln97_70_reg_10015               |    7|   0|    7|          0|
    |trunc_ln97_72_reg_10020               |    7|   0|    7|          0|
    |trunc_ln97_74_reg_10025               |    7|   0|    7|          0|
    |trunc_ln97_76_reg_10030               |    7|   0|    7|          0|
    |trunc_ln97_78_reg_10035               |    7|   0|    7|          0|
    |trunc_ln97_80_reg_10040               |    7|   0|    7|          0|
    |trunc_ln97_82_reg_10045               |    7|   0|    7|          0|
    |trunc_ln97_84_reg_10050               |    7|   0|    7|          0|
    |trunc_ln97_86_reg_10055               |    7|   0|    7|          0|
    |trunc_ln97_88_reg_10060               |    7|   0|    7|          0|
    |trunc_ln97_8_reg_9860                 |    7|   0|    7|          0|
    |trunc_ln97_90_reg_10065               |    7|   0|    7|          0|
    |trunc_ln97_92_reg_10070               |    7|   0|    7|          0|
    |trunc_ln97_94_reg_10075               |    7|   0|    7|          0|
    |trunc_ln97_96_reg_10080               |    7|   0|    7|          0|
    |trunc_ln97_98_reg_10085               |    7|   0|    7|          0|
    |add_ln108_1_reg_14066                 |   64|  32|   11|          0|
    |e_last_V_reg_14115                    |   64|  32|    1|          0|
    |icmp_ln114_reg_14081                  |   64|  32|    1|          0|
    |icmp_ln97_reg_9752                    |   64|  32|    1|          0|
    |mul_100_reg_12876                     |   64|  32|   32|          0|
    |mul_101_reg_12991                     |   64|  32|   32|          0|
    |mul_102_reg_12996                     |   64|  32|   32|          0|
    |mul_103_reg_13111                     |   64|  32|   32|          0|
    |mul_104_reg_13116                     |   64|  32|   32|          0|
    |mul_105_reg_13231                     |   64|  32|   32|          0|
    |mul_106_reg_13236                     |   64|  32|   32|          0|
    |mul_107_reg_13351                     |   64|  32|   32|          0|
    |mul_108_reg_13356                     |   64|  32|   32|          0|
    |mul_109_reg_13471                     |   64|  32|   32|          0|
    |mul_110_reg_13476                     |   64|  32|   32|          0|
    |mul_111_reg_13591                     |   64|  32|   32|          0|
    |mul_112_reg_13596                     |   64|  32|   32|          0|
    |mul_113_reg_13711                     |   64|  32|   32|          0|
    |mul_114_reg_13716                     |   64|  32|   32|          0|
    |mul_115_reg_13831                     |   64|  32|   32|          0|
    |mul_116_reg_13836                     |   64|  32|   32|          0|
    |mul_117_reg_13876                     |   64|  32|   32|          0|
    |mul_118_reg_13881                     |   64|  32|   32|          0|
    |mul_119_reg_13916                     |   64|  32|   32|          0|
    |mul_120_reg_13921                     |   64|  32|   32|          0|
    |mul_121_reg_13956                     |   64|  32|   32|          0|
    |mul_122_reg_13961                     |   64|  32|   32|          0|
    |mul_123_reg_13996                     |   64|  32|   32|          0|
    |mul_124_reg_14001                     |   64|  32|   32|          0|
    |mul_125_reg_14036                     |   64|  32|   32|          0|
    |mul_126_reg_14041                     |   64|  32|   32|          0|
    |mul_127_reg_10721                     |   64|  32|   32|          0|
    |mul_128_reg_10726                     |   64|  32|   32|          0|
    |mul_129_reg_10841                     |   64|  32|   32|          0|
    |mul_130_reg_10846                     |   64|  32|   32|          0|
    |mul_131_reg_10961                     |   64|  32|   32|          0|
    |mul_132_reg_10966                     |   64|  32|   32|          0|
    |mul_133_reg_11081                     |   64|  32|   32|          0|
    |mul_134_reg_11086                     |   64|  32|   32|          0|
    |mul_135_reg_11201                     |   64|  32|   32|          0|
    |mul_136_reg_11206                     |   64|  32|   32|          0|
    |mul_137_reg_11321                     |   64|  32|   32|          0|
    |mul_138_reg_11326                     |   64|  32|   32|          0|
    |mul_139_reg_11441                     |   64|  32|   32|          0|
    |mul_13_reg_11541                      |   64|  32|   32|          0|
    |mul_140_reg_11446                     |   64|  32|   32|          0|
    |mul_141_reg_11561                     |   64|  32|   32|          0|
    |mul_142_reg_11566                     |   64|  32|   32|          0|
    |mul_143_reg_11681                     |   64|  32|   32|          0|
    |mul_144_reg_11686                     |   64|  32|   32|          0|
    |mul_145_reg_11801                     |   64|  32|   32|          0|
    |mul_146_reg_11806                     |   64|  32|   32|          0|
    |mul_147_reg_11921                     |   64|  32|   32|          0|
    |mul_148_reg_11926                     |   64|  32|   32|          0|
    |mul_149_reg_12041                     |   64|  32|   32|          0|
    |mul_14_reg_11546                      |   64|  32|   32|          0|
    |mul_150_reg_12046                     |   64|  32|   32|          0|
    |mul_151_reg_12161                     |   64|  32|   32|          0|
    |mul_152_reg_12166                     |   64|  32|   32|          0|
    |mul_153_reg_12281                     |   64|  32|   32|          0|
    |mul_154_reg_12286                     |   64|  32|   32|          0|
    |mul_155_reg_12401                     |   64|  32|   32|          0|
    |mul_156_reg_12406                     |   64|  32|   32|          0|
    |mul_157_reg_12521                     |   64|  32|   32|          0|
    |mul_158_reg_12526                     |   64|  32|   32|          0|
    |mul_159_reg_12641                     |   64|  32|   32|          0|
    |mul_15_reg_11661                      |   64|  32|   32|          0|
    |mul_160_reg_12646                     |   64|  32|   32|          0|
    |mul_161_reg_12761                     |   64|  32|   32|          0|
    |mul_162_reg_12766                     |   64|  32|   32|          0|
    |mul_163_reg_12881                     |   64|  32|   32|          0|
    |mul_164_reg_12886                     |   64|  32|   32|          0|
    |mul_165_reg_13001                     |   64|  32|   32|          0|
    |mul_166_reg_13006                     |   64|  32|   32|          0|
    |mul_167_reg_13121                     |   64|  32|   32|          0|
    |mul_168_reg_13126                     |   64|  32|   32|          0|
    |mul_169_reg_13241                     |   64|  32|   32|          0|
    |mul_16_reg_11666                      |   64|  32|   32|          0|
    |mul_170_reg_13246                     |   64|  32|   32|          0|
    |mul_171_reg_13361                     |   64|  32|   32|          0|
    |mul_172_reg_13366                     |   64|  32|   32|          0|
    |mul_173_reg_13481                     |   64|  32|   32|          0|
    |mul_174_reg_13486                     |   64|  32|   32|          0|
    |mul_175_reg_13601                     |   64|  32|   32|          0|
    |mul_176_reg_13606                     |   64|  32|   32|          0|
    |mul_177_reg_13721                     |   64|  32|   32|          0|
    |mul_178_reg_13726                     |   64|  32|   32|          0|
    |mul_179_reg_13841                     |   64|  32|   32|          0|
    |mul_17_reg_11781                      |   64|  32|   32|          0|
    |mul_180_reg_13846                     |   64|  32|   32|          0|
    |mul_181_reg_13886                     |   64|  32|   32|          0|
    |mul_182_reg_13891                     |   64|  32|   32|          0|
    |mul_183_reg_13926                     |   64|  32|   32|          0|
    |mul_184_reg_13931                     |   64|  32|   32|          0|
    |mul_185_reg_13966                     |   64|  32|   32|          0|
    |mul_186_reg_13971                     |   64|  32|   32|          0|
    |mul_187_reg_14006                     |   64|  32|   32|          0|
    |mul_188_reg_14011                     |   64|  32|   32|          0|
    |mul_189_reg_14046                     |   64|  32|   32|          0|
    |mul_18_reg_11786                      |   64|  32|   32|          0|
    |mul_190_reg_14051                     |   64|  32|   32|          0|
    |mul_191_reg_10731                     |   64|  32|   32|          0|
    |mul_192_reg_10736                     |   64|  32|   32|          0|
    |mul_193_reg_10851                     |   64|  32|   32|          0|
    |mul_194_reg_10856                     |   64|  32|   32|          0|
    |mul_195_reg_10971                     |   64|  32|   32|          0|
    |mul_196_reg_10976                     |   64|  32|   32|          0|
    |mul_197_reg_11091                     |   64|  32|   32|          0|
    |mul_198_reg_11096                     |   64|  32|   32|          0|
    |mul_199_reg_11211                     |   64|  32|   32|          0|
    |mul_19_reg_11901                      |   64|  32|   32|          0|
    |mul_200_reg_11216                     |   64|  32|   32|          0|
    |mul_201_reg_11331                     |   64|  32|   32|          0|
    |mul_202_reg_11336                     |   64|  32|   32|          0|
    |mul_203_reg_11451                     |   64|  32|   32|          0|
    |mul_204_reg_11456                     |   64|  32|   32|          0|
    |mul_205_reg_11571                     |   64|  32|   32|          0|
    |mul_206_reg_11576                     |   64|  32|   32|          0|
    |mul_207_reg_11691                     |   64|  32|   32|          0|
    |mul_208_reg_11696                     |   64|  32|   32|          0|
    |mul_209_reg_11811                     |   64|  32|   32|          0|
    |mul_20_reg_11906                      |   64|  32|   32|          0|
    |mul_210_reg_11816                     |   64|  32|   32|          0|
    |mul_211_reg_11931                     |   64|  32|   32|          0|
    |mul_212_reg_11936                     |   64|  32|   32|          0|
    |mul_213_reg_12051                     |   64|  32|   32|          0|
    |mul_214_reg_12056                     |   64|  32|   32|          0|
    |mul_215_reg_12171                     |   64|  32|   32|          0|
    |mul_216_reg_12176                     |   64|  32|   32|          0|
    |mul_217_reg_12291                     |   64|  32|   32|          0|
    |mul_218_reg_12296                     |   64|  32|   32|          0|
    |mul_219_reg_12411                     |   64|  32|   32|          0|
    |mul_21_reg_12021                      |   64|  32|   32|          0|
    |mul_220_reg_12416                     |   64|  32|   32|          0|
    |mul_221_reg_12531                     |   64|  32|   32|          0|
    |mul_222_reg_12536                     |   64|  32|   32|          0|
    |mul_223_reg_12651                     |   64|  32|   32|          0|
    |mul_224_reg_12656                     |   64|  32|   32|          0|
    |mul_225_reg_12771                     |   64|  32|   32|          0|
    |mul_226_reg_12776                     |   64|  32|   32|          0|
    |mul_227_reg_12891                     |   64|  32|   32|          0|
    |mul_228_reg_12896                     |   64|  32|   32|          0|
    |mul_229_reg_13011                     |   64|  32|   32|          0|
    |mul_22_reg_12026                      |   64|  32|   32|          0|
    |mul_230_reg_13016                     |   64|  32|   32|          0|
    |mul_231_reg_13131                     |   64|  32|   32|          0|
    |mul_232_reg_13136                     |   64|  32|   32|          0|
    |mul_233_reg_13251                     |   64|  32|   32|          0|
    |mul_234_reg_13256                     |   64|  32|   32|          0|
    |mul_235_reg_13371                     |   64|  32|   32|          0|
    |mul_236_reg_13376                     |   64|  32|   32|          0|
    |mul_237_reg_13491                     |   64|  32|   32|          0|
    |mul_238_reg_13496                     |   64|  32|   32|          0|
    |mul_239_reg_13611                     |   64|  32|   32|          0|
    |mul_23_reg_12141                      |   64|  32|   32|          0|
    |mul_240_reg_13616                     |   64|  32|   32|          0|
    |mul_241_reg_13731                     |   64|  32|   32|          0|
    |mul_242_reg_13736                     |   64|  32|   32|          0|
    |mul_243_reg_13851                     |   64|  32|   32|          0|
    |mul_244_reg_13856                     |   64|  32|   32|          0|
    |mul_245_reg_13896                     |   64|  32|   32|          0|
    |mul_246_reg_13901                     |   64|  32|   32|          0|
    |mul_247_reg_13936                     |   64|  32|   32|          0|
    |mul_248_reg_13941                     |   64|  32|   32|          0|
    |mul_249_reg_13976                     |   64|  32|   32|          0|
    |mul_24_reg_12146                      |   64|  32|   32|          0|
    |mul_250_reg_13981                     |   64|  32|   32|          0|
    |mul_251_reg_14016                     |   64|  32|   32|          0|
    |mul_252_reg_14021                     |   64|  32|   32|          0|
    |mul_253_reg_14056                     |   64|  32|   32|          0|
    |mul_254_reg_14061                     |   64|  32|   32|          0|
    |mul_25_reg_12261                      |   64|  32|   32|          0|
    |mul_26_reg_12266                      |   64|  32|   32|          0|
    |mul_27_reg_12381                      |   64|  32|   32|          0|
    |mul_28_reg_12386                      |   64|  32|   32|          0|
    |mul_29_reg_12501                      |   64|  32|   32|          0|
    |mul_30_reg_12506                      |   64|  32|   32|          0|
    |mul_31_reg_12621                      |   64|  32|   32|          0|
    |mul_32_reg_12626                      |   64|  32|   32|          0|
    |mul_33_reg_12741                      |   64|  32|   32|          0|
    |mul_34_reg_12746                      |   64|  32|   32|          0|
    |mul_35_reg_12861                      |   64|  32|   32|          0|
    |mul_36_reg_12866                      |   64|  32|   32|          0|
    |mul_37_reg_12981                      |   64|  32|   32|          0|
    |mul_38_reg_12986                      |   64|  32|   32|          0|
    |mul_39_reg_13101                      |   64|  32|   32|          0|
    |mul_40_reg_13106                      |   64|  32|   32|          0|
    |mul_41_reg_13221                      |   64|  32|   32|          0|
    |mul_42_reg_13226                      |   64|  32|   32|          0|
    |mul_43_reg_13341                      |   64|  32|   32|          0|
    |mul_44_reg_13346                      |   64|  32|   32|          0|
    |mul_45_reg_13461                      |   64|  32|   32|          0|
    |mul_46_reg_13466                      |   64|  32|   32|          0|
    |mul_47_reg_13581                      |   64|  32|   32|          0|
    |mul_48_reg_13586                      |   64|  32|   32|          0|
    |mul_49_reg_13701                      |   64|  32|   32|          0|
    |mul_50_reg_13706                      |   64|  32|   32|          0|
    |mul_51_reg_13821                      |   64|  32|   32|          0|
    |mul_52_reg_13826                      |   64|  32|   32|          0|
    |mul_53_reg_13866                      |   64|  32|   32|          0|
    |mul_54_reg_13871                      |   64|  32|   32|          0|
    |mul_55_reg_13906                      |   64|  32|   32|          0|
    |mul_56_reg_13911                      |   64|  32|   32|          0|
    |mul_57_reg_13946                      |   64|  32|   32|          0|
    |mul_58_reg_13951                      |   64|  32|   32|          0|
    |mul_59_reg_13986                      |   64|  32|   32|          0|
    |mul_60_reg_13991                      |   64|  32|   32|          0|
    |mul_61_reg_14026                      |   64|  32|   32|          0|
    |mul_62_reg_14031                      |   64|  32|   32|          0|
    |mul_63_reg_10711                      |   64|  32|   32|          0|
    |mul_64_reg_10716                      |   64|  32|   32|          0|
    |mul_65_reg_10831                      |   64|  32|   32|          0|
    |mul_66_reg_10836                      |   64|  32|   32|          0|
    |mul_67_reg_10951                      |   64|  32|   32|          0|
    |mul_68_reg_10956                      |   64|  32|   32|          0|
    |mul_69_reg_11071                      |   64|  32|   32|          0|
    |mul_70_reg_11076                      |   64|  32|   32|          0|
    |mul_71_reg_11191                      |   64|  32|   32|          0|
    |mul_72_reg_11196                      |   64|  32|   32|          0|
    |mul_73_reg_11311                      |   64|  32|   32|          0|
    |mul_74_reg_11316                      |   64|  32|   32|          0|
    |mul_75_reg_11431                      |   64|  32|   32|          0|
    |mul_76_reg_11436                      |   64|  32|   32|          0|
    |mul_77_reg_11551                      |   64|  32|   32|          0|
    |mul_78_reg_11556                      |   64|  32|   32|          0|
    |mul_79_reg_11671                      |   64|  32|   32|          0|
    |mul_80_reg_11676                      |   64|  32|   32|          0|
    |mul_81_reg_11791                      |   64|  32|   32|          0|
    |mul_82_reg_11796                      |   64|  32|   32|          0|
    |mul_83_reg_11911                      |   64|  32|   32|          0|
    |mul_84_reg_11916                      |   64|  32|   32|          0|
    |mul_85_reg_12031                      |   64|  32|   32|          0|
    |mul_86_reg_12036                      |   64|  32|   32|          0|
    |mul_87_reg_12151                      |   64|  32|   32|          0|
    |mul_88_reg_12156                      |   64|  32|   32|          0|
    |mul_89_reg_12271                      |   64|  32|   32|          0|
    |mul_90_reg_12276                      |   64|  32|   32|          0|
    |mul_91_reg_12391                      |   64|  32|   32|          0|
    |mul_92_reg_12396                      |   64|  32|   32|          0|
    |mul_93_reg_12511                      |   64|  32|   32|          0|
    |mul_94_reg_12516                      |   64|  32|   32|          0|
    |mul_95_reg_12631                      |   64|  32|   32|          0|
    |mul_96_reg_12636                      |   64|  32|   32|          0|
    |mul_97_reg_12751                      |   64|  32|   32|          0|
    |mul_98_reg_12756                      |   64|  32|   32|          0|
    |mul_99_reg_12871                      |   64|  32|   32|          0|
    +--------------------------------------+-----+----+-----+-----------+
    |Total                                 |28586|7872|20607|          7|
    +--------------------------------------+-----+----+-----+-----------+



================================================================
== Interface
================================================================
* Summary: 
+---------------------------+-----+-----+------------+---------------------+--------------+
|         RTL Ports         | Dir | Bits|  Protocol  |    Source Object    |    C Type    |
+---------------------------+-----+-----+------------+---------------------+--------------+
|s_axi_CONTROL_BUS_AWVALID  |   in|    1|       s_axi|          CONTROL_BUS|   return void|
|s_axi_CONTROL_BUS_AWREADY  |  out|    1|       s_axi|          CONTROL_BUS|   return void|
|s_axi_CONTROL_BUS_AWADDR   |   in|    4|       s_axi|          CONTROL_BUS|   return void|
|s_axi_CONTROL_BUS_WVALID   |   in|    1|       s_axi|          CONTROL_BUS|   return void|
|s_axi_CONTROL_BUS_WREADY   |  out|    1|       s_axi|          CONTROL_BUS|   return void|
|s_axi_CONTROL_BUS_WDATA    |   in|   32|       s_axi|          CONTROL_BUS|   return void|
|s_axi_CONTROL_BUS_WSTRB    |   in|    4|       s_axi|          CONTROL_BUS|   return void|
|s_axi_CONTROL_BUS_ARVALID  |   in|    1|       s_axi|          CONTROL_BUS|   return void|
|s_axi_CONTROL_BUS_ARREADY  |  out|    1|       s_axi|          CONTROL_BUS|   return void|
|s_axi_CONTROL_BUS_ARADDR   |   in|    4|       s_axi|          CONTROL_BUS|   return void|
|s_axi_CONTROL_BUS_RVALID   |  out|    1|       s_axi|          CONTROL_BUS|   return void|
|s_axi_CONTROL_BUS_RREADY   |   in|    1|       s_axi|          CONTROL_BUS|   return void|
|s_axi_CONTROL_BUS_RDATA    |  out|   32|       s_axi|          CONTROL_BUS|   return void|
|s_axi_CONTROL_BUS_RRESP    |  out|    2|       s_axi|          CONTROL_BUS|   return void|
|s_axi_CONTROL_BUS_BVALID   |  out|    1|       s_axi|          CONTROL_BUS|   return void|
|s_axi_CONTROL_BUS_BREADY   |   in|    1|       s_axi|          CONTROL_BUS|   return void|
|s_axi_CONTROL_BUS_BRESP    |  out|    2|       s_axi|          CONTROL_BUS|   return void|
|ap_clk                     |   in|    1|  ap_ctrl_hs|             mmult_hw|  return value|
|ap_rst_n                   |   in|    1|  ap_ctrl_hs|             mmult_hw|  return value|
|interrupt                  |  out|    1|  ap_ctrl_hs|             mmult_hw|  return value|
|in_stream_TDATA            |   in|   64|        axis|   in_stream_V_data_V|       pointer|
|in_stream_TVALID           |   in|    1|        axis|   in_stream_V_dest_V|       pointer|
|in_stream_TREADY           |  out|    1|        axis|   in_stream_V_dest_V|       pointer|
|in_stream_TDEST            |   in|    5|        axis|   in_stream_V_dest_V|       pointer|
|in_stream_TKEEP            |   in|    8|        axis|   in_stream_V_keep_V|       pointer|
|in_stream_TSTRB            |   in|    8|        axis|   in_stream_V_strb_V|       pointer|
|in_stream_TUSER            |   in|    4|        axis|   in_stream_V_user_V|       pointer|
|in_stream_TLAST            |   in|    1|        axis|   in_stream_V_last_V|       pointer|
|in_stream_TID              |   in|    5|        axis|     in_stream_V_id_V|       pointer|
|out_stream_TDATA           |  out|   64|        axis|  out_stream_V_data_V|       pointer|
|out_stream_TVALID          |  out|    1|        axis|  out_stream_V_dest_V|       pointer|
|out_stream_TREADY          |   in|    1|        axis|  out_stream_V_dest_V|       pointer|
|out_stream_TDEST           |  out|    5|        axis|  out_stream_V_dest_V|       pointer|
|out_stream_TKEEP           |  out|    8|        axis|  out_stream_V_keep_V|       pointer|
|out_stream_TSTRB           |  out|    8|        axis|  out_stream_V_strb_V|       pointer|
|out_stream_TUSER           |  out|    4|        axis|  out_stream_V_user_V|       pointer|
|out_stream_TLAST           |  out|    1|        axis|  out_stream_V_last_V|       pointer|
|out_stream_TID             |  out|    5|        axis|    out_stream_V_id_V|       pointer|
+---------------------------+-----+-----+------------+---------------------+--------------+

