

================================================================
== Vitis HLS Report for 'mmult_hw'
================================================================
* Date:           Sat Mar 19 21:21:17 2022

* Version:        2020.2 (Build 3064766 on Wed Nov 18 09:12:47 MST 2020)
* Project:        accel
* Solution:       solution0 (Vivado IP Flow Target)
* Product family: zynq
* Target device:  xc7z020-clg484-1


================================================================
== Performance Estimates
================================================================
+ Timing: 
    * Summary: 
    +--------+----------+----------+------------+
    |  Clock |  Target  | Estimated| Uncertainty|
    +--------+----------+----------+------------+
    |ap_clk  |  10.00 ns|  8.592 ns|     1.25 ns|
    +--------+----------+----------+------------+

+ Latency: 
    * Summary: 
    +---------+---------+----------+----------+--------+--------+---------+
    |  Latency (cycles) |  Latency (absolute) |     Interval    | Pipeline|
    |   min   |   max   |    min   |    max   |   min  |   max  |   Type  |
    +---------+---------+----------+----------+--------+--------+---------+
    |   427850|   427850|  4.279 ms|  4.279 ms|  427851|  427851|     none|
    +---------+---------+----------+----------+--------+--------+---------+

    + Detail: 
        * Instance: 
        N/A

        * Loop: 
        +---------------------+---------+---------+----------+-----------+-----------+------+----------+
        |                     |  Latency (cycles) | Iteration|  Initiation Interval  | Trip |          |
        |      Loop Name      |   min   |   max   |  Latency |  achieved |   target  | Count| Pipelined|
        +---------------------+---------+---------+----------+-----------+-----------+------+----------+
        |- VITIS_LOOP_42_1    |       10|       10|         2|          1|          1|    10|       yes|
        |- LOAD_WEIGHT1       |       32|       32|         2|          2|          1|    16|       yes|
        |- LOAD_WEIGHT2       |       10|       10|         1|          1|          1|    10|       yes|
        |- LT                 |   427776|   427776|      1671|          -|          -|   256|        no|
        | + LOAD_INPUT        |       32|       32|         1|          1|          1|    32|       yes|
        | + FORWARD_COMPUTE   |     1600|     1600|        50|          -|          -|    32|        no|
        |  ++ COMPUTE_HIDDEN  |       21|       21|         7|          1|          1|    16|       yes|
        |  ++ COMPUTE_OUTPUT  |       15|       15|         7|          1|          1|    10|       yes|
        | + STORE_OUTPUT      |       33|       33|         3|          1|          1|    32|       yes|
        +---------------------+---------+---------+----------+-----------+-----------+------+----------+



================================================================
== Utilization Estimates
================================================================
* Summary: 
+-----------------+---------+-----+--------+-------+-----+
|       Name      | BRAM_18K| DSP |   FF   |  LUT  | URAM|
+-----------------+---------+-----+--------+-------+-----+
|DSP              |        -|   41|       -|      -|    -|
|Expression       |        -|    -|       0|  18607|    -|
|FIFO             |        -|    -|       -|      -|    -|
|Instance         |        0|    0|      36|   1639|    -|
|Memory           |      137|    -|    1328|    168|    -|
|Multiplexer      |        -|    -|       -|   2851|    -|
|Register         |        -|    -|    1228|    160|    -|
+-----------------+---------+-----+--------+-------+-----+
|Total            |      137|   41|    2592|  23425|    0|
+-----------------+---------+-----+--------+-------+-----+
|Available        |      280|  220|  106400|  53200|    0|
+-----------------+---------+-----+--------+-------+-----+
|Utilization (%)  |       48|   18|       2|     44|    0|
+-----------------+---------+-----+--------+-------+-----+

+ Detail: 
    * Instance: 
    +----------------------+-------------------+---------+----+----+----+-----+
    |       Instance       |       Module      | BRAM_18K| DSP| FF | LUT| URAM|
    +----------------------+-------------------+---------+----+----+----+-----+
    |CONTROL_BUS_s_axi_U   |CONTROL_BUS_s_axi  |        0|   0|  36|  40|    0|
    |mul_8s_4ns_8_1_1_U1   |mul_8s_4ns_8_1_1   |        0|   0|   0|  41|    0|
    |mul_8s_4ns_8_1_1_U2   |mul_8s_4ns_8_1_1   |        0|   0|   0|  41|    0|
    |mul_8s_4ns_8_1_1_U3   |mul_8s_4ns_8_1_1   |        0|   0|   0|  41|    0|
    |mul_8s_4ns_8_1_1_U4   |mul_8s_4ns_8_1_1   |        0|   0|   0|  41|    0|
    |mul_8s_4ns_8_1_1_U5   |mul_8s_4ns_8_1_1   |        0|   0|   0|  41|    0|
    |mul_8s_4ns_8_1_1_U6   |mul_8s_4ns_8_1_1   |        0|   0|   0|  41|    0|
    |mul_8s_4ns_8_1_1_U7   |mul_8s_4ns_8_1_1   |        0|   0|   0|  41|    0|
    |mul_8s_4ns_8_1_1_U8   |mul_8s_4ns_8_1_1   |        0|   0|   0|  41|    0|
    |mul_8s_4ns_8_1_1_U9   |mul_8s_4ns_8_1_1   |        0|   0|   0|  41|    0|
    |mul_8s_4ns_8_1_1_U10  |mul_8s_4ns_8_1_1   |        0|   0|   0|  41|    0|
    |mul_8s_4ns_8_1_1_U11  |mul_8s_4ns_8_1_1   |        0|   0|   0|  41|    0|
    |mul_8s_4ns_8_1_1_U12  |mul_8s_4ns_8_1_1   |        0|   0|   0|  41|    0|
    |mul_8s_4ns_8_1_1_U13  |mul_8s_4ns_8_1_1   |        0|   0|   0|  41|    0|
    |mul_8s_4ns_8_1_1_U14  |mul_8s_4ns_8_1_1   |        0|   0|   0|  41|    0|
    |mul_8s_4ns_8_1_1_U15  |mul_8s_4ns_8_1_1   |        0|   0|   0|  41|    0|
    |mul_8s_4ns_8_1_1_U16  |mul_8s_4ns_8_1_1   |        0|   0|   0|  41|    0|
    |mul_8s_4ns_8_1_1_U17  |mul_8s_4ns_8_1_1   |        0|   0|   0|  41|    0|
    |mul_8s_4ns_8_1_1_U18  |mul_8s_4ns_8_1_1   |        0|   0|   0|  41|    0|
    |mul_8s_4ns_8_1_1_U19  |mul_8s_4ns_8_1_1   |        0|   0|   0|  41|    0|
    |mul_8s_4ns_8_1_1_U20  |mul_8s_4ns_8_1_1   |        0|   0|   0|  41|    0|
    |mul_8s_4ns_8_1_1_U21  |mul_8s_4ns_8_1_1   |        0|   0|   0|  41|    0|
    |mul_8s_4ns_8_1_1_U22  |mul_8s_4ns_8_1_1   |        0|   0|   0|  41|    0|
    |mul_8s_4ns_8_1_1_U23  |mul_8s_4ns_8_1_1   |        0|   0|   0|  41|    0|
    |mul_8s_4ns_8_1_1_U24  |mul_8s_4ns_8_1_1   |        0|   0|   0|  41|    0|
    |mul_8s_4ns_8_1_1_U25  |mul_8s_4ns_8_1_1   |        0|   0|   0|  41|    0|
    |mul_8s_4ns_8_1_1_U26  |mul_8s_4ns_8_1_1   |        0|   0|   0|  41|    0|
    |mul_8s_4ns_8_1_1_U27  |mul_8s_4ns_8_1_1   |        0|   0|   0|  41|    0|
    |mul_8s_4ns_8_1_1_U28  |mul_8s_4ns_8_1_1   |        0|   0|   0|  41|    0|
    |mul_8s_4ns_8_1_1_U29  |mul_8s_4ns_8_1_1   |        0|   0|   0|  41|    0|
    |mul_8s_4ns_8_1_1_U30  |mul_8s_4ns_8_1_1   |        0|   0|   0|  41|    0|
    |mul_8s_4ns_8_1_1_U31  |mul_8s_4ns_8_1_1   |        0|   0|   0|  41|    0|
    |mul_8s_4ns_8_1_1_U32  |mul_8s_4ns_8_1_1   |        0|   0|   0|  41|    0|
    |mul_8s_8s_8_1_1_U33   |mul_8s_8s_8_1_1    |        0|   0|   0|  41|    0|
    |mul_8s_8s_8_1_1_U34   |mul_8s_8s_8_1_1    |        0|   0|   0|  41|    0|
    |mul_8s_8s_8_1_1_U35   |mul_8s_8s_8_1_1    |        0|   0|   0|  41|    0|
    |mul_8s_8s_8_1_1_U36   |mul_8s_8s_8_1_1    |        0|   0|   0|  41|    0|
    |mul_8s_8s_8_1_1_U37   |mul_8s_8s_8_1_1    |        0|   0|   0|  41|    0|
    |mul_8s_8s_8_1_1_U38   |mul_8s_8s_8_1_1    |        0|   0|   0|  41|    0|
    |mul_8s_8s_8_1_1_U39   |mul_8s_8s_8_1_1    |        0|   0|   0|  41|    0|
    +----------------------+-------------------+---------+----+----+----+-----+
    |Total                 |                   |        0|   0|  36|1639|    0|
    +----------------------+-------------------+---------+----+----+----+-----+

    * DSP: 
    +---------------------------------+-----------------------------+--------------+
    |             Instance            |            Module           |  Expression  |
    +---------------------------------+-----------------------------+--------------+
    |mac_muladd_8s_4ns_8ns_8_4_1_U40  |mac_muladd_8s_4ns_8ns_8_4_1  |  i0 + i1 * i2|
    |mac_muladd_8s_4ns_8ns_8_4_1_U41  |mac_muladd_8s_4ns_8ns_8_4_1  |  i0 + i1 * i2|
    |mac_muladd_8s_4ns_8ns_8_4_1_U42  |mac_muladd_8s_4ns_8ns_8_4_1  |  i0 + i1 * i2|
    |mac_muladd_8s_4ns_8ns_8_4_1_U43  |mac_muladd_8s_4ns_8ns_8_4_1  |  i0 + i1 * i2|
    |mac_muladd_8s_4ns_8ns_8_4_1_U44  |mac_muladd_8s_4ns_8ns_8_4_1  |  i0 + i1 * i2|
    |mac_muladd_8s_4ns_8ns_8_4_1_U45  |mac_muladd_8s_4ns_8ns_8_4_1  |  i0 + i1 * i2|
    |mac_muladd_8s_4ns_8ns_8_4_1_U46  |mac_muladd_8s_4ns_8ns_8_4_1  |  i0 + i1 * i2|
    |mac_muladd_8s_4ns_8ns_8_4_1_U47  |mac_muladd_8s_4ns_8ns_8_4_1  |  i0 + i1 * i2|
    |mac_muladd_8s_4ns_8ns_8_4_1_U48  |mac_muladd_8s_4ns_8ns_8_4_1  |  i0 + i1 * i2|
    |mac_muladd_8s_4ns_8ns_8_4_1_U49  |mac_muladd_8s_4ns_8ns_8_4_1  |  i0 + i1 * i2|
    |mac_muladd_8s_4ns_8ns_8_4_1_U50  |mac_muladd_8s_4ns_8ns_8_4_1  |  i0 + i1 * i2|
    |mac_muladd_8s_4ns_8ns_8_4_1_U51  |mac_muladd_8s_4ns_8ns_8_4_1  |  i0 + i1 * i2|
    |mac_muladd_8s_4ns_8ns_8_4_1_U52  |mac_muladd_8s_4ns_8ns_8_4_1  |  i0 + i1 * i2|
    |mac_muladd_8s_4ns_8ns_8_4_1_U53  |mac_muladd_8s_4ns_8ns_8_4_1  |  i0 + i1 * i2|
    |mac_muladd_8s_4ns_8ns_8_4_1_U54  |mac_muladd_8s_4ns_8ns_8_4_1  |  i0 + i1 * i2|
    |mac_muladd_8s_4ns_8ns_8_4_1_U55  |mac_muladd_8s_4ns_8ns_8_4_1  |  i0 + i1 * i2|
    |mac_muladd_8s_4ns_8ns_8_4_1_U56  |mac_muladd_8s_4ns_8ns_8_4_1  |  i0 + i1 * i2|
    |mac_muladd_8s_4ns_8ns_8_4_1_U57  |mac_muladd_8s_4ns_8ns_8_4_1  |  i0 + i1 * i2|
    |mac_muladd_8s_4ns_8ns_8_4_1_U58  |mac_muladd_8s_4ns_8ns_8_4_1  |  i0 + i1 * i2|
    |mac_muladd_8s_4ns_8ns_8_4_1_U59  |mac_muladd_8s_4ns_8ns_8_4_1  |  i0 + i1 * i2|
    |mac_muladd_8s_4ns_8ns_8_4_1_U60  |mac_muladd_8s_4ns_8ns_8_4_1  |  i0 + i1 * i2|
    |mac_muladd_8s_4ns_8ns_8_4_1_U61  |mac_muladd_8s_4ns_8ns_8_4_1  |  i0 + i1 * i2|
    |mac_muladd_8s_4ns_8ns_8_4_1_U62  |mac_muladd_8s_4ns_8ns_8_4_1  |  i0 + i1 * i2|
    |mac_muladd_8s_4ns_8ns_8_4_1_U63  |mac_muladd_8s_4ns_8ns_8_4_1  |  i0 + i1 * i2|
    |mac_muladd_8s_4ns_8ns_8_4_1_U64  |mac_muladd_8s_4ns_8ns_8_4_1  |  i0 + i1 * i2|
    |mac_muladd_8s_4ns_8ns_8_4_1_U65  |mac_muladd_8s_4ns_8ns_8_4_1  |  i0 + i1 * i2|
    |mac_muladd_8s_4ns_8ns_8_4_1_U66  |mac_muladd_8s_4ns_8ns_8_4_1  |  i0 + i1 * i2|
    |mac_muladd_8s_4ns_8ns_8_4_1_U67  |mac_muladd_8s_4ns_8ns_8_4_1  |  i0 + i1 * i2|
    |mac_muladd_8s_4ns_8ns_8_4_1_U68  |mac_muladd_8s_4ns_8ns_8_4_1  |  i0 + i1 * i2|
    |mac_muladd_8s_4ns_8ns_8_4_1_U69  |mac_muladd_8s_4ns_8ns_8_4_1  |  i0 + i1 * i2|
    |mac_muladd_8s_4ns_8ns_8_4_1_U70  |mac_muladd_8s_4ns_8ns_8_4_1  |  i0 + i1 * i2|
    |mac_muladd_8s_4ns_8ns_8_4_1_U71  |mac_muladd_8s_4ns_8ns_8_4_1  |  i0 + i1 * i2|
    |mac_muladd_8s_8s_8ns_8_4_1_U72   |mac_muladd_8s_8s_8ns_8_4_1   |  i0 + i1 * i2|
    |mac_muladd_8s_8s_8ns_8_4_1_U73   |mac_muladd_8s_8s_8ns_8_4_1   |  i0 + i1 * i2|
    |mac_muladd_8s_8s_8ns_8_4_1_U74   |mac_muladd_8s_8s_8ns_8_4_1   |  i0 + i1 * i2|
    |mac_muladd_8s_8s_8ns_8_4_1_U75   |mac_muladd_8s_8s_8ns_8_4_1   |  i0 + i1 * i2|
    |mac_muladd_8s_8s_8ns_8_4_1_U76   |mac_muladd_8s_8s_8ns_8_4_1   |  i0 + i1 * i2|
    |mac_muladd_8s_8s_8ns_8_4_1_U77   |mac_muladd_8s_8s_8ns_8_4_1   |  i0 + i1 * i2|
    |mac_muladd_8s_8s_8ns_8_4_1_U78   |mac_muladd_8s_8s_8ns_8_4_1   |  i0 + i1 * i2|
    |mac_muladd_8s_8s_8ns_8_4_1_U79   |mac_muladd_8s_8s_8ns_8_4_1   |  i0 + i1 * i2|
    |mac_muladd_8s_8s_8s_8_4_1_U80    |mac_muladd_8s_8s_8s_8_4_1    |  i0 + i1 * i2|
    +---------------------------------+-----------------------------+--------------+

    * Memory: 
    +----------------+-------------+---------+----+----+-----+------+-----+------+-------------+
    |     Memory     |    Module   | BRAM_18K| FF | LUT| URAM| Words| Bits| Banks| W*Bits*Banks|
    +----------------+-------------+---------+----+----+-----+------+-----+------+-------------+
    |hidden_V_U      |hidden_V     |        0|  16|   2|    0|    16|    8|     1|          128|
    |input_V_0_U     |input_V_0    |        2|   0|   0|    0|  8192|    4|     1|        32768|
    |input_V_1_U     |input_V_0    |        2|   0|   0|    0|  8192|    4|     1|        32768|
    |input_V_2_U     |input_V_0    |        2|   0|   0|    0|  8192|    4|     1|        32768|
    |input_V_3_U     |input_V_0    |        2|   0|   0|    0|  8192|    4|     1|        32768|
    |input_V_4_U     |input_V_0    |        2|   0|   0|    0|  8192|    4|     1|        32768|
    |input_V_5_U     |input_V_0    |        2|   0|   0|    0|  8192|    4|     1|        32768|
    |input_V_6_U     |input_V_0    |        2|   0|   0|    0|  8192|    4|     1|        32768|
    |input_V_7_U     |input_V_0    |        2|   0|   0|    0|  8192|    4|     1|        32768|
    |input_V_8_U     |input_V_0    |        2|   0|   0|    0|  8192|    4|     1|        32768|
    |input_V_9_U     |input_V_0    |        2|   0|   0|    0|  8192|    4|     1|        32768|
    |input_V_10_U    |input_V_0    |        2|   0|   0|    0|  8192|    4|     1|        32768|
    |input_V_11_U    |input_V_0    |        2|   0|   0|    0|  8192|    4|     1|        32768|
    |input_V_12_U    |input_V_0    |        2|   0|   0|    0|  8192|    4|     1|        32768|
    |input_V_13_U    |input_V_0    |        2|   0|   0|    0|  8192|    4|     1|        32768|
    |input_V_14_U    |input_V_0    |        2|   0|   0|    0|  8192|    4|     1|        32768|
    |input_V_15_U    |input_V_0    |        2|   0|   0|    0|  8192|    4|     1|        32768|
    |input_V_16_U    |input_V_0    |        2|   0|   0|    0|  8192|    4|     1|        32768|
    |input_V_17_U    |input_V_0    |        2|   0|   0|    0|  8192|    4|     1|        32768|
    |input_V_18_U    |input_V_0    |        2|   0|   0|    0|  8192|    4|     1|        32768|
    |input_V_19_U    |input_V_0    |        2|   0|   0|    0|  8192|    4|     1|        32768|
    |input_V_20_U    |input_V_0    |        2|   0|   0|    0|  8192|    4|     1|        32768|
    |input_V_21_U    |input_V_0    |        2|   0|   0|    0|  8192|    4|     1|        32768|
    |input_V_22_U    |input_V_0    |        2|   0|   0|    0|  8192|    4|     1|        32768|
    |input_V_23_U    |input_V_0    |        2|   0|   0|    0|  8192|    4|     1|        32768|
    |input_V_24_U    |input_V_0    |        2|   0|   0|    0|  8192|    4|     1|        32768|
    |input_V_25_U    |input_V_0    |        2|   0|   0|    0|  8192|    4|     1|        32768|
    |input_V_26_U    |input_V_0    |        2|   0|   0|    0|  8192|    4|     1|        32768|
    |input_V_27_U    |input_V_0    |        2|   0|   0|    0|  8192|    4|     1|        32768|
    |input_V_28_U    |input_V_0    |        2|   0|   0|    0|  8192|    4|     1|        32768|
    |input_V_29_U    |input_V_0    |        2|   0|   0|    0|  8192|    4|     1|        32768|
    |input_V_30_U    |input_V_0    |        2|   0|   0|    0|  8192|    4|     1|        32768|
    |input_V_31_U    |input_V_0    |        2|   0|   0|    0|  8192|    4|     1|        32768|
    |input_V_32_U    |input_V_0    |        2|   0|   0|    0|  8192|    4|     1|        32768|
    |input_V_33_U    |input_V_0    |        2|   0|   0|    0|  8192|    4|     1|        32768|
    |input_V_34_U    |input_V_0    |        2|   0|   0|    0|  8192|    4|     1|        32768|
    |input_V_35_U    |input_V_0    |        2|   0|   0|    0|  8192|    4|     1|        32768|
    |input_V_36_U    |input_V_0    |        2|   0|   0|    0|  8192|    4|     1|        32768|
    |input_V_37_U    |input_V_0    |        2|   0|   0|    0|  8192|    4|     1|        32768|
    |input_V_38_U    |input_V_0    |        2|   0|   0|    0|  8192|    4|     1|        32768|
    |input_V_39_U    |input_V_0    |        2|   0|   0|    0|  8192|    4|     1|        32768|
    |input_V_40_U    |input_V_0    |        2|   0|   0|    0|  8192|    4|     1|        32768|
    |input_V_41_U    |input_V_0    |        2|   0|   0|    0|  8192|    4|     1|        32768|
    |input_V_42_U    |input_V_0    |        2|   0|   0|    0|  8192|    4|     1|        32768|
    |input_V_43_U    |input_V_0    |        2|   0|   0|    0|  8192|    4|     1|        32768|
    |input_V_44_U    |input_V_0    |        2|   0|   0|    0|  8192|    4|     1|        32768|
    |input_V_45_U    |input_V_0    |        2|   0|   0|    0|  8192|    4|     1|        32768|
    |input_V_46_U    |input_V_0    |        2|   0|   0|    0|  8192|    4|     1|        32768|
    |input_V_47_U    |input_V_0    |        2|   0|   0|    0|  8192|    4|     1|        32768|
    |input_V_48_U    |input_V_0    |        2|   0|   0|    0|  8192|    4|     1|        32768|
    |input_V_49_U    |input_V_0    |        2|   0|   0|    0|  8192|    4|     1|        32768|
    |input_V_50_U    |input_V_0    |        2|   0|   0|    0|  8192|    4|     1|        32768|
    |input_V_51_U    |input_V_0    |        2|   0|   0|    0|  8192|    4|     1|        32768|
    |input_V_52_U    |input_V_0    |        2|   0|   0|    0|  8192|    4|     1|        32768|
    |input_V_53_U    |input_V_0    |        2|   0|   0|    0|  8192|    4|     1|        32768|
    |input_V_54_U    |input_V_0    |        2|   0|   0|    0|  8192|    4|     1|        32768|
    |input_V_55_U    |input_V_0    |        2|   0|   0|    0|  8192|    4|     1|        32768|
    |input_V_56_U    |input_V_0    |        2|   0|   0|    0|  8192|    4|     1|        32768|
    |input_V_57_U    |input_V_0    |        2|   0|   0|    0|  8192|    4|     1|        32768|
    |input_V_58_U    |input_V_0    |        2|   0|   0|    0|  8192|    4|     1|        32768|
    |input_V_59_U    |input_V_0    |        2|   0|   0|    0|  8192|    4|     1|        32768|
    |input_V_60_U    |input_V_0    |        2|   0|   0|    0|  8192|    4|     1|        32768|
    |input_V_61_U    |input_V_0    |        2|   0|   0|    0|  8192|    4|     1|        32768|
    |input_V_62_U    |input_V_0    |        2|   0|   0|    0|  8192|    4|     1|        32768|
    |input_V_63_U    |input_V_0    |        2|   0|   0|    0|  8192|    4|     1|        32768|
    |out_buf_V_U     |out_buf_V    |        9|   0|   0|    0|   320|    8|     1|         2560|
    |packet_U        |packet       |        0|  16|   4|    0|    32|    8|     1|          256|
    |weight1_V_0_U   |weight1_V_0  |        0|  16|   2|    0|    16|    8|     1|          128|
    |weight1_V_1_U   |weight1_V_0  |        0|  16|   2|    0|    16|    8|     1|          128|
    |weight1_V_2_U   |weight1_V_0  |        0|  16|   2|    0|    16|    8|     1|          128|
    |weight1_V_3_U   |weight1_V_0  |        0|  16|   2|    0|    16|    8|     1|          128|
    |weight1_V_4_U   |weight1_V_0  |        0|  16|   2|    0|    16|    8|     1|          128|
    |weight1_V_5_U   |weight1_V_0  |        0|  16|   2|    0|    16|    8|     1|          128|
    |weight1_V_6_U   |weight1_V_0  |        0|  16|   2|    0|    16|    8|     1|          128|
    |weight1_V_7_U   |weight1_V_0  |        0|  16|   2|    0|    16|    8|     1|          128|
    |weight1_V_8_U   |weight1_V_0  |        0|  16|   2|    0|    16|    8|     1|          128|
    |weight1_V_9_U   |weight1_V_0  |        0|  16|   2|    0|    16|    8|     1|          128|
    |weight1_V_10_U  |weight1_V_0  |        0|  16|   2|    0|    16|    8|     1|          128|
    |weight1_V_11_U  |weight1_V_0  |        0|  16|   2|    0|    16|    8|     1|          128|
    |weight1_V_12_U  |weight1_V_0  |        0|  16|   2|    0|    16|    8|     1|          128|
    |weight1_V_13_U  |weight1_V_0  |        0|  16|   2|    0|    16|    8|     1|          128|
    |weight1_V_14_U  |weight1_V_0  |        0|  16|   2|    0|    16|    8|     1|          128|
    |weight1_V_15_U  |weight1_V_0  |        0|  16|   2|    0|    16|    8|     1|          128|
    |weight1_V_16_U  |weight1_V_0  |        0|  16|   2|    0|    16|    8|     1|          128|
    |weight1_V_17_U  |weight1_V_0  |        0|  16|   2|    0|    16|    8|     1|          128|
    |weight1_V_18_U  |weight1_V_0  |        0|  16|   2|    0|    16|    8|     1|          128|
    |weight1_V_19_U  |weight1_V_0  |        0|  16|   2|    0|    16|    8|     1|          128|
    |weight1_V_20_U  |weight1_V_0  |        0|  16|   2|    0|    16|    8|     1|          128|
    |weight1_V_21_U  |weight1_V_0  |        0|  16|   2|    0|    16|    8|     1|          128|
    |weight1_V_22_U  |weight1_V_0  |        0|  16|   2|    0|    16|    8|     1|          128|
    |weight1_V_23_U  |weight1_V_0  |        0|  16|   2|    0|    16|    8|     1|          128|
    |weight1_V_24_U  |weight1_V_0  |        0|  16|   2|    0|    16|    8|     1|          128|
    |weight1_V_25_U  |weight1_V_0  |        0|  16|   2|    0|    16|    8|     1|          128|
    |weight1_V_26_U  |weight1_V_0  |        0|  16|   2|    0|    16|    8|     1|          128|
    |weight1_V_27_U  |weight1_V_0  |        0|  16|   2|    0|    16|    8|     1|          128|
    |weight1_V_28_U  |weight1_V_0  |        0|  16|   2|    0|    16|    8|     1|          128|
    |weight1_V_29_U  |weight1_V_0  |        0|  16|   2|    0|    16|    8|     1|          128|
    |weight1_V_30_U  |weight1_V_0  |        0|  16|   2|    0|    16|    8|     1|          128|
    |weight1_V_31_U  |weight1_V_0  |        0|  16|   2|    0|    16|    8|     1|          128|
    |weight1_V_32_U  |weight1_V_0  |        0|  16|   2|    0|    16|    8|     1|          128|
    |weight1_V_33_U  |weight1_V_0  |        0|  16|   2|    0|    16|    8|     1|          128|
    |weight1_V_34_U  |weight1_V_0  |        0|  16|   2|    0|    16|    8|     1|          128|
    |weight1_V_35_U  |weight1_V_0  |        0|  16|   2|    0|    16|    8|     1|          128|
    |weight1_V_36_U  |weight1_V_0  |        0|  16|   2|    0|    16|    8|     1|          128|
    |weight1_V_37_U  |weight1_V_0  |        0|  16|   2|    0|    16|    8|     1|          128|
    |weight1_V_38_U  |weight1_V_0  |        0|  16|   2|    0|    16|    8|     1|          128|
    |weight1_V_39_U  |weight1_V_0  |        0|  16|   2|    0|    16|    8|     1|          128|
    |weight1_V_40_U  |weight1_V_0  |        0|  16|   2|    0|    16|    8|     1|          128|
    |weight1_V_41_U  |weight1_V_0  |        0|  16|   2|    0|    16|    8|     1|          128|
    |weight1_V_42_U  |weight1_V_0  |        0|  16|   2|    0|    16|    8|     1|          128|
    |weight1_V_43_U  |weight1_V_0  |        0|  16|   2|    0|    16|    8|     1|          128|
    |weight1_V_44_U  |weight1_V_0  |        0|  16|   2|    0|    16|    8|     1|          128|
    |weight1_V_45_U  |weight1_V_0  |        0|  16|   2|    0|    16|    8|     1|          128|
    |weight1_V_46_U  |weight1_V_0  |        0|  16|   2|    0|    16|    8|     1|          128|
    |weight1_V_47_U  |weight1_V_0  |        0|  16|   2|    0|    16|    8|     1|          128|
    |weight1_V_48_U  |weight1_V_0  |        0|  16|   2|    0|    16|    8|     1|          128|
    |weight1_V_49_U  |weight1_V_0  |        0|  16|   2|    0|    16|    8|     1|          128|
    |weight1_V_50_U  |weight1_V_0  |        0|  16|   2|    0|    16|    8|     1|          128|
    |weight1_V_51_U  |weight1_V_0  |        0|  16|   2|    0|    16|    8|     1|          128|
    |weight1_V_52_U  |weight1_V_0  |        0|  16|   2|    0|    16|    8|     1|          128|
    |weight1_V_53_U  |weight1_V_0  |        0|  16|   2|    0|    16|    8|     1|          128|
    |weight1_V_54_U  |weight1_V_0  |        0|  16|   2|    0|    16|    8|     1|          128|
    |weight1_V_55_U  |weight1_V_0  |        0|  16|   2|    0|    16|    8|     1|          128|
    |weight1_V_56_U  |weight1_V_0  |        0|  16|   2|    0|    16|    8|     1|          128|
    |weight1_V_57_U  |weight1_V_0  |        0|  16|   2|    0|    16|    8|     1|          128|
    |weight1_V_58_U  |weight1_V_0  |        0|  16|   2|    0|    16|    8|     1|          128|
    |weight1_V_59_U  |weight1_V_0  |        0|  16|   2|    0|    16|    8|     1|          128|
    |weight1_V_60_U  |weight1_V_0  |        0|  16|   2|    0|    16|    8|     1|          128|
    |weight1_V_61_U  |weight1_V_0  |        0|  16|   2|    0|    16|    8|     1|          128|
    |weight1_V_62_U  |weight1_V_0  |        0|  16|   2|    0|    16|    8|     1|          128|
    |weight1_V_63_U  |weight1_V_0  |        0|  16|   2|    0|    16|    8|     1|          128|
    |weight2_V_0_U   |weight2_V_0  |        0|  16|   2|    0|    10|    8|     1|           80|
    |weight2_V_1_U   |weight2_V_0  |        0|  16|   2|    0|    10|    8|     1|           80|
    |weight2_V_2_U   |weight2_V_0  |        0|  16|   2|    0|    10|    8|     1|           80|
    |weight2_V_3_U   |weight2_V_0  |        0|  16|   2|    0|    10|    8|     1|           80|
    |weight2_V_4_U   |weight2_V_0  |        0|  16|   2|    0|    10|    8|     1|           80|
    |weight2_V_5_U   |weight2_V_0  |        0|  16|   2|    0|    10|    8|     1|           80|
    |weight2_V_6_U   |weight2_V_0  |        0|  16|   2|    0|    10|    8|     1|           80|
    |weight2_V_7_U   |weight2_V_0  |        0|  16|   2|    0|    10|    8|     1|           80|
    |weight2_V_8_U   |weight2_V_0  |        0|  16|   2|    0|    10|    8|     1|           80|
    |weight2_V_9_U   |weight2_V_0  |        0|  16|   2|    0|    10|    8|     1|           80|
    |weight2_V_10_U  |weight2_V_0  |        0|  16|   2|    0|    10|    8|     1|           80|
    |weight2_V_11_U  |weight2_V_0  |        0|  16|   2|    0|    10|    8|     1|           80|
    |weight2_V_12_U  |weight2_V_0  |        0|  16|   2|    0|    10|    8|     1|           80|
    |weight2_V_13_U  |weight2_V_0  |        0|  16|   2|    0|    10|    8|     1|           80|
    |weight2_V_14_U  |weight2_V_0  |        0|  16|   2|    0|    10|    8|     1|           80|
    |weight2_V_15_U  |weight2_V_0  |        0|  16|   2|    0|    10|    8|     1|           80|
    |offset_V_U      |weight2_V_0  |        0|  16|   2|    0|    10|    8|     1|           80|
    +----------------+-------------+---------+----+----+-----+------+-----+------+-------------+
    |Total           |             |      137|1328| 168|    0|525850|  928|   148|      2109648|
    +----------------+-------------+---------+----+----+-----+------+-----+------+-------------+

    * FIFO: 
    N/A

    * Expression: 
    +----------------------------+----------+----+---+-----+------------+------------+
    |        Variable Name       | Operation| DSP| FF| LUT | Bitwidth P0| Bitwidth P1|
    +----------------------------+----------+----+---+-----+------------+------------+
    |add_ln103_fu_9437_p2        |         +|   0|  0|   14|           6|           1|
    |add_ln107_fu_9803_p2        |         +|   0|  0|   13|           5|           1|
    |add_ln119_fu_10168_p2       |         +|   0|  0|   13|           4|           1|
    |add_ln122_1_fu_10189_p2     |         +|   0|  0|   14|           9|           9|
    |add_ln122_fu_9541_p2        |         +|   0|  0|   14|           9|           9|
    |add_ln132_fu_10265_p2       |         +|   0|  0|   14|           6|           1|
    |add_ln138_fu_10411_p2       |         +|   0|  0|   14|          13|          13|
    |add_ln42_fu_5297_p2         |         +|   0|  0|   13|           4|           1|
    |add_ln49_fu_5314_p2         |         +|   0|  0|   13|           5|           1|
    |add_ln534_1_fu_10319_p2     |         +|   0|  0|   14|           9|           2|
    |add_ln534_2_fu_10330_p2     |         +|   0|  0|   14|           9|           2|
    |add_ln534_3_fu_10341_p2     |         +|   0|  0|   14|           9|           3|
    |add_ln534_4_fu_10352_p2     |         +|   0|  0|   14|           9|           3|
    |add_ln534_5_fu_10363_p2     |         +|   0|  0|   14|           9|           3|
    |add_ln534_6_fu_10374_p2     |         +|   0|  0|   14|           9|           3|
    |add_ln534_7_fu_10385_p2     |         +|   0|  0|   14|           9|           4|
    |add_ln534_8_fu_10396_p2     |         +|   0|  0|   14|           9|           4|
    |add_ln534_fu_10297_p2       |         +|   0|  0|   14|           9|           9|
    |add_ln67_fu_7120_p2         |         +|   0|  0|   13|           4|           1|
    |add_ln691_12_fu_10007_p2    |         +|   0|  0|   15|           8|           8|
    |add_ln691_13_fu_10011_p2    |         +|   0|  0|    8|           8|           8|
    |add_ln691_14_fu_10095_p2    |         +|   0|  0|    8|           8|           8|
    |add_ln691_18_fu_10100_p2    |         +|   0|  0|   15|           8|           8|
    |add_ln691_21_fu_10104_p2    |         +|   0|  0|   15|           8|           8|
    |add_ln691_22_fu_10108_p2    |         +|   0|  0|    8|           8|           8|
    |add_ln691_25_fu_10017_p2    |         +|   0|  0|    8|           8|           8|
    |add_ln691_28_fu_10021_p2    |         +|   0|  0|   15|           8|           8|
    |add_ln691_29_fu_10025_p2    |         +|   0|  0|    8|           8|           8|
    |add_ln691_2_fu_10081_p2     |         +|   0|  0|   15|           8|           8|
    |add_ln691_30_fu_10114_p2    |         +|   0|  0|    8|           8|           8|
    |add_ln691_31_fu_10138_p2    |         +|   0|  0|    8|           8|           8|
    |add_ln691_34_fu_10031_p2    |         +|   0|  0|    8|           8|           8|
    |add_ln691_37_fu_10035_p2    |         +|   0|  0|   15|           8|           8|
    |add_ln691_38_fu_10039_p2    |         +|   0|  0|    8|           8|           8|
    |add_ln691_41_fu_10045_p2    |         +|   0|  0|    8|           8|           8|
    |add_ln691_44_fu_10049_p2    |         +|   0|  0|   15|           8|           8|
    |add_ln691_45_fu_10053_p2    |         +|   0|  0|    8|           8|           8|
    |add_ln691_46_fu_10119_p2    |         +|   0|  0|    8|           8|           8|
    |add_ln691_49_fu_10059_p2    |         +|   0|  0|   15|           8|           8|
    |add_ln691_52_fu_10063_p2    |         +|   0|  0|   15|           8|           8|
    |add_ln691_53_fu_10123_p2    |         +|   0|  0|    8|           8|           8|
    |add_ln691_56_fu_10067_p2    |         +|   0|  0|    8|           8|           8|
    |add_ln691_59_fu_10071_p2    |         +|   0|  0|   15|           8|           8|
    |add_ln691_5_fu_10085_p2     |         +|   0|  0|   15|           8|           8|
    |add_ln691_60_fu_10075_p2    |         +|   0|  0|    8|           8|           8|
    |add_ln691_61_fu_10127_p2    |         +|   0|  0|    8|           8|           8|
    |add_ln691_62_fu_10132_p2    |         +|   0|  0|    8|           8|           8|
    |add_ln691_63_fu_10142_p2    |         +|   0|  0|    8|           8|           8|
    |add_ln691_66_fu_10229_p2    |         +|   0|  0|   15|           8|           8|
    |add_ln691_69_fu_10233_p2    |         +|   0|  0|   15|           8|           8|
    |add_ln691_6_fu_10089_p2     |         +|   0|  0|    8|           8|           8|
    |add_ln691_70_fu_10255_p2    |         +|   0|  0|    8|           8|           8|
    |add_ln691_73_fu_10237_p2    |         +|   0|  0|    8|           8|           8|
    |add_ln691_77_fu_10241_p2    |         +|   0|  0|   15|           8|           8|
    |add_ln691_78_fu_10245_p2    |         +|   0|  0|    8|           8|           8|
    |add_ln691_9_fu_10003_p2     |         +|   0|  0|    8|           8|           8|
    |add_ln86_fu_10617_p2        |         +|   0|  0|   17|          14|           6|
    |add_ln90_fu_7575_p2         |         +|   0|  0|   14|           6|           1|
    |out_buf_V_d0                |         +|   0|  0|    8|           8|           8|
    |and_ln69_fu_10161_p2        |       and|   0|  0|    8|           8|           8|
    |ap_block_state20            |       and|   0|  0|    2|           1|           1|
    |ap_block_state23            |       and|   0|  0|    2|           1|           1|
    |ap_block_state26            |       and|   0|  0|    2|           1|           1|
    |ap_block_state55_io         |       and|   0|  0|    2|           1|           1|
    |ap_block_state56_io         |       and|   0|  0|    2|           1|           1|
    |icmp_ln103_fu_9443_p2       |      icmp|   0|  0|   10|           6|           7|
    |icmp_ln107_fu_9809_p2       |      icmp|   0|  0|   10|           5|           6|
    |icmp_ln119_fu_10174_p2      |      icmp|   0|  0|    9|           4|           4|
    |icmp_ln132_fu_10271_p2      |      icmp|   0|  0|   10|           6|           7|
    |icmp_ln138_fu_10416_p2      |      icmp|   0|  0|   12|          13|           2|
    |icmp_ln42_fu_5303_p2        |      icmp|   0|  0|    9|           4|           4|
    |icmp_ln49_fu_5320_p2        |      icmp|   0|  0|   10|           5|           6|
    |icmp_ln67_fu_7126_p2        |      icmp|   0|  0|    9|           4|           4|
    |icmp_ln886_fu_10147_p2      |      icmp|   0|  0|   11|           8|           1|
    |icmp_ln90_fu_7581_p2        |      icmp|   0|  0|   10|           6|           7|
    |ap_block_pp6_stage0_01001   |        or|   0|  0|    2|           1|           1|
    |ap_block_pp6_stage0_11001   |        or|   0|  0|    2|           1|           1|
    |ap_block_state1             |        or|   0|  0|    2|           1|           1|
    |or_ln153_100_fu_7926_p2     |        or|   0|  0|  252|         252|         252|
    |or_ln153_101_fu_7954_p2     |        or|   0|  0|  244|         244|         244|
    |or_ln153_102_fu_7982_p2     |        or|   0|  0|  236|         236|         236|
    |or_ln153_103_fu_8010_p2     |        or|   0|  0|  228|         228|         228|
    |or_ln153_104_fu_8038_p2     |        or|   0|  0|  220|         220|         220|
    |or_ln153_105_fu_8066_p2     |        or|   0|  0|  212|         212|         212|
    |or_ln153_106_fu_8094_p2     |        or|   0|  0|  204|         204|         204|
    |or_ln153_107_fu_8122_p2     |        or|   0|  0|  196|         196|         196|
    |or_ln153_108_fu_8150_p2     |        or|   0|  0|  188|         188|         188|
    |or_ln153_109_fu_8178_p2     |        or|   0|  0|  180|         180|         180|
    |or_ln153_10_fu_5799_p2      |        or|   0|  0|  112|         112|         112|
    |or_ln153_110_fu_8206_p2     |        or|   0|  0|  172|         172|         172|
    |or_ln153_111_fu_8234_p2     |        or|   0|  0|  164|         164|         164|
    |or_ln153_112_fu_8262_p2     |        or|   0|  0|  156|         156|         156|
    |or_ln153_113_fu_8290_p2     |        or|   0|  0|  148|         148|         148|
    |or_ln153_114_fu_8318_p2     |        or|   0|  0|  140|         140|         140|
    |or_ln153_115_fu_8346_p2     |        or|   0|  0|  132|         132|         132|
    |or_ln153_116_fu_8374_p2     |        or|   0|  0|  124|         124|         124|
    |or_ln153_117_fu_8402_p2     |        or|   0|  0|  116|         116|         116|
    |or_ln153_118_fu_8430_p2     |        or|   0|  0|  108|         108|         108|
    |or_ln153_119_fu_8458_p2     |        or|   0|  0|  100|         100|         100|
    |or_ln153_11_fu_5819_p2      |        or|   0|  0|   96|          96|          96|
    |or_ln153_120_fu_8486_p2     |        or|   0|  0|   92|          92|          92|
    |or_ln153_121_fu_8514_p2     |        or|   0|  0|   84|          84|          84|
    |or_ln153_122_fu_8542_p2     |        or|   0|  0|   76|          76|          76|
    |or_ln153_123_fu_8570_p2     |        or|   0|  0|   68|          68|          68|
    |or_ln153_124_fu_8598_p2     |        or|   0|  0|   60|          60|          60|
    |or_ln153_125_fu_8626_p2     |        or|   0|  0|   52|          52|          52|
    |or_ln153_126_fu_8654_p2     |        or|   0|  0|   44|          44|          44|
    |or_ln153_127_fu_8682_p2     |        or|   0|  0|   36|          36|          36|
    |or_ln153_128_fu_8710_p2     |        or|   0|  0|   28|          28|          28|
    |or_ln153_12_fu_5839_p2      |        or|   0|  0|   80|          80|          80|
    |or_ln153_13_fu_5859_p2      |        or|   0|  0|   64|          64|          64|
    |or_ln153_14_fu_5879_p2      |        or|   0|  0|   48|          48|          48|
    |or_ln153_15_fu_5899_p2      |        or|   0|  0|   32|          32|          32|
    |or_ln153_16_fu_6498_p2      |        or|   0|  0|  256|         256|         256|
    |or_ln153_17_fu_6518_p2      |        or|   0|  0|  240|         240|         240|
    |or_ln153_18_fu_6538_p2      |        or|   0|  0|  224|         224|         224|
    |or_ln153_19_fu_6558_p2      |        or|   0|  0|  208|         208|         208|
    |or_ln153_1_fu_5619_p2       |        or|   0|  0|  256|         256|         256|
    |or_ln153_20_fu_6578_p2      |        or|   0|  0|  192|         192|         192|
    |or_ln153_21_fu_6598_p2      |        or|   0|  0|  176|         176|         176|
    |or_ln153_22_fu_6618_p2      |        or|   0|  0|  160|         160|         160|
    |or_ln153_23_fu_6638_p2      |        or|   0|  0|  144|         144|         144|
    |or_ln153_24_fu_6658_p2      |        or|   0|  0|  128|         128|         128|
    |or_ln153_25_fu_6678_p2      |        or|   0|  0|  112|         112|         112|
    |or_ln153_26_fu_6698_p2      |        or|   0|  0|   96|          96|          96|
    |or_ln153_27_fu_6718_p2      |        or|   0|  0|   80|          80|          80|
    |or_ln153_28_fu_6738_p2      |        or|   0|  0|   64|          64|          64|
    |or_ln153_29_fu_6758_p2      |        or|   0|  0|   48|          48|          48|
    |or_ln153_2_fu_5639_p2       |        or|   0|  0|  240|         240|         240|
    |or_ln153_30_fu_6778_p2      |        or|   0|  0|   32|          32|          32|
    |or_ln153_31_fu_7301_p2      |        or|   0|  0|  112|         112|         112|
    |or_ln153_32_fu_7321_p2      |        or|   0|  0|   96|          96|          96|
    |or_ln153_33_fu_7341_p2      |        or|   0|  0|   80|          80|          80|
    |or_ln153_34_fu_7361_p2      |        or|   0|  0|   64|          64|          64|
    |or_ln153_35_fu_7381_p2      |        or|   0|  0|   48|          48|          48|
    |or_ln153_36_fu_5625_p2      |        or|   0|  0|  248|         248|         248|
    |or_ln153_37_fu_5645_p2      |        or|   0|  0|  232|         232|         232|
    |or_ln153_38_fu_5665_p2      |        or|   0|  0|  216|         216|         216|
    |or_ln153_39_fu_5685_p2      |        or|   0|  0|  200|         200|         200|
    |or_ln153_3_fu_5659_p2       |        or|   0|  0|  224|         224|         224|
    |or_ln153_40_fu_5705_p2      |        or|   0|  0|  184|         184|         184|
    |or_ln153_41_fu_5725_p2      |        or|   0|  0|  168|         168|         168|
    |or_ln153_42_fu_5745_p2      |        or|   0|  0|  152|         152|         152|
    |or_ln153_43_fu_5765_p2      |        or|   0|  0|  136|         136|         136|
    |or_ln153_44_fu_5785_p2      |        or|   0|  0|  120|         120|         120|
    |or_ln153_45_fu_5805_p2      |        or|   0|  0|  104|         104|         104|
    |or_ln153_46_fu_5825_p2      |        or|   0|  0|   88|          88|          88|
    |or_ln153_47_fu_5845_p2      |        or|   0|  0|   72|          72|          72|
    |or_ln153_48_fu_5865_p2      |        or|   0|  0|   56|          56|          56|
    |or_ln153_49_fu_5885_p2      |        or|   0|  0|   40|          40|          40|
    |or_ln153_4_fu_5679_p2       |        or|   0|  0|  208|         208|         208|
    |or_ln153_50_fu_6504_p2      |        or|   0|  0|  248|         248|         248|
    |or_ln153_51_fu_6524_p2      |        or|   0|  0|  232|         232|         232|
    |or_ln153_52_fu_6544_p2      |        or|   0|  0|  216|         216|         216|
    |or_ln153_53_fu_6564_p2      |        or|   0|  0|  200|         200|         200|
    |or_ln153_54_fu_6584_p2      |        or|   0|  0|  184|         184|         184|
    |or_ln153_55_fu_6604_p2      |        or|   0|  0|  168|         168|         168|
    |or_ln153_56_fu_6624_p2      |        or|   0|  0|  152|         152|         152|
    |or_ln153_57_fu_6644_p2      |        or|   0|  0|  136|         136|         136|
    |or_ln153_58_fu_6664_p2      |        or|   0|  0|  120|         120|         120|
    |or_ln153_59_fu_6684_p2      |        or|   0|  0|  104|         104|         104|
    |or_ln153_5_fu_5699_p2       |        or|   0|  0|  192|         192|         192|
    |or_ln153_60_fu_6704_p2      |        or|   0|  0|   88|          88|          88|
    |or_ln153_61_fu_6724_p2      |        or|   0|  0|   72|          72|          72|
    |or_ln153_62_fu_6744_p2      |        or|   0|  0|   56|          56|          56|
    |or_ln153_63_fu_6764_p2      |        or|   0|  0|   40|          40|          40|
    |or_ln153_64_fu_7287_p2      |        or|   0|  0|  120|         120|         120|
    |or_ln153_65_fu_7307_p2      |        or|   0|  0|  104|         104|         104|
    |or_ln153_66_fu_7327_p2      |        or|   0|  0|   88|          88|          88|
    |or_ln153_67_fu_7347_p2      |        or|   0|  0|   72|          72|          72|
    |or_ln153_68_fu_7920_p2      |        or|   0|  0|  256|         256|         256|
    |or_ln153_69_fu_7948_p2      |        or|   0|  0|  248|         248|         248|
    |or_ln153_6_fu_5719_p2       |        or|   0|  0|  176|         176|         176|
    |or_ln153_70_fu_7976_p2      |        or|   0|  0|  240|         240|         240|
    |or_ln153_71_fu_8004_p2      |        or|   0|  0|  232|         232|         232|
    |or_ln153_72_fu_8032_p2      |        or|   0|  0|  224|         224|         224|
    |or_ln153_73_fu_8060_p2      |        or|   0|  0|  216|         216|         216|
    |or_ln153_74_fu_8088_p2      |        or|   0|  0|  208|         208|         208|
    |or_ln153_75_fu_8116_p2      |        or|   0|  0|  200|         200|         200|
    |or_ln153_76_fu_8144_p2      |        or|   0|  0|  192|         192|         192|
    |or_ln153_77_fu_8172_p2      |        or|   0|  0|  184|         184|         184|
    |or_ln153_78_fu_8200_p2      |        or|   0|  0|  176|         176|         176|
    |or_ln153_79_fu_8228_p2      |        or|   0|  0|  168|         168|         168|
    |or_ln153_7_fu_5739_p2       |        or|   0|  0|  160|         160|         160|
    |or_ln153_80_fu_8256_p2      |        or|   0|  0|  160|         160|         160|
    |or_ln153_81_fu_8284_p2      |        or|   0|  0|  152|         152|         152|
    |or_ln153_82_fu_8312_p2      |        or|   0|  0|  144|         144|         144|
    |or_ln153_83_fu_8340_p2      |        or|   0|  0|  136|         136|         136|
    |or_ln153_84_fu_8368_p2      |        or|   0|  0|  128|         128|         128|
    |or_ln153_85_fu_8396_p2      |        or|   0|  0|  120|         120|         120|
    |or_ln153_86_fu_8424_p2      |        or|   0|  0|  112|         112|         112|
    |or_ln153_87_fu_8452_p2      |        or|   0|  0|  104|         104|         104|
    |or_ln153_88_fu_8480_p2      |        or|   0|  0|   96|          96|          96|
    |or_ln153_89_fu_8508_p2      |        or|   0|  0|   88|          88|          88|
    |or_ln153_8_fu_5759_p2       |        or|   0|  0|  144|         144|         144|
    |or_ln153_90_fu_8536_p2      |        or|   0|  0|   80|          80|          80|
    |or_ln153_91_fu_8564_p2      |        or|   0|  0|   72|          72|          72|
    |or_ln153_92_fu_8592_p2      |        or|   0|  0|   64|          64|          64|
    |or_ln153_93_fu_8620_p2      |        or|   0|  0|   56|          56|          56|
    |or_ln153_94_fu_8648_p2      |        or|   0|  0|   48|          48|          48|
    |or_ln153_95_fu_8676_p2      |        or|   0|  0|   40|          40|          40|
    |or_ln153_96_fu_8704_p2      |        or|   0|  0|   32|          32|          32|
    |or_ln153_97_fu_7367_p2      |        or|   0|  0|   56|          56|          56|
    |or_ln153_98_fu_7387_p2      |        or|   0|  0|   40|          40|          40|
    |or_ln153_9_fu_5779_p2       |        or|   0|  0|  128|         128|         128|
    |or_ln153_fu_7281_p2         |        or|   0|  0|  128|         128|         128|
    |or_ln534_fu_10308_p2        |        or|   0|  0|    9|           1|           9|
    |or_ln60_1_fu_6784_p2        |        or|   0|  0|   24|          24|          24|
    |or_ln60_fu_5905_p2          |        or|   0|  0|   24|          24|          24|
    |or_ln77_fu_7407_p2          |        or|   0|  0|   24|          24|          24|
    |or_ln94_fu_8738_p2          |        or|   0|  0|   20|          20|          20|
    |packet_3_fu_7401_p2         |        or|   0|  0|   32|          32|          32|
    |packet_4_fu_8732_p2         |        or|   0|  0|   24|          24|          24|
    |select_ln169_1_fu_10450_p3  |    select|   0|  0|    2|           1|           2|
    |select_ln169_2_fu_10466_p3  |    select|   0|  0|    2|           1|           2|
    |select_ln169_3_fu_10482_p3  |    select|   0|  0|    2|           1|           2|
    |select_ln169_4_fu_10498_p3  |    select|   0|  0|    2|           1|           2|
    |select_ln169_5_fu_10514_p3  |    select|   0|  0|    2|           1|           2|
    |select_ln169_6_fu_10530_p3  |    select|   0|  0|    2|           1|           2|
    |select_ln169_7_fu_10546_p3  |    select|   0|  0|    2|           1|           2|
    |select_ln169_8_fu_10562_p3  |    select|   0|  0|    2|           1|           2|
    |select_ln169_fu_10434_p3    |    select|   0|  0|    2|           1|           2|
    |select_ln69_fu_10153_p3     |    select|   0|  0|    2|           1|           2|
    |ap_enable_pp0               |       xor|   0|  0|    2|           1|           2|
    |ap_enable_pp4               |       xor|   0|  0|    2|           1|           2|
    |ap_enable_pp5               |       xor|   0|  0|    2|           1|           2|
    |ap_enable_pp6               |       xor|   0|  0|    2|           1|           2|
    |ap_enable_reg_pp0_iter1     |       xor|   0|  0|    2|           2|           1|
    |ap_enable_reg_pp4_iter1     |       xor|   0|  0|    2|           2|           1|
    |ap_enable_reg_pp5_iter1     |       xor|   0|  0|    2|           2|           1|
    |ap_enable_reg_pp6_iter1     |       xor|   0|  0|    2|           2|           1|
    +----------------------------+----------+----+---+-----+------------+------------+
    |Total                       |          |   0|  0|18607|       18314|       18231|
    +----------------------------+----------+----+---+-----+------------+------------+

    * Multiplexer: 
    +-------------------------+-----+-----------+-----+-----------+
    |           Name          | LUT | Input Size| Bits| Total Bits|
    +-------------------------+-----+-----------+-----+-----------+
    |ap_NS_fsm                |  189|         43|    1|         43|
    |ap_enable_reg_pp0_iter1  |   14|          3|    1|          3|
    |ap_enable_reg_pp4_iter1  |    9|          2|    1|          2|
    |ap_enable_reg_pp4_iter6  |    9|          2|    1|          2|
    |ap_enable_reg_pp5_iter1  |    9|          2|    1|          2|
    |ap_enable_reg_pp5_iter6  |    9|          2|    1|          2|
    |ap_enable_reg_pp6_iter1  |    9|          2|    1|          2|
    |ap_enable_reg_pp6_iter2  |    9|          2|    1|          2|
    |hidden_V_address0        |   59|         11|    4|         44|
    |hidden_V_address1        |   48|          9|    4|         36|
    |hidden_V_d0              |   14|          3|    8|         24|
    |i_1_reg_4874             |    9|          2|    5|         10|
    |i_2_reg_4885             |    9|          2|    4|          8|
    |i_3_reg_4908             |    9|          2|    6|         12|
    |i_4_reg_4919             |    9|          2|    6|         12|
    |i_5_reg_4953             |    9|          2|    6|         12|
    |i_reg_4863               |    9|          2|    4|          8|
    |in_stream_TDATA_blk_n    |    9|          2|    1|          2|
    |input_V_0_address0       |   14|          3|   13|         39|
    |input_V_10_address0      |   14|          3|   13|         39|
    |input_V_11_address0      |   14|          3|   13|         39|
    |input_V_12_address0      |   14|          3|   13|         39|
    |input_V_13_address0      |   14|          3|   13|         39|
    |input_V_14_address0      |   14|          3|   13|         39|
    |input_V_15_address0      |   14|          3|   13|         39|
    |input_V_16_address0      |   14|          3|   13|         39|
    |input_V_17_address0      |   14|          3|   13|         39|
    |input_V_18_address0      |   14|          3|   13|         39|
    |input_V_19_address0      |   14|          3|   13|         39|
    |input_V_1_address0       |   14|          3|   13|         39|
    |input_V_20_address0      |   14|          3|   13|         39|
    |input_V_21_address0      |   14|          3|   13|         39|
    |input_V_22_address0      |   14|          3|   13|         39|
    |input_V_23_address0      |   14|          3|   13|         39|
    |input_V_24_address0      |   14|          3|   13|         39|
    |input_V_25_address0      |   14|          3|   13|         39|
    |input_V_26_address0      |   14|          3|   13|         39|
    |input_V_27_address0      |   14|          3|   13|         39|
    |input_V_28_address0      |   14|          3|   13|         39|
    |input_V_29_address0      |   14|          3|   13|         39|
    |input_V_2_address0       |   14|          3|   13|         39|
    |input_V_30_address0      |   14|          3|   13|         39|
    |input_V_31_address0      |   14|          3|   13|         39|
    |input_V_32_address0      |   14|          3|   13|         39|
    |input_V_33_address0      |   14|          3|   13|         39|
    |input_V_34_address0      |   14|          3|   13|         39|
    |input_V_35_address0      |   14|          3|   13|         39|
    |input_V_36_address0      |   14|          3|   13|         39|
    |input_V_37_address0      |   14|          3|   13|         39|
    |input_V_38_address0      |   14|          3|   13|         39|
    |input_V_39_address0      |   14|          3|   13|         39|
    |input_V_3_address0       |   14|          3|   13|         39|
    |input_V_40_address0      |   14|          3|   13|         39|
    |input_V_41_address0      |   14|          3|   13|         39|
    |input_V_42_address0      |   14|          3|   13|         39|
    |input_V_43_address0      |   14|          3|   13|         39|
    |input_V_44_address0      |   14|          3|   13|         39|
    |input_V_45_address0      |   14|          3|   13|         39|
    |input_V_46_address0      |   14|          3|   13|         39|
    |input_V_47_address0      |   14|          3|   13|         39|
    |input_V_48_address0      |   14|          3|   13|         39|
    |input_V_49_address0      |   14|          3|   13|         39|
    |input_V_4_address0       |   14|          3|   13|         39|
    |input_V_50_address0      |   14|          3|   13|         39|
    |input_V_51_address0      |   14|          3|   13|         39|
    |input_V_52_address0      |   14|          3|   13|         39|
    |input_V_53_address0      |   14|          3|   13|         39|
    |input_V_54_address0      |   14|          3|   13|         39|
    |input_V_55_address0      |   14|          3|   13|         39|
    |input_V_56_address0      |   14|          3|   13|         39|
    |input_V_57_address0      |   14|          3|   13|         39|
    |input_V_58_address0      |   14|          3|   13|         39|
    |input_V_59_address0      |   14|          3|   13|         39|
    |input_V_5_address0       |   14|          3|   13|         39|
    |input_V_60_address0      |   14|          3|   13|         39|
    |input_V_61_address0      |   14|          3|   13|         39|
    |input_V_62_address0      |   14|          3|   13|         39|
    |input_V_63_address0      |   14|          3|   13|         39|
    |input_V_6_address0       |   14|          3|   13|         39|
    |input_V_7_address0       |   14|          3|   13|         39|
    |input_V_8_address0       |   14|          3|   13|         39|
    |input_V_9_address0       |   14|          3|   13|         39|
    |j_1_reg_4942             |    9|          2|    4|          8|
    |j_reg_4931               |    9|          2|    5|         10|
    |offset_V_address0        |   14|          3|    4|         12|
    |out_buf_V_address0       |   14|          3|    9|         27|
    |out_stream_TDATA_blk_n   |    9|          2|    1|          2|
    |packet_address0          |   87|         18|    5|         90|
    |packet_address1          |   81|         17|    5|         85|
    |packet_d0                |   81|         17|    8|        136|
    |packet_d1                |   81|         17|    8|        136|
    |t_reg_4896               |    9|          2|   14|         28|
    |weight1_V_0_address0     |   14|          3|    4|         12|
    |weight1_V_10_address0    |   14|          3|    4|         12|
    |weight1_V_11_address0    |   14|          3|    4|         12|
    |weight1_V_12_address0    |   14|          3|    4|         12|
    |weight1_V_13_address0    |   14|          3|    4|         12|
    |weight1_V_14_address0    |   14|          3|    4|         12|
    |weight1_V_15_address0    |   14|          3|    4|         12|
    |weight1_V_16_address0    |   14|          3|    4|         12|
    |weight1_V_17_address0    |   14|          3|    4|         12|
    |weight1_V_18_address0    |   14|          3|    4|         12|
    |weight1_V_19_address0    |   14|          3|    4|         12|
    |weight1_V_1_address0     |   14|          3|    4|         12|
    |weight1_V_20_address0    |   14|          3|    4|         12|
    |weight1_V_21_address0    |   14|          3|    4|         12|
    |weight1_V_22_address0    |   14|          3|    4|         12|
    |weight1_V_23_address0    |   14|          3|    4|         12|
    |weight1_V_24_address0    |   14|          3|    4|         12|
    |weight1_V_25_address0    |   14|          3|    4|         12|
    |weight1_V_26_address0    |   14|          3|    4|         12|
    |weight1_V_27_address0    |   14|          3|    4|         12|
    |weight1_V_28_address0    |   14|          3|    4|         12|
    |weight1_V_29_address0    |   14|          3|    4|         12|
    |weight1_V_2_address0     |   14|          3|    4|         12|
    |weight1_V_30_address0    |   14|          3|    4|         12|
    |weight1_V_31_address0    |   14|          3|    4|         12|
    |weight1_V_32_address0    |   14|          3|    4|         12|
    |weight1_V_33_address0    |   14|          3|    4|         12|
    |weight1_V_34_address0    |   14|          3|    4|         12|
    |weight1_V_35_address0    |   14|          3|    4|         12|
    |weight1_V_36_address0    |   14|          3|    4|         12|
    |weight1_V_37_address0    |   14|          3|    4|         12|
    |weight1_V_38_address0    |   14|          3|    4|         12|
    |weight1_V_39_address0    |   14|          3|    4|         12|
    |weight1_V_3_address0     |   14|          3|    4|         12|
    |weight1_V_40_address0    |   14|          3|    4|         12|
    |weight1_V_41_address0    |   14|          3|    4|         12|
    |weight1_V_42_address0    |   14|          3|    4|         12|
    |weight1_V_43_address0    |   14|          3|    4|         12|
    |weight1_V_44_address0    |   14|          3|    4|         12|
    |weight1_V_45_address0    |   14|          3|    4|         12|
    |weight1_V_46_address0    |   14|          3|    4|         12|
    |weight1_V_47_address0    |   14|          3|    4|         12|
    |weight1_V_48_address0    |   14|          3|    4|         12|
    |weight1_V_49_address0    |   14|          3|    4|         12|
    |weight1_V_4_address0     |   14|          3|    4|         12|
    |weight1_V_50_address0    |   14|          3|    4|         12|
    |weight1_V_51_address0    |   14|          3|    4|         12|
    |weight1_V_52_address0    |   14|          3|    4|         12|
    |weight1_V_53_address0    |   14|          3|    4|         12|
    |weight1_V_54_address0    |   14|          3|    4|         12|
    |weight1_V_55_address0    |   14|          3|    4|         12|
    |weight1_V_56_address0    |   14|          3|    4|         12|
    |weight1_V_57_address0    |   14|          3|    4|         12|
    |weight1_V_58_address0    |   14|          3|    4|         12|
    |weight1_V_59_address0    |   14|          3|    4|         12|
    |weight1_V_5_address0     |   14|          3|    4|         12|
    |weight1_V_60_address0    |   14|          3|    4|         12|
    |weight1_V_61_address0    |   14|          3|    4|         12|
    |weight1_V_62_address0    |   14|          3|    4|         12|
    |weight1_V_63_address0    |   14|          3|    4|         12|
    |weight1_V_6_address0     |   14|          3|    4|         12|
    |weight1_V_7_address0     |   14|          3|    4|         12|
    |weight1_V_8_address0     |   14|          3|    4|         12|
    |weight1_V_9_address0     |   14|          3|    4|         12|
    |weight2_V_0_address0     |   14|          3|    4|         12|
    |weight2_V_10_address0    |   14|          3|    4|         12|
    |weight2_V_11_address0    |   14|          3|    4|         12|
    |weight2_V_12_address0    |   14|          3|    4|         12|
    |weight2_V_13_address0    |   14|          3|    4|         12|
    |weight2_V_14_address0    |   14|          3|    4|         12|
    |weight2_V_15_address0    |   14|          3|    4|         12|
    |weight2_V_1_address0     |   14|          3|    4|         12|
    |weight2_V_2_address0     |   14|          3|    4|         12|
    |weight2_V_3_address0     |   14|          3|    4|         12|
    |weight2_V_4_address0     |   14|          3|    4|         12|
    |weight2_V_5_address0     |   14|          3|    4|         12|
    |weight2_V_6_address0     |   14|          3|    4|         12|
    |weight2_V_7_address0     |   14|          3|    4|         12|
    |weight2_V_8_address0     |   14|          3|    4|         12|
    |weight2_V_9_address0     |   14|          3|    4|         12|
    +-------------------------+-----+-----------+-----+-----------+
    |Total                    | 2851|        610| 1271|       4216|
    +-------------------------+-----+-----------+-----+-----------+

    * Register: 
    +------------------------------------+----+----+-----+-----------+
    |                Name                | FF | LUT| Bits| Const Bits|
    +------------------------------------+----+----+-----+-----------+
    |add_ln103_reg_11264                 |   6|   0|    6|          0|
    |add_ln122_1_reg_12776               |   9|   0|    9|          0|
    |add_ln122_reg_11598                 |   8|   0|    9|          1|
    |add_ln49_reg_11119                  |   5|   0|    5|          0|
    |add_ln691_13_reg_12617              |   8|   0|    8|          0|
    |add_ln691_14_reg_12652              |   8|   0|    8|          0|
    |add_ln691_29_reg_12622              |   8|   0|    8|          0|
    |add_ln691_30_reg_12657              |   8|   0|    8|          0|
    |add_ln691_38_reg_12627              |   8|   0|    8|          0|
    |add_ln691_45_reg_12632              |   8|   0|    8|          0|
    |add_ln691_49_reg_12637              |   8|   0|    8|          0|
    |add_ln691_52_reg_12642              |   8|   0|    8|          0|
    |add_ln691_60_reg_12647              |   8|   0|    8|          0|
    |add_ln691_62_reg_12662              |   8|   0|    8|          0|
    |add_ln691_66_reg_12956              |   8|   0|    8|          0|
    |add_ln691_69_reg_12961              |   8|   0|    8|          0|
    |add_ln691_78_reg_12966              |   8|   0|    8|          0|
    |ap_CS_fsm                           |  42|   0|   42|          0|
    |ap_enable_reg_pp0_iter0             |   1|   0|    1|          0|
    |ap_enable_reg_pp0_iter1             |   1|   0|    1|          0|
    |ap_enable_reg_pp4_iter0             |   1|   0|    1|          0|
    |ap_enable_reg_pp4_iter1             |   1|   0|    1|          0|
    |ap_enable_reg_pp4_iter2             |   1|   0|    1|          0|
    |ap_enable_reg_pp4_iter3             |   1|   0|    1|          0|
    |ap_enable_reg_pp4_iter4             |   1|   0|    1|          0|
    |ap_enable_reg_pp4_iter5             |   1|   0|    1|          0|
    |ap_enable_reg_pp4_iter6             |   1|   0|    1|          0|
    |ap_enable_reg_pp5_iter0             |   1|   0|    1|          0|
    |ap_enable_reg_pp5_iter1             |   1|   0|    1|          0|
    |ap_enable_reg_pp5_iter2             |   1|   0|    1|          0|
    |ap_enable_reg_pp5_iter3             |   1|   0|    1|          0|
    |ap_enable_reg_pp5_iter4             |   1|   0|    1|          0|
    |ap_enable_reg_pp5_iter5             |   1|   0|    1|          0|
    |ap_enable_reg_pp5_iter6             |   1|   0|    1|          0|
    |ap_enable_reg_pp6_iter0             |   1|   0|    1|          0|
    |ap_enable_reg_pp6_iter1             |   1|   0|    1|          0|
    |ap_enable_reg_pp6_iter2             |   1|   0|    1|          0|
    |hidden_V_load_10_reg_12717          |   8|   0|    8|          0|
    |hidden_V_load_11_reg_12722          |   8|   0|    8|          0|
    |hidden_V_load_12_reg_12727          |   8|   0|    8|          0|
    |hidden_V_load_13_reg_12732          |   8|   0|    8|          0|
    |hidden_V_load_14_reg_12737          |   8|   0|    8|          0|
    |hidden_V_load_15_reg_12742          |   8|   0|    8|          0|
    |hidden_V_load_1_reg_12672           |   8|   0|    8|          0|
    |hidden_V_load_2_reg_12677           |   8|   0|    8|          0|
    |hidden_V_load_3_reg_12682           |   8|   0|    8|          0|
    |hidden_V_load_4_reg_12687           |   8|   0|    8|          0|
    |hidden_V_load_5_reg_12692           |   8|   0|    8|          0|
    |hidden_V_load_6_reg_12697           |   8|   0|    8|          0|
    |hidden_V_load_7_reg_12702           |   8|   0|    8|          0|
    |hidden_V_load_8_reg_12707           |   8|   0|    8|          0|
    |hidden_V_load_9_reg_12712           |   8|   0|    8|          0|
    |hidden_V_load_reg_12667             |   8|   0|    8|          0|
    |i_1_reg_4874                        |   5|   0|    5|          0|
    |i_2_reg_4885                        |   4|   0|    4|          0|
    |i_3_reg_4908                        |   6|   0|    6|          0|
    |i_4_reg_4919                        |   6|   0|    6|          0|
    |i_5_reg_4953                        |   6|   0|    6|          0|
    |i_reg_4863                          |   4|   0|    4|          0|
    |icmp_ln107_reg_11928                |   1|   0|    1|          0|
    |icmp_ln119_reg_12752                |   1|   0|    1|          0|
    |icmp_ln132_reg_12976                |   1|   0|    1|          0|
    |icmp_ln132_reg_12976_pp6_iter1_reg  |   1|   0|    1|          0|
    |icmp_ln138_reg_13030                |   1|   0|    1|          0|
    |icmp_ln42_reg_11105                 |   1|   0|    1|          0|
    |j_1_reg_4942                        |   4|   0|    4|          0|
    |j_reg_4931                          |   5|   0|    5|          0|
    |t_reg_4896                          |  14|   0|   14|          0|
    |trunc_ln138_reg_11593               |  13|   0|   13|          0|
    |trunc_ln153_10_reg_10995            |   8|   0|    8|          0|
    |trunc_ln153_11_reg_11000            |   8|   0|    8|          0|
    |trunc_ln153_12_reg_11005            |   8|   0|    8|          0|
    |trunc_ln153_13_reg_11010            |   8|   0|    8|          0|
    |trunc_ln153_14_reg_11015            |   8|   0|    8|          0|
    |trunc_ln153_15_reg_11020            |   8|   0|    8|          0|
    |trunc_ln153_16_reg_11025            |   8|   0|    8|          0|
    |trunc_ln153_17_reg_11030            |   8|   0|    8|          0|
    |trunc_ln153_18_reg_11035            |   8|   0|    8|          0|
    |trunc_ln153_19_reg_11040            |   8|   0|    8|          0|
    |trunc_ln153_20_reg_11045            |   8|   0|    8|          0|
    |trunc_ln153_21_reg_11050            |   8|   0|    8|          0|
    |trunc_ln153_22_reg_11055            |   8|   0|    8|          0|
    |trunc_ln153_23_reg_11060            |   8|   0|    8|          0|
    |trunc_ln153_24_reg_11065            |   8|   0|    8|          0|
    |trunc_ln153_25_reg_11070            |   8|   0|    8|          0|
    |trunc_ln153_26_reg_11075            |   8|   0|    8|          0|
    |trunc_ln153_27_reg_11080            |   8|   0|    8|          0|
    |trunc_ln153_28_reg_11085            |   8|   0|    8|          0|
    |trunc_ln153_29_reg_11090            |   8|   0|    8|          0|
    |trunc_ln153_2_reg_10950             |   8|   0|    8|          0|
    |trunc_ln153_30_reg_11095            |   8|   0|    8|          0|
    |trunc_ln153_3_reg_10955             |   8|   0|    8|          0|
    |trunc_ln153_4_reg_10960             |   8|   0|    8|          0|
    |trunc_ln153_5_reg_10965             |   8|   0|    8|          0|
    |trunc_ln153_6_reg_10970             |   8|   0|    8|          0|
    |trunc_ln153_7_reg_10975             |   8|   0|    8|          0|
    |trunc_ln153_8_reg_10980             |   8|   0|    8|          0|
    |trunc_ln153_9_reg_10985             |   8|   0|    8|          0|
    |trunc_ln153_s_reg_10990             |   8|   0|    8|          0|
    |zext_ln107_reg_11932                |   5|   0|   64|         59|
    |zext_ln119_reg_12756                |   4|   0|   64|         60|
    |zext_ln42_reg_11109                 |   4|   0|   64|         60|
    |zext_ln49_reg_11127                 |   5|   0|   64|         59|
    |zext_ln691_10_reg_11653             |   4|   0|    8|          4|
    |zext_ln691_11_reg_11658             |   4|   0|    8|          4|
    |zext_ln691_12_reg_11663             |   4|   0|    8|          4|
    |zext_ln691_13_reg_11668             |   4|   0|    8|          4|
    |zext_ln691_14_reg_11673             |   4|   0|    8|          4|
    |zext_ln691_15_reg_11678             |   4|   0|    8|          4|
    |zext_ln691_16_reg_11683             |   4|   0|    8|          4|
    |zext_ln691_17_reg_11688             |   4|   0|    8|          4|
    |zext_ln691_18_reg_11693             |   4|   0|    8|          4|
    |zext_ln691_19_reg_11698             |   4|   0|    8|          4|
    |zext_ln691_1_reg_11608              |   4|   0|    8|          4|
    |zext_ln691_20_reg_11703             |   4|   0|    8|          4|
    |zext_ln691_21_reg_11708             |   4|   0|    8|          4|
    |zext_ln691_22_reg_11713             |   4|   0|    8|          4|
    |zext_ln691_23_reg_11718             |   4|   0|    8|          4|
    |zext_ln691_24_reg_11723             |   4|   0|    8|          4|
    |zext_ln691_25_reg_11728             |   4|   0|    8|          4|
    |zext_ln691_26_reg_11733             |   4|   0|    8|          4|
    |zext_ln691_27_reg_11738             |   4|   0|    8|          4|
    |zext_ln691_28_reg_11743             |   4|   0|    8|          4|
    |zext_ln691_29_reg_11748             |   4|   0|    8|          4|
    |zext_ln691_2_reg_11613              |   4|   0|    8|          4|
    |zext_ln691_30_reg_11753             |   4|   0|    8|          4|
    |zext_ln691_31_reg_11758             |   4|   0|    8|          4|
    |zext_ln691_32_reg_11763             |   4|   0|    8|          4|
    |zext_ln691_33_reg_11768             |   4|   0|    8|          4|
    |zext_ln691_34_reg_11773             |   4|   0|    8|          4|
    |zext_ln691_35_reg_11778             |   4|   0|    8|          4|
    |zext_ln691_36_reg_11783             |   4|   0|    8|          4|
    |zext_ln691_37_reg_11788             |   4|   0|    8|          4|
    |zext_ln691_38_reg_11793             |   4|   0|    8|          4|
    |zext_ln691_39_reg_11798             |   4|   0|    8|          4|
    |zext_ln691_3_reg_11618              |   4|   0|    8|          4|
    |zext_ln691_40_reg_11803             |   4|   0|    8|          4|
    |zext_ln691_41_reg_11808             |   4|   0|    8|          4|
    |zext_ln691_42_reg_11813             |   4|   0|    8|          4|
    |zext_ln691_43_reg_11818             |   4|   0|    8|          4|
    |zext_ln691_44_reg_11823             |   4|   0|    8|          4|
    |zext_ln691_45_reg_11828             |   4|   0|    8|          4|
    |zext_ln691_46_reg_11833             |   4|   0|    8|          4|
    |zext_ln691_47_reg_11838             |   4|   0|    8|          4|
    |zext_ln691_48_reg_11843             |   4|   0|    8|          4|
    |zext_ln691_49_reg_11848             |   4|   0|    8|          4|
    |zext_ln691_4_reg_11623              |   4|   0|    8|          4|
    |zext_ln691_50_reg_11853             |   4|   0|    8|          4|
    |zext_ln691_51_reg_11858             |   4|   0|    8|          4|
    |zext_ln691_52_reg_11863             |   4|   0|    8|          4|
    |zext_ln691_53_reg_11868             |   4|   0|    8|          4|
    |zext_ln691_54_reg_11873             |   4|   0|    8|          4|
    |zext_ln691_55_reg_11878             |   4|   0|    8|          4|
    |zext_ln691_56_reg_11883             |   4|   0|    8|          4|
    |zext_ln691_57_reg_11888             |   4|   0|    8|          4|
    |zext_ln691_58_reg_11893             |   4|   0|    8|          4|
    |zext_ln691_59_reg_11898             |   4|   0|    8|          4|
    |zext_ln691_5_reg_11628              |   4|   0|    8|          4|
    |zext_ln691_60_reg_11903             |   4|   0|    8|          4|
    |zext_ln691_61_reg_11908             |   4|   0|    8|          4|
    |zext_ln691_62_reg_11913             |   4|   0|    8|          4|
    |zext_ln691_63_reg_11918             |   4|   0|    8|          4|
    |zext_ln691_6_reg_11633              |   4|   0|    8|          4|
    |zext_ln691_7_reg_11638              |   4|   0|    8|          4|
    |zext_ln691_8_reg_11643              |   4|   0|    8|          4|
    |zext_ln691_9_reg_11648              |   4|   0|    8|          4|
    |zext_ln691_reg_11603                |   4|   0|    8|          4|
    |add_ln122_1_reg_12776               |  64|  32|    9|          0|
    |icmp_ln107_reg_11928                |  64|  32|    1|          0|
    |icmp_ln119_reg_12752                |  64|  32|    1|          0|
    |zext_ln107_reg_11932                |  64|  32|   64|         59|
    |zext_ln119_reg_12756                |  64|  32|   64|         60|
    +------------------------------------+----+----+-----+-----------+
    |Total                               |1228| 160| 1542|        614|
    +------------------------------------+----+----+-----+-----------+



================================================================
== Interface
================================================================
* Summary: 
+---------------------------+-----+-----+------------+---------------------+--------------+
|         RTL Ports         | Dir | Bits|  Protocol  |    Source Object    |    C Type    |
+---------------------------+-----+-----+------------+---------------------+--------------+
|s_axi_CONTROL_BUS_AWVALID  |   in|    1|       s_axi|          CONTROL_BUS|   return void|
|s_axi_CONTROL_BUS_AWREADY  |  out|    1|       s_axi|          CONTROL_BUS|   return void|
|s_axi_CONTROL_BUS_AWADDR   |   in|    4|       s_axi|          CONTROL_BUS|   return void|
|s_axi_CONTROL_BUS_WVALID   |   in|    1|       s_axi|          CONTROL_BUS|   return void|
|s_axi_CONTROL_BUS_WREADY   |  out|    1|       s_axi|          CONTROL_BUS|   return void|
|s_axi_CONTROL_BUS_WDATA    |   in|   32|       s_axi|          CONTROL_BUS|   return void|
|s_axi_CONTROL_BUS_WSTRB    |   in|    4|       s_axi|          CONTROL_BUS|   return void|
|s_axi_CONTROL_BUS_ARVALID  |   in|    1|       s_axi|          CONTROL_BUS|   return void|
|s_axi_CONTROL_BUS_ARREADY  |  out|    1|       s_axi|          CONTROL_BUS|   return void|
|s_axi_CONTROL_BUS_ARADDR   |   in|    4|       s_axi|          CONTROL_BUS|   return void|
|s_axi_CONTROL_BUS_RVALID   |  out|    1|       s_axi|          CONTROL_BUS|   return void|
|s_axi_CONTROL_BUS_RREADY   |   in|    1|       s_axi|          CONTROL_BUS|   return void|
|s_axi_CONTROL_BUS_RDATA    |  out|   32|       s_axi|          CONTROL_BUS|   return void|
|s_axi_CONTROL_BUS_RRESP    |  out|    2|       s_axi|          CONTROL_BUS|   return void|
|s_axi_CONTROL_BUS_BVALID   |  out|    1|       s_axi|          CONTROL_BUS|   return void|
|s_axi_CONTROL_BUS_BREADY   |   in|    1|       s_axi|          CONTROL_BUS|   return void|
|s_axi_CONTROL_BUS_BRESP    |  out|    2|       s_axi|          CONTROL_BUS|   return void|
|ap_clk                     |   in|    1|  ap_ctrl_hs|             mmult_hw|  return value|
|ap_rst_n                   |   in|    1|  ap_ctrl_hs|             mmult_hw|  return value|
|interrupt                  |  out|    1|  ap_ctrl_hs|             mmult_hw|  return value|
|in_stream_TDATA            |   in|  512|        axis|   in_stream_V_data_V|       pointer|
|in_stream_TVALID           |   in|    1|        axis|   in_stream_V_dest_V|       pointer|
|in_stream_TREADY           |  out|    1|        axis|   in_stream_V_dest_V|       pointer|
|in_stream_TDEST            |   in|    5|        axis|   in_stream_V_dest_V|       pointer|
|in_stream_TKEEP            |   in|   64|        axis|   in_stream_V_keep_V|       pointer|
|in_stream_TSTRB            |   in|   64|        axis|   in_stream_V_strb_V|       pointer|
|in_stream_TUSER            |   in|    4|        axis|   in_stream_V_user_V|       pointer|
|in_stream_TLAST            |   in|    1|        axis|   in_stream_V_last_V|       pointer|
|in_stream_TID              |   in|    5|        axis|     in_stream_V_id_V|       pointer|
|out_stream_TDATA           |  out|  512|        axis|  out_stream_V_data_V|       pointer|
|out_stream_TVALID          |  out|    1|        axis|  out_stream_V_dest_V|       pointer|
|out_stream_TREADY          |   in|    1|        axis|  out_stream_V_dest_V|       pointer|
|out_stream_TDEST           |  out|    5|        axis|  out_stream_V_dest_V|       pointer|
|out_stream_TKEEP           |  out|   64|        axis|  out_stream_V_keep_V|       pointer|
|out_stream_TSTRB           |  out|   64|        axis|  out_stream_V_strb_V|       pointer|
|out_stream_TUSER           |  out|    4|        axis|  out_stream_V_user_V|       pointer|
|out_stream_TLAST           |  out|    1|        axis|  out_stream_V_last_V|       pointer|
|out_stream_TID             |  out|    5|        axis|    out_stream_V_id_V|       pointer|
+---------------------------+-----+-----+------------+---------------------+--------------+

