
****** Vitis HLS - High-Level Synthesis from C, C++ and OpenCL v2020.2 (64-bit)
  **** SW Build 3064766 on Wed Nov 18 09:12:47 MST 2020
  **** IP Build 3064653 on Wed Nov 18 14:17:31 MST 2020
    ** Copyright 1986-2020 Xilinx, Inc. All Rights Reserved.

source /data/Xilinx/Vitis_HLS/2020.2/scripts/vitis_hls/hls.tcl -notrace
INFO: [HLS 200-10] Running '/data/Xilinx/Vitis_HLS/2020.2/bin/unwrapped/lnx64.o/vitis_hls'
INFO: [HLS 200-10] For user 'ubuntu' on host 'pc17' (Linux_x86_64 version 5.4.0-104-generic) on Sun Mar 13 02:04:20 +08 2022
INFO: [HLS 200-10] On os Ubuntu 20.04.4 LTS
INFO: [HLS 200-10] In directory '/home/ubuntu/cs5222/workspace/zynq/hls/mmult_fixed'
Sourcing Tcl script 'hls.tcl'
INFO: [HLS 200-1510] Running: open_project accel 
INFO: [HLS 200-10] Opening project '/home/ubuntu/cs5222/workspace/zynq/hls/mmult_fixed/accel'.
INFO: [HLS 200-1510] Running: set_top mmult_hw 
INFO: [HLS 200-1510] Running: add_files ./mmult_fixed.cpp 
INFO: [HLS 200-10] Adding design file './mmult_fixed.cpp' to the project
INFO: [HLS 200-1510] Running: add_files -tb ./mmult_test.cpp 
INFO: [HLS 200-10] Adding test bench file './mmult_test.cpp' to the project
INFO: [HLS 200-1510] Running: open_solution solution0 -flow_target vivado 
INFO: [HLS 200-10] Opening solution '/home/ubuntu/cs5222/workspace/zynq/hls/mmult_fixed/accel/solution0'.
INFO: [SYN 201-201] Setting up clock 'default' with a period of 10ns.
INFO: [SYN 201-201] Setting up clock 'default' with an uncertainty of 1.25ns.
INFO: [HLS 200-10] Setting target device to 'xc7z020-clg484-1'
INFO: [HLS 200-1505] Using flow_target 'vivado'
Resolution: For help on HLS 200-1505 see www.xilinx.com/cgi-bin/docs/rdoc?v=2020.2;t=hls+guidance;d=200-1505.html
INFO: [HLS 200-1510] Running: set_part xc7z020clg484-1 
INFO: [HLS 200-1510] Running: create_clock -period 10 -name default 
INFO: [HLS 200-1510] Running: set_clock_uncertainty 12.5% 
INFO: [HLS 200-1510] Running: csim_design -clean 
INFO: [SIM 211-2] *************** CSIM start ***************
INFO: [SIM 211-4] CSIM will launch GCC as the compiler.
   Compiling ../../../../mmult_test.cpp in debug mode
   Compiling ../../../../mmult_fixed.cpp in debug mode
   Generating csim.exe
DEBUGGING AXI4 STREAMING DATA TYPES!
Matrices identical ... Test successful!
The maximum depth reached by any of the 2 hls::stream() instances in the design is 262469
INFO: [SIM 211-1] CSim done with 0 errors.
INFO: [SIM 211-3] *************** CSIM finish ***************
INFO: [HLS 200-111] Finished Command csim_design CPU user time: 14.1 seconds. CPU system time: 0.67 seconds. Elapsed time: 13.29 seconds; current allocated memory: 69.969 MB.
INFO: [HLS 200-1510] Running: csynth_design 
INFO: [HLS 200-111] Finished File checks and directory preparation: CPU user time: 0.01 seconds. CPU system time: 0 seconds. Elapsed time: 0.01 seconds; current allocated memory: 70.122 MB.
INFO: [HLS 200-10] Analyzing design file './mmult_fixed.cpp' ... 
INFO: [HLS 200-111] Finished Source Code Analysis and Preprocessing: CPU user time: 3.84 seconds. CPU system time: 0.31 seconds. Elapsed time: 4.15 seconds; current allocated memory: 71.610 MB.
INFO: [HLS 200-777] Using interface defaults for 'Vivado' flow target.
INFO: [HLS 214-131] Inlining function 'hls::axis<ap_uint<64>, 4ul, 5ul, 5ul>::get_user_ptr()' into 'hls::stream<hls::axis<ap_uint<64>, 4ul, 5ul, 5ul>, 0>::read(hls::axis<ap_uint<64>, 4ul, 5ul, 5ul>&)' (/data/Xilinx/Vitis_HLS/2020.2/common/technology/autopilot/ap_axi_sdata.h:283:50)
INFO: [HLS 214-131] Inlining function 'hls::axis<ap_uint<64>, 4ul, 5ul, 5ul>::get_dest_ptr()' into 'hls::stream<hls::axis<ap_uint<64>, 4ul, 5ul, 5ul>, 0>::read(hls::axis<ap_uint<64>, 4ul, 5ul, 5ul>&)' (/data/Xilinx/Vitis_HLS/2020.2/common/technology/autopilot/ap_axi_sdata.h:286:25)
INFO: [HLS 214-131] Inlining function 'hls::axis<ap_uint<64>, 4ul, 5ul, 5ul>::get_id_ptr()' into 'hls::stream<hls::axis<ap_uint<64>, 4ul, 5ul, 5ul>, 0>::read(hls::axis<ap_uint<64>, 4ul, 5ul, 5ul>&)' (/data/Xilinx/Vitis_HLS/2020.2/common/technology/autopilot/ap_axi_sdata.h:285:67)
INFO: [HLS 214-131] Inlining function 'hls::axis<ap_uint<64>, 4ul, 5ul, 5ul>::get_user_ptr()' into 'hls::stream<hls::axis<ap_uint<64>, 4ul, 5ul, 5ul>, 0>::read(hls::axis<ap_uint<64>, 4ul, 5ul, 5ul>&)' (/data/Xilinx/Vitis_HLS/2020.2/common/technology/autopilot/ap_axi_sdata.h:285:36)
INFO: [HLS 214-131] Inlining function 'hls::axis<ap_uint<64>, 4ul, 5ul, 5ul>::get_dest_ptr()' into 'hls::stream<hls::axis<ap_uint<64>, 4ul, 5ul, 5ul>, 0>::read(hls::axis<ap_uint<64>, 4ul, 5ul, 5ul>&)' (/data/Xilinx/Vitis_HLS/2020.2/common/technology/autopilot/ap_axi_sdata.h:284:39)
INFO: [HLS 214-131] Inlining function 'hls::axis<ap_uint<64>, 4ul, 5ul, 5ul>::get_id_ptr()' into 'hls::stream<hls::axis<ap_uint<64>, 4ul, 5ul, 5ul>, 0>::read(hls::axis<ap_uint<64>, 4ul, 5ul, 5ul>&)' (/data/Xilinx/Vitis_HLS/2020.2/common/technology/autopilot/ap_axi_sdata.h:284:23)
INFO: [HLS 214-131] Inlining function 'hls::axis<ap_uint<64>, 4ul, 5ul, 5ul>::get_user_ptr()' into 'hls::stream<hls::axis<ap_uint<64>, 4ul, 5ul, 5ul>, 0>::write(hls::axis<ap_uint<64>, 4ul, 5ul, 5ul> const&)' (/data/Xilinx/Vitis_HLS/2020.2/common/technology/autopilot/ap_axi_sdata.h:304:51)
INFO: [HLS 214-131] Inlining function 'hls::axis<ap_uint<64>, 4ul, 5ul, 5ul>::get_dest_ptr()' into 'hls::stream<hls::axis<ap_uint<64>, 4ul, 5ul, 5ul>, 0>::write(hls::axis<ap_uint<64>, 4ul, 5ul, 5ul> const&)' (/data/Xilinx/Vitis_HLS/2020.2/common/technology/autopilot/ap_axi_sdata.h:307:26)
INFO: [HLS 214-131] Inlining function 'hls::axis<ap_uint<64>, 4ul, 5ul, 5ul>::get_id_ptr()' into 'hls::stream<hls::axis<ap_uint<64>, 4ul, 5ul, 5ul>, 0>::write(hls::axis<ap_uint<64>, 4ul, 5ul, 5ul> const&)' (/data/Xilinx/Vitis_HLS/2020.2/common/technology/autopilot/ap_axi_sdata.h:306:68)
INFO: [HLS 214-131] Inlining function 'hls::axis<ap_uint<64>, 4ul, 5ul, 5ul>::get_user_ptr()' into 'hls::stream<hls::axis<ap_uint<64>, 4ul, 5ul, 5ul>, 0>::write(hls::axis<ap_uint<64>, 4ul, 5ul, 5ul> const&)' (/data/Xilinx/Vitis_HLS/2020.2/common/technology/autopilot/ap_axi_sdata.h:306:37)
INFO: [HLS 214-131] Inlining function 'hls::axis<ap_uint<64>, 4ul, 5ul, 5ul>::get_dest_ptr()' into 'hls::stream<hls::axis<ap_uint<64>, 4ul, 5ul, 5ul>, 0>::write(hls::axis<ap_uint<64>, 4ul, 5ul, 5ul> const&)' (/data/Xilinx/Vitis_HLS/2020.2/common/technology/autopilot/ap_axi_sdata.h:305:40)
INFO: [HLS 214-131] Inlining function 'hls::axis<ap_uint<64>, 4ul, 5ul, 5ul>::get_id_ptr()' into 'hls::stream<hls::axis<ap_uint<64>, 4ul, 5ul, 5ul>, 0>::write(hls::axis<ap_uint<64>, 4ul, 5ul, 5ul> const&)' (/data/Xilinx/Vitis_HLS/2020.2/common/technology/autopilot/ap_axi_sdata.h:305:24)
INFO: [HLS 214-131] Inlining function 'hls::stream<hls::axis<ap_uint<64>, 4ul, 5ul, 5ul>, 0>::read(hls::axis<ap_uint<64>, 4ul, 5ul, 5ul>&)' into 'mmult_hw(hls::stream<hls::axis<ap_uint<64>, 4ul, 5ul, 5ul>, 0>&, hls::stream<hls::axis<ap_uint<64>, 4ul, 5ul, 5ul>, 0>&)' (./mmult_fixed.cpp:44:19)
INFO: [HLS 214-131] Inlining function 'hls::stream<hls::axis<ap_uint<64>, 4ul, 5ul, 5ul>, 0>::write(hls::axis<ap_uint<64>, 4ul, 5ul, 5ul> const&)' into 'mmult_hw(hls::stream<hls::axis<ap_uint<64>, 4ul, 5ul, 5ul>, 0>&, hls::stream<hls::axis<ap_uint<64>, 4ul, 5ul, 5ul>, 0>&)' (./mmult_fixed.cpp:115:28)
INFO: [HLS 214-131] Inlining function 'push_stream(unsigned long long const&, bool)' into 'mmult_hw(hls::stream<hls::axis<ap_uint<64>, 4ul, 5ul, 5ul>, 0>&, hls::stream<hls::axis<ap_uint<64>, 4ul, 5ul, 5ul>, 0>&)' (./mmult_fixed.cpp:115:34)
INFO: [HLS 214-131] Inlining function 'pop_stream(hls::axis<ap_uint<64>, 4ul, 5ul, 5ul> const&)' into 'mmult_hw(hls::stream<hls::axis<ap_uint<64>, 4ul, 5ul, 5ul>, 0>&, hls::stream<hls::axis<ap_uint<64>, 4ul, 5ul, 5ul>, 0>&)' (./mmult_fixed.cpp:78:32)
INFO: [HLS 214-131] Inlining function 'hls::stream<hls::axis<ap_uint<64>, 4ul, 5ul, 5ul>, 0>::read(hls::axis<ap_uint<64>, 4ul, 5ul, 5ul>&)' into 'mmult_hw(hls::stream<hls::axis<ap_uint<64>, 4ul, 5ul, 5ul>, 0>&, hls::stream<hls::axis<ap_uint<64>, 4ul, 5ul, 5ul>, 0>&)' (./mmult_fixed.cpp:77:27)
INFO: [HLS 214-131] Inlining function 'pop_stream(hls::axis<ap_uint<64>, 4ul, 5ul, 5ul> const&)' into 'mmult_hw(hls::stream<hls::axis<ap_uint<64>, 4ul, 5ul, 5ul>, 0>&, hls::stream<hls::axis<ap_uint<64>, 4ul, 5ul, 5ul>, 0>&)' (./mmult_fixed.cpp:59:28)
INFO: [HLS 214-131] Inlining function 'hls::stream<hls::axis<ap_uint<64>, 4ul, 5ul, 5ul>, 0>::read(hls::axis<ap_uint<64>, 4ul, 5ul, 5ul>&)' into 'mmult_hw(hls::stream<hls::axis<ap_uint<64>, 4ul, 5ul, 5ul>, 0>&, hls::stream<hls::axis<ap_uint<64>, 4ul, 5ul, 5ul>, 0>&)' (./mmult_fixed.cpp:58:23)
INFO: [HLS 214-131] Inlining function 'pop_stream(hls::axis<ap_uint<64>, 4ul, 5ul, 5ul> const&)' into 'mmult_hw(hls::stream<hls::axis<ap_uint<64>, 4ul, 5ul, 5ul>, 0>&, hls::stream<hls::axis<ap_uint<64>, 4ul, 5ul, 5ul>, 0>&)' (./mmult_fixed.cpp:45:24)
INFO: [HLS 200-111] Finished Compiling Optimization and Transform: CPU user time: 4.53 seconds. CPU system time: 0.46 seconds. Elapsed time: 5.01 seconds; current allocated memory: 73.278 MB.
INFO: [HLS 200-111] Finished Checking Pragmas: CPU user time: 0 seconds. CPU system time: 0 seconds. Elapsed time: 0 seconds; current allocated memory: 73.279 MB.
INFO: [HLS 200-10] Starting code transformations ...
INFO: [HLS 200-111] Finished Standard Transforms: CPU user time: 0.07 seconds. CPU system time: 0.01 seconds. Elapsed time: 0.08 seconds; current allocated memory: 82.376 MB.
INFO: [HLS 200-10] Checking synthesizability ...
INFO: [HLS 200-111] Finished Checking Synthesizability: CPU user time: 0.15 seconds. CPU system time: 0 seconds. Elapsed time: 0.15 seconds; current allocated memory: 94.141 MB.
INFO: [XFORM 203-510] Pipelining loop 'LOAD_OFFSET' in function 'mmult_hw' automatically.
INFO: [XFORM 203-510] Pipelining loop 'VITIS_LOOP_56_2' in function 'mmult_hw' automatically.
INFO: [XFORM 203-510] Pipelining loop 'VITIS_LOOP_75_4' in function 'mmult_hw' automatically.
INFO: [XFORM 203-510] Pipelining loop 'VITIS_LOOP_108_6' (./mmult_fixed.cpp:109) in function 'mmult_hw' automatically.
INFO: [XFORM 203-502] Unrolling all sub-loops inside loop 'LOAD_OFFSET' in function 'mmult_hw' for pipelining.
INFO: [XFORM 203-502] Unrolling all sub-loops inside loop 'VITIS_LOOP_56_2' in function 'mmult_hw' for pipelining.
INFO: [XFORM 203-502] Unrolling all sub-loops inside loop 'VITIS_LOOP_75_4' in function 'mmult_hw' for pipelining.
INFO: [XFORM 203-502] Unrolling all sub-loops inside loop 'L2' (./mmult_fixed.cpp:91) in function 'mmult_hw' for pipelining.
INFO: [XFORM 203-502] Unrolling all sub-loops inside loop 'VITIS_LOOP_108_6' (./mmult_fixed.cpp:109) in function 'mmult_hw' for pipelining.
INFO: [HLS 200-489] Unrolling loop 'VITIS_LOOP_47_1' (./mmult_fixed.cpp:47) in function 'mmult_hw' completely with a factor of 2.
INFO: [HLS 200-489] Unrolling loop 'VITIS_LOOP_61_3' (./mmult_fixed.cpp:61) in function 'mmult_hw' completely with a factor of 8.
INFO: [HLS 200-489] Unrolling loop 'VITIS_LOOP_80_5' (./mmult_fixed.cpp:80) in function 'mmult_hw' completely with a factor of 8.
INFO: [HLS 200-489] Unrolling loop 'L3' (./mmult_fixed.cpp:94) in function 'mmult_hw' completely with a factor of 256.
INFO: [HLS 200-489] Unrolling loop 'VITIS_LOOP_110_7' (./mmult_fixed.cpp:109) in function 'mmult_hw' completely with a factor of 2.
WARNING: [HLS 200-914] Completely partitioning array 'weight_buf.V' (./mmult_fixed.cpp:26) accessed through non-constant indices on dimension 2 (./mmult_fixed.cpp:62:17), which may result in long runtime and suboptimal QoR due to large multiplexers. Please consider wrapping the array access into a function or using a register file core instead.
Resolution: For help on HLS 200-914 see www.xilinx.com/cgi-bin/docs/rdoc?v=2020.2;t=hls+guidance;d=200-914.html
INFO: [XFORM 203-101] Partitioning array 'weight_buf.V' (./mmult_fixed.cpp:26) in dimension 2 completely.
WARNING: [HLS 200-914] Completely partitioning array 'in_buf.V' (./mmult_fixed.cpp:27) accessed through non-constant indices on dimension 2 (./mmult_fixed.cpp:81:21), which may result in long runtime and suboptimal QoR due to large multiplexers. Please consider wrapping the array access into a function or using a register file core instead.
Resolution: For help on HLS 200-914 see www.xilinx.com/cgi-bin/docs/rdoc?v=2020.2;t=hls+guidance;d=200-914.html
INFO: [XFORM 203-101] Partitioning array 'in_buf.V' (./mmult_fixed.cpp:27) in dimension 2 completely.
INFO: [XFORM 203-11] Balancing expressions in function 'mmult_hw' (./mmult_fixed.cpp:25:38)...256 expression(s) balanced.
INFO: [HLS 200-111] Finished Loop, function and other optimizations: CPU user time: 3.45 seconds. CPU system time: 0.06 seconds. Elapsed time: 3.51 seconds; current allocated memory: 144.046 MB.
INFO: [XFORM 203-541] Flattening a loop nest 'LOAD_WEIGHT' (./mmult_fixed.cpp:55:14) in function 'mmult_hw'.
INFO: [XFORM 203-541] Flattening a loop nest 'LOAD_INPUT' (./mmult_fixed.cpp:74:18) in function 'mmult_hw'.
INFO: [XFORM 203-541] Flattening a loop nest 'L1' (./mmult_fixed.cpp:88:18) in function 'mmult_hw'.
INFO: [XFORM 203-541] Flattening a loop nest 'STORE_OUTPUT' (./mmult_fixed.cpp:37:9) in function 'mmult_hw'.
WARNING: [HLS 200-960] Cannot flatten loop 'LT' (./mmult_fixed.cpp:69:14) in function 'mmult_hw' more than one sub loop.
Resolution: For help on HLS 200-960 see www.xilinx.com/cgi-bin/docs/rdoc?v=2020.2;t=hls+guidance;d=200-960.html
INFO: [HLS 200-472] Inferring partial write operation for 'offset_buf.V' (./mmult_fixed.cpp:48:31)
INFO: [HLS 200-472] Inferring partial write operation for 'out_buf.V' (./mmult_fixed.cpp:100:31)
INFO: [HLS 200-472] Inferring partial write operation for 'weight_buf.V[7]' (./mmult_fixed.cpp:62:38)
INFO: [HLS 200-472] Inferring partial write operation for 'in_buf.V[7]' (./mmult_fixed.cpp:81:38)
INFO: [HLS 200-111] Finished Architecture Synthesis: CPU user time: 16.55 seconds. CPU system time: 0.08 seconds. Elapsed time: 16.64 seconds; current allocated memory: 279.478 MB.
INFO: [HLS 200-10] Starting hardware synthesis ...
INFO: [HLS 200-10] Synthesizing 'mmult_hw' ...
INFO: [HLS 200-10] ----------------------------------------------------------------
INFO: [HLS 200-42] -- Implementing module 'mmult_hw' 
INFO: [HLS 200-10] ----------------------------------------------------------------
INFO: [SCHED 204-11] Starting scheduling ...
INFO: [HLS 200-486] Changing DSP48 latency (root=mul_ln1345_253) to 3 in order to utilize available DSP registers.
INFO: [HLS 200-486] Changing DSP48 latency (root=mul_ln1345_255) to 3 in order to utilize available DSP registers.
INFO: [HLS 200-486] Changing DSP48 latency (root=mul_ln1345_252) to 3 in order to utilize available DSP registers.
INFO: [HLS 200-486] Changing DSP48 latency (root=mul_ln1345_250) to 3 in order to utilize available DSP registers.
INFO: [HLS 200-486] Changing DSP48 latency (root=mul_ln1345_248) to 3 in order to utilize available DSP registers.
INFO: [HLS 200-486] Changing DSP48 latency (root=mul_ln1345_246) to 3 in order to utilize available DSP registers.
INFO: [HLS 200-486] Changing DSP48 latency (root=mul_ln1345_244) to 3 in order to utilize available DSP registers.
INFO: [HLS 200-486] Changing DSP48 latency (root=mul_ln1345_242) to 3 in order to utilize available DSP registers.
INFO: [HLS 200-486] Changing DSP48 latency (root=mul_ln1345_240) to 3 in order to utilize available DSP registers.
INFO: [HLS 200-486] Changing DSP48 latency (root=mul_ln1345_238) to 3 in order to utilize available DSP registers.
INFO: [HLS 200-486] Changing DSP48 latency (root=mul_ln1345_236) to 3 in order to utilize available DSP registers.
INFO: [HLS 200-486] Changing DSP48 latency (root=mul_ln1345_234) to 3 in order to utilize available DSP registers.
INFO: [HLS 200-486] Changing DSP48 latency (root=mul_ln1345_232) to 3 in order to utilize available DSP registers.
INFO: [HLS 200-486] Changing DSP48 latency (root=mul_ln1345_230) to 3 in order to utilize available DSP registers.
INFO: [HLS 200-486] Changing DSP48 latency (root=mul_ln1345_228) to 3 in order to utilize available DSP registers.
INFO: [HLS 200-486] Changing DSP48 latency (root=mul_ln1345_226) to 3 in order to utilize available DSP registers.
INFO: [HLS 200-486] Changing DSP48 latency (root=mul_ln1345_224) to 3 in order to utilize available DSP registers.
INFO: [HLS 200-486] Changing DSP48 latency (root=mul_ln1345_222) to 3 in order to utilize available DSP registers.
INFO: [HLS 200-486] Changing DSP48 latency (root=mul_ln1345_220) to 3 in order to utilize available DSP registers.
INFO: [HLS 200-486] Changing DSP48 latency (root=mul_ln1345_218) to 3 in order to utilize available DSP registers.
INFO: [HLS 200-486] Changing DSP48 latency (root=mul_ln1345_216) to 3 in order to utilize available DSP registers.
INFO: [HLS 200-486] Changing DSP48 latency (root=mul_ln1345_214) to 3 in order to utilize available DSP registers.
INFO: [HLS 200-486] Changing DSP48 latency (root=mul_ln1345_212) to 3 in order to utilize available DSP registers.
INFO: [HLS 200-486] Changing DSP48 latency (root=mul_ln1345_210) to 3 in order to utilize available DSP registers.
INFO: [HLS 200-486] Changing DSP48 latency (root=mul_ln1345_208) to 3 in order to utilize available DSP registers.
INFO: [HLS 200-486] Changing DSP48 latency (root=mul_ln1345_206) to 3 in order to utilize available DSP registers.
INFO: [HLS 200-486] Changing DSP48 latency (root=mul_ln1345_204) to 3 in order to utilize available DSP registers.
INFO: [HLS 200-486] Changing DSP48 latency (root=mul_ln1345_202) to 3 in order to utilize available DSP registers.
INFO: [HLS 200-486] Changing DSP48 latency (root=mul_ln1345_200) to 3 in order to utilize available DSP registers.
INFO: [HLS 200-486] Changing DSP48 latency (root=mul_ln1345_198) to 3 in order to utilize available DSP registers.
INFO: [HLS 200-486] Changing DSP48 latency (root=mul_ln1345_196) to 3 in order to utilize available DSP registers.
INFO: [HLS 200-486] Changing DSP48 latency (root=mul_ln1345_194) to 3 in order to utilize available DSP registers.
INFO: [HLS 200-486] Changing DSP48 latency (root=mul_ln1345_192) to 3 in order to utilize available DSP registers.
INFO: [HLS 200-486] Changing DSP48 latency (root=mul_ln1345_190) to 3 in order to utilize available DSP registers.
INFO: [HLS 200-486] Changing DSP48 latency (root=mul_ln1345_188) to 3 in order to utilize available DSP registers.
INFO: [HLS 200-486] Changing DSP48 latency (root=mul_ln1345_186) to 3 in order to utilize available DSP registers.
INFO: [HLS 200-486] Changing DSP48 latency (root=mul_ln1345_184) to 3 in order to utilize available DSP registers.
INFO: [HLS 200-486] Changing DSP48 latency (root=mul_ln1345_182) to 3 in order to utilize available DSP registers.
INFO: [HLS 200-486] Changing DSP48 latency (root=mul_ln1345_180) to 3 in order to utilize available DSP registers.
INFO: [HLS 200-486] Changing DSP48 latency (root=mul_ln1345_178) to 3 in order to utilize available DSP registers.
INFO: [HLS 200-486] Changing DSP48 latency (root=mul_ln1345_176) to 3 in order to utilize available DSP registers.
INFO: [HLS 200-486] Changing DSP48 latency (root=mul_ln1345_174) to 3 in order to utilize available DSP registers.
INFO: [HLS 200-486] Changing DSP48 latency (root=mul_ln1345_172) to 3 in order to utilize available DSP registers.
INFO: [HLS 200-486] Changing DSP48 latency (root=mul_ln1345_170) to 3 in order to utilize available DSP registers.
INFO: [HLS 200-486] Changing DSP48 latency (root=mul_ln1345_168) to 3 in order to utilize available DSP registers.
INFO: [HLS 200-486] Changing DSP48 latency (root=mul_ln1345_166) to 3 in order to utilize available DSP registers.
INFO: [HLS 200-486] Changing DSP48 latency (root=mul_ln1345_164) to 3 in order to utilize available DSP registers.
INFO: [HLS 200-486] Changing DSP48 latency (root=mul_ln1345_162) to 3 in order to utilize available DSP registers.
INFO: [HLS 200-486] Changing DSP48 latency (root=mul_ln1345_160) to 3 in order to utilize available DSP registers.
INFO: [HLS 200-486] Changing DSP48 latency (root=mul_ln1345_158) to 3 in order to utilize available DSP registers.
INFO: [HLS 200-486] Changing DSP48 latency (root=mul_ln1345_156) to 3 in order to utilize available DSP registers.
INFO: [HLS 200-486] Changing DSP48 latency (root=mul_ln1345_154) to 3 in order to utilize available DSP registers.
INFO: [HLS 200-486] Changing DSP48 latency (root=mul_ln1345_152) to 3 in order to utilize available DSP registers.
INFO: [HLS 200-486] Changing DSP48 latency (root=mul_ln1345_150) to 3 in order to utilize available DSP registers.
INFO: [HLS 200-486] Changing DSP48 latency (root=mul_ln1345_148) to 3 in order to utilize available DSP registers.
INFO: [HLS 200-486] Changing DSP48 latency (root=mul_ln1345_146) to 3 in order to utilize available DSP registers.
INFO: [HLS 200-486] Changing DSP48 latency (root=mul_ln1345_144) to 3 in order to utilize available DSP registers.
INFO: [HLS 200-486] Changing DSP48 latency (root=mul_ln1345_142) to 3 in order to utilize available DSP registers.
INFO: [HLS 200-486] Changing DSP48 latency (root=mul_ln1345_140) to 3 in order to utilize available DSP registers.
INFO: [HLS 200-486] Changing DSP48 latency (root=mul_ln1345_138) to 3 in order to utilize available DSP registers.
INFO: [HLS 200-486] Changing DSP48 latency (root=mul_ln1345_136) to 3 in order to utilize available DSP registers.
INFO: [HLS 200-486] Changing DSP48 latency (root=mul_ln1345_134) to 3 in order to utilize available DSP registers.
INFO: [HLS 200-486] Changing DSP48 latency (root=mul_ln1345_132) to 3 in order to utilize available DSP registers.
INFO: [HLS 200-486] Changing DSP48 latency (root=mul_ln1345_130) to 3 in order to utilize available DSP registers.
INFO: [HLS 200-486] Changing DSP48 latency (root=mul_ln1345_128) to 3 in order to utilize available DSP registers.
INFO: [HLS 200-486] Changing DSP48 latency (root=mul_ln1345_126) to 3 in order to utilize available DSP registers.
INFO: [HLS 200-486] Changing DSP48 latency (root=mul_ln1345_124) to 3 in order to utilize available DSP registers.
INFO: [HLS 200-486] Changing DSP48 latency (root=mul_ln1345_122) to 3 in order to utilize available DSP registers.
INFO: [HLS 200-486] Changing DSP48 latency (root=mul_ln1345_120) to 3 in order to utilize available DSP registers.
INFO: [HLS 200-486] Changing DSP48 latency (root=mul_ln1345_118) to 3 in order to utilize available DSP registers.
INFO: [HLS 200-486] Changing DSP48 latency (root=mul_ln1345_116) to 3 in order to utilize available DSP registers.
INFO: [HLS 200-486] Changing DSP48 latency (root=mul_ln1345_114) to 3 in order to utilize available DSP registers.
INFO: [HLS 200-486] Changing DSP48 latency (root=mul_ln1345_112) to 3 in order to utilize available DSP registers.
INFO: [HLS 200-486] Changing DSP48 latency (root=mul_ln1345_110) to 3 in order to utilize available DSP registers.
INFO: [HLS 200-486] Changing DSP48 latency (root=mul_ln1345_108) to 3 in order to utilize available DSP registers.
INFO: [HLS 200-486] Changing DSP48 latency (root=mul_ln1345_106) to 3 in order to utilize available DSP registers.
INFO: [HLS 200-486] Changing DSP48 latency (root=mul_ln1345_104) to 3 in order to utilize available DSP registers.
INFO: [HLS 200-486] Changing DSP48 latency (root=mul_ln1345_102) to 3 in order to utilize available DSP registers.
INFO: [HLS 200-486] Changing DSP48 latency (root=mul_ln1345_100) to 3 in order to utilize available DSP registers.
INFO: [HLS 200-486] Changing DSP48 latency (root=mul_ln1345_98) to 3 in order to utilize available DSP registers.
INFO: [HLS 200-486] Changing DSP48 latency (root=mul_ln1345_96) to 3 in order to utilize available DSP registers.
INFO: [HLS 200-486] Changing DSP48 latency (root=mul_ln1345_94) to 3 in order to utilize available DSP registers.
INFO: [HLS 200-486] Changing DSP48 latency (root=mul_ln1345_92) to 3 in order to utilize available DSP registers.
INFO: [HLS 200-486] Changing DSP48 latency (root=mul_ln1345_90) to 3 in order to utilize available DSP registers.
INFO: [HLS 200-486] Changing DSP48 latency (root=mul_ln1345_88) to 3 in order to utilize available DSP registers.
INFO: [HLS 200-486] Changing DSP48 latency (root=mul_ln1345_86) to 3 in order to utilize available DSP registers.
INFO: [HLS 200-486] Changing DSP48 latency (root=mul_ln1345_84) to 3 in order to utilize available DSP registers.
INFO: [HLS 200-486] Changing DSP48 latency (root=mul_ln1345_82) to 3 in order to utilize available DSP registers.
INFO: [HLS 200-486] Changing DSP48 latency (root=mul_ln1345_80) to 3 in order to utilize available DSP registers.
INFO: [HLS 200-486] Changing DSP48 latency (root=mul_ln1345_78) to 3 in order to utilize available DSP registers.
INFO: [HLS 200-486] Changing DSP48 latency (root=mul_ln1345_76) to 3 in order to utilize available DSP registers.
INFO: [HLS 200-486] Changing DSP48 latency (root=mul_ln1345_74) to 3 in order to utilize available DSP registers.
INFO: [HLS 200-486] Changing DSP48 latency (root=mul_ln1345_72) to 3 in order to utilize available DSP registers.
INFO: [HLS 200-486] Changing DSP48 latency (root=mul_ln1345_70) to 3 in order to utilize available DSP registers.
INFO: [HLS 200-486] Changing DSP48 latency (root=mul_ln1345_68) to 3 in order to utilize available DSP registers.
INFO: [HLS 200-486] Changing DSP48 latency (root=mul_ln1345_66) to 3 in order to utilize available DSP registers.
INFO: [HLS 200-486] Changing DSP48 latency (root=mul_ln1345_64) to 3 in order to utilize available DSP registers.
INFO: [HLS 200-486] Changing DSP48 latency (root=mul_ln1345_62) to 3 in order to utilize available DSP registers.
INFO: [HLS 200-486] Changing DSP48 latency (root=mul_ln1345_60) to 3 in order to utilize available DSP registers.
INFO: [HLS 200-486] Changing DSP48 latency (root=mul_ln1345_58) to 3 in order to utilize available DSP registers.
INFO: [HLS 200-486] Changing DSP48 latency (root=mul_ln1345_56) to 3 in order to utilize available DSP registers.
INFO: [HLS 200-486] Changing DSP48 latency (root=mul_ln1345_54) to 3 in order to utilize available DSP registers.
INFO: [HLS 200-486] Changing DSP48 latency (root=mul_ln1345_52) to 3 in order to utilize available DSP registers.
INFO: [HLS 200-486] Changing DSP48 latency (root=mul_ln1345_50) to 3 in order to utilize available DSP registers.
INFO: [HLS 200-486] Changing DSP48 latency (root=mul_ln1345_48) to 3 in order to utilize available DSP registers.
INFO: [HLS 200-486] Changing DSP48 latency (root=mul_ln1345_46) to 3 in order to utilize available DSP registers.
INFO: [HLS 200-486] Changing DSP48 latency (root=mul_ln1345_44) to 3 in order to utilize available DSP registers.
INFO: [HLS 200-486] Changing DSP48 latency (root=mul_ln1345_42) to 3 in order to utilize available DSP registers.
INFO: [HLS 200-486] Changing DSP48 latency (root=mul_ln1345_40) to 3 in order to utilize available DSP registers.
INFO: [HLS 200-486] Changing DSP48 latency (root=mul_ln1345_38) to 3 in order to utilize available DSP registers.
INFO: [HLS 200-486] Changing DSP48 latency (root=mul_ln1345_36) to 3 in order to utilize available DSP registers.
INFO: [HLS 200-486] Changing DSP48 latency (root=mul_ln1345_34) to 3 in order to utilize available DSP registers.
INFO: [HLS 200-486] Changing DSP48 latency (root=mul_ln1345_32) to 3 in order to utilize available DSP registers.
INFO: [HLS 200-486] Changing DSP48 latency (root=mul_ln1345_30) to 3 in order to utilize available DSP registers.
INFO: [HLS 200-486] Changing DSP48 latency (root=mul_ln1345_28) to 3 in order to utilize available DSP registers.
INFO: [HLS 200-486] Changing DSP48 latency (root=mul_ln1345_26) to 3 in order to utilize available DSP registers.
INFO: [HLS 200-486] Changing DSP48 latency (root=mul_ln1345_24) to 3 in order to utilize available DSP registers.
INFO: [HLS 200-486] Changing DSP48 latency (root=mul_ln1345_22) to 3 in order to utilize available DSP registers.
INFO: [HLS 200-486] Changing DSP48 latency (root=mul_ln1345_20) to 3 in order to utilize available DSP registers.
INFO: [HLS 200-486] Changing DSP48 latency (root=mul_ln1345_18) to 3 in order to utilize available DSP registers.
INFO: [HLS 200-486] Changing DSP48 latency (root=mul_ln1345_16) to 3 in order to utilize available DSP registers.
INFO: [HLS 200-486] Changing DSP48 latency (root=mul_ln1345_14) to 3 in order to utilize available DSP registers.
INFO: [HLS 200-486] Changing DSP48 latency (root=mul_ln1345_12) to 3 in order to utilize available DSP registers.
INFO: [HLS 200-486] Changing DSP48 latency (root=mul_ln1345_10) to 3 in order to utilize available DSP registers.
INFO: [HLS 200-486] Changing DSP48 latency (root=mul_ln1345_8) to 3 in order to utilize available DSP registers.
INFO: [HLS 200-486] Changing DSP48 latency (root=mul_ln1345_6) to 3 in order to utilize available DSP registers.
INFO: [HLS 200-486] Changing DSP48 latency (root=mul_ln1345_4) to 3 in order to utilize available DSP registers.
INFO: [HLS 200-486] Changing DSP48 latency (root=mul_ln1345_2) to 3 in order to utilize available DSP registers.
INFO: [HLS 200-486] Changing DSP48 latency (root=mul_ln1345) to 3 in order to utilize available DSP registers.
INFO: [HLS 200-1457] Automatically inferring 1WnR RAM type for array 'out_buf_V'. Use bind_storage pragma to overwrite if needed.
INFO: [SCHED 204-61] Pipelining loop 'LOAD_OFFSET'.
INFO: [HLS 200-1470] Pipelining result : Target II = 1, Final II = 1, Depth = 1, loop 'LOAD_OFFSET'
INFO: [SCHED 204-61] Pipelining loop 'LOAD_WEIGHT_VITIS_LOOP_56_2'.
INFO: [HLS 200-1470] Pipelining result : Target II = 1, Final II = 1, Depth = 1, loop 'LOAD_WEIGHT_VITIS_LOOP_56_2'
INFO: [SCHED 204-61] Pipelining loop 'LOAD_INPUT_VITIS_LOOP_75_4'.
INFO: [HLS 200-1470] Pipelining result : Target II = 1, Final II = 1, Depth = 1, loop 'LOAD_INPUT_VITIS_LOOP_75_4'
INFO: [SCHED 204-61] Pipelining loop 'L1_L2'.
INFO: [HLS 200-1470] Pipelining result : Target II = 1, Final II = 1, Depth = 9, loop 'L1_L2'
INFO: [SCHED 204-61] Pipelining loop 'STORE_OUTPUT_VITIS_LOOP_108_6'.
INFO: [HLS 200-1470] Pipelining result : Target II = 1, Final II = 1, Depth = 4, loop 'STORE_OUTPUT_VITIS_LOOP_108_6'
INFO: [SCHED 204-11] Finished scheduling.
INFO: [HLS 200-111] Finished Scheduling: CPU user time: 140.89 seconds. CPU system time: 0.36 seconds. Elapsed time: 141.28 seconds; current allocated memory: 355.182 MB.
INFO: [BIND 205-100] Starting micro-architecture generation ...
INFO: [BIND 205-101] Performing variable lifetime analysis.
INFO: [BIND 205-101] Exploring resource sharing.
WARNING: [BIND 205-102] The specified resource core for memory 'in_buf_V_0' will be ignored if a simpler one can be used.
WARNING: [BIND 205-102] The specified resource core for memory 'in_buf_V_1' will be ignored if a simpler one can be used.
WARNING: [BIND 205-102] The specified resource core for memory 'in_buf_V_2' will be ignored if a simpler one can be used.
WARNING: [BIND 205-102] The specified resource core for memory 'in_buf_V_3' will be ignored if a simpler one can be used.
WARNING: [BIND 205-102] The specified resource core for memory 'in_buf_V_4' will be ignored if a simpler one can be used.
WARNING: [BIND 205-102] The specified resource core for memory 'in_buf_V_5' will be ignored if a simpler one can be used.
WARNING: [BIND 205-102] The specified resource core for memory 'in_buf_V_6' will be ignored if a simpler one can be used.
WARNING: [BIND 205-102] The specified resource core for memory 'in_buf_V_7' will be ignored if a simpler one can be used.
WARNING: [BIND 205-102] The specified resource core for memory 'in_buf_V_8' will be ignored if a simpler one can be used.
WARNING: [BIND 205-102] The specified resource core for memory 'in_buf_V_9' will be ignored if a simpler one can be used.
WARNING: [BIND 205-102] The specified resource core for memory 'in_buf_V_10' will be ignored if a simpler one can be used.
WARNING: [BIND 205-102] The specified resource core for memory 'in_buf_V_11' will be ignored if a simpler one can be used.
WARNING: [BIND 205-102] The specified resource core for memory 'in_buf_V_12' will be ignored if a simpler one can be used.
WARNING: [BIND 205-102] The specified resource core for memory 'in_buf_V_13' will be ignored if a simpler one can be used.
WARNING: [BIND 205-102] The specified resource core for memory 'in_buf_V_14' will be ignored if a simpler one can be used.
WARNING: [BIND 205-102] The specified resource core for memory 'in_buf_V_15' will be ignored if a simpler one can be used.
WARNING: [BIND 205-102] The specified resource core for memory 'in_buf_V_16' will be ignored if a simpler one can be used.
WARNING: [BIND 205-102] The specified resource core for memory 'in_buf_V_17' will be ignored if a simpler one can be used.
WARNING: [BIND 205-102] The specified resource core for memory 'in_buf_V_18' will be ignored if a simpler one can be used.
WARNING: [BIND 205-102] The specified resource core for memory 'in_buf_V_19' will be ignored if a simpler one can be used.
WARNING: [BIND 205-102] The specified resource core for memory 'in_buf_V_20' will be ignored if a simpler one can be used.
WARNING: [BIND 205-102] The specified resource core for memory 'in_buf_V_21' will be ignored if a simpler one can be used.
WARNING: [BIND 205-102] The specified resource core for memory 'in_buf_V_22' will be ignored if a simpler one can be used.
WARNING: [BIND 205-102] The specified resource core for memory 'in_buf_V_23' will be ignored if a simpler one can be used.
WARNING: [BIND 205-102] The specified resource core for memory 'in_buf_V_24' will be ignored if a simpler one can be used.
WARNING: [BIND 205-102] The specified resource core for memory 'in_buf_V_25' will be ignored if a simpler one can be used.
WARNING: [BIND 205-102] The specified resource core for memory 'in_buf_V_26' will be ignored if a simpler one can be used.
WARNING: [BIND 205-102] The specified resource core for memory 'in_buf_V_27' will be ignored if a simpler one can be used.
WARNING: [BIND 205-102] The specified resource core for memory 'in_buf_V_28' will be ignored if a simpler one can be used.
WARNING: [BIND 205-102] The specified resource core for memory 'in_buf_V_29' will be ignored if a simpler one can be used.
WARNING: [BIND 205-102] The specified resource core for memory 'in_buf_V_30' will be ignored if a simpler one can be used.
WARNING: [BIND 205-102] The specified resource core for memory 'in_buf_V_31' will be ignored if a simpler one can be used.
WARNING: [BIND 205-102] The specified resource core for memory 'in_buf_V_32' will be ignored if a simpler one can be used.
WARNING: [BIND 205-102] The specified resource core for memory 'in_buf_V_33' will be ignored if a simpler one can be used.
WARNING: [BIND 205-102] The specified resource core for memory 'in_buf_V_34' will be ignored if a simpler one can be used.
WARNING: [BIND 205-102] The specified resource core for memory 'in_buf_V_35' will be ignored if a simpler one can be used.
WARNING: [BIND 205-102] The specified resource core for memory 'in_buf_V_36' will be ignored if a simpler one can be used.
WARNING: [BIND 205-102] The specified resource core for memory 'in_buf_V_37' will be ignored if a simpler one can be used.
WARNING: [BIND 205-102] The specified resource core for memory 'in_buf_V_38' will be ignored if a simpler one can be used.
WARNING: [BIND 205-102] The specified resource core for memory 'in_buf_V_39' will be ignored if a simpler one can be used.
WARNING: [BIND 205-102] The specified resource core for memory 'in_buf_V_40' will be ignored if a simpler one can be used.
WARNING: [BIND 205-102] The specified resource core for memory 'in_buf_V_41' will be ignored if a simpler one can be used.
WARNING: [BIND 205-102] The specified resource core for memory 'in_buf_V_42' will be ignored if a simpler one can be used.
WARNING: [BIND 205-102] The specified resource core for memory 'in_buf_V_43' will be ignored if a simpler one can be used.
WARNING: [BIND 205-102] The specified resource core for memory 'in_buf_V_44' will be ignored if a simpler one can be used.
WARNING: [BIND 205-102] The specified resource core for memory 'in_buf_V_45' will be ignored if a simpler one can be used.
WARNING: [BIND 205-102] The specified resource core for memory 'in_buf_V_46' will be ignored if a simpler one can be used.
WARNING: [BIND 205-102] The specified resource core for memory 'in_buf_V_47' will be ignored if a simpler one can be used.
WARNING: [BIND 205-102] The specified resource core for memory 'in_buf_V_48' will be ignored if a simpler one can be used.
WARNING: [BIND 205-102] The specified resource core for memory 'in_buf_V_49' will be ignored if a simpler one can be used.
WARNING: [BIND 205-102] The specified resource core for memory 'in_buf_V_50' will be ignored if a simpler one can be used.
WARNING: [BIND 205-102] The specified resource core for memory 'in_buf_V_51' will be ignored if a simpler one can be used.
WARNING: [BIND 205-102] The specified resource core for memory 'in_buf_V_52' will be ignored if a simpler one can be used.
WARNING: [BIND 205-102] The specified resource core for memory 'in_buf_V_53' will be ignored if a simpler one can be used.
WARNING: [BIND 205-102] The specified resource core for memory 'in_buf_V_54' will be ignored if a simpler one can be used.
WARNING: [BIND 205-102] The specified resource core for memory 'in_buf_V_55' will be ignored if a simpler one can be used.
WARNING: [BIND 205-102] The specified resource core for memory 'in_buf_V_56' will be ignored if a simpler one can be used.
WARNING: [BIND 205-102] The specified resource core for memory 'in_buf_V_57' will be ignored if a simpler one can be used.
WARNING: [BIND 205-102] The specified resource core for memory 'in_buf_V_58' will be ignored if a simpler one can be used.
WARNING: [BIND 205-102] The specified resource core for memory 'in_buf_V_59' will be ignored if a simpler one can be used.
WARNING: [BIND 205-102] The specified resource core for memory 'in_buf_V_60' will be ignored if a simpler one can be used.
WARNING: [BIND 205-102] The specified resource core for memory 'in_buf_V_61' will be ignored if a simpler one can be used.
WARNING: [BIND 205-102] The specified resource core for memory 'in_buf_V_62' will be ignored if a simpler one can be used.
WARNING: [BIND 205-102] The specified resource core for memory 'in_buf_V_63' will be ignored if a simpler one can be used.
WARNING: [BIND 205-102] The specified resource core for memory 'in_buf_V_64' will be ignored if a simpler one can be used.
WARNING: [BIND 205-102] The specified resource core for memory 'in_buf_V_65' will be ignored if a simpler one can be used.
WARNING: [BIND 205-102] The specified resource core for memory 'in_buf_V_66' will be ignored if a simpler one can be used.
WARNING: [BIND 205-102] The specified resource core for memory 'in_buf_V_67' will be ignored if a simpler one can be used.
WARNING: [BIND 205-102] The specified resource core for memory 'in_buf_V_68' will be ignored if a simpler one can be used.
WARNING: [BIND 205-102] The specified resource core for memory 'in_buf_V_69' will be ignored if a simpler one can be used.
WARNING: [BIND 205-102] The specified resource core for memory 'in_buf_V_70' will be ignored if a simpler one can be used.
WARNING: [BIND 205-102] The specified resource core for memory 'in_buf_V_71' will be ignored if a simpler one can be used.
WARNING: [BIND 205-102] The specified resource core for memory 'in_buf_V_72' will be ignored if a simpler one can be used.
WARNING: [BIND 205-102] The specified resource core for memory 'in_buf_V_73' will be ignored if a simpler one can be used.
WARNING: [BIND 205-102] The specified resource core for memory 'in_buf_V_74' will be ignored if a simpler one can be used.
WARNING: [BIND 205-102] The specified resource core for memory 'in_buf_V_75' will be ignored if a simpler one can be used.
WARNING: [BIND 205-102] The specified resource core for memory 'in_buf_V_76' will be ignored if a simpler one can be used.
WARNING: [BIND 205-102] The specified resource core for memory 'in_buf_V_77' will be ignored if a simpler one can be used.
WARNING: [BIND 205-102] The specified resource core for memory 'in_buf_V_78' will be ignored if a simpler one can be used.
WARNING: [BIND 205-102] The specified resource core for memory 'in_buf_V_79' will be ignored if a simpler one can be used.
WARNING: [BIND 205-102] The specified resource core for memory 'in_buf_V_80' will be ignored if a simpler one can be used.
WARNING: [BIND 205-102] The specified resource core for memory 'in_buf_V_81' will be ignored if a simpler one can be used.
WARNING: [BIND 205-102] The specified resource core for memory 'in_buf_V_82' will be ignored if a simpler one can be used.
WARNING: [BIND 205-102] The specified resource core for memory 'in_buf_V_83' will be ignored if a simpler one can be used.
WARNING: [BIND 205-102] The specified resource core for memory 'in_buf_V_84' will be ignored if a simpler one can be used.
WARNING: [BIND 205-102] The specified resource core for memory 'in_buf_V_85' will be ignored if a simpler one can be used.
WARNING: [BIND 205-102] The specified resource core for memory 'in_buf_V_86' will be ignored if a simpler one can be used.
WARNING: [BIND 205-102] The specified resource core for memory 'in_buf_V_87' will be ignored if a simpler one can be used.
WARNING: [BIND 205-102] The specified resource core for memory 'in_buf_V_88' will be ignored if a simpler one can be used.
WARNING: [BIND 205-102] The specified resource core for memory 'in_buf_V_89' will be ignored if a simpler one can be used.
WARNING: [BIND 205-102] The specified resource core for memory 'in_buf_V_90' will be ignored if a simpler one can be used.
WARNING: [BIND 205-102] The specified resource core for memory 'in_buf_V_91' will be ignored if a simpler one can be used.
WARNING: [BIND 205-102] The specified resource core for memory 'in_buf_V_92' will be ignored if a simpler one can be used.
WARNING: [BIND 205-102] The specified resource core for memory 'in_buf_V_93' will be ignored if a simpler one can be used.
WARNING: [BIND 205-102] The specified resource core for memory 'in_buf_V_94' will be ignored if a simpler one can be used.
WARNING: [BIND 205-102] The specified resource core for memory 'in_buf_V_95' will be ignored if a simpler one can be used.
WARNING: [BIND 205-102] The specified resource core for memory 'in_buf_V_96' will be ignored if a simpler one can be used.
WARNING: [BIND 205-102] The specified resource core for memory 'in_buf_V_97' will be ignored if a simpler one can be used.
WARNING: [BIND 205-102] The specified resource core for memory 'in_buf_V_98' will be ignored if a simpler one can be used.
WARNING: [BIND 205-102] The specified resource core for memory 'in_buf_V_99' will be ignored if a simpler one can be used.
WARNING: [BIND 205-102] The specified resource core for memory 'in_buf_V_100' will be ignored if a simpler one can be used.
WARNING: [BIND 205-102] The specified resource core for memory 'in_buf_V_101' will be ignored if a simpler one can be used.
WARNING: [BIND 205-102] The specified resource core for memory 'in_buf_V_102' will be ignored if a simpler one can be used.
WARNING: [BIND 205-102] The specified resource core for memory 'in_buf_V_103' will be ignored if a simpler one can be used.
WARNING: [BIND 205-102] The specified resource core for memory 'in_buf_V_104' will be ignored if a simpler one can be used.
WARNING: [BIND 205-102] The specified resource core for memory 'in_buf_V_105' will be ignored if a simpler one can be used.
WARNING: [BIND 205-102] The specified resource core for memory 'in_buf_V_106' will be ignored if a simpler one can be used.
WARNING: [BIND 205-102] The specified resource core for memory 'in_buf_V_107' will be ignored if a simpler one can be used.
WARNING: [BIND 205-102] The specified resource core for memory 'in_buf_V_108' will be ignored if a simpler one can be used.
WARNING: [BIND 205-102] The specified resource core for memory 'in_buf_V_109' will be ignored if a simpler one can be used.
WARNING: [BIND 205-102] The specified resource core for memory 'in_buf_V_110' will be ignored if a simpler one can be used.
WARNING: [BIND 205-102] The specified resource core for memory 'in_buf_V_111' will be ignored if a simpler one can be used.
WARNING: [BIND 205-102] The specified resource core for memory 'in_buf_V_112' will be ignored if a simpler one can be used.
WARNING: [BIND 205-102] The specified resource core for memory 'in_buf_V_113' will be ignored if a simpler one can be used.
WARNING: [BIND 205-102] The specified resource core for memory 'in_buf_V_114' will be ignored if a simpler one can be used.
WARNING: [BIND 205-102] The specified resource core for memory 'in_buf_V_115' will be ignored if a simpler one can be used.
WARNING: [BIND 205-102] The specified resource core for memory 'in_buf_V_116' will be ignored if a simpler one can be used.
WARNING: [BIND 205-102] The specified resource core for memory 'in_buf_V_117' will be ignored if a simpler one can be used.
WARNING: [BIND 205-102] The specified resource core for memory 'in_buf_V_118' will be ignored if a simpler one can be used.
WARNING: [BIND 205-102] The specified resource core for memory 'in_buf_V_119' will be ignored if a simpler one can be used.
WARNING: [BIND 205-102] The specified resource core for memory 'in_buf_V_120' will be ignored if a simpler one can be used.
WARNING: [BIND 205-102] The specified resource core for memory 'in_buf_V_121' will be ignored if a simpler one can be used.
WARNING: [BIND 205-102] The specified resource core for memory 'in_buf_V_122' will be ignored if a simpler one can be used.
WARNING: [BIND 205-102] The specified resource core for memory 'in_buf_V_123' will be ignored if a simpler one can be used.
WARNING: [BIND 205-102] The specified resource core for memory 'in_buf_V_124' will be ignored if a simpler one can be used.
WARNING: [BIND 205-102] The specified resource core for memory 'in_buf_V_125' will be ignored if a simpler one can be used.
WARNING: [BIND 205-102] The specified resource core for memory 'in_buf_V_126' will be ignored if a simpler one can be used.
WARNING: [BIND 205-102] The specified resource core for memory 'in_buf_V_127' will be ignored if a simpler one can be used.
WARNING: [BIND 205-102] The specified resource core for memory 'in_buf_V_128' will be ignored if a simpler one can be used.
WARNING: [BIND 205-102] The specified resource core for memory 'in_buf_V_129' will be ignored if a simpler one can be used.
WARNING: [BIND 205-102] The specified resource core for memory 'in_buf_V_130' will be ignored if a simpler one can be used.
WARNING: [BIND 205-102] The specified resource core for memory 'in_buf_V_131' will be ignored if a simpler one can be used.
WARNING: [BIND 205-102] The specified resource core for memory 'in_buf_V_132' will be ignored if a simpler one can be used.
WARNING: [BIND 205-102] The specified resource core for memory 'in_buf_V_133' will be ignored if a simpler one can be used.
WARNING: [BIND 205-102] The specified resource core for memory 'in_buf_V_134' will be ignored if a simpler one can be used.
WARNING: [BIND 205-102] The specified resource core for memory 'in_buf_V_135' will be ignored if a simpler one can be used.
WARNING: [BIND 205-102] The specified resource core for memory 'in_buf_V_136' will be ignored if a simpler one can be used.
WARNING: [BIND 205-102] The specified resource core for memory 'in_buf_V_137' will be ignored if a simpler one can be used.
WARNING: [BIND 205-102] The specified resource core for memory 'in_buf_V_138' will be ignored if a simpler one can be used.
WARNING: [BIND 205-102] The specified resource core for memory 'in_buf_V_139' will be ignored if a simpler one can be used.
WARNING: [BIND 205-102] The specified resource core for memory 'in_buf_V_140' will be ignored if a simpler one can be used.
WARNING: [BIND 205-102] The specified resource core for memory 'in_buf_V_141' will be ignored if a simpler one can be used.
WARNING: [BIND 205-102] The specified resource core for memory 'in_buf_V_142' will be ignored if a simpler one can be used.
WARNING: [BIND 205-102] The specified resource core for memory 'in_buf_V_143' will be ignored if a simpler one can be used.
WARNING: [BIND 205-102] The specified resource core for memory 'in_buf_V_144' will be ignored if a simpler one can be used.
WARNING: [BIND 205-102] The specified resource core for memory 'in_buf_V_145' will be ignored if a simpler one can be used.
WARNING: [BIND 205-102] The specified resource core for memory 'in_buf_V_146' will be ignored if a simpler one can be used.
WARNING: [BIND 205-102] The specified resource core for memory 'in_buf_V_147' will be ignored if a simpler one can be used.
WARNING: [BIND 205-102] The specified resource core for memory 'in_buf_V_148' will be ignored if a simpler one can be used.
WARNING: [BIND 205-102] The specified resource core for memory 'in_buf_V_149' will be ignored if a simpler one can be used.
WARNING: [BIND 205-102] The specified resource core for memory 'in_buf_V_150' will be ignored if a simpler one can be used.
WARNING: [BIND 205-102] The specified resource core for memory 'in_buf_V_151' will be ignored if a simpler one can be used.
WARNING: [BIND 205-102] The specified resource core for memory 'in_buf_V_152' will be ignored if a simpler one can be used.
WARNING: [BIND 205-102] The specified resource core for memory 'in_buf_V_153' will be ignored if a simpler one can be used.
WARNING: [BIND 205-102] The specified resource core for memory 'in_buf_V_154' will be ignored if a simpler one can be used.
WARNING: [BIND 205-102] The specified resource core for memory 'in_buf_V_155' will be ignored if a simpler one can be used.
WARNING: [BIND 205-102] The specified resource core for memory 'in_buf_V_156' will be ignored if a simpler one can be used.
WARNING: [BIND 205-102] The specified resource core for memory 'in_buf_V_157' will be ignored if a simpler one can be used.
WARNING: [BIND 205-102] The specified resource core for memory 'in_buf_V_158' will be ignored if a simpler one can be used.
WARNING: [BIND 205-102] The specified resource core for memory 'in_buf_V_159' will be ignored if a simpler one can be used.
WARNING: [BIND 205-102] The specified resource core for memory 'in_buf_V_160' will be ignored if a simpler one can be used.
WARNING: [BIND 205-102] The specified resource core for memory 'in_buf_V_161' will be ignored if a simpler one can be used.
WARNING: [BIND 205-102] The specified resource core for memory 'in_buf_V_162' will be ignored if a simpler one can be used.
WARNING: [BIND 205-102] The specified resource core for memory 'in_buf_V_163' will be ignored if a simpler one can be used.
WARNING: [BIND 205-102] The specified resource core for memory 'in_buf_V_164' will be ignored if a simpler one can be used.
WARNING: [BIND 205-102] The specified resource core for memory 'in_buf_V_165' will be ignored if a simpler one can be used.
WARNING: [BIND 205-102] The specified resource core for memory 'in_buf_V_166' will be ignored if a simpler one can be used.
WARNING: [BIND 205-102] The specified resource core for memory 'in_buf_V_167' will be ignored if a simpler one can be used.
WARNING: [BIND 205-102] The specified resource core for memory 'in_buf_V_168' will be ignored if a simpler one can be used.
WARNING: [BIND 205-102] The specified resource core for memory 'in_buf_V_169' will be ignored if a simpler one can be used.
WARNING: [BIND 205-102] The specified resource core for memory 'in_buf_V_170' will be ignored if a simpler one can be used.
WARNING: [BIND 205-102] The specified resource core for memory 'in_buf_V_171' will be ignored if a simpler one can be used.
WARNING: [BIND 205-102] The specified resource core for memory 'in_buf_V_172' will be ignored if a simpler one can be used.
WARNING: [BIND 205-102] The specified resource core for memory 'in_buf_V_173' will be ignored if a simpler one can be used.
WARNING: [BIND 205-102] The specified resource core for memory 'in_buf_V_174' will be ignored if a simpler one can be used.
WARNING: [BIND 205-102] The specified resource core for memory 'in_buf_V_175' will be ignored if a simpler one can be used.
WARNING: [BIND 205-102] The specified resource core for memory 'in_buf_V_176' will be ignored if a simpler one can be used.
WARNING: [BIND 205-102] The specified resource core for memory 'in_buf_V_177' will be ignored if a simpler one can be used.
WARNING: [BIND 205-102] The specified resource core for memory 'in_buf_V_178' will be ignored if a simpler one can be used.
WARNING: [BIND 205-102] The specified resource core for memory 'in_buf_V_179' will be ignored if a simpler one can be used.
WARNING: [BIND 205-102] The specified resource core for memory 'in_buf_V_180' will be ignored if a simpler one can be used.
WARNING: [BIND 205-102] The specified resource core for memory 'in_buf_V_181' will be ignored if a simpler one can be used.
WARNING: [BIND 205-102] The specified resource core for memory 'in_buf_V_182' will be ignored if a simpler one can be used.
WARNING: [BIND 205-102] The specified resource core for memory 'in_buf_V_183' will be ignored if a simpler one can be used.
WARNING: [BIND 205-102] The specified resource core for memory 'in_buf_V_184' will be ignored if a simpler one can be used.
WARNING: [BIND 205-102] The specified resource core for memory 'in_buf_V_185' will be ignored if a simpler one can be used.
WARNING: [BIND 205-102] The specified resource core for memory 'in_buf_V_186' will be ignored if a simpler one can be used.
WARNING: [BIND 205-102] The specified resource core for memory 'in_buf_V_187' will be ignored if a simpler one can be used.
WARNING: [BIND 205-102] The specified resource core for memory 'in_buf_V_188' will be ignored if a simpler one can be used.
WARNING: [BIND 205-102] The specified resource core for memory 'in_buf_V_189' will be ignored if a simpler one can be used.
WARNING: [BIND 205-102] The specified resource core for memory 'in_buf_V_190' will be ignored if a simpler one can be used.
WARNING: [BIND 205-102] The specified resource core for memory 'in_buf_V_191' will be ignored if a simpler one can be used.
WARNING: [BIND 205-102] The specified resource core for memory 'in_buf_V_192' will be ignored if a simpler one can be used.
WARNING: [BIND 205-102] The specified resource core for memory 'in_buf_V_193' will be ignored if a simpler one can be used.
WARNING: [BIND 205-102] The specified resource core for memory 'in_buf_V_194' will be ignored if a simpler one can be used.
WARNING: [BIND 205-102] The specified resource core for memory 'in_buf_V_195' will be ignored if a simpler one can be used.
WARNING: [BIND 205-102] The specified resource core for memory 'in_buf_V_196' will be ignored if a simpler one can be used.
WARNING: [BIND 205-102] The specified resource core for memory 'in_buf_V_197' will be ignored if a simpler one can be used.
WARNING: [BIND 205-102] The specified resource core for memory 'in_buf_V_198' will be ignored if a simpler one can be used.
WARNING: [BIND 205-102] The specified resource core for memory 'in_buf_V_199' will be ignored if a simpler one can be used.
WARNING: [BIND 205-102] The specified resource core for memory 'in_buf_V_200' will be ignored if a simpler one can be used.
WARNING: [BIND 205-102] The specified resource core for memory 'in_buf_V_201' will be ignored if a simpler one can be used.
WARNING: [BIND 205-102] The specified resource core for memory 'in_buf_V_202' will be ignored if a simpler one can be used.
WARNING: [BIND 205-102] The specified resource core for memory 'in_buf_V_203' will be ignored if a simpler one can be used.
WARNING: [BIND 205-102] The specified resource core for memory 'in_buf_V_204' will be ignored if a simpler one can be used.
WARNING: [BIND 205-102] The specified resource core for memory 'in_buf_V_205' will be ignored if a simpler one can be used.
WARNING: [BIND 205-102] The specified resource core for memory 'in_buf_V_206' will be ignored if a simpler one can be used.
WARNING: [BIND 205-102] The specified resource core for memory 'in_buf_V_207' will be ignored if a simpler one can be used.
WARNING: [BIND 205-102] The specified resource core for memory 'in_buf_V_208' will be ignored if a simpler one can be used.
WARNING: [BIND 205-102] The specified resource core for memory 'in_buf_V_209' will be ignored if a simpler one can be used.
WARNING: [BIND 205-102] The specified resource core for memory 'in_buf_V_210' will be ignored if a simpler one can be used.
WARNING: [BIND 205-102] The specified resource core for memory 'in_buf_V_211' will be ignored if a simpler one can be used.
WARNING: [BIND 205-102] The specified resource core for memory 'in_buf_V_212' will be ignored if a simpler one can be used.
WARNING: [BIND 205-102] The specified resource core for memory 'in_buf_V_213' will be ignored if a simpler one can be used.
WARNING: [BIND 205-102] The specified resource core for memory 'in_buf_V_214' will be ignored if a simpler one can be used.
WARNING: [BIND 205-102] The specified resource core for memory 'in_buf_V_215' will be ignored if a simpler one can be used.
WARNING: [BIND 205-102] The specified resource core for memory 'in_buf_V_216' will be ignored if a simpler one can be used.
WARNING: [BIND 205-102] The specified resource core for memory 'in_buf_V_217' will be ignored if a simpler one can be used.
WARNING: [BIND 205-102] The specified resource core for memory 'in_buf_V_218' will be ignored if a simpler one can be used.
WARNING: [BIND 205-102] The specified resource core for memory 'in_buf_V_219' will be ignored if a simpler one can be used.
WARNING: [BIND 205-102] The specified resource core for memory 'in_buf_V_220' will be ignored if a simpler one can be used.
WARNING: [BIND 205-102] The specified resource core for memory 'in_buf_V_221' will be ignored if a simpler one can be used.
WARNING: [BIND 205-102] The specified resource core for memory 'in_buf_V_222' will be ignored if a simpler one can be used.
WARNING: [BIND 205-102] The specified resource core for memory 'in_buf_V_223' will be ignored if a simpler one can be used.
WARNING: [BIND 205-102] The specified resource core for memory 'in_buf_V_224' will be ignored if a simpler one can be used.
WARNING: [BIND 205-102] The specified resource core for memory 'in_buf_V_225' will be ignored if a simpler one can be used.
WARNING: [BIND 205-102] The specified resource core for memory 'in_buf_V_226' will be ignored if a simpler one can be used.
WARNING: [BIND 205-102] The specified resource core for memory 'in_buf_V_227' will be ignored if a simpler one can be used.
WARNING: [BIND 205-102] The specified resource core for memory 'in_buf_V_228' will be ignored if a simpler one can be used.
WARNING: [BIND 205-102] The specified resource core for memory 'in_buf_V_229' will be ignored if a simpler one can be used.
WARNING: [BIND 205-102] The specified resource core for memory 'in_buf_V_230' will be ignored if a simpler one can be used.
WARNING: [BIND 205-102] The specified resource core for memory 'in_buf_V_231' will be ignored if a simpler one can be used.
WARNING: [BIND 205-102] The specified resource core for memory 'in_buf_V_232' will be ignored if a simpler one can be used.
WARNING: [BIND 205-102] The specified resource core for memory 'in_buf_V_233' will be ignored if a simpler one can be used.
WARNING: [BIND 205-102] The specified resource core for memory 'in_buf_V_234' will be ignored if a simpler one can be used.
WARNING: [BIND 205-102] The specified resource core for memory 'in_buf_V_235' will be ignored if a simpler one can be used.
WARNING: [BIND 205-102] The specified resource core for memory 'in_buf_V_236' will be ignored if a simpler one can be used.
WARNING: [BIND 205-102] The specified resource core for memory 'in_buf_V_237' will be ignored if a simpler one can be used.
WARNING: [BIND 205-102] The specified resource core for memory 'in_buf_V_238' will be ignored if a simpler one can be used.
WARNING: [BIND 205-102] The specified resource core for memory 'in_buf_V_239' will be ignored if a simpler one can be used.
WARNING: [BIND 205-102] The specified resource core for memory 'in_buf_V_240' will be ignored if a simpler one can be used.
WARNING: [BIND 205-102] The specified resource core for memory 'in_buf_V_241' will be ignored if a simpler one can be used.
WARNING: [BIND 205-102] The specified resource core for memory 'in_buf_V_242' will be ignored if a simpler one can be used.
WARNING: [BIND 205-102] The specified resource core for memory 'in_buf_V_243' will be ignored if a simpler one can be used.
WARNING: [BIND 205-102] The specified resource core for memory 'in_buf_V_244' will be ignored if a simpler one can be used.
WARNING: [BIND 205-102] The specified resource core for memory 'in_buf_V_245' will be ignored if a simpler one can be used.
WARNING: [BIND 205-102] The specified resource core for memory 'in_buf_V_246' will be ignored if a simpler one can be used.
WARNING: [BIND 205-102] The specified resource core for memory 'in_buf_V_247' will be ignored if a simpler one can be used.
WARNING: [BIND 205-102] The specified resource core for memory 'in_buf_V_248' will be ignored if a simpler one can be used.
WARNING: [BIND 205-102] The specified resource core for memory 'in_buf_V_249' will be ignored if a simpler one can be used.
WARNING: [BIND 205-102] The specified resource core for memory 'in_buf_V_250' will be ignored if a simpler one can be used.
WARNING: [BIND 205-102] The specified resource core for memory 'in_buf_V_251' will be ignored if a simpler one can be used.
WARNING: [BIND 205-102] The specified resource core for memory 'in_buf_V_252' will be ignored if a simpler one can be used.
WARNING: [BIND 205-102] The specified resource core for memory 'in_buf_V_253' will be ignored if a simpler one can be used.
WARNING: [BIND 205-102] The specified resource core for memory 'in_buf_V_254' will be ignored if a simpler one can be used.
WARNING: [BIND 205-102] The specified resource core for memory 'in_buf_V_255' will be ignored if a simpler one can be used.
INFO: [BIND 205-101] Binding ...
INFO: [BIND 205-100] Finished micro-architecture generation.
INFO: [HLS 200-111] Finished Binding: CPU user time: 61.03 seconds. CPU system time: 0.28 seconds. Elapsed time: 61.3 seconds; current allocated memory: 404.430 MB.
INFO: [HLS 200-10] ----------------------------------------------------------------
INFO: [HLS 200-10] -- Generating RTL for module 'mmult_hw' 
INFO: [HLS 200-10] ----------------------------------------------------------------
WARNING: [RTGEN 206-101] Design contains AXI ports. Reset is fixed to synchronous and active low.
INFO: [RTGEN 206-500] Setting interface mode on port 'mmult_hw/in_stream_V_data_V' to 'axis' (register, both mode).
INFO: [RTGEN 206-500] Setting interface mode on port 'mmult_hw/in_stream_V_keep_V' to 'axis' (register, both mode).
INFO: [RTGEN 206-500] Setting interface mode on port 'mmult_hw/in_stream_V_strb_V' to 'axis' (register, both mode).
INFO: [RTGEN 206-500] Setting interface mode on port 'mmult_hw/in_stream_V_user_V' to 'axis' (register, both mode).
INFO: [RTGEN 206-500] Setting interface mode on port 'mmult_hw/in_stream_V_last_V' to 'axis' (register, both mode).
INFO: [RTGEN 206-500] Setting interface mode on port 'mmult_hw/in_stream_V_id_V' to 'axis' (register, both mode).
INFO: [RTGEN 206-500] Setting interface mode on port 'mmult_hw/in_stream_V_dest_V' to 'axis' (register, both mode).
INFO: [RTGEN 206-500] Setting interface mode on port 'mmult_hw/out_stream_V_data_V' to 'axis' (register, both mode).
INFO: [RTGEN 206-500] Setting interface mode on port 'mmult_hw/out_stream_V_keep_V' to 'axis' (register, both mode).
INFO: [RTGEN 206-500] Setting interface mode on port 'mmult_hw/out_stream_V_strb_V' to 'axis' (register, both mode).
INFO: [RTGEN 206-500] Setting interface mode on port 'mmult_hw/out_stream_V_user_V' to 'axis' (register, both mode).
INFO: [RTGEN 206-500] Setting interface mode on port 'mmult_hw/out_stream_V_last_V' to 'axis' (register, both mode).
INFO: [RTGEN 206-500] Setting interface mode on port 'mmult_hw/out_stream_V_id_V' to 'axis' (register, both mode).
INFO: [RTGEN 206-500] Setting interface mode on port 'mmult_hw/out_stream_V_dest_V' to 'axis' (register, both mode).
INFO: [RTGEN 206-500] Setting interface mode on function 'mmult_hw' to 's_axilite & ap_ctrl_hs'.
INFO: [RTGEN 206-100] Bundling port 'return' to AXI-Lite port CONTROL_BUS.
INFO: [RTGEN 206-100] Generating core module 'mac_muladd_8s_8ns_16s_17_4_1': 127 instance(s).
INFO: [RTGEN 206-100] Generating core module 'mac_muladd_8s_8ns_17s_18_4_1': 1 instance(s).
INFO: [RTGEN 206-100] Generating core module 'mac_muladd_8s_8ns_32ns_32_4_1': 1 instance(s).
INFO: [RTGEN 206-100] Generating core module 'mul_8s_8ns_16_1_1': 127 instance(s).
INFO: [RTGEN 206-100] Finished creating RTL model for 'mmult_hw'.
INFO: [HLS 200-111] Finished Creating RTL model: CPU user time: 33.93 seconds. CPU system time: 0.26 seconds. Elapsed time: 34.22 seconds; current allocated memory: 436.653 MB.
INFO: [RTMG 210-282] Generating pipelined core: 'mmult_hw_mul_8s_8ns_16_1_1_Multiplier_0'
INFO: [RTMG 210-278] Implementing memory 'mmult_hw_offset_buf_V_ram (RAM)' using auto RAMs.
INFO: [RTMG 210-278] Implementing memory 'mmult_hw_weight_buf_V_0_ram (RAM)' using auto RAMs.
INFO: [RTMG 210-278] Implementing memory 'mmult_hw_in_buf_V_0_ram (RAM_T2P_BRAM)' using block RAMs.
INFO: [RTMG 210-278] Implementing memory 'mmult_hw_out_buf_V_ram (RAM_1WnR)' using auto RAMs.
INFO: [HLS 200-111] Finished Generating all RTL models: CPU user time: 24.72 seconds. CPU system time: 0.49 seconds. Elapsed time: 25.26 seconds; current allocated memory: 516.823 MB.
INFO: [VHDL 208-304] Generating VHDL RTL for mmult_hw.
INFO: [VLOG 209-307] Generating Verilog RTL for mmult_hw.
INFO: [HLS 200-790] **** Loop Constraint Status: All loop constraints were satisfied.
INFO: [HLS 200-789] **** Estimated Fmax: 114.39 MHz
INFO: [HLS 200-111] Finished Command csynth_design CPU user time: 289.28 seconds. CPU system time: 2.31 seconds. Elapsed time: 291.75 seconds; current allocated memory: 517.229 MB.
INFO: [HLS 200-112] Total CPU user time: 304.89 seconds. Total CPU system time: 3.41 seconds. Total elapsed time: 306.48 seconds; peak allocated memory: 516.823 MB.
INFO: [Common 17-206] Exiting vitis_hls at Sun Mar 13 02:09:26 2022...
