==============================================================
Vitis HLS - High-Level Synthesis from C, C++ and OpenCL v2020.2 (64-bit)
Copyright 1986-2020 Xilinx, Inc. All Rights Reserved.
==============================================================
INFO: [SYN 201-201] Setting up clock 'default' with a period of 10ns.
INFO: [HLS 200-10] Setting target device to 'xc7z020-clg484-1'
INFO: [HLS 200-1505] Using flow_target 'vivado'
INFO: [HLS 200-1464] Running solution command: config_compile -complex-mul-dsp=0
INFO: [HLS 200-1464] Running solution command: config_compile -pipeline_loops=0
INFO: [XFORM 203-1171] Pipeline the innermost loop with trip count more than 0 or its parent loop when its trip count is less than or equal 0.
INFO: [HLS 200-1510] Running: set_part xc7z020clg484-1 
INFO: [XFORM 203-1171] Pipeline the innermost loop with trip count more than 0 or its parent loop when its trip count is less than or equal 0.
INFO: [HLS 200-1510] Running: create_clock -period 10 -name default 
INFO: [HLS 200-1510] Running: config_compile -pipeline_loops 0 
INFO: [XFORM 203-1171] Pipeline the innermost loop with trip count more than 0 or its parent loop when its trip count is less than or equal 0.
INFO: [HLS 200-1510] Running: csim_design -clean 
INFO: [SIM 211-2] *************** CSIM start ***************
INFO: [SIM 211-4] CSIM will launch GCC as the compiler.
INFO: [SIM 211-1] CSim done with 0 errors.
INFO: [SIM 211-3] *************** CSIM finish ***************
INFO: [HLS 200-111] Finished Command csim_design CPU user time: 3.69 seconds. CPU system time: 0.49 seconds. Elapsed time: 2.72 seconds; current allocated memory: 70.019 MB.
INFO: [HLS 200-1510] Running: csynth_design 
INFO: [HLS 200-111] Finished File checks and directory preparation: CPU user time: 0 seconds. CPU system time: 0.01 seconds. Elapsed time: 0.02 seconds; current allocated memory: 70.159 MB.
INFO: [HLS 200-10] Analyzing design file './mmult_float.cpp' ... 
WARNING: [HLS 214-140] Array stream parameter 'in_stream' in function 'mmult_hw' may require the 'volatile' qualifier to prevent the compiler from altering array accesses and/or modifying the desired streaming order: /home/ubuntu/cs5222/workspace/zynq/hls/mmult_float/mmult_float.cpp:8
WARNING: [HLS 214-140] Array stream parameter 'out_stream' in function 'mmult_hw' may require the 'volatile' qualifier to prevent the compiler from altering array accesses and/or modifying the desired streaming order: /home/ubuntu/cs5222/workspace/zynq/hls/mmult_float/mmult_float.cpp:8
WARNING: [HLS 207-5284] unsequenced modification and access to 'os_idx': ./mmult_float.cpp:102:30
INFO: [HLS 200-111] Finished Source Code Analysis and Preprocessing: CPU user time: 3.66 seconds. CPU system time: 0.36 seconds. Elapsed time: 4.02 seconds; current allocated memory: 71.671 MB.
INFO: [HLS 200-777] Using interface defaults for 'Vivado' flow target.
INFO: [HLS 214-131] Inlining function 'pop_stream(hls::axis<ap_uint<64>, 4ul, 5ul, 5ul> const&)' into 'mmult_hw(hls::axis<ap_uint<64>, 4ul, 5ul, 5ul>*, hls::axis<ap_uint<64>, 4ul, 5ul, 5ul>*)' (./mmult_float.cpp:48:28)
INFO: [HLS 214-131] Inlining function 'push_stream(unsigned long long const&, bool)' into 'mmult_hw(hls::axis<ap_uint<64>, 4ul, 5ul, 5ul>*, hls::axis<ap_uint<64>, 4ul, 5ul, 5ul>*)' (./mmult_float.cpp:102:36)
INFO: [HLS 214-131] Inlining function 'pop_stream(hls::axis<ap_uint<64>, 4ul, 5ul, 5ul> const&)' into 'mmult_hw(hls::axis<ap_uint<64>, 4ul, 5ul, 5ul>*, hls::axis<ap_uint<64>, 4ul, 5ul, 5ul>*)' (./mmult_float.cpp:71:32)
INFO: [HLS 214-131] Inlining function 'pop_stream(hls::axis<ap_uint<64>, 4ul, 5ul, 5ul> const&)' into 'mmult_hw(hls::axis<ap_uint<64>, 4ul, 5ul, 5ul>*, hls::axis<ap_uint<64>, 4ul, 5ul, 5ul>*)' (./mmult_float.cpp:59:32)
WARNING: [HLS 214-142] Implementing stream: may cause mismatch if read and write accesses are not in sequential order on port 'in_stream' (./mmult_float.cpp:9:0)
WARNING: [HLS 214-142] Implementing stream: may cause mismatch if read and write accesses are not in sequential order on port 'out_stream' (./mmult_float.cpp:9:0)
INFO: [HLS 214-131] Inlining function '_llvm.fpga.pack.none.i128.s_struct.hls::axiss' into 'mmult_hw(hls::axis<ap_uint<64>, 4ul, 5ul, 5ul>*, hls::axis<ap_uint<64>, 4ul, 5ul, 5ul>*)' (./mmult_float.cpp:102:34)
INFO: [HLS 200-111] Finished Compiling Optimization and Transform: CPU user time: 4.06 seconds. CPU system time: 0.3 seconds. Elapsed time: 4.37 seconds; current allocated memory: 73.439 MB.
INFO: [HLS 200-111] Finished Checking Pragmas: CPU user time: 0 seconds. CPU system time: 0 seconds. Elapsed time: 0 seconds; current allocated memory: 73.441 MB.
INFO: [HLS 200-10] Starting code transformations ...
INFO: [HLS 200-111] Finished Standard Transforms: CPU user time: 0.13 seconds. CPU system time: 0.01 seconds. Elapsed time: 0.14 seconds; current allocated memory: 80.449 MB.
INFO: [HLS 200-10] Checking synthesizability ...
INFO: [HLS 200-111] Finished Checking Synthesizability: CPU user time: 0.17 seconds. CPU system time: 0.02 seconds. Elapsed time: 0.19 seconds; current allocated memory: 88.365 MB.
INFO: [XFORM 203-502] Unrolling all sub-loops inside loop 'L2' (./mmult_float.cpp:82) in function 'mmult_hw' for pipelining.
INFO: [HLS 200-489] Unrolling loop 'L3' (./mmult_float.cpp:87) in function 'mmult_hw' completely with a factor of 256.
INFO: [XFORM 203-101] Partitioning array 'in_buf' (./mmult_float.cpp:32) in dimension 2 with a block factor 32.
INFO: [XFORM 203-101] Partitioning array 'weight_buf' (./mmult_float.cpp:31) in dimension 2 with a block factor 32.
INFO: [HLS 200-111] Finished Loop, function and other optimizations: CPU user time: 0.98 seconds. CPU system time: 0.02 seconds. Elapsed time: 1 seconds; current allocated memory: 121.557 MB.
INFO: [XFORM 203-541] Flattening a loop nest 'L1' (./mmult_float.cpp:79:14) in function 'mmult_hw'.
INFO: [HLS 200-472] Inferring partial write operation for 'offset_buf' (./mmult_float.cpp:49:27)
INFO: [HLS 200-472] Inferring partial write operation for 'offset_buf' (./mmult_float.cpp:50:27)
INFO: [HLS 200-472] Inferring partial write operation for 'out_buf' (./mmult_float.cpp:90:27)
INFO: [HLS 200-472] Inferring partial write operation for 'in_buf[0]' (./mmult_float.cpp:72:30)
INFO: [HLS 200-472] Inferring partial write operation for 'in_buf[0]' (./mmult_float.cpp:73:30)
INFO: [HLS 200-472] Inferring partial write operation for 'weight_buf[0]' (./mmult_float.cpp:60:34)
INFO: [HLS 200-472] Inferring partial write operation for 'weight_buf[0]' (./mmult_float.cpp:61:34)
INFO: [HLS 200-111] Finished Architecture Synthesis: CPU user time: 1.49 seconds. CPU system time: 0.02 seconds. Elapsed time: 1.51 seconds; current allocated memory: 130.945 MB.
INFO: [HLS 200-10] Starting hardware synthesis ...
INFO: [HLS 200-10] Synthesizing 'mmult_hw' ...
INFO: [HLS 200-10] ----------------------------------------------------------------
INFO: [HLS 200-42] -- Implementing module 'mmult_hw' 
INFO: [HLS 200-10] ----------------------------------------------------------------
INFO: [SCHED 204-11] Starting scheduling ...
INFO: [SCHED 204-61] Pipelining loop 'L1_L2'.
WARNING: [HLS 200-885] Unable to schedule 'load' operation ('in_buf_0_load_2', ./mmult_float.cpp:79) on array 'in_buf[0]', ./mmult_float.cpp:32 due to limited memory ports. Please consider using a memory core with more ports or partitioning the array 'in_buf_0'.
INFO: [HLS 200-1470] Pipelining result : Target II = 1, Final II = 4, Depth = 1287, loop 'L1_L2'
INFO: [SCHED 204-11] Finished scheduling.
INFO: [HLS 200-111] Finished Scheduling: CPU user time: 10.97 seconds. CPU system time: 0.02 seconds. Elapsed time: 11 seconds; current allocated memory: 141.362 MB.
INFO: [BIND 205-100] Starting micro-architecture generation ...
INFO: [BIND 205-101] Performing variable lifetime analysis.
INFO: [BIND 205-101] Exploring resource sharing.
WARNING: [BIND 205-102] The specified resource core for memory 'weight_buf_0' will be ignored if a simpler one can be used.
WARNING: [BIND 205-102] The specified resource core for memory 'weight_buf_1' will be ignored if a simpler one can be used.
WARNING: [BIND 205-102] The specified resource core for memory 'weight_buf_2' will be ignored if a simpler one can be used.
WARNING: [BIND 205-102] The specified resource core for memory 'weight_buf_3' will be ignored if a simpler one can be used.
WARNING: [BIND 205-102] The specified resource core for memory 'weight_buf_4' will be ignored if a simpler one can be used.
WARNING: [BIND 205-102] The specified resource core for memory 'weight_buf_5' will be ignored if a simpler one can be used.
WARNING: [BIND 205-102] The specified resource core for memory 'weight_buf_6' will be ignored if a simpler one can be used.
WARNING: [BIND 205-102] The specified resource core for memory 'weight_buf_7' will be ignored if a simpler one can be used.
WARNING: [BIND 205-102] The specified resource core for memory 'weight_buf_8' will be ignored if a simpler one can be used.
WARNING: [BIND 205-102] The specified resource core for memory 'weight_buf_9' will be ignored if a simpler one can be used.
WARNING: [BIND 205-102] The specified resource core for memory 'weight_buf_10' will be ignored if a simpler one can be used.
WARNING: [BIND 205-102] The specified resource core for memory 'weight_buf_11' will be ignored if a simpler one can be used.
WARNING: [BIND 205-102] The specified resource core for memory 'weight_buf_12' will be ignored if a simpler one can be used.
WARNING: [BIND 205-102] The specified resource core for memory 'weight_buf_13' will be ignored if a simpler one can be used.
WARNING: [BIND 205-102] The specified resource core for memory 'weight_buf_14' will be ignored if a simpler one can be used.
WARNING: [BIND 205-102] The specified resource core for memory 'weight_buf_15' will be ignored if a simpler one can be used.
WARNING: [BIND 205-102] The specified resource core for memory 'weight_buf_16' will be ignored if a simpler one can be used.
WARNING: [BIND 205-102] The specified resource core for memory 'weight_buf_17' will be ignored if a simpler one can be used.
WARNING: [BIND 205-102] The specified resource core for memory 'weight_buf_18' will be ignored if a simpler one can be used.
WARNING: [BIND 205-102] The specified resource core for memory 'weight_buf_19' will be ignored if a simpler one can be used.
WARNING: [BIND 205-102] The specified resource core for memory 'weight_buf_20' will be ignored if a simpler one can be used.
WARNING: [BIND 205-102] The specified resource core for memory 'weight_buf_21' will be ignored if a simpler one can be used.
WARNING: [BIND 205-102] The specified resource core for memory 'weight_buf_22' will be ignored if a simpler one can be used.
WARNING: [BIND 205-102] The specified resource core for memory 'weight_buf_23' will be ignored if a simpler one can be used.
WARNING: [BIND 205-102] The specified resource core for memory 'weight_buf_24' will be ignored if a simpler one can be used.
WARNING: [BIND 205-102] The specified resource core for memory 'weight_buf_25' will be ignored if a simpler one can be used.
WARNING: [BIND 205-102] The specified resource core for memory 'weight_buf_26' will be ignored if a simpler one can be used.
WARNING: [BIND 205-102] The specified resource core for memory 'weight_buf_27' will be ignored if a simpler one can be used.
WARNING: [BIND 205-102] The specified resource core for memory 'weight_buf_28' will be ignored if a simpler one can be used.
WARNING: [BIND 205-102] The specified resource core for memory 'weight_buf_29' will be ignored if a simpler one can be used.
WARNING: [BIND 205-102] The specified resource core for memory 'weight_buf_30' will be ignored if a simpler one can be used.
WARNING: [BIND 205-102] The specified resource core for memory 'weight_buf_31' will be ignored if a simpler one can be used.
WARNING: [BIND 205-102] The specified resource core for memory 'in_buf_0' will be ignored if a simpler one can be used.
WARNING: [BIND 205-102] The specified resource core for memory 'in_buf_1' will be ignored if a simpler one can be used.
WARNING: [BIND 205-102] The specified resource core for memory 'in_buf_2' will be ignored if a simpler one can be used.
WARNING: [BIND 205-102] The specified resource core for memory 'in_buf_3' will be ignored if a simpler one can be used.
WARNING: [BIND 205-102] The specified resource core for memory 'in_buf_4' will be ignored if a simpler one can be used.
WARNING: [BIND 205-102] The specified resource core for memory 'in_buf_5' will be ignored if a simpler one can be used.
WARNING: [BIND 205-102] The specified resource core for memory 'in_buf_6' will be ignored if a simpler one can be used.
WARNING: [BIND 205-102] The specified resource core for memory 'in_buf_7' will be ignored if a simpler one can be used.
WARNING: [BIND 205-102] The specified resource core for memory 'in_buf_8' will be ignored if a simpler one can be used.
WARNING: [BIND 205-102] The specified resource core for memory 'in_buf_9' will be ignored if a simpler one can be used.
WARNING: [BIND 205-102] The specified resource core for memory 'in_buf_10' will be ignored if a simpler one can be used.
WARNING: [BIND 205-102] The specified resource core for memory 'in_buf_11' will be ignored if a simpler one can be used.
WARNING: [BIND 205-102] The specified resource core for memory 'in_buf_12' will be ignored if a simpler one can be used.
WARNING: [BIND 205-102] The specified resource core for memory 'in_buf_13' will be ignored if a simpler one can be used.
WARNING: [BIND 205-102] The specified resource core for memory 'in_buf_14' will be ignored if a simpler one can be used.
WARNING: [BIND 205-102] The specified resource core for memory 'in_buf_15' will be ignored if a simpler one can be used.
WARNING: [BIND 205-102] The specified resource core for memory 'in_buf_16' will be ignored if a simpler one can be used.
WARNING: [BIND 205-102] The specified resource core for memory 'in_buf_17' will be ignored if a simpler one can be used.
WARNING: [BIND 205-102] The specified resource core for memory 'in_buf_18' will be ignored if a simpler one can be used.
WARNING: [BIND 205-102] The specified resource core for memory 'in_buf_19' will be ignored if a simpler one can be used.
WARNING: [BIND 205-102] The specified resource core for memory 'in_buf_20' will be ignored if a simpler one can be used.
WARNING: [BIND 205-102] The specified resource core for memory 'in_buf_21' will be ignored if a simpler one can be used.
WARNING: [BIND 205-102] The specified resource core for memory 'in_buf_22' will be ignored if a simpler one can be used.
WARNING: [BIND 205-102] The specified resource core for memory 'in_buf_23' will be ignored if a simpler one can be used.
WARNING: [BIND 205-102] The specified resource core for memory 'in_buf_24' will be ignored if a simpler one can be used.
WARNING: [BIND 205-102] The specified resource core for memory 'in_buf_25' will be ignored if a simpler one can be used.
WARNING: [BIND 205-102] The specified resource core for memory 'in_buf_26' will be ignored if a simpler one can be used.
WARNING: [BIND 205-102] The specified resource core for memory 'in_buf_27' will be ignored if a simpler one can be used.
WARNING: [BIND 205-102] The specified resource core for memory 'in_buf_28' will be ignored if a simpler one can be used.
WARNING: [BIND 205-102] The specified resource core for memory 'in_buf_29' will be ignored if a simpler one can be used.
WARNING: [BIND 205-102] The specified resource core for memory 'in_buf_30' will be ignored if a simpler one can be used.
WARNING: [BIND 205-102] The specified resource core for memory 'in_buf_31' will be ignored if a simpler one can be used.
INFO: [BIND 205-101] Binding ...
INFO: [BIND 205-100] Finished micro-architecture generation.
INFO: [HLS 200-111] Finished Binding: CPU user time: 11.76 seconds. CPU system time: 0.06 seconds. Elapsed time: 11.83 seconds; current allocated memory: 169.194 MB.
INFO: [HLS 200-10] ----------------------------------------------------------------
INFO: [HLS 200-10] -- Generating RTL for module 'mmult_hw' 
INFO: [HLS 200-10] ----------------------------------------------------------------
WARNING: [RTGEN 206-101] Design contains AXI ports. Reset is fixed to synchronous and active low.
INFO: [RTGEN 206-500] Setting interface mode on port 'mmult_hw/in_stream' to 'axis' (register, both mode).
INFO: [RTGEN 206-500] Setting interface mode on port 'mmult_hw/out_stream' to 'axis' (register, both mode).
INFO: [RTGEN 206-500] Setting interface mode on function 'mmult_hw' to 's_axilite & ap_ctrl_hs'.
INFO: [RTGEN 206-100] Bundling port 'return' to AXI-Lite port CONTROL_BUS.
